[0.018s] Invoking command in '/home/marceloqm/gzros_simulation/build/gazebo_plugins': AMENT_PREFIX_PATH=/home/marceloqm/gzros_simulation/install/gazebo_dev:${AMENT_PREFIX_PATH} CMAKE_PREFIX_PATH=/home/marceloqm/gzros_simulation/install/gazebo_dev:/home/marceloqm/gzros_sim/install/vision_opencv:/home/marceloqm/gzros_sim/install/image_geometry:/home/marceloqm/gzros_sim/install/gazebo_ros:/home/marceloqm/gzros_sim/install/gazebo_msgs:/home/marceloqm/gzros_sim/install/gazebo_dev:/home/marceloqm/gzros_sim/install/cv_bridge:/home/marceloqm/gzros_sim/install/opencv_tests:/opt/ros/humble /usr/bin/cmake /home/marceloqm/gzros_simulation/src/gazebo_ros_pkgs/gazebo_plugins -DAMENT_CMAKE_SYMLINK_INSTALL=1 -DCMAKE_INSTALL_PREFIX=/home/marceloqm/gzros_simulation/install/gazebo_plugins
[0.081s] -- The C compiler identification is GNU 11.3.0
[0.149s] -- The CXX compiler identification is GNU 11.3.0
[0.157s] -- Detecting C compiler ABI info
[0.227s] -- Detecting C compiler ABI info - done
[0.237s] -- Check for working C compiler: /usr/bin/cc - skipped
[0.237s] -- Detecting C compile features
[0.237s] -- Detecting C compile features - done
[0.242s] -- Detecting CXX compiler ABI info
[0.323s] -- Detecting CXX compiler ABI info - done
[0.331s] -- Check for working CXX compiler: /usr/bin/c++ - skipped
[0.331s] -- Detecting CXX compile features
[0.332s] -- Detecting CXX compile features - done
[0.335s] -- Found ament_cmake: 1.3.4 (/opt/ros/humble/share/ament_cmake/cmake)
[0.532s] -- Found Python3: /usr/bin/python3.10 (found version "3.10.6") found components: Interpreter 
[0.595s] -- Override CMake install command with custom implementation using symlinks instead of copying resources
[0.653s] -- Found camera_info_manager: 3.1.5 (/opt/ros/humble/share/camera_info_manager/cmake)
[0.820s] -- Found rosidl_generator_c: 3.1.4 (/opt/ros/humble/share/rosidl_generator_c/cmake)
[0.828s] -- Found rosidl_adapter: 3.1.4 (/opt/ros/humble/share/rosidl_adapter/cmake)
[0.838s] -- Found rosidl_generator_cpp: 3.1.4 (/opt/ros/humble/share/rosidl_generator_cpp/cmake)
[0.855s] -- Using all available rosidl_typesupport_c: rosidl_typesupport_fastrtps_c;rosidl_typesupport_introspection_c
[0.878s] -- Using all available rosidl_typesupport_cpp: rosidl_typesupport_fastrtps_cpp;rosidl_typesupport_introspection_cpp
[1.030s] -- Found rmw_implementation_cmake: 6.1.1 (/opt/ros/humble/share/rmw_implementation_cmake/cmake)
[1.064s] -- Found rmw_fastrtps_cpp: 6.2.2 (/opt/ros/humble/share/rmw_fastrtps_cpp/cmake)
[1.535s] -- Found OpenSSL: /usr/lib/x86_64-linux-gnu/libcrypto.so (found version "3.0.2")  
[1.613s] -- Found FastRTPS: /opt/ros/humble/include  
[1.675s] -- Using RMW implementation 'rmw_fastrtps_cpp' as default
[1.762s] -- Looking for pthread.h
[1.837s] -- Looking for pthread.h - found
[1.838s] -- Performing Test CMAKE_HAVE_LIBC_PTHREAD
[1.914s] -- Performing Test CMAKE_HAVE_LIBC_PTHREAD - Success
[1.915s] -- Found Threads: TRUE  
[2.463s] -- Found gazebo_dev: 3.7.0 (/home/marceloqm/gzros_simulation/install/gazebo_dev/share/gazebo_dev/cmake)
[2.480s] -- Found PkgConfig: /usr/bin/pkg-config (found version "0.29.2") 
[2.481s] -- Checking for module 'bullet>=2.82'
[2.504s] --   Found bullet, version 3.05
[2.800s] -- Found fcl: /usr/include (found suitable version "0.7.0", minimum required is "0.5.0") 
[2.880s] -- Found assimp: /usr/include (found version "5.2.0") 
[2.967s] -- Found DART: /usr/include (Required is at least version "6.6") found components: dart 
[3.101s] -- Found Boost: /usr/lib/x86_64-linux-gnu/cmake/Boost-1.74.0/BoostConfig.cmake (found suitable version "1.74.0", minimum required is "1.40.0") found components: thread system filesystem program_options regex iostreams date_time 
[3.191s] -- Found Protobuf: /usr/lib/x86_64-linux-gnu/libprotobuf.so (found version "3.12.4") 
[3.205s] -- Looking for ignition-math6 -- found version 6.14.0
[3.262s] -- Searching for dependencies of ignition-math6
[3.265s] -- Looking for OGRE...
[3.266s] -- OGRE_PREFIX_WATCH changed.
[3.274s] -- Checking for module 'OGRE'
[3.292s] --   Found OGRE, version 1.9.0
[3.333s] -- Found Ogre Ghadamon (1.9.0)
[3.350s] -- Found OGRE: optimized;/usr/lib/x86_64-linux-gnu/libOgreMain.so;debug;/usr/lib/x86_64-linux-gnu/libOgreMain.so
[3.360s] -- Looking for OGRE_Paging...
[3.366s] -- Found OGRE_Paging: optimized;/usr/lib/x86_64-linux-gnu/libOgrePaging.so;debug;/usr/lib/x86_64-linux-gnu/libOgrePaging.so
[3.366s] -- Looking for OGRE_Terrain...
[3.372s] -- Found OGRE_Terrain: optimized;/usr/lib/x86_64-linux-gnu/libOgreTerrain.so;debug;/usr/lib/x86_64-linux-gnu/libOgreTerrain.so
[3.372s] -- Looking for OGRE_Property...
[3.378s] -- Found OGRE_Property: optimized;/usr/lib/x86_64-linux-gnu/libOgreProperty.so;debug;/usr/lib/x86_64-linux-gnu/libOgreProperty.so
[3.378s] -- Looking for OGRE_RTShaderSystem...
[3.384s] -- Found OGRE_RTShaderSystem: optimized;/usr/lib/x86_64-linux-gnu/libOgreRTShaderSystem.so;debug;/usr/lib/x86_64-linux-gnu/libOgreRTShaderSystem.so
[3.384s] -- Looking for OGRE_Volume...
[3.389s] -- Found OGRE_Volume: optimized;/usr/lib/x86_64-linux-gnu/libOgreVolume.so;debug;/usr/lib/x86_64-linux-gnu/libOgreVolume.so
[3.389s] -- Looking for OGRE_Overlay...
[3.395s] -- Found OGRE_Overlay: optimized;/usr/lib/x86_64-linux-gnu/libOgreOverlay.so;debug;/usr/lib/x86_64-linux-gnu/libOgreOverlay.so
[3.556s] -- Looking for ignition-math6 -- found version 6.14.0
[3.583s] -- Looking for ignition-transport8 -- found version 8.2.1
[3.583s] -- Searching for dependencies of ignition-transport8
[3.602s] -- Found Protobuf: /usr/lib/x86_64-linux-gnu/libprotobuf.so (found suitable version "3.12.4", minimum required is "3") 
[3.615s] -- Config-file not installed for ZeroMQ -- checking for pkg-config
[3.621s] -- Checking for module 'libzmq >= 4'
[3.739s] --   Found libzmq , version 4.3.4
[3.780s] -- Found ZeroMQ: TRUE (Required is at least version "4") 
[3.788s] -- Checking for module 'uuid'
[3.824s] --   Found uuid, version 2.37.2
[3.859s] -- Found UUID: TRUE  
[3.870s] -- Looking for ignition-msgs5 -- found version 5.8.1
[3.870s] -- Searching for dependencies of ignition-msgs5
[3.892s] -- Looking for ignition-math6 -- found version 6.14.0
[3.899s] -- Checking for module 'tinyxml2'
[3.919s] --   Found tinyxml2, version 9.0.0
[3.957s] -- Looking for ignition-msgs5 -- found version 5.8.1
[3.968s] -- Looking for ignition-common3 -- found version 3.14.0
[3.968s] -- Searching for dependencies of ignition-common3
[3.969s] -- Looking for dlfcn.h - found
[3.970s] -- Looking for libdl - found
[3.971s] -- Found DL: TRUE  
[4.003s] -- Found tinyobjloader: /usr/lib/x86_64-linux-gnu/cmake/tinyobjloader/tinyobjloader-config.cmake (found version "2.0.0") 
[4.004s] -- Searching for <ignition-common3> component [graphics]
[4.007s] -- Looking for ignition-common3-graphics -- found version 3.14.0
[4.008s] -- Searching for dependencies of ignition-common3-graphics
[4.008s] -- Looking for ignition-math6 -- found version 6.14.0
[4.039s] -- Looking for ignition-fuel_tools4 -- found version 4.4.0
[4.039s] -- Searching for dependencies of ignition-fuel_tools4
[4.172s] -- Found CURL: /usr/lib/x86_64-linux-gnu/libcurl.so (found version "7.81.0")  
[4.191s] -- Checking for module 'jsoncpp'
[4.205s] --   Found jsoncpp, version 1.9.5
[4.246s] -- Found JSONCPP: TRUE  
[4.253s] -- Checking for module 'libzip'
[4.268s] --   Found libzip, version 1.7.3
[4.305s] -- Found ZIP: TRUE  
[4.306s] -- Looking for ignition-common3 -- found version 3.14.0
[4.306s] -- Looking for ignition-math6 -- found version 6.14.0
[4.307s] -- Looking for ignition-msgs5 -- found version 5.8.1
[4.338s] -- Gazebo version: 11.10
[4.338s] -- Checking for module 'tbb'
[4.354s] --   Found tbb, version 2021.5.0
[4.390s] -- Found gazebo_msgs: 3.7.0 (/home/marceloqm/gzros_sim/install/gazebo_msgs/share/gazebo_msgs/cmake)
[4.633s] -- Found gazebo_ros: 3.7.0 (/home/marceloqm/gzros_sim/install/gazebo_ros/share/gazebo_ros/cmake)
[4.671s] -- Found image_transport: 3.1.5 (/opt/ros/humble/share/image_transport/cmake)
[4.816s] -- Found cv_bridge: 3.2.1 (/home/marceloqm/gzros_sim/install/cv_bridge/share/cv_bridge/cmake)
[4.856s] -- Found nav_msgs: 4.2.3 (/opt/ros/humble/share/nav_msgs/cmake)
[4.974s] -- Found std_srvs: 4.2.3 (/opt/ros/humble/share/std_srvs/cmake)
[5.092s] -- Found tf2: 0.25.2 (/opt/ros/humble/share/tf2/cmake)
[5.114s] -- Found tf2_geometry_msgs: 0.25.2 (/opt/ros/humble/share/tf2_geometry_msgs/cmake)
[5.174s] -- Found eigen3_cmake_module: 0.1.1 (/opt/ros/humble/share/eigen3_cmake_module/cmake)
[5.176s] -- Found Eigen3: TRUE (found version "3.4.0") 
[5.176s] -- Ensuring Eigen3 include directory is part of orocos-kdl CMake target
[6.149s] -- Found ament_cmake_gtest: 1.3.4 (/opt/ros/humble/share/ament_cmake_gtest/cmake)
[6.157s] -- Found gtest sources under '/opt/ros/humble/src/gtest_vendor': C++ tests using 'Google Test' will be built
[6.609s] -- Found ament_lint_auto: 0.12.6 (/opt/ros/humble/share/ament_lint_auto/cmake)
[6.741s] -- Added test 'copyright' to check source files copyright and LICENSE
[6.749s] -- Added test 'cppcheck' to perform static code analysis on C / C++ code
[6.753s] -- Configured cppcheck include dirs: /home/marceloqm/gzros_simulation/src/gazebo_ros_pkgs/gazebo_plugins/include
[6.753s] -- Configured cppcheck exclude dirs and/or files: 
[6.755s] -- Added test 'flake8' to check Python code syntax and style conventions
[6.757s] -- Added test 'lint_cmake' to check CMake code style
[6.777s] -- Added test 'pep257' to check Python code against some of the docstring style conventions in PEP 257
[6.784s] -- Added test 'uncrustify' to check C / C++ code style
[6.784s] -- Configured uncrustify additional arguments: 
[6.786s] -- Added test 'xmllint' to check XML markup files
[6.790s] -- Configuring done
[7.859s] -- Generating done
[7.866s] -- Build files have been written to: /home/marceloqm/gzros_simulation/build/gazebo_plugins
[7.890s] Invoked command in '/home/marceloqm/gzros_simulation/build/gazebo_plugins' returned '0': AMENT_PREFIX_PATH=/home/marceloqm/gzros_simulation/install/gazebo_dev:${AMENT_PREFIX_PATH} CMAKE_PREFIX_PATH=/home/marceloqm/gzros_simulation/install/gazebo_dev:/home/marceloqm/gzros_sim/install/vision_opencv:/home/marceloqm/gzros_sim/install/image_geometry:/home/marceloqm/gzros_sim/install/gazebo_ros:/home/marceloqm/gzros_sim/install/gazebo_msgs:/home/marceloqm/gzros_sim/install/gazebo_dev:/home/marceloqm/gzros_sim/install/cv_bridge:/home/marceloqm/gzros_sim/install/opencv_tests:/opt/ros/humble /usr/bin/cmake /home/marceloqm/gzros_simulation/src/gazebo_ros_pkgs/gazebo_plugins -DAMENT_CMAKE_SYMLINK_INSTALL=1 -DCMAKE_INSTALL_PREFIX=/home/marceloqm/gzros_simulation/install/gazebo_plugins
[7.893s] Invoking command in '/home/marceloqm/gzros_simulation/build/gazebo_plugins': AMENT_PREFIX_PATH=/home/marceloqm/gzros_simulation/install/gazebo_dev:${AMENT_PREFIX_PATH} CMAKE_PREFIX_PATH=/home/marceloqm/gzros_simulation/install/gazebo_dev:/home/marceloqm/gzros_sim/install/vision_opencv:/home/marceloqm/gzros_sim/install/image_geometry:/home/marceloqm/gzros_sim/install/gazebo_ros:/home/marceloqm/gzros_sim/install/gazebo_msgs:/home/marceloqm/gzros_sim/install/gazebo_dev:/home/marceloqm/gzros_sim/install/cv_bridge:/home/marceloqm/gzros_sim/install/opencv_tests:/opt/ros/humble /usr/bin/cmake --build /home/marceloqm/gzros_simulation/build/gazebo_plugins -- -j8 -l8
[7.959s] [  1%] [32mBuilding CXX object CMakeFiles/gazebo_ros_joint_state_publisher.dir/src/gazebo_ros_joint_state_publisher.cpp.o[0m
[7.964s] [  2%] [32mBuilding CXX object CMakeFiles/gazebo_ros_diff_drive.dir/src/gazebo_ros_diff_drive.cpp.o[0m
[7.965s] [  3%] [32mBuilding CXX object CMakeFiles/gazebo_ros_imu_sensor.dir/src/gazebo_ros_imu_sensor.cpp.o[0m
[7.968s] [  5%] [32mBuilding CXX object CMakeFiles/gazebo_ros_template.dir/src/gazebo_ros_template.cpp.o[0m
[7.973s] [  5%] [32mBuilding CXX object CMakeFiles/gazebo_ros_force.dir/src/gazebo_ros_force.cpp.o[0m
[7.973s] [  6%] [32mBuilding CXX object CMakeFiles/gazebo_ros_gps_sensor.dir/src/gazebo_ros_gps_sensor.cpp.o[0m
[7.981s] [  8%] [32mBuilding CXX object CMakeFiles/multi_camera_plugin.dir/src/multi_camera_plugin.cpp.o[0m
[7.991s] [  9%] [32mBuilding CXX object CMakeFiles/gazebo_ros_ray_sensor.dir/src/gazebo_ros_ray_sensor.cpp.o[0m
[31.407s] [ 10%] [32m[1mLinking CXX shared library libgazebo_ros_template.so[0m
[32.649s] [ 10%] Built target gazebo_ros_template
[32.791s] [ 11%] [32mBuilding CXX object CMakeFiles/gazebo_ros_p3d.dir/src/gazebo_ros_p3d.cpp.o[0m
[35.012s] [ 12%] [32m[1mLinking CXX shared library libgazebo_ros_gps_sensor.so[0m
[35.191s] [ 13%] [32m[1mLinking CXX shared library libgazebo_ros_imu_sensor.so[0m
[36.541s] [ 13%] Built target gazebo_ros_gps_sensor
[36.545s] [ 13%] Built target gazebo_ros_imu_sensor
[36.588s] [ 15%] [32mBuilding CXX object CMakeFiles/gazebo_ros_tricycle_drive.dir/src/gazebo_ros_tricycle_drive.cpp.o[0m
[36.673s] [ 16%] [32mBuilding CXX object CMakeFiles/gazebo_ros_video.dir/src/gazebo_ros_video.cpp.o[0m
[36.858s] [ 17%] [32m[1mLinking CXX shared library libgazebo_ros_joint_state_publisher.so[0m
[38.159s] [ 17%] Built target gazebo_ros_joint_state_publisher
[38.327s] [ 18%] [32mBuilding CXX object CMakeFiles/gazebo_ros_ft_sensor.dir/src/gazebo_ros_ft_sensor.cpp.o[0m
[42.456s] [ 19%] [32m[1mLinking CXX shared library libmulti_camera_plugin.so[0m
[43.119s] [ 19%] Built target multi_camera_plugin
[43.266s] [ 20%] [32mBuilding CXX object CMakeFiles/gazebo_ros_bumper.dir/src/gazebo_ros_bumper.cpp.o[0m
[44.086s] [ 22%] [32m[1mLinking CXX shared library libgazebo_ros_force.so[0m
[45.169s] [ 23%] [32m[1mLinking CXX shared library libgazebo_ros_ray_sensor.so[0m
[46.489s] [ 23%] Built target gazebo_ros_force
[46.619s] [ 24%] [32mBuilding CXX object CMakeFiles/gazebo_ros_harness.dir/src/gazebo_ros_harness.cpp.o[0m
[46.704s] [ 25%] [32m[1mLinking CXX shared library libgazebo_ros_diff_drive.so[0m
[47.245s] [ 25%] Built target gazebo_ros_ray_sensor
[47.383s] [ 26%] [32mBuilding CXX object CMakeFiles/gazebo_ros_hand_of_god.dir/src/gazebo_ros_hand_of_god.cpp.o[0m
[49.399s] [ 26%] Built target gazebo_ros_diff_drive
[49.519s] [ 27%] [32mBuilding CXX object CMakeFiles/gazebo_ros_ackermann_drive.dir/src/gazebo_ros_ackermann_drive.cpp.o[0m
[62.137s] [ 29%] [32m[1mLinking CXX shared library libgazebo_ros_p3d.so[0m
[63.713s] [ 29%] Built target gazebo_ros_p3d
[63.853s] [ 30%] [32mBuilding CXX object CMakeFiles/gazebo_ros_elevator.dir/src/gazebo_ros_elevator.cpp.o[0m
[63.943s] [ 31%] [32m[1mLinking CXX shared library libgazebo_ros_ft_sensor.so[0m
[65.388s] [ 31%] Built target gazebo_ros_ft_sensor
[72.066s] [ 32%] [32m[1mLinking CXX shared library libgazebo_ros_bumper.so[0m
[73.671s] [ 32%] Built target gazebo_ros_bumper
[74.413s] [ 33%] [32m[1mLinking CXX shared library libgazebo_ros_hand_of_god.so[0m
[75.180s] [ 34%] [32m[1mLinking CXX shared library libgazebo_ros_tricycle_drive.so[0m
[75.527s] [ 34%] Built target gazebo_ros_hand_of_god
[77.642s] [ 34%] Built target gazebo_ros_tricycle_drive
[80.968s] [ 36%] [32m[1mLinking CXX shared library libgazebo_ros_harness.so[0m
[82.484s] [ 36%] Built target gazebo_ros_harness
[83.686s] [ 37%] [32m[1mLinking CXX shared library libgazebo_ros_ackermann_drive.so[0m
[85.270s] [ 37%] Built target gazebo_ros_ackermann_drive
[85.804s] [ 38%] [32m[1mLinking CXX shared library libgazebo_ros_elevator.so[0m
[86.685s] [ 38%] Built target gazebo_ros_elevator
[86.922s] [ 39%] [32m[1mLinking CXX shared library libgazebo_ros_video.so[0m
[87.930s] [ 39%] Built target gazebo_ros_video
[87.950s] [ 40%] [32mBuilding CXX object gtest/CMakeFiles/gtest.dir/src/gtest-all.cc.o[0m
[90.729s] [ 41%] [32m[1mLinking CXX static library libgtest.a[0m
[90.943s] [ 41%] Built target gtest
[90.964s] [ 43%] [32mBuilding CXX object CMakeFiles/gazebo_ros_camera.dir/src/gazebo_ros_camera.cpp.o[0m
[90.964s] [ 44%] [32mBuilding CXX object gtest/CMakeFiles/gtest_main.dir/src/gtest_main.cc.o[0m
[90.972s] [ 45%] [32mBuilding CXX object CMakeFiles/gazebo_ros_wheel_slip.dir/src/gazebo_ros_wheel_slip.cpp.o[0m
[91.977s] [ 46%] [32m[1mLinking CXX static library libgtest_main.a[0m
[92.070s] [ 46%] Built target gtest_main
[92.101s] [ 47%] [32mBuilding CXX object CMakeFiles/gazebo_ros_planar_move.dir/src/gazebo_ros_planar_move.cpp.o[0m
[92.101s] [ 48%] [32mBuilding CXX object CMakeFiles/gazebo_ros_projector.dir/src/gazebo_ros_projector.cpp.o[0m
[93.128s] [ 50%] [32mBuilding CXX object test/CMakeFiles/test_gazebo_ros_bumper.dir/test_gazebo_ros_bumper.cpp.o[0m
[93.161s] [ 51%] [32mBuilding CXX object test/CMakeFiles/test_gazebo_ros_ackermann_drive.dir/test_gazebo_ros_ackermann_drive.cpp.o[0m
[93.174s] [ 52%] [32mBuilding CXX object CMakeFiles/gazebo_ros_joint_pose_trajectory.dir/src/gazebo_ros_joint_pose_trajectory.cpp.o[0m
[95.281s] [ 53%] [32mBuilding CXX object CMakeFiles/gazebo_ros_vacuum_gripper.dir/src/gazebo_ros_vacuum_gripper.cpp.o[0m
[123.286s] [ 54%] [32m[1mLinking CXX shared library libgazebo_ros_vacuum_gripper.so[0m
[124.706s] [ 54%] Built target gazebo_ros_vacuum_gripper
[126.362s] [ 55%] [32m[1mLinking CXX shared library libgazebo_ros_planar_move.so[0m
[128.171s] [ 55%] Built target gazebo_ros_planar_move
[128.933s] [ 56%] [32m[1mLinking CXX shared library libgazebo_ros_joint_pose_trajectory.so[0m
[129.165s] [ 58%] [32m[1mLinking CXX shared library libgazebo_ros_wheel_slip.so[0m
[130.163s] [ 59%] [32m[1mLinking CXX shared library libgazebo_ros_projector.so[0m
[130.639s] [ 59%] Built target gazebo_ros_joint_pose_trajectory
[130.972s] [ 59%] Built target gazebo_ros_wheel_slip
[131.489s] [ 59%] Built target gazebo_ros_projector
[138.909s] [ 60%] [32m[1mLinking CXX shared library libgazebo_ros_camera.so[0m
[139.529s] [ 61%] [32mBuilding CXX object test/CMakeFiles/test_gazebo_ros_hand_of_god.dir/test_gazebo_ros_hand_of_god.cpp.o[0m
[140.197s] [ 61%] Built target gazebo_ros_camera
[140.212s] [ 62%] [32mBuilding CXX object test/CMakeFiles/test_gazebo_ros_ft_sensor.dir/test_gazebo_ros_ft_sensor.cpp.o[0m
[140.220s] [ 63%] [32mBuilding CXX object test/CMakeFiles/test_gazebo_ros_force.dir/test_gazebo_ros_force.cpp.o[0m
[141.244s] [ 65%] [32mBuilding CXX object test/CMakeFiles/test_gazebo_ros_harness.dir/test_gazebo_ros_harness.cpp.o[0m
[141.278s] [ 66%] [32m[1mLinking CXX executable test_gazebo_ros_ackermann_drive[0m
[142.280s] [ 67%] [32mBuilding CXX object test/CMakeFiles/test_gazebo_ros_elevator.dir/test_gazebo_ros_elevator.cpp.o[0m
[142.643s] [ 68%] [32m[1mLinking CXX executable test_gazebo_ros_bumper[0m
[143.399s] [ 69%] [32mBuilding CXX object test/CMakeFiles/test_gazebo_ros_diff_drive.dir/test_gazebo_ros_diff_drive.cpp.o[0m
[144.560s] [ 69%] Built target test_gazebo_ros_ackermann_drive
[146.336s] [ 69%] Built target test_gazebo_ros_bumper
[149.377s] [ 70%] [32mBuilding CXX object test/CMakeFiles/test_gazebo_ros_gps_sensor.dir/test_gazebo_ros_gps_sensor.cpp.o[0m
[150.490s] [ 72%] [32mBuilding CXX object test/CMakeFiles/test_gazebo_ros_imu_sensor.dir/test_gazebo_ros_imu_sensor.cpp.o[0m
[189.179s] [ 75%] [32m[1mLinking CXX executable test_gazebo_ros_hand_of_god[0m
[189.181s] [ 75%] [32m[1mLinking CXX executable test_gazebo_ros_force[0m
[189.181s] [ 75%] [32m[1mLinking CXX executable test_gazebo_ros_elevator[0m
[189.181s] [ 76%] [32m[1mLinking CXX executable test_gazebo_ros_harness[0m
[194.633s] [ 77%] [32m[1mLinking CXX executable test_gazebo_ros_ft_sensor[0m
[196.023s] [ 79%] [32m[1mLinking CXX executable test_gazebo_ros_diff_drive[0m
[199.618s] [ 80%] [32m[1mLinking CXX executable test_gazebo_ros_imu_sensor[0m
[201.689s] [ 80%] Built target test_gazebo_ros_force
[201.756s] [ 80%] Built target test_gazebo_ros_harness
[201.819s] [ 80%] Built target test_gazebo_ros_hand_of_god
[201.894s] [ 80%] Built target test_gazebo_ros_elevator
[202.008s] [ 80%] Built target test_gazebo_ros_diff_drive
[202.083s] [ 80%] Built target test_gazebo_ros_ft_sensor
[202.218s] [ 80%] Built target test_gazebo_ros_imu_sensor
[204.082s] [ 81%] [32m[1mLinking CXX executable test_gazebo_ros_gps_sensor[0m
[206.070s] [ 81%] Built target test_gazebo_ros_gps_sensor
[206.175s] [ 82%] [32mBuilding CXX object test/CMakeFiles/test_gazebo_ros_vacuum_gripper.dir/test_gazebo_ros_vacuum_gripper.cpp.o[0m
[235.162s] [ 83%] [32m[1mLinking CXX executable test_gazebo_ros_vacuum_gripper[0m
[236.531s] [ 83%] Built target test_gazebo_ros_vacuum_gripper
[236.577s] [ 84%] [32mBuilding CXX object test/CMakeFiles/test_gazebo_ros_joint_state_publisher.dir/test_gazebo_ros_joint_state_publisher.cpp.o[0m
[236.577s] [ 86%] [32mBuilding CXX object test/CMakeFiles/test_gazebo_ros_joint_pose_trajectory.dir/test_gazebo_ros_joint_pose_trajectory.cpp.o[0m
[236.577s] [ 87%] [32mBuilding CXX object test/CMakeFiles/test_gazebo_ros_wheelslip.dir/test_gazebo_ros_wheelslip.cpp.o[0m
[236.578s] [ 88%] [32mBuilding CXX object test/CMakeFiles/test_gazebo_ros_ray_sensor.dir/test_gazebo_ros_ray_sensor.cpp.o[0m
[236.578s] [ 89%] [32mBuilding CXX object test/CMakeFiles/test_gazebo_ros_tricycle_drive.dir/test_gazebo_ros_tricycle_drive.cpp.o[0m
[236.579s] [ 90%] [32mBuilding CXX object test/CMakeFiles/test_gazebo_ros_planar_move.dir/test_gazebo_ros_planar_move.cpp.o[0m
[236.585s] [ 91%] [32mBuilding CXX object test/CMakeFiles/test_gazebo_ros_p3d.dir/test_gazebo_ros_p3d.cpp.o[0m
[277.441s] [ 93%] [32m[1mLinking CXX executable test_gazebo_ros_joint_pose_trajectory[0m
[280.057s] [ 93%] Built target test_gazebo_ros_joint_pose_trajectory
[282.293s] [ 94%] [32m[1mLinking CXX executable test_gazebo_ros_p3d[0m
[283.252s] [ 95%] [32m[1mLinking CXX executable test_gazebo_ros_wheelslip[0m
[284.331s] [ 96%] [32m[1mLinking CXX executable test_gazebo_ros_tricycle_drive[0m
[284.627s] [ 97%] [32m[1mLinking CXX executable test_gazebo_ros_planar_move[0m
[284.969s] [ 97%] Built target test_gazebo_ros_p3d
[287.058s] [ 97%] Built target test_gazebo_ros_wheelslip
[287.493s] [ 97%] Built target test_gazebo_ros_planar_move
[287.702s] [ 97%] Built target test_gazebo_ros_tricycle_drive
[292.548s] [ 98%] [32m[1mLinking CXX executable test_gazebo_ros_joint_state_publisher[0m
[294.451s] [100%] [32m[1mLinking CXX executable test_gazebo_ros_ray_sensor[0m
[294.632s] [100%] Built target test_gazebo_ros_joint_state_publisher
[297.047s] [100%] Built target test_gazebo_ros_ray_sensor
[297.117s] Invoked command in '/home/marceloqm/gzros_simulation/build/gazebo_plugins' returned '0': AMENT_PREFIX_PATH=/home/marceloqm/gzros_simulation/install/gazebo_dev:${AMENT_PREFIX_PATH} CMAKE_PREFIX_PATH=/home/marceloqm/gzros_simulation/install/gazebo_dev:/home/marceloqm/gzros_sim/install/vision_opencv:/home/marceloqm/gzros_sim/install/image_geometry:/home/marceloqm/gzros_sim/install/gazebo_ros:/home/marceloqm/gzros_sim/install/gazebo_msgs:/home/marceloqm/gzros_sim/install/gazebo_dev:/home/marceloqm/gzros_sim/install/cv_bridge:/home/marceloqm/gzros_sim/install/opencv_tests:/opt/ros/humble /usr/bin/cmake --build /home/marceloqm/gzros_simulation/build/gazebo_plugins -- -j8 -l8
[297.249s] Invoking command in '/home/marceloqm/gzros_simulation/build/gazebo_plugins': AMENT_PREFIX_PATH=/home/marceloqm/gzros_simulation/install/gazebo_dev:${AMENT_PREFIX_PATH} CMAKE_PREFIX_PATH=/home/marceloqm/gzros_simulation/install/gazebo_dev:/home/marceloqm/gzros_sim/install/vision_opencv:/home/marceloqm/gzros_sim/install/image_geometry:/home/marceloqm/gzros_sim/install/gazebo_ros:/home/marceloqm/gzros_sim/install/gazebo_msgs:/home/marceloqm/gzros_sim/install/gazebo_dev:/home/marceloqm/gzros_sim/install/cv_bridge:/home/marceloqm/gzros_sim/install/opencv_tests:/opt/ros/humble /usr/bin/cmake --install /home/marceloqm/gzros_simulation/build/gazebo_plugins
[297.270s] -- Install configuration: ""
[297.272s] -- Execute custom install script
[297.286s] -- Symlinking: /home/marceloqm/gzros_simulation/install/gazebo_plugins/share/gazebo_plugins/environment/library_path.sh
[297.294s] -- Symlinking: /home/marceloqm/gzros_simulation/install/gazebo_plugins/share/gazebo_plugins/environment/library_path.dsv
[297.302s] -- Symlinking: /home/marceloqm/gzros_simulation/install/gazebo_plugins/share/gazebo_plugins/environment/gazebo_plugins.sh
[297.310s] -- Symlinking: /home/marceloqm/gzros_simulation/install/gazebo_plugins/share/gazebo_plugins/environment/gazebo_plugins.dsv
[297.319s] -- Symlinking: /home/marceloqm/gzros_simulation/install/gazebo_plugins/share/ament_index/resource_index/package_run_dependencies/gazebo_plugins
[297.328s] -- Symlinking: /home/marceloqm/gzros_simulation/install/gazebo_plugins/share/ament_index/resource_index/parent_prefix_path/gazebo_plugins
[297.350s] -- Symlinking: /home/marceloqm/gzros_simulation/install/gazebo_plugins/share/gazebo_plugins/environment/ament_prefix_path.sh
[297.359s] -- Symlinking: /home/marceloqm/gzros_simulation/install/gazebo_plugins/share/gazebo_plugins/environment/ament_prefix_path.dsv
[297.367s] -- Symlinking: /home/marceloqm/gzros_simulation/install/gazebo_plugins/share/gazebo_plugins/environment/path.sh
[297.376s] -- Symlinking: /home/marceloqm/gzros_simulation/install/gazebo_plugins/share/gazebo_plugins/environment/path.dsv
[297.384s] -- Symlinking: /home/marceloqm/gzros_simulation/install/gazebo_plugins/share/gazebo_plugins/local_setup.bash
[297.392s] -- Symlinking: /home/marceloqm/gzros_simulation/install/gazebo_plugins/share/gazebo_plugins/local_setup.sh
[297.400s] -- Symlinking: /home/marceloqm/gzros_simulation/install/gazebo_plugins/share/gazebo_plugins/local_setup.zsh
[297.408s] -- Symlinking: /home/marceloqm/gzros_simulation/install/gazebo_plugins/share/gazebo_plugins/local_setup.dsv
[297.416s] -- Symlinking: /home/marceloqm/gzros_simulation/install/gazebo_plugins/share/gazebo_plugins/package.dsv
[297.424s] -- Symlinking: /home/marceloqm/gzros_simulation/install/gazebo_plugins/share/ament_index/resource_index/packages/gazebo_plugins
[297.433s] -- Symlinking: /home/marceloqm/gzros_simulation/install/gazebo_plugins/share/gazebo_plugins/cmake/ament_cmake_export_libraries-extras.cmake
[297.440s] -- Symlinking: /home/marceloqm/gzros_simulation/install/gazebo_plugins/share/gazebo_plugins/cmake/ament_cmake_export_include_directories-extras.cmake
[297.448s] -- Symlinking: /home/marceloqm/gzros_simulation/install/gazebo_plugins/share/gazebo_plugins/cmake/ament_cmake_export_dependencies-extras.cmake
[297.457s] -- Symlinking: /home/marceloqm/gzros_simulation/install/gazebo_plugins/share/gazebo_plugins/cmake/gazebo_pluginsConfig.cmake
[297.465s] -- Symlinking: /home/marceloqm/gzros_simulation/install/gazebo_plugins/share/gazebo_plugins/cmake/gazebo_pluginsConfig-version.cmake
[297.473s] -- Symlinking: /home/marceloqm/gzros_simulation/install/gazebo_plugins/share/gazebo_plugins/package.xml
[297.497s] -- Symlinking: /home/marceloqm/gzros_simulation/install/gazebo_plugins/include/gazebo_plugins/gazebo_ros_ackermann_drive.hpp
[297.506s] -- Symlinking: /home/marceloqm/gzros_simulation/install/gazebo_plugins/include/gazebo_plugins/gazebo_ros_bumper.hpp
[297.514s] -- Symlinking: /home/marceloqm/gzros_simulation/install/gazebo_plugins/include/gazebo_plugins/gazebo_ros_camera.hpp
[297.522s] -- Symlinking: /home/marceloqm/gzros_simulation/install/gazebo_plugins/include/gazebo_plugins/gazebo_ros_diff_drive.hpp
[297.529s] -- Symlinking: /home/marceloqm/gzros_simulation/install/gazebo_plugins/include/gazebo_plugins/gazebo_ros_elevator.hpp
[297.537s] -- Symlinking: /home/marceloqm/gzros_simulation/install/gazebo_plugins/include/gazebo_plugins/gazebo_ros_force.hpp
[297.545s] -- Symlinking: /home/marceloqm/gzros_simulation/install/gazebo_plugins/include/gazebo_plugins/gazebo_ros_ft_sensor.hpp
[297.553s] -- Symlinking: /home/marceloqm/gzros_simulation/install/gazebo_plugins/include/gazebo_plugins/gazebo_ros_gps_sensor.hpp
[297.561s] -- Symlinking: /home/marceloqm/gzros_simulation/install/gazebo_plugins/include/gazebo_plugins/gazebo_ros_hand_of_god.hpp
[297.569s] -- Symlinking: /home/marceloqm/gzros_simulation/install/gazebo_plugins/include/gazebo_plugins/gazebo_ros_harness.hpp
[297.578s] -- Symlinking: /home/marceloqm/gzros_simulation/install/gazebo_plugins/include/gazebo_plugins/gazebo_ros_imu_sensor.hpp
[297.587s] -- Symlinking: /home/marceloqm/gzros_simulation/install/gazebo_plugins/include/gazebo_plugins/gazebo_ros_joint_pose_trajectory.hpp
[297.595s] -- Symlinking: /home/marceloqm/gzros_simulation/install/gazebo_plugins/include/gazebo_plugins/gazebo_ros_joint_state_publisher.hpp
[297.603s] -- Symlinking: /home/marceloqm/gzros_simulation/install/gazebo_plugins/include/gazebo_plugins/gazebo_ros_p3d.hpp
[297.611s] -- Symlinking: /home/marceloqm/gzros_simulation/install/gazebo_plugins/include/gazebo_plugins/gazebo_ros_planar_move.hpp
[297.619s] -- Symlinking: /home/marceloqm/gzros_simulation/install/gazebo_plugins/include/gazebo_plugins/gazebo_ros_projector.hpp
[297.627s] -- Symlinking: /home/marceloqm/gzros_simulation/install/gazebo_plugins/include/gazebo_plugins/gazebo_ros_ray_sensor.hpp
[297.635s] -- Symlinking: /home/marceloqm/gzros_simulation/install/gazebo_plugins/include/gazebo_plugins/gazebo_ros_template.hpp
[297.643s] -- Symlinking: /home/marceloqm/gzros_simulation/install/gazebo_plugins/include/gazebo_plugins/gazebo_ros_tricycle_drive.hpp
[297.651s] -- Symlinking: /home/marceloqm/gzros_simulation/install/gazebo_plugins/include/gazebo_plugins/gazebo_ros_vacuum_gripper.hpp
[297.659s] -- Symlinking: /home/marceloqm/gzros_simulation/install/gazebo_plugins/include/gazebo_plugins/gazebo_ros_video.hpp
[297.667s] -- Symlinking: /home/marceloqm/gzros_simulation/install/gazebo_plugins/include/gazebo_plugins/gazebo_ros_wheel_slip.hpp
[297.675s] -- Symlinking: /home/marceloqm/gzros_simulation/install/gazebo_plugins/include/gazebo_plugins/multi_camera_plugin.hpp
[297.684s] -- Symlinking: /home/marceloqm/gzros_simulation/install/gazebo_plugins/lib/libgazebo_ros_ackermann_drive.so
[297.694s] -- Symlinking: /home/marceloqm/gzros_simulation/install/gazebo_plugins/lib/libgazebo_ros_bumper.so
[297.702s] -- Symlinking: /home/marceloqm/gzros_simulation/install/gazebo_plugins/lib/libgazebo_ros_camera.so
[297.710s] -- Symlinking: /home/marceloqm/gzros_simulation/install/gazebo_plugins/lib/libgazebo_ros_diff_drive.so
[297.718s] -- Symlinking: /home/marceloqm/gzros_simulation/install/gazebo_plugins/lib/libgazebo_ros_elevator.so
[297.726s] -- Symlinking: /home/marceloqm/gzros_simulation/install/gazebo_plugins/lib/libgazebo_ros_force.so
[297.734s] -- Symlinking: /home/marceloqm/gzros_simulation/install/gazebo_plugins/lib/libgazebo_ros_ft_sensor.so
[297.742s] -- Symlinking: /home/marceloqm/gzros_simulation/install/gazebo_plugins/lib/libgazebo_ros_hand_of_god.so
[297.750s] -- Symlinking: /home/marceloqm/gzros_simulation/install/gazebo_plugins/lib/libgazebo_ros_harness.so
[297.758s] -- Symlinking: /home/marceloqm/gzros_simulation/install/gazebo_plugins/lib/libgazebo_ros_imu_sensor.so
[297.766s] -- Symlinking: /home/marceloqm/gzros_simulation/install/gazebo_plugins/lib/libgazebo_ros_gps_sensor.so
[297.774s] -- Symlinking: /home/marceloqm/gzros_simulation/install/gazebo_plugins/lib/libgazebo_ros_joint_pose_trajectory.so
[297.783s] -- Symlinking: /home/marceloqm/gzros_simulation/install/gazebo_plugins/lib/libgazebo_ros_joint_state_publisher.so
[297.791s] -- Symlinking: /home/marceloqm/gzros_simulation/install/gazebo_plugins/lib/libgazebo_ros_planar_move.so
[297.800s] -- Symlinking: /home/marceloqm/gzros_simulation/install/gazebo_plugins/lib/libgazebo_ros_projector.so
[297.808s] -- Symlinking: /home/marceloqm/gzros_simulation/install/gazebo_plugins/lib/libgazebo_ros_ray_sensor.so
[297.816s] -- Symlinking: /home/marceloqm/gzros_simulation/install/gazebo_plugins/lib/libgazebo_ros_p3d.so
[297.824s] -- Symlinking: /home/marceloqm/gzros_simulation/install/gazebo_plugins/lib/libgazebo_ros_template.so
[297.832s] -- Symlinking: /home/marceloqm/gzros_simulation/install/gazebo_plugins/lib/libgazebo_ros_tricycle_drive.so
[297.839s] -- Symlinking: /home/marceloqm/gzros_simulation/install/gazebo_plugins/lib/libgazebo_ros_vacuum_gripper.so
[297.848s] -- Symlinking: /home/marceloqm/gzros_simulation/install/gazebo_plugins/lib/libgazebo_ros_video.so
[297.856s] -- Symlinking: /home/marceloqm/gzros_simulation/install/gazebo_plugins/lib/libmulti_camera_plugin.so
[297.864s] -- Symlinking: /home/marceloqm/gzros_simulation/install/gazebo_plugins/lib/libgazebo_ros_wheel_slip.so
[297.873s] -- Symlinking: /home/marceloqm/gzros_simulation/install/gazebo_plugins/lib/gazebo_plugins//wheel_slip_drawbar_pull_publisher.py
[297.882s] -- Symlinking: /home/marceloqm/gzros_simulation/install/gazebo_plugins/share/gazebo_plugins//worlds/gazebo_ros_ackermann_drive_demo.world
[297.890s] -- Symlinking: /home/marceloqm/gzros_simulation/install/gazebo_plugins/share/gazebo_plugins//worlds/gazebo_ros_bumper_demo.world
[297.898s] -- Symlinking: /home/marceloqm/gzros_simulation/install/gazebo_plugins/share/gazebo_plugins//worlds/gazebo_ros_camera_demo.world
[297.907s] -- Symlinking: /home/marceloqm/gzros_simulation/install/gazebo_plugins/share/gazebo_plugins//worlds/gazebo_ros_camera_distortion_barrel_demo.world
[297.915s] -- Symlinking: /home/marceloqm/gzros_simulation/install/gazebo_plugins/share/gazebo_plugins//worlds/gazebo_ros_camera_distortion_pincushion_demo.world
[297.924s] -- Symlinking: /home/marceloqm/gzros_simulation/install/gazebo_plugins/share/gazebo_plugins//worlds/gazebo_ros_camera_triggered_demo.world
[297.934s] -- Symlinking: /home/marceloqm/gzros_simulation/install/gazebo_plugins/share/gazebo_plugins//worlds/gazebo_ros_depth_camera_demo.world
[297.942s] -- Symlinking: /home/marceloqm/gzros_simulation/install/gazebo_plugins/share/gazebo_plugins//worlds/gazebo_ros_diff_drive_demo.world
[297.951s] -- Symlinking: /home/marceloqm/gzros_simulation/install/gazebo_plugins/share/gazebo_plugins//worlds/gazebo_ros_elevator_demo.world
[297.959s] -- Symlinking: /home/marceloqm/gzros_simulation/install/gazebo_plugins/share/gazebo_plugins//worlds/gazebo_ros_force_demo.world
[297.967s] -- Symlinking: /home/marceloqm/gzros_simulation/install/gazebo_plugins/share/gazebo_plugins//worlds/gazebo_ros_ft_sensor_demo.world
[297.976s] -- Symlinking: /home/marceloqm/gzros_simulation/install/gazebo_plugins/share/gazebo_plugins//worlds/gazebo_ros_gps_sensor_demo.world
[297.985s] -- Symlinking: /home/marceloqm/gzros_simulation/install/gazebo_plugins/share/gazebo_plugins//worlds/gazebo_ros_hand_of_god_demo.world
[297.992s] -- Symlinking: /home/marceloqm/gzros_simulation/install/gazebo_plugins/share/gazebo_plugins//worlds/gazebo_ros_harness_demo.world
[298.001s] -- Symlinking: /home/marceloqm/gzros_simulation/install/gazebo_plugins/share/gazebo_plugins//worlds/gazebo_ros_joint_pose_trajectory_demo.world
[298.009s] -- Symlinking: /home/marceloqm/gzros_simulation/install/gazebo_plugins/share/gazebo_plugins//worlds/gazebo_ros_joint_state_publisher_demo.world
[298.018s] -- Symlinking: /home/marceloqm/gzros_simulation/install/gazebo_plugins/share/gazebo_plugins//worlds/gazebo_ros_multi_camera_demo.world
[298.026s] -- Symlinking: /home/marceloqm/gzros_simulation/install/gazebo_plugins/share/gazebo_plugins//worlds/gazebo_ros_multicamera_demo.world
[298.035s] -- Symlinking: /home/marceloqm/gzros_simulation/install/gazebo_plugins/share/gazebo_plugins//worlds/gazebo_ros_p3d_demo.world
[298.043s] -- Symlinking: /home/marceloqm/gzros_simulation/install/gazebo_plugins/share/gazebo_plugins//worlds/gazebo_ros_planar_move_demo.world
[298.051s] -- Symlinking: /home/marceloqm/gzros_simulation/install/gazebo_plugins/share/gazebo_plugins//worlds/gazebo_ros_projector_demo.world
[298.058s] -- Symlinking: /home/marceloqm/gzros_simulation/install/gazebo_plugins/share/gazebo_plugins//worlds/gazebo_ros_ray_sensor_demo.world
[298.066s] -- Symlinking: /home/marceloqm/gzros_simulation/install/gazebo_plugins/share/gazebo_plugins//worlds/gazebo_ros_skid_steer_drive_demo.world
[298.075s] -- Symlinking: /home/marceloqm/gzros_simulation/install/gazebo_plugins/share/gazebo_plugins//worlds/gazebo_ros_template_demo.world
[298.083s] -- Symlinking: /home/marceloqm/gzros_simulation/install/gazebo_plugins/share/gazebo_plugins//worlds/gazebo_ros_tricycle_drive_demo.world
[298.092s] -- Symlinking: /home/marceloqm/gzros_simulation/install/gazebo_plugins/share/gazebo_plugins//worlds/gazebo_ros_vacuum_gripper_demo.world
[298.100s] -- Symlinking: /home/marceloqm/gzros_simulation/install/gazebo_plugins/share/gazebo_plugins//worlds/gazebo_ros_video_demo.world
[298.108s] -- Symlinking: /home/marceloqm/gzros_simulation/install/gazebo_plugins/share/gazebo_plugins//worlds/gazebo_ros_wheel_slip_demo.world
[298.116s] -- Symlinking: /home/marceloqm/gzros_simulation/install/gazebo_plugins/share/gazebo_plugins//worlds/gazebo_ros_wheel_slip_drawbar_pull_demo.world
[298.138s] Invoked command in '/home/marceloqm/gzros_simulation/build/gazebo_plugins' returned '0': AMENT_PREFIX_PATH=/home/marceloqm/gzros_simulation/install/gazebo_dev:${AMENT_PREFIX_PATH} CMAKE_PREFIX_PATH=/home/marceloqm/gzros_simulation/install/gazebo_dev:/home/marceloqm/gzros_sim/install/vision_opencv:/home/marceloqm/gzros_sim/install/image_geometry:/home/marceloqm/gzros_sim/install/gazebo_ros:/home/marceloqm/gzros_sim/install/gazebo_msgs:/home/marceloqm/gzros_sim/install/gazebo_dev:/home/marceloqm/gzros_sim/install/cv_bridge:/home/marceloqm/gzros_sim/install/opencv_tests:/opt/ros/humble /usr/bin/cmake --install /home/marceloqm/gzros_simulation/build/gazebo_plugins
