[0.369s] DEBUG:colcon:Command line arguments: ['/usr/bin/colcon', 'build', '--symlink-install', '--parallel-workers', '2']
[0.369s] DEBUG:colcon:Parsed command line arguments: Namespace(log_base=None, log_level=None, verb_name='build', build_base='build', install_base='install', merge_install=False, symlink_install=True, test_result_base=None, continue_on_error=False, executor='parallel', parallel_workers=2, event_handlers=None, ignore_user_meta=False, metas=['./colcon.meta'], base_paths=['.'], packages_ignore=None, packages_ignore_regex=None, paths=None, packages_up_to=None, packages_up_to_regex=None, packages_above=None, packages_above_and_dependencies=None, packages_above_depth=None, packages_select_by_dep=None, packages_skip_by_dep=None, packages_skip_up_to=None, packages_select_build_failed=False, packages_skip_build_finished=False, packages_select_test_failures=False, packages_skip_test_passed=False, packages_select=None, packages_skip=None, packages_select_regex=None, packages_skip_regex=None, packages_start=None, packages_end=None, allow_overriding=[], cmake_args=None, cmake_target=None, cmake_target_skip_unavailable=False, cmake_clean_cache=False, cmake_clean_first=False, cmake_force_configure=False, ament_cmake_args=None, catkin_cmake_args=None, catkin_skip_building_tests=False, verb_parser=<colcon_defaults.argument_parser.defaults.DefaultArgumentsDecorator object at 0x7fa860e9af20>, verb_extension=<colcon_core.verb.build.BuildVerb object at 0x7fa860f4caf0>, main=<bound method BuildVerb.main of <colcon_core.verb.build.BuildVerb object at 0x7fa860f4caf0>>)
[0.765s] Level 1:colcon.colcon_core.package_discovery:discover_packages(colcon_meta) check parameters
[0.765s] Level 1:colcon.colcon_core.package_discovery:discover_packages(recursive) check parameters
[0.765s] Level 1:colcon.colcon_core.package_discovery:discover_packages(ignore) check parameters
[0.765s] Level 1:colcon.colcon_core.package_discovery:discover_packages(path) check parameters
[0.765s] Level 1:colcon.colcon_core.package_discovery:discover_packages(colcon_meta) discover
[0.765s] Level 1:colcon.colcon_core.package_discovery:discover_packages(recursive) discover
[0.765s] INFO:colcon.colcon_core.package_discovery:Crawling recursively for packages in '/home/marceloqm/gzros_sim'
[0.765s] Level 1:colcon.colcon_core.package_identification:_identify(.) by extensions ['ignore', 'ignore_ament_install']
[0.765s] Level 1:colcon.colcon_core.package_identification:_identify(.) by extension 'ignore'
[0.765s] Level 1:colcon.colcon_core.package_identification:_identify(.) by extension 'ignore_ament_install'
[0.765s] Level 1:colcon.colcon_core.package_identification:_identify(.) by extensions ['colcon_pkg']
[0.765s] Level 1:colcon.colcon_core.package_identification:_identify(.) by extension 'colcon_pkg'
[0.765s] Level 1:colcon.colcon_core.package_identification:_identify(.) by extensions ['colcon_meta']
[0.765s] Level 1:colcon.colcon_core.package_identification:_identify(.) by extension 'colcon_meta'
[0.766s] Level 1:colcon.colcon_core.package_identification:_identify(.) by extensions ['ros']
[0.766s] Level 1:colcon.colcon_core.package_identification:_identify(.) by extension 'ros'
[0.813s] Level 1:colcon.colcon_core.package_identification:_identify(.) by extensions ['cmake', 'python']
[0.813s] Level 1:colcon.colcon_core.package_identification:_identify(.) by extension 'cmake'
[0.813s] Level 1:colcon.colcon_core.package_identification:_identify(.) by extension 'python'
[0.813s] Level 1:colcon.colcon_core.package_identification:_identify(.) by extensions ['python_setup_py']
[0.813s] Level 1:colcon.colcon_core.package_identification:_identify(.) by extension 'python_setup_py'
[0.814s] Level 1:colcon.colcon_core.package_identification:_identify(build) by extensions ['ignore', 'ignore_ament_install']
[0.814s] Level 1:colcon.colcon_core.package_identification:_identify(build) by extension 'ignore'
[0.814s] Level 1:colcon.colcon_core.package_identification:_identify(build) ignored
[0.814s] Level 1:colcon.colcon_core.package_identification:_identify(install) by extensions ['ignore', 'ignore_ament_install']
[0.814s] Level 1:colcon.colcon_core.package_identification:_identify(install) by extension 'ignore'
[0.814s] Level 1:colcon.colcon_core.package_identification:_identify(install) ignored
[0.814s] Level 1:colcon.colcon_core.package_identification:_identify(log) by extensions ['ignore', 'ignore_ament_install']
[0.814s] Level 1:colcon.colcon_core.package_identification:_identify(log) by extension 'ignore'
[0.814s] Level 1:colcon.colcon_core.package_identification:_identify(log) ignored
[0.836s] Level 1:colcon.colcon_core.package_identification:_identify(src) by extensions ['ignore', 'ignore_ament_install']
[0.836s] Level 1:colcon.colcon_core.package_identification:_identify(src) by extension 'ignore'
[0.836s] Level 1:colcon.colcon_core.package_identification:_identify(src) by extension 'ignore_ament_install'
[0.837s] Level 1:colcon.colcon_core.package_identification:_identify(src) by extensions ['colcon_pkg']
[0.837s] Level 1:colcon.colcon_core.package_identification:_identify(src) by extension 'colcon_pkg'
[0.837s] Level 1:colcon.colcon_core.package_identification:_identify(src) by extensions ['colcon_meta']
[0.837s] Level 1:colcon.colcon_core.package_identification:_identify(src) by extension 'colcon_meta'
[0.837s] Level 1:colcon.colcon_core.package_identification:_identify(src) by extensions ['ros']
[0.837s] Level 1:colcon.colcon_core.package_identification:_identify(src) by extension 'ros'
[0.837s] Level 1:colcon.colcon_core.package_identification:_identify(src) by extensions ['cmake', 'python']
[0.837s] Level 1:colcon.colcon_core.package_identification:_identify(src) by extension 'cmake'
[0.837s] Level 1:colcon.colcon_core.package_identification:_identify(src) by extension 'python'
[0.837s] Level 1:colcon.colcon_core.package_identification:_identify(src) by extensions ['python_setup_py']
[0.837s] Level 1:colcon.colcon_core.package_identification:_identify(src) by extension 'python_setup_py'
[0.837s] Level 1:colcon.colcon_core.package_identification:_identify(src/gazebo_ros_pkgs) by extensions ['ignore', 'ignore_ament_install']
[0.837s] Level 1:colcon.colcon_core.package_identification:_identify(src/gazebo_ros_pkgs) by extension 'ignore'
[0.837s] Level 1:colcon.colcon_core.package_identification:_identify(src/gazebo_ros_pkgs) by extension 'ignore_ament_install'
[0.837s] Level 1:colcon.colcon_core.package_identification:_identify(src/gazebo_ros_pkgs) by extensions ['colcon_pkg']
[0.837s] Level 1:colcon.colcon_core.package_identification:_identify(src/gazebo_ros_pkgs) by extension 'colcon_pkg'
[0.838s] Level 1:colcon.colcon_core.package_identification:_identify(src/gazebo_ros_pkgs) by extensions ['colcon_meta']
[0.838s] Level 1:colcon.colcon_core.package_identification:_identify(src/gazebo_ros_pkgs) by extension 'colcon_meta'
[0.838s] Level 1:colcon.colcon_core.package_identification:_identify(src/gazebo_ros_pkgs) by extensions ['ros']
[0.838s] Level 1:colcon.colcon_core.package_identification:_identify(src/gazebo_ros_pkgs) by extension 'ros'
[0.838s] Level 1:colcon.colcon_core.package_identification:_identify(src/gazebo_ros_pkgs) by extensions ['cmake', 'python']
[0.838s] Level 1:colcon.colcon_core.package_identification:_identify(src/gazebo_ros_pkgs) by extension 'cmake'
[0.838s] Level 1:colcon.colcon_core.package_identification:_identify(src/gazebo_ros_pkgs) by extension 'python'
[0.838s] Level 1:colcon.colcon_core.package_identification:_identify(src/gazebo_ros_pkgs) by extensions ['python_setup_py']
[0.838s] Level 1:colcon.colcon_core.package_identification:_identify(src/gazebo_ros_pkgs) by extension 'python_setup_py'
[0.843s] Level 1:colcon.colcon_core.package_identification:_identify(src/gazebo_ros_pkgs/gazebo_dev) by extensions ['ignore', 'ignore_ament_install']
[0.844s] Level 1:colcon.colcon_core.package_identification:_identify(src/gazebo_ros_pkgs/gazebo_dev) by extension 'ignore'
[0.844s] Level 1:colcon.colcon_core.package_identification:_identify(src/gazebo_ros_pkgs/gazebo_dev) by extension 'ignore_ament_install'
[0.844s] Level 1:colcon.colcon_core.package_identification:_identify(src/gazebo_ros_pkgs/gazebo_dev) by extensions ['colcon_pkg']
[0.844s] Level 1:colcon.colcon_core.package_identification:_identify(src/gazebo_ros_pkgs/gazebo_dev) by extension 'colcon_pkg'
[0.848s] Level 1:colcon.colcon_core.package_identification:_identify(src/gazebo_ros_pkgs/gazebo_dev) by extensions ['colcon_meta']
[0.848s] Level 1:colcon.colcon_core.package_identification:_identify(src/gazebo_ros_pkgs/gazebo_dev) by extension 'colcon_meta'
[0.848s] Level 1:colcon.colcon_core.package_identification:_identify(src/gazebo_ros_pkgs/gazebo_dev) by extensions ['ros']
[0.848s] Level 1:colcon.colcon_core.package_identification:_identify(src/gazebo_ros_pkgs/gazebo_dev) by extension 'ros'
[0.851s] DEBUG:colcon.colcon_core.package_identification:Package 'src/gazebo_ros_pkgs/gazebo_dev' with type 'ros.ament_cmake' and name 'gazebo_dev'
[0.852s] Level 1:colcon.colcon_core.package_identification:_identify(src/gazebo_ros_pkgs/gazebo_msgs) by extensions ['ignore', 'ignore_ament_install']
[0.852s] Level 1:colcon.colcon_core.package_identification:_identify(src/gazebo_ros_pkgs/gazebo_msgs) by extension 'ignore'
[0.852s] Level 1:colcon.colcon_core.package_identification:_identify(src/gazebo_ros_pkgs/gazebo_msgs) by extension 'ignore_ament_install'
[0.852s] Level 1:colcon.colcon_core.package_identification:_identify(src/gazebo_ros_pkgs/gazebo_msgs) by extensions ['colcon_pkg']
[0.852s] Level 1:colcon.colcon_core.package_identification:_identify(src/gazebo_ros_pkgs/gazebo_msgs) by extension 'colcon_pkg'
[0.852s] Level 1:colcon.colcon_core.package_identification:_identify(src/gazebo_ros_pkgs/gazebo_msgs) by extensions ['colcon_meta']
[0.852s] Level 1:colcon.colcon_core.package_identification:_identify(src/gazebo_ros_pkgs/gazebo_msgs) by extension 'colcon_meta'
[0.852s] Level 1:colcon.colcon_core.package_identification:_identify(src/gazebo_ros_pkgs/gazebo_msgs) by extensions ['ros']
[0.852s] Level 1:colcon.colcon_core.package_identification:_identify(src/gazebo_ros_pkgs/gazebo_msgs) by extension 'ros'
[0.853s] DEBUG:colcon.colcon_core.package_identification:Package 'src/gazebo_ros_pkgs/gazebo_msgs' with type 'ros.ament_cmake' and name 'gazebo_msgs'
[0.853s] Level 1:colcon.colcon_core.package_identification:_identify(src/gazebo_ros_pkgs/gazebo_plugins) by extensions ['ignore', 'ignore_ament_install']
[0.853s] Level 1:colcon.colcon_core.package_identification:_identify(src/gazebo_ros_pkgs/gazebo_plugins) by extension 'ignore'
[0.853s] Level 1:colcon.colcon_core.package_identification:_identify(src/gazebo_ros_pkgs/gazebo_plugins) by extension 'ignore_ament_install'
[0.853s] Level 1:colcon.colcon_core.package_identification:_identify(src/gazebo_ros_pkgs/gazebo_plugins) by extensions ['colcon_pkg']
[0.853s] Level 1:colcon.colcon_core.package_identification:_identify(src/gazebo_ros_pkgs/gazebo_plugins) by extension 'colcon_pkg'
[0.854s] Level 1:colcon.colcon_core.package_identification:_identify(src/gazebo_ros_pkgs/gazebo_plugins) by extensions ['colcon_meta']
[0.854s] Level 1:colcon.colcon_core.package_identification:_identify(src/gazebo_ros_pkgs/gazebo_plugins) by extension 'colcon_meta'
[0.854s] Level 1:colcon.colcon_core.package_identification:_identify(src/gazebo_ros_pkgs/gazebo_plugins) by extensions ['ros']
[0.854s] Level 1:colcon.colcon_core.package_identification:_identify(src/gazebo_ros_pkgs/gazebo_plugins) by extension 'ros'
[0.855s] DEBUG:colcon.colcon_core.package_identification:Package 'src/gazebo_ros_pkgs/gazebo_plugins' with type 'ros.ament_cmake' and name 'gazebo_plugins'
[0.856s] Level 1:colcon.colcon_core.package_identification:_identify(src/gazebo_ros_pkgs/gazebo_ros) by extensions ['ignore', 'ignore_ament_install']
[0.856s] Level 1:colcon.colcon_core.package_identification:_identify(src/gazebo_ros_pkgs/gazebo_ros) by extension 'ignore'
[0.856s] Level 1:colcon.colcon_core.package_identification:_identify(src/gazebo_ros_pkgs/gazebo_ros) by extension 'ignore_ament_install'
[0.856s] Level 1:colcon.colcon_core.package_identification:_identify(src/gazebo_ros_pkgs/gazebo_ros) by extensions ['colcon_pkg']
[0.856s] Level 1:colcon.colcon_core.package_identification:_identify(src/gazebo_ros_pkgs/gazebo_ros) by extension 'colcon_pkg'
[0.866s] Level 1:colcon.colcon_core.package_identification:_identify(src/gazebo_ros_pkgs/gazebo_ros) by extensions ['colcon_meta']
[0.866s] Level 1:colcon.colcon_core.package_identification:_identify(src/gazebo_ros_pkgs/gazebo_ros) by extension 'colcon_meta'
[0.866s] Level 1:colcon.colcon_core.package_identification:_identify(src/gazebo_ros_pkgs/gazebo_ros) by extensions ['ros']
[0.866s] Level 1:colcon.colcon_core.package_identification:_identify(src/gazebo_ros_pkgs/gazebo_ros) by extension 'ros'
[0.868s] DEBUG:colcon.colcon_core.package_identification:Package 'src/gazebo_ros_pkgs/gazebo_ros' with type 'ros.ament_cmake' and name 'gazebo_ros'
[0.868s] Level 1:colcon.colcon_core.package_identification:_identify(src/gazebo_ros_pkgs/gazebo_ros_control) by extensions ['ignore', 'ignore_ament_install']
[0.868s] Level 1:colcon.colcon_core.package_identification:_identify(src/gazebo_ros_pkgs/gazebo_ros_control) by extension 'ignore'
[0.868s] Level 1:colcon.colcon_core.package_identification:_identify(src/gazebo_ros_pkgs/gazebo_ros_control) by extension 'ignore_ament_install'
[0.868s] Level 1:colcon.colcon_core.package_identification:_identify(src/gazebo_ros_pkgs/gazebo_ros_control) by extensions ['colcon_pkg']
[0.868s] Level 1:colcon.colcon_core.package_identification:_identify(src/gazebo_ros_pkgs/gazebo_ros_control) by extension 'colcon_pkg'
[0.869s] Level 1:colcon.colcon_core.package_identification:_identify(src/gazebo_ros_pkgs/gazebo_ros_control) by extensions ['colcon_meta']
[0.869s] Level 1:colcon.colcon_core.package_identification:_identify(src/gazebo_ros_pkgs/gazebo_ros_control) by extension 'colcon_meta'
[0.869s] Level 1:colcon.colcon_core.package_identification:_identify(src/gazebo_ros_pkgs/gazebo_ros_control) by extensions ['ros']
[0.869s] Level 1:colcon.colcon_core.package_identification:_identify(src/gazebo_ros_pkgs/gazebo_ros_control) by extension 'ros'
[0.869s] Level 1:colcon.colcon_core.package_identification:_identify(src/gazebo_ros_pkgs/gazebo_ros_control) by extensions ['cmake', 'python']
[0.869s] Level 1:colcon.colcon_core.package_identification:_identify(src/gazebo_ros_pkgs/gazebo_ros_control) by extension 'cmake'
[0.869s] Level 1:colcon.colcon_core.package_identification:_identify(src/gazebo_ros_pkgs/gazebo_ros_control) by extension 'python'
[0.869s] Level 1:colcon.colcon_core.package_identification:_identify(src/gazebo_ros_pkgs/gazebo_ros_control) by extensions ['python_setup_py']
[0.869s] Level 1:colcon.colcon_core.package_identification:_identify(src/gazebo_ros_pkgs/gazebo_ros_control) by extension 'python_setup_py'
[0.870s] Level 1:colcon.colcon_core.package_identification:_identify(src/gazebo_ros_pkgs/gazebo_ros_pkgs) by extensions ['ignore', 'ignore_ament_install']
[0.870s] Level 1:colcon.colcon_core.package_identification:_identify(src/gazebo_ros_pkgs/gazebo_ros_pkgs) by extension 'ignore'
[0.870s] Level 1:colcon.colcon_core.package_identification:_identify(src/gazebo_ros_pkgs/gazebo_ros_pkgs) by extension 'ignore_ament_install'
[0.870s] Level 1:colcon.colcon_core.package_identification:_identify(src/gazebo_ros_pkgs/gazebo_ros_pkgs) by extensions ['colcon_pkg']
[0.870s] Level 1:colcon.colcon_core.package_identification:_identify(src/gazebo_ros_pkgs/gazebo_ros_pkgs) by extension 'colcon_pkg'
[0.870s] Level 1:colcon.colcon_core.package_identification:_identify(src/gazebo_ros_pkgs/gazebo_ros_pkgs) by extensions ['colcon_meta']
[0.870s] Level 1:colcon.colcon_core.package_identification:_identify(src/gazebo_ros_pkgs/gazebo_ros_pkgs) by extension 'colcon_meta'
[0.870s] Level 1:colcon.colcon_core.package_identification:_identify(src/gazebo_ros_pkgs/gazebo_ros_pkgs) by extensions ['ros']
[0.870s] Level 1:colcon.colcon_core.package_identification:_identify(src/gazebo_ros_pkgs/gazebo_ros_pkgs) by extension 'ros'
[0.871s] DEBUG:colcon.colcon_core.package_identification:Package 'src/gazebo_ros_pkgs/gazebo_ros_pkgs' with type 'ros.ament_cmake' and name 'gazebo_ros_pkgs'
[0.871s] Level 1:colcon.colcon_core.package_identification:_identify(src/vision_opencv) by extensions ['ignore', 'ignore_ament_install']
[0.871s] Level 1:colcon.colcon_core.package_identification:_identify(src/vision_opencv) by extension 'ignore'
[0.871s] Level 1:colcon.colcon_core.package_identification:_identify(src/vision_opencv) by extension 'ignore_ament_install'
[0.871s] Level 1:colcon.colcon_core.package_identification:_identify(src/vision_opencv) by extensions ['colcon_pkg']
[0.871s] Level 1:colcon.colcon_core.package_identification:_identify(src/vision_opencv) by extension 'colcon_pkg'
[0.871s] Level 1:colcon.colcon_core.package_identification:_identify(src/vision_opencv) by extensions ['colcon_meta']
[0.871s] Level 1:colcon.colcon_core.package_identification:_identify(src/vision_opencv) by extension 'colcon_meta'
[0.871s] Level 1:colcon.colcon_core.package_identification:_identify(src/vision_opencv) by extensions ['ros']
[0.871s] Level 1:colcon.colcon_core.package_identification:_identify(src/vision_opencv) by extension 'ros'
[0.871s] Level 1:colcon.colcon_core.package_identification:_identify(src/vision_opencv) by extensions ['cmake', 'python']
[0.871s] Level 1:colcon.colcon_core.package_identification:_identify(src/vision_opencv) by extension 'cmake'
[0.871s] Level 1:colcon.colcon_core.package_identification:_identify(src/vision_opencv) by extension 'python'
[0.872s] Level 1:colcon.colcon_core.package_identification:_identify(src/vision_opencv) by extensions ['python_setup_py']
[0.872s] Level 1:colcon.colcon_core.package_identification:_identify(src/vision_opencv) by extension 'python_setup_py'
[0.872s] Level 1:colcon.colcon_core.package_identification:_identify(src/vision_opencv/cv_bridge) by extensions ['ignore', 'ignore_ament_install']
[0.872s] Level 1:colcon.colcon_core.package_identification:_identify(src/vision_opencv/cv_bridge) by extension 'ignore'
[0.872s] Level 1:colcon.colcon_core.package_identification:_identify(src/vision_opencv/cv_bridge) by extension 'ignore_ament_install'
[0.872s] Level 1:colcon.colcon_core.package_identification:_identify(src/vision_opencv/cv_bridge) by extensions ['colcon_pkg']
[0.872s] Level 1:colcon.colcon_core.package_identification:_identify(src/vision_opencv/cv_bridge) by extension 'colcon_pkg'
[0.872s] Level 1:colcon.colcon_core.package_identification:_identify(src/vision_opencv/cv_bridge) by extensions ['colcon_meta']
[0.872s] Level 1:colcon.colcon_core.package_identification:_identify(src/vision_opencv/cv_bridge) by extension 'colcon_meta'
[0.872s] Level 1:colcon.colcon_core.package_identification:_identify(src/vision_opencv/cv_bridge) by extensions ['ros']
[0.872s] Level 1:colcon.colcon_core.package_identification:_identify(src/vision_opencv/cv_bridge) by extension 'ros'
[0.880s] DEBUG:colcon.colcon_core.package_identification:Package 'src/vision_opencv/cv_bridge' with type 'ros.ament_cmake' and name 'cv_bridge'
[0.880s] Level 1:colcon.colcon_core.package_identification:_identify(src/vision_opencv/image_geometry) by extensions ['ignore', 'ignore_ament_install']
[0.880s] Level 1:colcon.colcon_core.package_identification:_identify(src/vision_opencv/image_geometry) by extension 'ignore'
[0.880s] Level 1:colcon.colcon_core.package_identification:_identify(src/vision_opencv/image_geometry) by extension 'ignore_ament_install'
[0.880s] Level 1:colcon.colcon_core.package_identification:_identify(src/vision_opencv/image_geometry) by extensions ['colcon_pkg']
[0.880s] Level 1:colcon.colcon_core.package_identification:_identify(src/vision_opencv/image_geometry) by extension 'colcon_pkg'
[0.880s] Level 1:colcon.colcon_core.package_identification:_identify(src/vision_opencv/image_geometry) by extensions ['colcon_meta']
[0.880s] Level 1:colcon.colcon_core.package_identification:_identify(src/vision_opencv/image_geometry) by extension 'colcon_meta'
[0.880s] Level 1:colcon.colcon_core.package_identification:_identify(src/vision_opencv/image_geometry) by extensions ['ros']
[0.880s] Level 1:colcon.colcon_core.package_identification:_identify(src/vision_opencv/image_geometry) by extension 'ros'
[0.893s] DEBUG:colcon.colcon_core.package_identification:Package 'src/vision_opencv/image_geometry' with type 'ros.ament_cmake' and name 'image_geometry'
[0.893s] Level 1:colcon.colcon_core.package_identification:_identify(src/vision_opencv/opencv_tests) by extensions ['ignore', 'ignore_ament_install']
[0.893s] Level 1:colcon.colcon_core.package_identification:_identify(src/vision_opencv/opencv_tests) by extension 'ignore'
[0.893s] Level 1:colcon.colcon_core.package_identification:_identify(src/vision_opencv/opencv_tests) by extension 'ignore_ament_install'
[0.893s] Level 1:colcon.colcon_core.package_identification:_identify(src/vision_opencv/opencv_tests) by extensions ['colcon_pkg']
[0.893s] Level 1:colcon.colcon_core.package_identification:_identify(src/vision_opencv/opencv_tests) by extension 'colcon_pkg'
[0.894s] Level 1:colcon.colcon_core.package_identification:_identify(src/vision_opencv/opencv_tests) by extensions ['colcon_meta']
[0.894s] Level 1:colcon.colcon_core.package_identification:_identify(src/vision_opencv/opencv_tests) by extension 'colcon_meta'
[0.894s] Level 1:colcon.colcon_core.package_identification:_identify(src/vision_opencv/opencv_tests) by extensions ['ros']
[0.894s] Level 1:colcon.colcon_core.package_identification:_identify(src/vision_opencv/opencv_tests) by extension 'ros'
[0.894s] DEBUG:colcon.colcon_core.package_identification:Package 'src/vision_opencv/opencv_tests' with type 'ros.ament_python' and name 'opencv_tests'
[0.895s] Level 1:colcon.colcon_core.package_identification:_identify(src/vision_opencv/vision_opencv) by extensions ['ignore', 'ignore_ament_install']
[0.895s] Level 1:colcon.colcon_core.package_identification:_identify(src/vision_opencv/vision_opencv) by extension 'ignore'
[0.895s] Level 1:colcon.colcon_core.package_identification:_identify(src/vision_opencv/vision_opencv) by extension 'ignore_ament_install'
[0.895s] Level 1:colcon.colcon_core.package_identification:_identify(src/vision_opencv/vision_opencv) by extensions ['colcon_pkg']
[0.895s] Level 1:colcon.colcon_core.package_identification:_identify(src/vision_opencv/vision_opencv) by extension 'colcon_pkg'
[0.895s] Level 1:colcon.colcon_core.package_identification:_identify(src/vision_opencv/vision_opencv) by extensions ['colcon_meta']
[0.895s] Level 1:colcon.colcon_core.package_identification:_identify(src/vision_opencv/vision_opencv) by extension 'colcon_meta'
[0.895s] Level 1:colcon.colcon_core.package_identification:_identify(src/vision_opencv/vision_opencv) by extensions ['ros']
[0.895s] Level 1:colcon.colcon_core.package_identification:_identify(src/vision_opencv/vision_opencv) by extension 'ros'
[0.896s] DEBUG:colcon.colcon_core.package_identification:Package 'src/vision_opencv/vision_opencv' with type 'ros.ament_cmake' and name 'vision_opencv'
[0.896s] Level 1:colcon.colcon_core.package_discovery:discover_packages(recursive) using defaults
[0.896s] Level 1:colcon.colcon_core.package_discovery:discover_packages(ignore) discover
[0.896s] Level 1:colcon.colcon_core.package_discovery:discover_packages(ignore) using defaults
[0.896s] Level 1:colcon.colcon_core.package_discovery:discover_packages(path) discover
[0.896s] Level 1:colcon.colcon_core.package_discovery:discover_packages(path) using defaults
[1.269s] INFO:colcon.colcon_metadata.metadata.colcon_pkg:Updating descriptor of package 'src/gazebo_ros_pkgs/gazebo_ros' from colcon.pkg: {'dependencies': ['Gazebo']}
[1.269s] INFO:colcon.colcon_metadata.metadata.colcon_pkg:Updating descriptor of package 'src/gazebo_ros_pkgs/gazebo_dev' from colcon.pkg: {'dependencies': ['Gazebo']}
[1.270s] INFO:colcon.colcon_metadata.metadata.colcon_pkg:Updating descriptor of package 'src/gazebo_ros_pkgs/gazebo_plugins' from colcon.pkg: {'dependencies': ['Gazebo']}
[1.296s] Level 1:colcon.colcon_core.package_discovery:discover_packages(prefix_path) check parameters
[1.296s] Level 1:colcon.colcon_core.package_discovery:discover_packages(prefix_path) discover
[1.325s] DEBUG:colcon.colcon_installed_package_information.package_discovery:Found 287 installed packages in /opt/ros/humble
[1.327s] Level 1:colcon.colcon_core.package_discovery:discover_packages(prefix_path) using defaults
[1.388s] WARNING:colcon.colcon_core.package_selection:Some selected packages are already built in one or more underlay workspaces:
	'cv_bridge' is in: /opt/ros/humble
	'image_geometry' is in: /opt/ros/humble
If a package in a merged underlay workspace is overridden and it installs headers, then all packages in the overlay must sort their include directories by workspace order. Failure to do so may result in build failures or undefined behavior at run time.
If the overridden package is used by another package in any underlay, then the overriding package in the overlay must be API and ABI compatible or undefined behavior at run time may occur.

If you understand the risks and want to override a package anyways, add the following to the command line:
	--allow-overriding cv_bridge image_geometry

This may be promoted to an error in a future release of colcon-override-check.
[1.389s] Level 5:colcon.colcon_core.verb:set package 'cv_bridge' build argument 'cmake_args' from command line to 'None'
[1.389s] Level 5:colcon.colcon_core.verb:set package 'cv_bridge' build argument 'cmake_target' from command line to 'None'
[1.389s] Level 5:colcon.colcon_core.verb:set package 'cv_bridge' build argument 'cmake_target_skip_unavailable' from command line to 'False'
[1.390s] Level 5:colcon.colcon_core.verb:set package 'cv_bridge' build argument 'cmake_clean_cache' from command line to 'False'
[1.390s] Level 5:colcon.colcon_core.verb:set package 'cv_bridge' build argument 'cmake_clean_first' from command line to 'False'
[1.390s] Level 5:colcon.colcon_core.verb:set package 'cv_bridge' build argument 'cmake_force_configure' from command line to 'False'
[1.390s] Level 5:colcon.colcon_core.verb:set package 'cv_bridge' build argument 'ament_cmake_args' from command line to 'None'
[1.390s] Level 5:colcon.colcon_core.verb:set package 'cv_bridge' build argument 'catkin_cmake_args' from command line to 'None'
[1.390s] Level 5:colcon.colcon_core.verb:set package 'cv_bridge' build argument 'catkin_skip_building_tests' from command line to 'False'
[1.390s] DEBUG:colcon.colcon_core.verb:Building package 'cv_bridge' with the following arguments: {'ament_cmake_args': None, 'build_base': '/home/marceloqm/gzros_sim/build/cv_bridge', 'catkin_cmake_args': None, 'catkin_skip_building_tests': False, 'cmake_args': None, 'cmake_clean_cache': False, 'cmake_clean_first': False, 'cmake_force_configure': False, 'cmake_target': None, 'cmake_target_skip_unavailable': False, 'install_base': '/home/marceloqm/gzros_sim/install/cv_bridge', 'merge_install': False, 'path': '/home/marceloqm/gzros_sim/src/vision_opencv/cv_bridge', 'symlink_install': True, 'test_result_base': None}
[1.390s] Level 5:colcon.colcon_core.verb:set package 'gazebo_dev' build argument 'cmake_args' from command line to 'None'
[1.391s] Level 5:colcon.colcon_core.verb:set package 'gazebo_dev' build argument 'cmake_target' from command line to 'None'
[1.391s] Level 5:colcon.colcon_core.verb:set package 'gazebo_dev' build argument 'cmake_target_skip_unavailable' from command line to 'False'
[1.391s] Level 5:colcon.colcon_core.verb:set package 'gazebo_dev' build argument 'cmake_clean_cache' from command line to 'False'
[1.391s] Level 5:colcon.colcon_core.verb:set package 'gazebo_dev' build argument 'cmake_clean_first' from command line to 'False'
[1.391s] Level 5:colcon.colcon_core.verb:set package 'gazebo_dev' build argument 'cmake_force_configure' from command line to 'False'
[1.391s] Level 5:colcon.colcon_core.verb:set package 'gazebo_dev' build argument 'ament_cmake_args' from command line to 'None'
[1.391s] Level 5:colcon.colcon_core.verb:set package 'gazebo_dev' build argument 'catkin_cmake_args' from command line to 'None'
[1.391s] Level 5:colcon.colcon_core.verb:set package 'gazebo_dev' build argument 'catkin_skip_building_tests' from command line to 'False'
[1.391s] DEBUG:colcon.colcon_core.verb:Building package 'gazebo_dev' with the following arguments: {'ament_cmake_args': None, 'build_base': '/home/marceloqm/gzros_sim/build/gazebo_dev', 'catkin_cmake_args': None, 'catkin_skip_building_tests': False, 'cmake_args': None, 'cmake_clean_cache': False, 'cmake_clean_first': False, 'cmake_force_configure': False, 'cmake_target': None, 'cmake_target_skip_unavailable': False, 'install_base': '/home/marceloqm/gzros_sim/install/gazebo_dev', 'merge_install': False, 'path': '/home/marceloqm/gzros_sim/src/gazebo_ros_pkgs/gazebo_dev', 'symlink_install': True, 'test_result_base': None}
[1.392s] Level 5:colcon.colcon_core.verb:set package 'gazebo_msgs' build argument 'cmake_args' from command line to 'None'
[1.392s] Level 5:colcon.colcon_core.verb:set package 'gazebo_msgs' build argument 'cmake_target' from command line to 'None'
[1.392s] Level 5:colcon.colcon_core.verb:set package 'gazebo_msgs' build argument 'cmake_target_skip_unavailable' from command line to 'False'
[1.392s] Level 5:colcon.colcon_core.verb:set package 'gazebo_msgs' build argument 'cmake_clean_cache' from command line to 'False'
[1.392s] Level 5:colcon.colcon_core.verb:set package 'gazebo_msgs' build argument 'cmake_clean_first' from command line to 'False'
[1.392s] Level 5:colcon.colcon_core.verb:set package 'gazebo_msgs' build argument 'cmake_force_configure' from command line to 'False'
[1.392s] Level 5:colcon.colcon_core.verb:set package 'gazebo_msgs' build argument 'ament_cmake_args' from command line to 'None'
[1.392s] Level 5:colcon.colcon_core.verb:set package 'gazebo_msgs' build argument 'catkin_cmake_args' from command line to 'None'
[1.392s] Level 5:colcon.colcon_core.verb:set package 'gazebo_msgs' build argument 'catkin_skip_building_tests' from command line to 'False'
[1.392s] DEBUG:colcon.colcon_core.verb:Building package 'gazebo_msgs' with the following arguments: {'ament_cmake_args': None, 'build_base': '/home/marceloqm/gzros_sim/build/gazebo_msgs', 'catkin_cmake_args': None, 'catkin_skip_building_tests': False, 'cmake_args': None, 'cmake_clean_cache': False, 'cmake_clean_first': False, 'cmake_force_configure': False, 'cmake_target': None, 'cmake_target_skip_unavailable': False, 'install_base': '/home/marceloqm/gzros_sim/install/gazebo_msgs', 'merge_install': False, 'path': '/home/marceloqm/gzros_sim/src/gazebo_ros_pkgs/gazebo_msgs', 'symlink_install': True, 'test_result_base': None}
[1.393s] Level 5:colcon.colcon_core.verb:set package 'image_geometry' build argument 'cmake_args' from command line to 'None'
[1.393s] Level 5:colcon.colcon_core.verb:set package 'image_geometry' build argument 'cmake_target' from command line to 'None'
[1.393s] Level 5:colcon.colcon_core.verb:set package 'image_geometry' build argument 'cmake_target_skip_unavailable' from command line to 'False'
[1.393s] Level 5:colcon.colcon_core.verb:set package 'image_geometry' build argument 'cmake_clean_cache' from command line to 'False'
[1.393s] Level 5:colcon.colcon_core.verb:set package 'image_geometry' build argument 'cmake_clean_first' from command line to 'False'
[1.393s] Level 5:colcon.colcon_core.verb:set package 'image_geometry' build argument 'cmake_force_configure' from command line to 'False'
[1.393s] Level 5:colcon.colcon_core.verb:set package 'image_geometry' build argument 'ament_cmake_args' from command line to 'None'
[1.393s] Level 5:colcon.colcon_core.verb:set package 'image_geometry' build argument 'catkin_cmake_args' from command line to 'None'
[1.393s] Level 5:colcon.colcon_core.verb:set package 'image_geometry' build argument 'catkin_skip_building_tests' from command line to 'False'
[1.393s] DEBUG:colcon.colcon_core.verb:Building package 'image_geometry' with the following arguments: {'ament_cmake_args': None, 'build_base': '/home/marceloqm/gzros_sim/build/image_geometry', 'catkin_cmake_args': None, 'catkin_skip_building_tests': False, 'cmake_args': None, 'cmake_clean_cache': False, 'cmake_clean_first': False, 'cmake_force_configure': False, 'cmake_target': None, 'cmake_target_skip_unavailable': False, 'install_base': '/home/marceloqm/gzros_sim/install/image_geometry', 'merge_install': False, 'path': '/home/marceloqm/gzros_sim/src/vision_opencv/image_geometry', 'symlink_install': True, 'test_result_base': None}
[1.394s] Level 5:colcon.colcon_core.verb:set package 'gazebo_ros' build argument 'cmake_args' from command line to 'None'
[1.394s] Level 5:colcon.colcon_core.verb:set package 'gazebo_ros' build argument 'cmake_target' from command line to 'None'
[1.394s] Level 5:colcon.colcon_core.verb:set package 'gazebo_ros' build argument 'cmake_target_skip_unavailable' from command line to 'False'
[1.394s] Level 5:colcon.colcon_core.verb:set package 'gazebo_ros' build argument 'cmake_clean_cache' from command line to 'False'
[1.394s] Level 5:colcon.colcon_core.verb:set package 'gazebo_ros' build argument 'cmake_clean_first' from command line to 'False'
[1.394s] Level 5:colcon.colcon_core.verb:set package 'gazebo_ros' build argument 'cmake_force_configure' from command line to 'False'
[1.394s] Level 5:colcon.colcon_core.verb:set package 'gazebo_ros' build argument 'ament_cmake_args' from command line to 'None'
[1.394s] Level 5:colcon.colcon_core.verb:set package 'gazebo_ros' build argument 'catkin_cmake_args' from command line to 'None'
[1.394s] Level 5:colcon.colcon_core.verb:set package 'gazebo_ros' build argument 'catkin_skip_building_tests' from command line to 'False'
[1.394s] DEBUG:colcon.colcon_core.verb:Building package 'gazebo_ros' with the following arguments: {'ament_cmake_args': None, 'build_base': '/home/marceloqm/gzros_sim/build/gazebo_ros', 'catkin_cmake_args': None, 'catkin_skip_building_tests': False, 'cmake_args': None, 'cmake_clean_cache': False, 'cmake_clean_first': False, 'cmake_force_configure': False, 'cmake_target': None, 'cmake_target_skip_unavailable': False, 'install_base': '/home/marceloqm/gzros_sim/install/gazebo_ros', 'merge_install': False, 'path': '/home/marceloqm/gzros_sim/src/gazebo_ros_pkgs/gazebo_ros', 'symlink_install': True, 'test_result_base': None}
[1.395s] Level 5:colcon.colcon_core.verb:set package 'opencv_tests' build argument 'cmake_args' from command line to 'None'
[1.395s] Level 5:colcon.colcon_core.verb:set package 'opencv_tests' build argument 'cmake_target' from command line to 'None'
[1.395s] Level 5:colcon.colcon_core.verb:set package 'opencv_tests' build argument 'cmake_target_skip_unavailable' from command line to 'False'
[1.395s] Level 5:colcon.colcon_core.verb:set package 'opencv_tests' build argument 'cmake_clean_cache' from command line to 'False'
[1.395s] Level 5:colcon.colcon_core.verb:set package 'opencv_tests' build argument 'cmake_clean_first' from command line to 'False'
[1.395s] Level 5:colcon.colcon_core.verb:set package 'opencv_tests' build argument 'cmake_force_configure' from command line to 'False'
[1.395s] Level 5:colcon.colcon_core.verb:set package 'opencv_tests' build argument 'ament_cmake_args' from command line to 'None'
[1.395s] Level 5:colcon.colcon_core.verb:set package 'opencv_tests' build argument 'catkin_cmake_args' from command line to 'None'
[1.395s] Level 5:colcon.colcon_core.verb:set package 'opencv_tests' build argument 'catkin_skip_building_tests' from command line to 'False'
[1.395s] DEBUG:colcon.colcon_core.verb:Building package 'opencv_tests' with the following arguments: {'ament_cmake_args': None, 'build_base': '/home/marceloqm/gzros_sim/build/opencv_tests', 'catkin_cmake_args': None, 'catkin_skip_building_tests': False, 'cmake_args': None, 'cmake_clean_cache': False, 'cmake_clean_first': False, 'cmake_force_configure': False, 'cmake_target': None, 'cmake_target_skip_unavailable': False, 'install_base': '/home/marceloqm/gzros_sim/install/opencv_tests', 'merge_install': False, 'path': '/home/marceloqm/gzros_sim/src/vision_opencv/opencv_tests', 'symlink_install': True, 'test_result_base': None}
[1.396s] Level 5:colcon.colcon_core.verb:set package 'vision_opencv' build argument 'cmake_args' from command line to 'None'
[1.396s] Level 5:colcon.colcon_core.verb:set package 'vision_opencv' build argument 'cmake_target' from command line to 'None'
[1.396s] Level 5:colcon.colcon_core.verb:set package 'vision_opencv' build argument 'cmake_target_skip_unavailable' from command line to 'False'
[1.396s] Level 5:colcon.colcon_core.verb:set package 'vision_opencv' build argument 'cmake_clean_cache' from command line to 'False'
[1.396s] Level 5:colcon.colcon_core.verb:set package 'vision_opencv' build argument 'cmake_clean_first' from command line to 'False'
[1.396s] Level 5:colcon.colcon_core.verb:set package 'vision_opencv' build argument 'cmake_force_configure' from command line to 'False'
[1.396s] Level 5:colcon.colcon_core.verb:set package 'vision_opencv' build argument 'ament_cmake_args' from command line to 'None'
[1.396s] Level 5:colcon.colcon_core.verb:set package 'vision_opencv' build argument 'catkin_cmake_args' from command line to 'None'
[1.396s] Level 5:colcon.colcon_core.verb:set package 'vision_opencv' build argument 'catkin_skip_building_tests' from command line to 'False'
[1.396s] DEBUG:colcon.colcon_core.verb:Building package 'vision_opencv' with the following arguments: {'ament_cmake_args': None, 'build_base': '/home/marceloqm/gzros_sim/build/vision_opencv', 'catkin_cmake_args': None, 'catkin_skip_building_tests': False, 'cmake_args': None, 'cmake_clean_cache': False, 'cmake_clean_first': False, 'cmake_force_configure': False, 'cmake_target': None, 'cmake_target_skip_unavailable': False, 'install_base': '/home/marceloqm/gzros_sim/install/vision_opencv', 'merge_install': False, 'path': '/home/marceloqm/gzros_sim/src/vision_opencv/vision_opencv', 'symlink_install': True, 'test_result_base': None}
[1.397s] Level 5:colcon.colcon_core.verb:set package 'gazebo_plugins' build argument 'cmake_args' from command line to 'None'
[1.397s] Level 5:colcon.colcon_core.verb:set package 'gazebo_plugins' build argument 'cmake_target' from command line to 'None'
[1.397s] Level 5:colcon.colcon_core.verb:set package 'gazebo_plugins' build argument 'cmake_target_skip_unavailable' from command line to 'False'
[1.397s] Level 5:colcon.colcon_core.verb:set package 'gazebo_plugins' build argument 'cmake_clean_cache' from command line to 'False'
[1.397s] Level 5:colcon.colcon_core.verb:set package 'gazebo_plugins' build argument 'cmake_clean_first' from command line to 'False'
[1.397s] Level 5:colcon.colcon_core.verb:set package 'gazebo_plugins' build argument 'cmake_force_configure' from command line to 'False'
[1.397s] Level 5:colcon.colcon_core.verb:set package 'gazebo_plugins' build argument 'ament_cmake_args' from command line to 'None'
[1.397s] Level 5:colcon.colcon_core.verb:set package 'gazebo_plugins' build argument 'catkin_cmake_args' from command line to 'None'
[1.397s] Level 5:colcon.colcon_core.verb:set package 'gazebo_plugins' build argument 'catkin_skip_building_tests' from command line to 'False'
[1.397s] DEBUG:colcon.colcon_core.verb:Building package 'gazebo_plugins' with the following arguments: {'ament_cmake_args': None, 'build_base': '/home/marceloqm/gzros_sim/build/gazebo_plugins', 'catkin_cmake_args': None, 'catkin_skip_building_tests': False, 'cmake_args': None, 'cmake_clean_cache': False, 'cmake_clean_first': False, 'cmake_force_configure': False, 'cmake_target': None, 'cmake_target_skip_unavailable': False, 'install_base': '/home/marceloqm/gzros_sim/install/gazebo_plugins', 'merge_install': False, 'path': '/home/marceloqm/gzros_sim/src/gazebo_ros_pkgs/gazebo_plugins', 'symlink_install': True, 'test_result_base': None}
[1.398s] Level 5:colcon.colcon_core.verb:set package 'gazebo_ros_pkgs' build argument 'cmake_args' from command line to 'None'
[1.398s] Level 5:colcon.colcon_core.verb:set package 'gazebo_ros_pkgs' build argument 'cmake_target' from command line to 'None'
[1.398s] Level 5:colcon.colcon_core.verb:set package 'gazebo_ros_pkgs' build argument 'cmake_target_skip_unavailable' from command line to 'False'
[1.398s] Level 5:colcon.colcon_core.verb:set package 'gazebo_ros_pkgs' build argument 'cmake_clean_cache' from command line to 'False'
[1.398s] Level 5:colcon.colcon_core.verb:set package 'gazebo_ros_pkgs' build argument 'cmake_clean_first' from command line to 'False'
[1.398s] Level 5:colcon.colcon_core.verb:set package 'gazebo_ros_pkgs' build argument 'cmake_force_configure' from command line to 'False'
[1.398s] Level 5:colcon.colcon_core.verb:set package 'gazebo_ros_pkgs' build argument 'ament_cmake_args' from command line to 'None'
[1.398s] Level 5:colcon.colcon_core.verb:set package 'gazebo_ros_pkgs' build argument 'catkin_cmake_args' from command line to 'None'
[1.398s] Level 5:colcon.colcon_core.verb:set package 'gazebo_ros_pkgs' build argument 'catkin_skip_building_tests' from command line to 'False'
[1.398s] DEBUG:colcon.colcon_core.verb:Building package 'gazebo_ros_pkgs' with the following arguments: {'ament_cmake_args': None, 'build_base': '/home/marceloqm/gzros_sim/build/gazebo_ros_pkgs', 'catkin_cmake_args': None, 'catkin_skip_building_tests': False, 'cmake_args': None, 'cmake_clean_cache': False, 'cmake_clean_first': False, 'cmake_force_configure': False, 'cmake_target': None, 'cmake_target_skip_unavailable': False, 'install_base': '/home/marceloqm/gzros_sim/install/gazebo_ros_pkgs', 'merge_install': False, 'path': '/home/marceloqm/gzros_sim/src/gazebo_ros_pkgs/gazebo_ros_pkgs', 'symlink_install': True, 'test_result_base': None}
[1.399s] INFO:colcon.colcon_core.executor:Executing jobs using 'parallel' executor
[1.403s] DEBUG:colcon.colcon_parallel_executor.executor.parallel:run_until_complete
[1.403s] INFO:colcon.colcon_ros.task.ament_cmake.build:Building ROS package in '/home/marceloqm/gzros_sim/src/vision_opencv/cv_bridge' with build type 'ament_cmake'
[1.403s] INFO:colcon.colcon_cmake.task.cmake.build:Building CMake package in '/home/marceloqm/gzros_sim/src/vision_opencv/cv_bridge'
[1.486s] INFO:colcon.colcon_core.plugin_system:Skipping extension 'colcon_core.shell.bat': Not used on non-Windows systems
[1.487s] INFO:colcon.colcon_core.shell:Skip shell extension 'powershell' for command environment: Not usable outside of PowerShell
[1.487s] DEBUG:colcon.colcon_core.shell:Skip shell extension 'dsv' for command environment
[1.529s] INFO:colcon.colcon_ros.task.ament_cmake.build:Building ROS package in '/home/marceloqm/gzros_sim/src/gazebo_ros_pkgs/gazebo_dev' with build type 'ament_cmake'
[1.529s] INFO:colcon.colcon_cmake.task.cmake.build:Building CMake package in '/home/marceloqm/gzros_sim/src/gazebo_ros_pkgs/gazebo_dev'
[1.530s] INFO:colcon.colcon_core.shell:Skip shell extension 'powershell' for command environment: Not usable outside of PowerShell
[1.530s] DEBUG:colcon.colcon_core.shell:Skip shell extension 'dsv' for command environment
[1.583s] DEBUG:colcon.colcon_core.event_handler.log_command:Invoking command in '/home/marceloqm/gzros_sim/build/cv_bridge': CMAKE_PREFIX_PATH=/opt/ros/humble /usr/bin/cmake --build /home/marceloqm/gzros_sim/build/cv_bridge -- -j8 -l8
[1.661s] DEBUG:colcon.colcon_core.event_handler.log_command:Invoking command in '/home/marceloqm/gzros_sim/build/gazebo_dev': CMAKE_PREFIX_PATH=/opt/ros/humble /usr/bin/cmake --build /home/marceloqm/gzros_sim/build/gazebo_dev -- -j8 -l8
[2.735s] DEBUG:colcon.colcon_core.event_handler.log_command:Invoked command in '/home/marceloqm/gzros_sim/build/gazebo_dev' returned '0': CMAKE_PREFIX_PATH=/opt/ros/humble /usr/bin/cmake --build /home/marceloqm/gzros_sim/build/gazebo_dev -- -j8 -l8
[2.765s] DEBUG:colcon.colcon_core.event_handler.log_command:Invoking command in '/home/marceloqm/gzros_sim/build/gazebo_dev': CMAKE_PREFIX_PATH=/opt/ros/humble /usr/bin/cmake --install /home/marceloqm/gzros_sim/build/gazebo_dev
[2.950s] Level 1:colcon.colcon_core.environment:create_environment_scripts_only(gazebo_dev)
[2.951s] DEBUG:colcon.colcon_core.event_handler.log_command:Invoked command in '/home/marceloqm/gzros_sim/build/gazebo_dev' returned '0': CMAKE_PREFIX_PATH=/opt/ros/humble /usr/bin/cmake --install /home/marceloqm/gzros_sim/build/gazebo_dev
[3.223s] Level 1:colcon.colcon_core.environment:checking '/home/marceloqm/gzros_sim/install/gazebo_dev' for CMake module files
[3.223s] Level 1:colcon.colcon_core.environment:checking '/home/marceloqm/gzros_sim/install/gazebo_dev' for CMake config files
[3.224s] Level 1:colcon.colcon_core.shell:create_environment_hook('gazebo_dev', 'cmake_prefix_path')
[3.225s] INFO:colcon.colcon_core.shell:Creating environment hook '/home/marceloqm/gzros_sim/install/gazebo_dev/share/gazebo_dev/hook/cmake_prefix_path.ps1'
[3.281s] INFO:colcon.colcon_core.shell:Creating environment descriptor '/home/marceloqm/gzros_sim/install/gazebo_dev/share/gazebo_dev/hook/cmake_prefix_path.dsv'
[3.302s] INFO:colcon.colcon_core.shell:Creating environment hook '/home/marceloqm/gzros_sim/install/gazebo_dev/share/gazebo_dev/hook/cmake_prefix_path.sh'
[3.304s] Level 1:colcon.colcon_core.environment:checking '/home/marceloqm/gzros_sim/install/gazebo_dev/bin'
[3.304s] Level 1:colcon.colcon_core.environment:checking '/home/marceloqm/gzros_sim/install/gazebo_dev/lib/pkgconfig/gazebo_dev.pc'
[3.305s] Level 1:colcon.colcon_core.environment:checking '/home/marceloqm/gzros_sim/install/gazebo_dev/lib/python3.10/site-packages'
[3.305s] Level 1:colcon.colcon_core.environment:checking '/home/marceloqm/gzros_sim/install/gazebo_dev/bin'
[3.308s] INFO:colcon.colcon_core.shell:Creating package script '/home/marceloqm/gzros_sim/install/gazebo_dev/share/gazebo_dev/package.ps1'
[3.310s] INFO:colcon.colcon_core.shell:Creating package descriptor '/home/marceloqm/gzros_sim/install/gazebo_dev/share/gazebo_dev/package.dsv'
[3.312s] INFO:colcon.colcon_core.shell:Creating package script '/home/marceloqm/gzros_sim/install/gazebo_dev/share/gazebo_dev/package.sh'
[3.313s] INFO:colcon.colcon_core.shell:Creating package script '/home/marceloqm/gzros_sim/install/gazebo_dev/share/gazebo_dev/package.bash'
[3.331s] INFO:colcon.colcon_core.shell:Creating package script '/home/marceloqm/gzros_sim/install/gazebo_dev/share/gazebo_dev/package.zsh'
[3.369s] Level 1:colcon.colcon_core.environment:create_file_with_runtime_dependencies(/home/marceloqm/gzros_sim/install/gazebo_dev/share/colcon-core/packages/gazebo_dev)
[3.394s] Level 1:colcon.colcon_core.environment:create_environment_scripts_only(gazebo_dev)
[3.399s] Level 1:colcon.colcon_core.environment:checking '/home/marceloqm/gzros_sim/install/gazebo_dev' for CMake module files
[3.400s] Level 1:colcon.colcon_core.environment:checking '/home/marceloqm/gzros_sim/install/gazebo_dev' for CMake config files
[3.400s] Level 1:colcon.colcon_core.shell:create_environment_hook('gazebo_dev', 'cmake_prefix_path')
[3.403s] INFO:colcon.colcon_core.shell:Creating environment hook '/home/marceloqm/gzros_sim/install/gazebo_dev/share/gazebo_dev/hook/cmake_prefix_path.ps1'
[3.403s] INFO:colcon.colcon_core.shell:Creating environment descriptor '/home/marceloqm/gzros_sim/install/gazebo_dev/share/gazebo_dev/hook/cmake_prefix_path.dsv'
[3.404s] INFO:colcon.colcon_core.shell:Creating environment hook '/home/marceloqm/gzros_sim/install/gazebo_dev/share/gazebo_dev/hook/cmake_prefix_path.sh'
[3.405s] Level 1:colcon.colcon_core.environment:checking '/home/marceloqm/gzros_sim/install/gazebo_dev/bin'
[3.405s] Level 1:colcon.colcon_core.environment:checking '/home/marceloqm/gzros_sim/install/gazebo_dev/lib/pkgconfig/gazebo_dev.pc'
[3.405s] Level 1:colcon.colcon_core.environment:checking '/home/marceloqm/gzros_sim/install/gazebo_dev/lib/python3.10/site-packages'
[3.405s] Level 1:colcon.colcon_core.environment:checking '/home/marceloqm/gzros_sim/install/gazebo_dev/bin'
[3.406s] INFO:colcon.colcon_core.shell:Creating package script '/home/marceloqm/gzros_sim/install/gazebo_dev/share/gazebo_dev/package.ps1'
[3.407s] INFO:colcon.colcon_core.shell:Creating package descriptor '/home/marceloqm/gzros_sim/install/gazebo_dev/share/gazebo_dev/package.dsv'
[3.407s] INFO:colcon.colcon_core.shell:Creating package script '/home/marceloqm/gzros_sim/install/gazebo_dev/share/gazebo_dev/package.sh'
[3.408s] INFO:colcon.colcon_core.shell:Creating package script '/home/marceloqm/gzros_sim/install/gazebo_dev/share/gazebo_dev/package.bash'
[3.408s] INFO:colcon.colcon_core.shell:Creating package script '/home/marceloqm/gzros_sim/install/gazebo_dev/share/gazebo_dev/package.zsh'
[3.408s] Level 1:colcon.colcon_core.environment:create_file_with_runtime_dependencies(/home/marceloqm/gzros_sim/install/gazebo_dev/share/colcon-core/packages/gazebo_dev)
[3.409s] INFO:colcon.colcon_ros.task.ament_cmake.build:Building ROS package in '/home/marceloqm/gzros_sim/src/gazebo_ros_pkgs/gazebo_msgs' with build type 'ament_cmake'
[3.409s] INFO:colcon.colcon_cmake.task.cmake.build:Building CMake package in '/home/marceloqm/gzros_sim/src/gazebo_ros_pkgs/gazebo_msgs'
[3.410s] INFO:colcon.colcon_core.shell:Skip shell extension 'powershell' for command environment: Not usable outside of PowerShell
[3.410s] DEBUG:colcon.colcon_core.shell:Skip shell extension 'dsv' for command environment
[3.487s] DEBUG:colcon.colcon_core.event_handler.log_command:Invoking command in '/home/marceloqm/gzros_sim/build/gazebo_msgs': CMAKE_PREFIX_PATH=/opt/ros/humble /usr/bin/cmake --build /home/marceloqm/gzros_sim/build/gazebo_msgs -- -j8 -l8
[5.819s] DEBUG:colcon.colcon_core.event_handler.log_command:Invoked command in '/home/marceloqm/gzros_sim/build/gazebo_msgs' returned '0': CMAKE_PREFIX_PATH=/opt/ros/humble /usr/bin/cmake --build /home/marceloqm/gzros_sim/build/gazebo_msgs -- -j8 -l8
[5.826s] DEBUG:colcon.colcon_core.event_handler.log_command:Invoked command in '/home/marceloqm/gzros_sim/build/cv_bridge' returned '0': CMAKE_PREFIX_PATH=/opt/ros/humble /usr/bin/cmake --build /home/marceloqm/gzros_sim/build/cv_bridge -- -j8 -l8
[5.854s] DEBUG:colcon.colcon_core.event_handler.log_command:Invoking command in '/home/marceloqm/gzros_sim/build/cv_bridge': CMAKE_PREFIX_PATH=/opt/ros/humble /usr/bin/cmake --install /home/marceloqm/gzros_sim/build/cv_bridge
[6.087s] Level 1:colcon.colcon_core.environment:create_environment_scripts_only(cv_bridge)
[6.089s] Level 1:colcon.colcon_core.environment:checking '/home/marceloqm/gzros_sim/install/cv_bridge' for CMake module files
[6.090s] DEBUG:colcon.colcon_core.event_handler.log_command:Invoked command in '/home/marceloqm/gzros_sim/build/cv_bridge' returned '0': CMAKE_PREFIX_PATH=/opt/ros/humble /usr/bin/cmake --install /home/marceloqm/gzros_sim/build/cv_bridge
[6.090s] Level 1:colcon.colcon_core.environment:checking '/home/marceloqm/gzros_sim/install/cv_bridge' for CMake config files
[6.091s] Level 1:colcon.colcon_core.shell:create_environment_hook('cv_bridge', 'cmake_prefix_path')
[6.092s] INFO:colcon.colcon_core.shell:Creating environment hook '/home/marceloqm/gzros_sim/install/cv_bridge/share/cv_bridge/hook/cmake_prefix_path.ps1'
[6.095s] INFO:colcon.colcon_core.shell:Creating environment descriptor '/home/marceloqm/gzros_sim/install/cv_bridge/share/cv_bridge/hook/cmake_prefix_path.dsv'
[6.095s] INFO:colcon.colcon_core.shell:Creating environment hook '/home/marceloqm/gzros_sim/install/cv_bridge/share/cv_bridge/hook/cmake_prefix_path.sh'
[6.096s] Level 1:colcon.colcon_core.environment:checking '/home/marceloqm/gzros_sim/install/cv_bridge/lib'
[6.096s] Level 1:colcon.colcon_core.shell:create_environment_hook('cv_bridge', 'ld_library_path_lib')
[6.098s] INFO:colcon.colcon_core.shell:Creating environment hook '/home/marceloqm/gzros_sim/install/cv_bridge/share/cv_bridge/hook/ld_library_path_lib.ps1'
[6.098s] INFO:colcon.colcon_core.shell:Creating environment descriptor '/home/marceloqm/gzros_sim/install/cv_bridge/share/cv_bridge/hook/ld_library_path_lib.dsv'
[6.098s] INFO:colcon.colcon_core.shell:Creating environment hook '/home/marceloqm/gzros_sim/install/cv_bridge/share/cv_bridge/hook/ld_library_path_lib.sh'
[6.099s] Level 1:colcon.colcon_core.environment:checking '/home/marceloqm/gzros_sim/install/cv_bridge/bin'
[6.099s] Level 1:colcon.colcon_core.environment:checking '/home/marceloqm/gzros_sim/install/cv_bridge/lib/pkgconfig/cv_bridge.pc'
[6.099s] Level 1:colcon.colcon_core.environment:checking '/home/marceloqm/gzros_sim/install/cv_bridge/lib/python3.10/site-packages'
[6.099s] Level 1:colcon.colcon_core.environment:checking '/home/marceloqm/gzros_sim/install/cv_bridge/bin'
[6.101s] INFO:colcon.colcon_core.shell:Creating package script '/home/marceloqm/gzros_sim/install/cv_bridge/share/cv_bridge/package.ps1'
[6.101s] INFO:colcon.colcon_core.shell:Creating package descriptor '/home/marceloqm/gzros_sim/install/cv_bridge/share/cv_bridge/package.dsv'
[6.102s] INFO:colcon.colcon_core.shell:Creating package script '/home/marceloqm/gzros_sim/install/cv_bridge/share/cv_bridge/package.sh'
[6.102s] INFO:colcon.colcon_core.shell:Creating package script '/home/marceloqm/gzros_sim/install/cv_bridge/share/cv_bridge/package.bash'
[6.103s] INFO:colcon.colcon_core.shell:Creating package script '/home/marceloqm/gzros_sim/install/cv_bridge/share/cv_bridge/package.zsh'
[6.103s] Level 1:colcon.colcon_core.environment:create_file_with_runtime_dependencies(/home/marceloqm/gzros_sim/install/cv_bridge/share/colcon-core/packages/cv_bridge)
[6.132s] Level 1:colcon.colcon_core.environment:create_environment_scripts_only(cv_bridge)
[6.134s] Level 1:colcon.colcon_core.environment:checking '/home/marceloqm/gzros_sim/install/cv_bridge' for CMake module files
[6.135s] Level 1:colcon.colcon_core.environment:checking '/home/marceloqm/gzros_sim/install/cv_bridge' for CMake config files
[6.135s] Level 1:colcon.colcon_core.shell:create_environment_hook('cv_bridge', 'cmake_prefix_path')
[6.137s] INFO:colcon.colcon_core.shell:Creating environment hook '/home/marceloqm/gzros_sim/install/cv_bridge/share/cv_bridge/hook/cmake_prefix_path.ps1'
[6.137s] INFO:colcon.colcon_core.shell:Creating environment descriptor '/home/marceloqm/gzros_sim/install/cv_bridge/share/cv_bridge/hook/cmake_prefix_path.dsv'
[6.137s] INFO:colcon.colcon_core.shell:Creating environment hook '/home/marceloqm/gzros_sim/install/cv_bridge/share/cv_bridge/hook/cmake_prefix_path.sh'
[6.138s] Level 1:colcon.colcon_core.environment:checking '/home/marceloqm/gzros_sim/install/cv_bridge/lib'
[6.138s] Level 1:colcon.colcon_core.shell:create_environment_hook('cv_bridge', 'ld_library_path_lib')
[6.140s] INFO:colcon.colcon_core.shell:Creating environment hook '/home/marceloqm/gzros_sim/install/cv_bridge/share/cv_bridge/hook/ld_library_path_lib.ps1'
[6.140s] INFO:colcon.colcon_core.shell:Creating environment descriptor '/home/marceloqm/gzros_sim/install/cv_bridge/share/cv_bridge/hook/ld_library_path_lib.dsv'
[6.140s] INFO:colcon.colcon_core.shell:Creating environment hook '/home/marceloqm/gzros_sim/install/cv_bridge/share/cv_bridge/hook/ld_library_path_lib.sh'
[6.141s] Level 1:colcon.colcon_core.environment:checking '/home/marceloqm/gzros_sim/install/cv_bridge/bin'
[6.141s] Level 1:colcon.colcon_core.environment:checking '/home/marceloqm/gzros_sim/install/cv_bridge/lib/pkgconfig/cv_bridge.pc'
[6.141s] Level 1:colcon.colcon_core.environment:checking '/home/marceloqm/gzros_sim/install/cv_bridge/lib/python3.10/site-packages'
[6.141s] Level 1:colcon.colcon_core.environment:checking '/home/marceloqm/gzros_sim/install/cv_bridge/bin'
[6.143s] INFO:colcon.colcon_core.shell:Creating package script '/home/marceloqm/gzros_sim/install/cv_bridge/share/cv_bridge/package.ps1'
[6.143s] INFO:colcon.colcon_core.shell:Creating package descriptor '/home/marceloqm/gzros_sim/install/cv_bridge/share/cv_bridge/package.dsv'
[6.144s] INFO:colcon.colcon_core.shell:Creating package script '/home/marceloqm/gzros_sim/install/cv_bridge/share/cv_bridge/package.sh'
[6.144s] INFO:colcon.colcon_core.shell:Creating package script '/home/marceloqm/gzros_sim/install/cv_bridge/share/cv_bridge/package.bash'
[6.144s] INFO:colcon.colcon_core.shell:Creating package script '/home/marceloqm/gzros_sim/install/cv_bridge/share/cv_bridge/package.zsh'
[6.145s] Level 1:colcon.colcon_core.environment:create_file_with_runtime_dependencies(/home/marceloqm/gzros_sim/install/cv_bridge/share/colcon-core/packages/cv_bridge)
[6.146s] INFO:colcon.colcon_ros.task.ament_cmake.build:Building ROS package in '/home/marceloqm/gzros_sim/src/vision_opencv/image_geometry' with build type 'ament_cmake'
[6.146s] INFO:colcon.colcon_cmake.task.cmake.build:Building CMake package in '/home/marceloqm/gzros_sim/src/vision_opencv/image_geometry'
[6.148s] INFO:colcon.colcon_core.shell:Skip shell extension 'powershell' for command environment: Not usable outside of PowerShell
[6.148s] DEBUG:colcon.colcon_core.shell:Skip shell extension 'dsv' for command environment
[6.197s] DEBUG:colcon.colcon_core.event_handler.log_command:Invoking command in '/home/marceloqm/gzros_sim/build/image_geometry': CMAKE_PREFIX_PATH=/opt/ros/humble /usr/bin/cmake --build /home/marceloqm/gzros_sim/build/image_geometry -- -j8 -l8
[6.672s] DEBUG:colcon.colcon_core.event_handler.log_command:Invoking command in '/home/marceloqm/gzros_sim/build/gazebo_msgs': CMAKE_PREFIX_PATH=/opt/ros/humble /usr/bin/cmake --install /home/marceloqm/gzros_sim/build/gazebo_msgs
[6.781s] DEBUG:colcon.colcon_core.event_handler.log_command:Invoked command in '/home/marceloqm/gzros_sim/build/image_geometry' returned '0': CMAKE_PREFIX_PATH=/opt/ros/humble /usr/bin/cmake --build /home/marceloqm/gzros_sim/build/image_geometry -- -j8 -l8
[6.817s] DEBUG:colcon.colcon_core.event_handler.log_command:Invoking command in '/home/marceloqm/gzros_sim/build/image_geometry': CMAKE_PREFIX_PATH=/opt/ros/humble /usr/bin/cmake --install /home/marceloqm/gzros_sim/build/image_geometry
[6.947s] Level 1:colcon.colcon_core.environment:create_environment_scripts_only(image_geometry)
[6.950s] Level 1:colcon.colcon_core.environment:checking '/home/marceloqm/gzros_sim/install/image_geometry' for CMake module files
[6.951s] DEBUG:colcon.colcon_core.event_handler.log_command:Invoked command in '/home/marceloqm/gzros_sim/build/image_geometry' returned '0': CMAKE_PREFIX_PATH=/opt/ros/humble /usr/bin/cmake --install /home/marceloqm/gzros_sim/build/image_geometry
[6.953s] Level 1:colcon.colcon_core.environment:checking '/home/marceloqm/gzros_sim/install/image_geometry' for CMake config files
[6.955s] Level 1:colcon.colcon_core.shell:create_environment_hook('image_geometry', 'cmake_prefix_path')
[6.957s] INFO:colcon.colcon_core.shell:Creating environment hook '/home/marceloqm/gzros_sim/install/image_geometry/share/image_geometry/hook/cmake_prefix_path.ps1'
[6.958s] INFO:colcon.colcon_core.shell:Creating environment descriptor '/home/marceloqm/gzros_sim/install/image_geometry/share/image_geometry/hook/cmake_prefix_path.dsv'
[6.959s] INFO:colcon.colcon_core.shell:Creating environment hook '/home/marceloqm/gzros_sim/install/image_geometry/share/image_geometry/hook/cmake_prefix_path.sh'
[6.959s] Level 1:colcon.colcon_core.environment:checking '/home/marceloqm/gzros_sim/install/image_geometry/lib'
[6.960s] Level 1:colcon.colcon_core.shell:create_environment_hook('image_geometry', 'ld_library_path_lib')
[6.961s] INFO:colcon.colcon_core.shell:Creating environment hook '/home/marceloqm/gzros_sim/install/image_geometry/share/image_geometry/hook/ld_library_path_lib.ps1'
[6.962s] INFO:colcon.colcon_core.shell:Creating environment descriptor '/home/marceloqm/gzros_sim/install/image_geometry/share/image_geometry/hook/ld_library_path_lib.dsv'
[6.962s] INFO:colcon.colcon_core.shell:Creating environment hook '/home/marceloqm/gzros_sim/install/image_geometry/share/image_geometry/hook/ld_library_path_lib.sh'
[6.963s] Level 1:colcon.colcon_core.environment:checking '/home/marceloqm/gzros_sim/install/image_geometry/bin'
[6.964s] Level 1:colcon.colcon_core.environment:checking '/home/marceloqm/gzros_sim/install/image_geometry/lib/pkgconfig/image_geometry.pc'
[6.964s] Level 1:colcon.colcon_core.environment:checking '/home/marceloqm/gzros_sim/install/image_geometry/lib/python3.10/site-packages'
[6.965s] Level 1:colcon.colcon_core.environment:checking '/home/marceloqm/gzros_sim/install/image_geometry/bin'
[6.967s] INFO:colcon.colcon_core.shell:Creating package script '/home/marceloqm/gzros_sim/install/image_geometry/share/image_geometry/package.ps1'
[6.969s] INFO:colcon.colcon_core.shell:Creating package descriptor '/home/marceloqm/gzros_sim/install/image_geometry/share/image_geometry/package.dsv'
[6.970s] INFO:colcon.colcon_core.shell:Creating package script '/home/marceloqm/gzros_sim/install/image_geometry/share/image_geometry/package.sh'
[6.971s] INFO:colcon.colcon_core.shell:Creating package script '/home/marceloqm/gzros_sim/install/image_geometry/share/image_geometry/package.bash'
[6.972s] INFO:colcon.colcon_core.shell:Creating package script '/home/marceloqm/gzros_sim/install/image_geometry/share/image_geometry/package.zsh'
[6.973s] Level 1:colcon.colcon_core.environment:create_file_with_runtime_dependencies(/home/marceloqm/gzros_sim/install/image_geometry/share/colcon-core/packages/image_geometry)
[7.009s] Level 1:colcon.colcon_core.environment:create_environment_scripts_only(image_geometry)
[7.010s] Level 1:colcon.colcon_core.environment:checking '/home/marceloqm/gzros_sim/install/image_geometry' for CMake module files
[7.011s] Level 1:colcon.colcon_core.environment:checking '/home/marceloqm/gzros_sim/install/image_geometry' for CMake config files
[7.011s] Level 1:colcon.colcon_core.shell:create_environment_hook('image_geometry', 'cmake_prefix_path')
[7.012s] INFO:colcon.colcon_core.shell:Creating environment hook '/home/marceloqm/gzros_sim/install/image_geometry/share/image_geometry/hook/cmake_prefix_path.ps1'
[7.012s] INFO:colcon.colcon_core.shell:Creating environment descriptor '/home/marceloqm/gzros_sim/install/image_geometry/share/image_geometry/hook/cmake_prefix_path.dsv'
[7.013s] INFO:colcon.colcon_core.shell:Creating environment hook '/home/marceloqm/gzros_sim/install/image_geometry/share/image_geometry/hook/cmake_prefix_path.sh'
[7.013s] Level 1:colcon.colcon_core.environment:checking '/home/marceloqm/gzros_sim/install/image_geometry/lib'
[7.013s] Level 1:colcon.colcon_core.shell:create_environment_hook('image_geometry', 'ld_library_path_lib')
[7.014s] INFO:colcon.colcon_core.shell:Creating environment hook '/home/marceloqm/gzros_sim/install/image_geometry/share/image_geometry/hook/ld_library_path_lib.ps1'
[7.015s] INFO:colcon.colcon_core.shell:Creating environment descriptor '/home/marceloqm/gzros_sim/install/image_geometry/share/image_geometry/hook/ld_library_path_lib.dsv'
[7.015s] INFO:colcon.colcon_core.shell:Creating environment hook '/home/marceloqm/gzros_sim/install/image_geometry/share/image_geometry/hook/ld_library_path_lib.sh'
[7.016s] Level 1:colcon.colcon_core.environment:checking '/home/marceloqm/gzros_sim/install/image_geometry/bin'
[7.016s] Level 1:colcon.colcon_core.environment:checking '/home/marceloqm/gzros_sim/install/image_geometry/lib/pkgconfig/image_geometry.pc'
[7.016s] Level 1:colcon.colcon_core.environment:checking '/home/marceloqm/gzros_sim/install/image_geometry/lib/python3.10/site-packages'
[7.016s] Level 1:colcon.colcon_core.environment:checking '/home/marceloqm/gzros_sim/install/image_geometry/bin'
[7.018s] INFO:colcon.colcon_core.shell:Creating package script '/home/marceloqm/gzros_sim/install/image_geometry/share/image_geometry/package.ps1'
[7.019s] INFO:colcon.colcon_core.shell:Creating package descriptor '/home/marceloqm/gzros_sim/install/image_geometry/share/image_geometry/package.dsv'
[7.020s] INFO:colcon.colcon_core.shell:Creating package script '/home/marceloqm/gzros_sim/install/image_geometry/share/image_geometry/package.sh'
[7.021s] INFO:colcon.colcon_core.shell:Creating package script '/home/marceloqm/gzros_sim/install/image_geometry/share/image_geometry/package.bash'
[7.022s] INFO:colcon.colcon_core.shell:Creating package script '/home/marceloqm/gzros_sim/install/image_geometry/share/image_geometry/package.zsh'
[7.023s] Level 1:colcon.colcon_core.environment:create_file_with_runtime_dependencies(/home/marceloqm/gzros_sim/install/image_geometry/share/colcon-core/packages/image_geometry)
[7.023s] INFO:colcon.colcon_ros.task.ament_python.build:Building ROS package in '/home/marceloqm/gzros_sim/src/vision_opencv/opencv_tests' with build type 'ament_python'
[7.023s] Level 1:colcon.colcon_core.shell:create_environment_hook('opencv_tests', 'ament_prefix_path')
[7.025s] INFO:colcon.colcon_core.shell:Creating environment hook '/home/marceloqm/gzros_sim/install/opencv_tests/share/opencv_tests/hook/ament_prefix_path.ps1'
[7.042s] INFO:colcon.colcon_core.shell:Creating environment descriptor '/home/marceloqm/gzros_sim/install/opencv_tests/share/opencv_tests/hook/ament_prefix_path.dsv'
[7.043s] INFO:colcon.colcon_core.shell:Creating environment hook '/home/marceloqm/gzros_sim/install/opencv_tests/share/opencv_tests/hook/ament_prefix_path.sh'
[7.045s] INFO:colcon.colcon_core.shell:Skip shell extension 'powershell' for command environment: Not usable outside of PowerShell
[7.045s] DEBUG:colcon.colcon_core.shell:Skip shell extension 'dsv' for command environment
[7.600s] INFO:colcon.colcon_core.task.python.build:Building Python package in '/home/marceloqm/gzros_sim/src/vision_opencv/opencv_tests'
[7.601s] INFO:colcon.colcon_core.shell:Skip shell extension 'powershell' for command environment: Not usable outside of PowerShell
[7.601s] DEBUG:colcon.colcon_core.shell:Skip shell extension 'dsv' for command environment
[7.605s] Level 1:colcon.colcon_core.environment:create_environment_scripts_only(gazebo_msgs)
[7.607s] Level 1:colcon.colcon_core.environment:checking '/home/marceloqm/gzros_sim/install/gazebo_msgs' for CMake module files
[7.607s] DEBUG:colcon.colcon_core.event_handler.log_command:Invoked command in '/home/marceloqm/gzros_sim/build/gazebo_msgs' returned '0': CMAKE_PREFIX_PATH=/opt/ros/humble /usr/bin/cmake --install /home/marceloqm/gzros_sim/build/gazebo_msgs
[7.608s] Level 1:colcon.colcon_core.environment:checking '/home/marceloqm/gzros_sim/install/gazebo_msgs' for CMake config files
[7.610s] Level 1:colcon.colcon_core.shell:create_environment_hook('gazebo_msgs', 'cmake_prefix_path')
[7.612s] INFO:colcon.colcon_core.shell:Creating environment hook '/home/marceloqm/gzros_sim/install/gazebo_msgs/share/gazebo_msgs/hook/cmake_prefix_path.ps1'
[7.612s] INFO:colcon.colcon_core.shell:Creating environment descriptor '/home/marceloqm/gzros_sim/install/gazebo_msgs/share/gazebo_msgs/hook/cmake_prefix_path.dsv'
[7.613s] INFO:colcon.colcon_core.shell:Creating environment hook '/home/marceloqm/gzros_sim/install/gazebo_msgs/share/gazebo_msgs/hook/cmake_prefix_path.sh'
[7.613s] Level 1:colcon.colcon_core.environment:checking '/home/marceloqm/gzros_sim/install/gazebo_msgs/lib'
[7.613s] Level 1:colcon.colcon_core.shell:create_environment_hook('gazebo_msgs', 'ld_library_path_lib')
[7.614s] INFO:colcon.colcon_core.shell:Creating environment hook '/home/marceloqm/gzros_sim/install/gazebo_msgs/share/gazebo_msgs/hook/ld_library_path_lib.ps1'
[7.614s] INFO:colcon.colcon_core.shell:Creating environment descriptor '/home/marceloqm/gzros_sim/install/gazebo_msgs/share/gazebo_msgs/hook/ld_library_path_lib.dsv'
[7.615s] INFO:colcon.colcon_core.shell:Creating environment hook '/home/marceloqm/gzros_sim/install/gazebo_msgs/share/gazebo_msgs/hook/ld_library_path_lib.sh'
[7.615s] Level 1:colcon.colcon_core.environment:checking '/home/marceloqm/gzros_sim/install/gazebo_msgs/bin'
[7.615s] Level 1:colcon.colcon_core.environment:checking '/home/marceloqm/gzros_sim/install/gazebo_msgs/lib/pkgconfig/gazebo_msgs.pc'
[7.616s] Level 1:colcon.colcon_core.environment:checking '/home/marceloqm/gzros_sim/install/gazebo_msgs/lib/python3.10/site-packages'
[7.616s] Level 1:colcon.colcon_core.environment:checking '/home/marceloqm/gzros_sim/install/gazebo_msgs/bin'
[7.617s] INFO:colcon.colcon_core.shell:Creating package script '/home/marceloqm/gzros_sim/install/gazebo_msgs/share/gazebo_msgs/package.ps1'
[7.617s] INFO:colcon.colcon_core.shell:Creating package descriptor '/home/marceloqm/gzros_sim/install/gazebo_msgs/share/gazebo_msgs/package.dsv'
[7.618s] INFO:colcon.colcon_core.shell:Creating package script '/home/marceloqm/gzros_sim/install/gazebo_msgs/share/gazebo_msgs/package.sh'
[7.618s] INFO:colcon.colcon_core.shell:Creating package script '/home/marceloqm/gzros_sim/install/gazebo_msgs/share/gazebo_msgs/package.bash'
[7.618s] INFO:colcon.colcon_core.shell:Creating package script '/home/marceloqm/gzros_sim/install/gazebo_msgs/share/gazebo_msgs/package.zsh'
[7.619s] Level 1:colcon.colcon_core.environment:create_file_with_runtime_dependencies(/home/marceloqm/gzros_sim/install/gazebo_msgs/share/colcon-core/packages/gazebo_msgs)
[7.935s] DEBUG:colcon.colcon_parallel_executor.executor.parallel:run_until_complete was interrupted
[7.935s] DEBUG:colcon.colcon_parallel_executor.executor.parallel:run_until_complete again
[8.049s] DEBUG:colcon.colcon_parallel_executor.executor.parallel:run_until_complete finished
[8.049s] DEBUG:colcon.colcon_parallel_executor.executor.parallel:closing loop
[8.049s] DEBUG:colcon.colcon_parallel_executor.executor.parallel:loop closed
[8.049s] DEBUG:colcon.colcon_core.event_reactor:joining thread
[8.128s] INFO:colcon.colcon_core.plugin_system:Skipping extension 'colcon_notification.desktop_notification.terminal_notifier': Not used on non-Darwin systems
[8.128s] INFO:colcon.colcon_core.plugin_system:Skipping extension 'colcon_notification.desktop_notification.win32': Not used on non-Windows systems
[8.128s] INFO:colcon.colcon_notification.desktop_notification:Sending desktop notification using 'notify2'
[8.539s] DEBUG:colcon.colcon_core.event_reactor:joined thread
[8.540s] INFO:colcon.colcon_core.shell:Creating prefix script '/home/marceloqm/gzros_sim/install/local_setup.ps1'
[8.577s] INFO:colcon.colcon_core.shell:Creating prefix util module '/home/marceloqm/gzros_sim/install/_local_setup_util_ps1.py'
[8.656s] INFO:colcon.colcon_core.shell:Creating prefix chain script '/home/marceloqm/gzros_sim/install/setup.ps1'
[8.701s] INFO:colcon.colcon_core.shell:Creating prefix script '/home/marceloqm/gzros_sim/install/local_setup.sh'
[8.703s] INFO:colcon.colcon_core.shell:Creating prefix util module '/home/marceloqm/gzros_sim/install/_local_setup_util_sh.py'
[8.703s] INFO:colcon.colcon_core.shell:Creating prefix chain script '/home/marceloqm/gzros_sim/install/setup.sh'
[8.704s] INFO:colcon.colcon_core.shell:Creating prefix script '/home/marceloqm/gzros_sim/install/local_setup.bash'
[8.741s] INFO:colcon.colcon_core.shell:Creating prefix chain script '/home/marceloqm/gzros_sim/install/setup.bash'
[8.744s] INFO:colcon.colcon_core.shell:Creating prefix script '/home/marceloqm/gzros_sim/install/local_setup.zsh'
[8.754s] INFO:colcon.colcon_core.shell:Creating prefix chain script '/home/marceloqm/gzros_sim/install/setup.zsh'
