[0.139s] Invoking command in '/home/marceloqm/gzros_sim/build/cv_bridge': CMAKE_PREFIX_PATH=/opt/ros/humble /usr/bin/cmake --build /home/marceloqm/gzros_sim/build/cv_bridge -- -j8 -l8
[2.017s] [  0%] Built target ament_cmake_python_symlink_cv_bridge
[2.507s] running egg_info
[2.508s] writing cv_bridge.egg-info/PKG-INFO
[2.508s] writing dependency_links to cv_bridge.egg-info/dependency_links.txt
[2.508s] writing top-level names to cv_bridge.egg-info/top_level.txt
[2.551s] [ 12%] Built target gtest_main
[2.566s] reading manifest file 'cv_bridge.egg-info/SOURCES.txt'
[2.592s] [ 25%] Built target gtest
[2.611s] writing manifest file 'cv_bridge.egg-info/SOURCES.txt'
[2.635s] [ 25%] Built target ament_cmake_python_build_cv_bridge_egg
[3.057s] [ 43%] Built target cv_bridge
[3.139s] [ 81%] Built target cv_bridge-utest
[5.026s] [100%] Built target cv_bridge_boost
[5.038s] Invoked command in '/home/marceloqm/gzros_sim/build/cv_bridge' returned '0': CMAKE_PREFIX_PATH=/opt/ros/humble /usr/bin/cmake --build /home/marceloqm/gzros_sim/build/cv_bridge -- -j8 -l8
[5.067s] Invoking command in '/home/marceloqm/gzros_sim/build/cv_bridge': CMAKE_PREFIX_PATH=/opt/ros/humble /usr/bin/cmake --install /home/marceloqm/gzros_sim/build/cv_bridge
[5.116s] -- Install configuration: ""
[5.155s] -- Execute custom install script
[5.189s] -- Up-to-date symlink: /home/marceloqm/gzros_sim/install/cv_bridge/share/cv_bridge/environment/pythonpath.sh
[5.190s] -- Up-to-date symlink: /home/marceloqm/gzros_sim/install/cv_bridge/share/cv_bridge/environment/pythonpath.dsv
[5.192s] -- Up-to-date symlink: /home/marceloqm/gzros_sim/install/cv_bridge/local/lib/python3.10/dist-packages/cv_bridge-3.2.1-py3.10.egg-info/PKG-INFO
[5.192s] -- Up-to-date symlink: /home/marceloqm/gzros_sim/install/cv_bridge/local/lib/python3.10/dist-packages/cv_bridge-3.2.1-py3.10.egg-info/SOURCES.txt
[5.192s] -- Up-to-date symlink: /home/marceloqm/gzros_sim/install/cv_bridge/local/lib/python3.10/dist-packages/cv_bridge-3.2.1-py3.10.egg-info/dependency_links.txt
[5.192s] -- Up-to-date symlink: /home/marceloqm/gzros_sim/install/cv_bridge/local/lib/python3.10/dist-packages/cv_bridge-3.2.1-py3.10.egg-info/top_level.txt
[5.193s] -- Up-to-date symlink: /home/marceloqm/gzros_sim/install/cv_bridge/local/lib/python3.10/dist-packages/cv_bridge/__init__.py
[5.193s] -- Up-to-date symlink: /home/marceloqm/gzros_sim/install/cv_bridge/local/lib/python3.10/dist-packages/cv_bridge/core.py
[5.194s] -- Up-to-date symlink: /home/marceloqm/gzros_sim/install/cv_bridge/include/cv_bridge/cv_bridge/cv_bridge_export.h
[5.200s] -- Up-to-date symlink: /home/marceloqm/gzros_sim/install/cv_bridge/local/lib/python3.10/dist-packages/cv_bridge/boost//cv_bridge_boost.so
[5.200s] -- Up-to-date symlink: /home/marceloqm/gzros_sim/install/cv_bridge/include/cv_bridge/cv_bridge/cv_bridge.h
[5.200s] -- Up-to-date symlink: /home/marceloqm/gzros_sim/install/cv_bridge/include/cv_bridge/cv_bridge/rgb_colors.h
[5.202s] -- Up-to-date symlink: /home/marceloqm/gzros_sim/install/cv_bridge/lib/libcv_bridge.so
[5.202s] -- Up-to-date symlink: /home/marceloqm/gzros_sim/install/cv_bridge/share/ament_index/resource_index/package_run_dependencies/cv_bridge
[5.211s] -- Up-to-date symlink: /home/marceloqm/gzros_sim/install/cv_bridge/share/ament_index/resource_index/parent_prefix_path/cv_bridge
[5.212s] -- Up-to-date symlink: /home/marceloqm/gzros_sim/install/cv_bridge/share/cv_bridge/environment/ament_prefix_path.sh
[5.212s] -- Up-to-date symlink: /home/marceloqm/gzros_sim/install/cv_bridge/share/cv_bridge/environment/ament_prefix_path.dsv
[5.213s] -- Up-to-date symlink: /home/marceloqm/gzros_sim/install/cv_bridge/share/cv_bridge/environment/path.sh
[5.213s] -- Up-to-date symlink: /home/marceloqm/gzros_sim/install/cv_bridge/share/cv_bridge/environment/path.dsv
[5.213s] -- Up-to-date symlink: /home/marceloqm/gzros_sim/install/cv_bridge/share/cv_bridge/local_setup.bash
[5.214s] -- Up-to-date symlink: /home/marceloqm/gzros_sim/install/cv_bridge/share/cv_bridge/local_setup.sh
[5.214s] -- Up-to-date symlink: /home/marceloqm/gzros_sim/install/cv_bridge/share/cv_bridge/local_setup.zsh
[5.214s] -- Up-to-date symlink: /home/marceloqm/gzros_sim/install/cv_bridge/share/cv_bridge/local_setup.dsv
[5.214s] -- Symlinking: /home/marceloqm/gzros_sim/install/cv_bridge/share/cv_bridge/package.dsv
[5.224s] -- Up-to-date symlink: /home/marceloqm/gzros_sim/install/cv_bridge/share/ament_index/resource_index/packages/cv_bridge
[5.225s] -- Up-to-date symlink: /home/marceloqm/gzros_sim/install/cv_bridge/share/cv_bridge/cmake/cv_bridge-extras.cmake
[5.225s] -- Up-to-date symlink: /home/marceloqm/gzros_sim/install/cv_bridge/share/cv_bridge/cmake/ament_cmake_export_dependencies-extras.cmake
[5.225s] -- Up-to-date symlink: /home/marceloqm/gzros_sim/install/cv_bridge/share/cv_bridge/cmake/ament_cmake_export_targets-extras.cmake
[5.226s] -- Up-to-date symlink: /home/marceloqm/gzros_sim/install/cv_bridge/share/cv_bridge/cmake/cv_bridgeConfig.cmake
[5.226s] -- Up-to-date symlink: /home/marceloqm/gzros_sim/install/cv_bridge/share/cv_bridge/cmake/cv_bridgeConfig-version.cmake
[5.226s] -- Up-to-date symlink: /home/marceloqm/gzros_sim/install/cv_bridge/share/cv_bridge/package.xml
[5.312s] Listing '/home/marceloqm/gzros_sim/install/cv_bridge/local/lib/python3.10/dist-packages/cv_bridge'...
[5.312s] Listing '/home/marceloqm/gzros_sim/install/cv_bridge/local/lib/python3.10/dist-packages/cv_bridge/boost'...
[5.333s] -- Up-to-date: /home/marceloqm/gzros_sim/install/cv_bridge/share/cv_bridge/cmake/export_cv_bridgeExport.cmake
[5.333s] -- Up-to-date: /home/marceloqm/gzros_sim/install/cv_bridge/share/cv_bridge/cmake/export_cv_bridgeExport-noconfig.cmake
[5.340s] Invoked command in '/home/marceloqm/gzros_sim/build/cv_bridge' returned '0': CMAKE_PREFIX_PATH=/opt/ros/humble /usr/bin/cmake --install /home/marceloqm/gzros_sim/build/cv_bridge
