[0.032s] Invoking command in '/home/marceloqm/gzros_sim/build/gazebo_plugins': CMAKE_PREFIX_PATH=/home/marceloqm/gzros_sim/install/gazebo_ros:/home/marceloqm/gzros_sim/install/gazebo_msgs:/home/marceloqm/gzros_sim/install/gazebo_dev:/home/marceloqm/gzros_sim/install/cv_bridge:/home/marceloqm/gzros_sim/install/vision_opencv:/home/marceloqm/gzros_sim/install/image_geometry:/home/marceloqm/gzros_sim/install/opencv_tests:/opt/ros/humble LD_LIBRARY_PATH=/home/marceloqm/gzros_sim/install/gazebo_ros/lib:/home/marceloqm/gzros_sim/install/gazebo_msgs/lib:/home/marceloqm/gzros_sim/install/cv_bridge/lib:/home/marceloqm/gzros_sim/install/image_geometry/lib:/opt/ros/humble/opt/rviz_ogre_vendor/lib:/opt/ros/humble/lib/x86_64-linux-gnu:/opt/ros/humble/lib /usr/bin/cmake --build /home/marceloqm/gzros_sim/build/gazebo_plugins -- -j8 -l8
[0.389s] [  2%] Built target multi_camera_plugin
[0.391s] [  4%] Built target gazebo_ros_joint_state_publisher
[0.394s] [  6%] Built target gazebo_ros_template
[0.407s] [  9%] Built target gazebo_ros_force
[0.408s] [ 11%] Built target gazebo_ros_gps_sensor
[0.430s] [ 13%] Built target gazebo_ros_imu_sensor
[0.453s] [ 16%] Built target gazebo_ros_ray_sensor
[0.554s] [ 18%] Built target gazebo_ros_ft_sensor
[0.560s] [ 20%] Built target gazebo_ros_bumper
[0.570s] [ 23%] Built target gazebo_ros_diff_drive
[0.570s] [ 25%] Built target gazebo_ros_hand_of_god
[0.572s] [ 27%] Built target gazebo_ros_harness
[0.575s] [ 30%] Built target gazebo_ros_p3d
[0.575s] [ 32%] Built target gazebo_ros_tricycle_drive
[0.655s] [ 34%] Built target gazebo_ros_planar_move
[0.662s] [ 37%] Built target gazebo_ros_elevator
[0.682s] [ 39%] Built target gazebo_ros_ackermann_drive
[0.697s] [ 41%] Built target gazebo_ros_projector
[0.699s] [ 44%] Built target gazebo_ros_joint_pose_trajectory
[0.700s] [ 46%] Built target gazebo_ros_vacuum_gripper
[0.705s] [ 48%] Built target gazebo_ros_wheel_slip
[0.733s] [ 51%] Built target gazebo_ros_video
[0.770s] [ 53%] Built target gtest_main
[0.806s] [ 55%] Built target gtest
[0.862s] [ 58%] [32mBuilding CXX object test/CMakeFiles/test_gazebo_ros_ackermann_drive.dir/test_gazebo_ros_ackermann_drive.cpp.o[0m
[0.862s] [ 58%] [32mBuilding CXX object test/CMakeFiles/test_gazebo_ros_bumper.dir/test_gazebo_ros_bumper.cpp.o[0m
[0.864s] [ 59%] [32mBuilding CXX object test/CMakeFiles/test_gazebo_ros_ft_sensor.dir/test_gazebo_ros_ft_sensor.cpp.o[0m
[0.865s] [ 61%] [32mBuilding CXX object test/CMakeFiles/test_gazebo_ros_elevator.dir/test_gazebo_ros_elevator.cpp.o[0m
[0.866s] [ 61%] [32mBuilding CXX object test/CMakeFiles/test_gazebo_ros_diff_drive.dir/test_gazebo_ros_diff_drive.cpp.o[0m
[0.868s] [ 62%] [32mBuilding CXX object test/CMakeFiles/test_gazebo_ros_force.dir/test_gazebo_ros_force.cpp.o[0m
[0.868s] [ 63%] [32mBuilding CXX object test/CMakeFiles/test_gazebo_ros_hand_of_god.dir/test_gazebo_ros_hand_of_god.cpp.o[0m
[0.877s] [ 66%] Built target gazebo_ros_camera
[0.910s] [ 67%] [32mBuilding CXX object test/CMakeFiles/test_gazebo_ros_harness.dir/test_gazebo_ros_harness.cpp.o[0m
