[0.022s] Invoking command in '/home/marceloqm/gzros_simulation/build/image_geometry': CMAKE_PREFIX_PATH=${CMAKE_PREFIX_PATH}:/home/marceloqm/gzros_sim/install/opencv_tests:/opt/ros/humble /usr/bin/cmake /home/marceloqm/gzros_simulation/src/vision_opencv/image_geometry -DAMENT_CMAKE_SYMLINK_INSTALL=1 -DCMAKE_INSTALL_PREFIX=/home/marceloqm/gzros_simulation/install/image_geometry
[0.147s] -- The C compiler identification is GNU 11.3.0
[0.237s] -- The CXX compiler identification is GNU 11.3.0
[0.249s] -- Detecting C compiler ABI info
[0.375s] -- Detecting C compiler ABI info - done
[0.389s] -- Check for working C compiler: /usr/bin/cc - skipped
[0.390s] -- Detecting C compile features
[0.390s] -- Detecting C compile features - done
[0.395s] -- Detecting CXX compiler ABI info
[0.515s] -- Detecting CXX compiler ABI info - done
[0.529s] -- Check for working CXX compiler: /usr/bin/c++ - skipped
[0.530s] -- Detecting CXX compile features
[0.531s] -- Detecting CXX compile features - done
[0.565s] -- Found ament_cmake_python: 1.3.4 (/opt/ros/humble/share/ament_cmake_python/cmake)
[0.568s] -- Found ament_cmake_ros: 0.10.0 (/opt/ros/humble/share/ament_cmake_ros/cmake)
[0.889s] -- Found Python3: /usr/bin/python3.10 (found version "3.10.6") found components: Interpreter 
[0.991s] -- Override CMake install command with custom implementation using symlinks instead of copying resources
[1.238s] -- Found OpenCV: /usr (found version "4.5.4") found components: calib3d core highgui imgproc 
[1.257s] -- Found sensor_msgs: 4.2.3 (/opt/ros/humble/share/sensor_msgs/cmake)
[1.339s] -- Found rosidl_generator_c: 3.1.4 (/opt/ros/humble/share/rosidl_generator_c/cmake)
[1.352s] -- Found rosidl_adapter: 3.1.4 (/opt/ros/humble/share/rosidl_adapter/cmake)
[1.372s] -- Found rosidl_generator_cpp: 3.1.4 (/opt/ros/humble/share/rosidl_generator_cpp/cmake)
[1.449s] -- Using all available rosidl_typesupport_c: rosidl_typesupport_fastrtps_c;rosidl_typesupport_introspection_c
[1.502s] -- Using all available rosidl_typesupport_cpp: rosidl_typesupport_fastrtps_cpp;rosidl_typesupport_introspection_cpp
[2.022s] -- Found gtest sources under '/opt/ros/humble/src/gtest_vendor': C++ tests using 'Google Test' will be built
[2.026s] -- Looking for pthread.h
[2.134s] -- Looking for pthread.h - found
[2.135s] -- Performing Test CMAKE_HAVE_LIBC_PTHREAD
[2.271s] -- Performing Test CMAKE_HAVE_LIBC_PTHREAD - Success
[2.273s] -- Found Threads: TRUE  
[2.405s] -- Configuring done
[2.428s] -- Generating done
[2.435s] -- Build files have been written to: /home/marceloqm/gzros_simulation/build/image_geometry
[2.446s] Invoked command in '/home/marceloqm/gzros_simulation/build/image_geometry' returned '0': CMAKE_PREFIX_PATH=${CMAKE_PREFIX_PATH}:/home/marceloqm/gzros_sim/install/opencv_tests:/opt/ros/humble /usr/bin/cmake /home/marceloqm/gzros_simulation/src/vision_opencv/image_geometry -DAMENT_CMAKE_SYMLINK_INSTALL=1 -DCMAKE_INSTALL_PREFIX=/home/marceloqm/gzros_simulation/install/image_geometry
[2.447s] Invoking command in '/home/marceloqm/gzros_simulation/build/image_geometry': CMAKE_PREFIX_PATH=${CMAKE_PREFIX_PATH}:/home/marceloqm/gzros_sim/install/opencv_tests:/opt/ros/humble /usr/bin/cmake --build /home/marceloqm/gzros_simulation/build/image_geometry -- -j8 -l8
[2.576s] [ 11%] [32mBuilding CXX object gtest/CMakeFiles/gtest_main.dir/src/gtest_main.cc.o[0m
[2.588s] [ 22%] [32mBuilding CXX object CMakeFiles/image_geometry.dir/src/pinhole_camera_model.cpp.o[0m
[2.599s] [ 33%] [32mBuilding CXX object CMakeFiles/image_geometry.dir/src/stereo_camera_model.cpp.o[0m
[2.602s] [ 33%] Built target ament_cmake_python_symlink_image_geometry
[2.623s] [ 44%] [32mBuilding CXX object gtest/CMakeFiles/gtest.dir/src/gtest-all.cc.o[0m
[3.607s] running egg_info
[3.608s] creating image_geometry.egg-info
[3.608s] writing image_geometry.egg-info/PKG-INFO
[3.608s] writing dependency_links to image_geometry.egg-info/dependency_links.txt
[3.608s] writing top-level names to image_geometry.egg-info/top_level.txt
[3.609s] writing manifest file 'image_geometry.egg-info/SOURCES.txt'
[3.611s] reading manifest file 'image_geometry.egg-info/SOURCES.txt'
[3.612s] writing manifest file 'image_geometry.egg-info/SOURCES.txt'
[3.705s] [ 44%] Built target ament_cmake_python_build_image_geometry_egg
[4.329s] [ 55%] [32m[1mLinking CXX static library libgtest_main.a[0m
[4.570s] [ 55%] Built target gtest_main
[5.518s] [ 66%] [32m[1mLinking CXX shared library libimage_geometry.so[0m
[5.849s] [ 66%] Built target image_geometry
[9.152s] [ 77%] [32m[1mLinking CXX static library libgtest.a[0m
[9.366s] [ 77%] Built target gtest
[9.418s] [ 88%] [32mBuilding CXX object CMakeFiles/image_geometry-utest.dir/test/utest.cpp.o[0m
[12.302s] [100%] [32m[1mLinking CXX executable image_geometry-utest[0m
[12.679s] [100%] Built target image_geometry-utest
[12.704s] Invoked command in '/home/marceloqm/gzros_simulation/build/image_geometry' returned '0': CMAKE_PREFIX_PATH=${CMAKE_PREFIX_PATH}:/home/marceloqm/gzros_sim/install/opencv_tests:/opt/ros/humble /usr/bin/cmake --build /home/marceloqm/gzros_simulation/build/image_geometry -- -j8 -l8
[12.852s] Invoking command in '/home/marceloqm/gzros_simulation/build/image_geometry': CMAKE_PREFIX_PATH=${CMAKE_PREFIX_PATH}:/home/marceloqm/gzros_sim/install/opencv_tests:/opt/ros/humble /usr/bin/cmake --install /home/marceloqm/gzros_simulation/build/image_geometry
[12.866s] -- Install configuration: ""
[12.866s] -- Execute custom install script
[12.866s] -- Symlinking: /home/marceloqm/gzros_simulation/install/image_geometry/share/image_geometry/environment/pythonpath.sh
[12.877s] -- Symlinking: /home/marceloqm/gzros_simulation/install/image_geometry/share/image_geometry/environment/pythonpath.dsv
[12.899s] -- Symlinking: /home/marceloqm/gzros_simulation/install/image_geometry/local/lib/python3.10/dist-packages/image_geometry-3.2.1-py3.10.egg-info/PKG-INFO
[12.916s] -- Symlinking: /home/marceloqm/gzros_simulation/install/image_geometry/local/lib/python3.10/dist-packages/image_geometry-3.2.1-py3.10.egg-info/SOURCES.txt
[12.950s] -- Symlinking: /home/marceloqm/gzros_simulation/install/image_geometry/local/lib/python3.10/dist-packages/image_geometry-3.2.1-py3.10.egg-info/dependency_links.txt
[12.985s] -- Symlinking: /home/marceloqm/gzros_simulation/install/image_geometry/local/lib/python3.10/dist-packages/image_geometry-3.2.1-py3.10.egg-info/top_level.txt
[13.026s] -- Symlinking: /home/marceloqm/gzros_simulation/install/image_geometry/local/lib/python3.10/dist-packages/image_geometry/__init__.py
[13.038s] -- Symlinking: /home/marceloqm/gzros_simulation/install/image_geometry/local/lib/python3.10/dist-packages/image_geometry/cameramodels.py
[13.062s] -- Symlinking: /home/marceloqm/gzros_simulation/install/image_geometry/include/image_geometry/image_geometry/pinhole_camera_model.h
[13.095s] -- Symlinking: /home/marceloqm/gzros_simulation/install/image_geometry/include/image_geometry/image_geometry/stereo_camera_model.h
[13.110s] -- Symlinking: /home/marceloqm/gzros_simulation/install/image_geometry/include/image_geometry/image_geometry/visibility_control.hpp
[13.124s] -- Symlinking: /home/marceloqm/gzros_simulation/install/image_geometry/share/ament_index/resource_index/package_run_dependencies/image_geometry
[13.136s] -- Symlinking: /home/marceloqm/gzros_simulation/install/image_geometry/share/ament_index/resource_index/parent_prefix_path/image_geometry
[13.149s] -- Symlinking: /home/marceloqm/gzros_simulation/install/image_geometry/share/image_geometry/environment/ament_prefix_path.sh
[13.162s] -- Symlinking: /home/marceloqm/gzros_simulation/install/image_geometry/share/image_geometry/environment/ament_prefix_path.dsv
[13.175s] -- Symlinking: /home/marceloqm/gzros_simulation/install/image_geometry/share/image_geometry/environment/path.sh
[13.188s] -- Symlinking: /home/marceloqm/gzros_simulation/install/image_geometry/share/image_geometry/environment/path.dsv
[13.202s] -- Symlinking: /home/marceloqm/gzros_simulation/install/image_geometry/share/image_geometry/local_setup.bash
[13.248s] -- Symlinking: /home/marceloqm/gzros_simulation/install/image_geometry/share/image_geometry/local_setup.sh
[13.284s] -- Symlinking: /home/marceloqm/gzros_simulation/install/image_geometry/share/image_geometry/local_setup.zsh
[13.312s] -- Symlinking: /home/marceloqm/gzros_simulation/install/image_geometry/share/image_geometry/local_setup.dsv
[13.344s] -- Symlinking: /home/marceloqm/gzros_simulation/install/image_geometry/share/image_geometry/package.dsv
[13.359s] -- Symlinking: /home/marceloqm/gzros_simulation/install/image_geometry/share/ament_index/resource_index/packages/image_geometry
[13.381s] -- Symlinking: /home/marceloqm/gzros_simulation/install/image_geometry/share/image_geometry/cmake/ament_cmake_export_targets-extras.cmake
[13.421s] -- Symlinking: /home/marceloqm/gzros_simulation/install/image_geometry/share/image_geometry/cmake/ament_cmake_export_dependencies-extras.cmake
[13.452s] -- Symlinking: /home/marceloqm/gzros_simulation/install/image_geometry/share/image_geometry/cmake/image_geometryConfig.cmake
[13.468s] -- Symlinking: /home/marceloqm/gzros_simulation/install/image_geometry/share/image_geometry/cmake/image_geometryConfig-version.cmake
[13.490s] -- Symlinking: /home/marceloqm/gzros_simulation/install/image_geometry/share/image_geometry/package.xml
[13.581s] Listing '/home/marceloqm/gzros_simulation/install/image_geometry/local/lib/python3.10/dist-packages/image_geometry'...
[13.581s] Compiling '/home/marceloqm/gzros_simulation/install/image_geometry/local/lib/python3.10/dist-packages/image_geometry/__init__.py'...
[13.581s] Compiling '/home/marceloqm/gzros_simulation/install/image_geometry/local/lib/python3.10/dist-packages/image_geometry/cameramodels.py'...
[13.588s] -- Installing: /home/marceloqm/gzros_simulation/install/image_geometry/lib/libimage_geometry.so
[13.589s] -- Set runtime path of "/home/marceloqm/gzros_simulation/install/image_geometry/lib/libimage_geometry.so" to ""
[13.590s] -- Installing: /home/marceloqm/gzros_simulation/install/image_geometry/share/image_geometry/cmake/export_image_geometryExport.cmake
[13.590s] -- Installing: /home/marceloqm/gzros_simulation/install/image_geometry/share/image_geometry/cmake/export_image_geometryExport-noconfig.cmake
[13.597s] Invoked command in '/home/marceloqm/gzros_simulation/build/image_geometry' returned '0': CMAKE_PREFIX_PATH=${CMAKE_PREFIX_PATH}:/home/marceloqm/gzros_sim/install/opencv_tests:/opt/ros/humble /usr/bin/cmake --install /home/marceloqm/gzros_simulation/build/image_geometry
