[0.372s] Invoking command in '/home/marceloqm/gzros_sim/build/cv_bridge': CMAKE_PREFIX_PATH=${CMAKE_PREFIX_PATH}:/home/marceloqm/gzros_sim/install/opencv_tests:/opt/ros/humble /usr/bin/cmake --build /home/marceloqm/gzros_sim/build/cv_bridge -- -j8 -l8
[1.653s] [  0%] Built target ament_cmake_python_symlink_cv_bridge
[2.231s] running egg_info
[2.232s] writing cv_bridge.egg-info/PKG-INFO
[2.232s] writing dependency_links to cv_bridge.egg-info/dependency_links.txt
[2.233s] writing top-level names to cv_bridge.egg-info/top_level.txt
[2.238s] reading manifest file 'cv_bridge.egg-info/SOURCES.txt'
[2.253s] writing manifest file 'cv_bridge.egg-info/SOURCES.txt'
[2.278s] [  0%] Built target ament_cmake_python_build_cv_bridge_egg
[2.375s] [ 12%] Built target gtest_main
[2.394s] [ 25%] Built target gtest
[3.177s] [ 43%] Built target cv_bridge
[3.377s] [ 81%] Built target cv_bridge-utest
[3.836s] [100%] Built target cv_bridge_boost
[3.849s] Invoked command in '/home/marceloqm/gzros_sim/build/cv_bridge' returned '0': CMAKE_PREFIX_PATH=${CMAKE_PREFIX_PATH}:/home/marceloqm/gzros_sim/install/opencv_tests:/opt/ros/humble /usr/bin/cmake --build /home/marceloqm/gzros_sim/build/cv_bridge -- -j8 -l8
[3.881s] Invoking command in '/home/marceloqm/gzros_sim/build/cv_bridge': CMAKE_PREFIX_PATH=${CMAKE_PREFIX_PATH}:/home/marceloqm/gzros_sim/install/opencv_tests:/opt/ros/humble /usr/bin/cmake --install /home/marceloqm/gzros_sim/build/cv_bridge
[3.907s] -- Install configuration: ""
[3.942s] -- Execute custom install script
[3.959s] -- Up-to-date symlink: /home/marceloqm/gzros_sim/install/cv_bridge/share/cv_bridge/environment/pythonpath.sh
[3.959s] -- Up-to-date symlink: /home/marceloqm/gzros_sim/install/cv_bridge/share/cv_bridge/environment/pythonpath.dsv
[3.960s] -- Up-to-date symlink: /home/marceloqm/gzros_sim/install/cv_bridge/local/lib/python3.10/dist-packages/cv_bridge-3.2.1-py3.10.egg-info/PKG-INFO
[3.961s] -- Up-to-date symlink: /home/marceloqm/gzros_sim/install/cv_bridge/local/lib/python3.10/dist-packages/cv_bridge-3.2.1-py3.10.egg-info/SOURCES.txt
[3.961s] -- Up-to-date symlink: /home/marceloqm/gzros_sim/install/cv_bridge/local/lib/python3.10/dist-packages/cv_bridge-3.2.1-py3.10.egg-info/dependency_links.txt
[3.961s] -- Up-to-date symlink: /home/marceloqm/gzros_sim/install/cv_bridge/local/lib/python3.10/dist-packages/cv_bridge-3.2.1-py3.10.egg-info/top_level.txt
[3.962s] -- Up-to-date symlink: /home/marceloqm/gzros_sim/install/cv_bridge/local/lib/python3.10/dist-packages/cv_bridge/__init__.py
[3.962s] -- Up-to-date symlink: /home/marceloqm/gzros_sim/install/cv_bridge/local/lib/python3.10/dist-packages/cv_bridge/core.py
[3.963s] -- Up-to-date symlink: /home/marceloqm/gzros_sim/install/cv_bridge/include/cv_bridge/cv_bridge/cv_bridge_export.h
[3.964s] -- Up-to-date symlink: /home/marceloqm/gzros_sim/install/cv_bridge/local/lib/python3.10/dist-packages/cv_bridge/boost//cv_bridge_boost.so
[3.964s] -- Up-to-date symlink: /home/marceloqm/gzros_sim/install/cv_bridge/include/cv_bridge/cv_bridge/cv_bridge.h
[3.965s] -- Up-to-date symlink: /home/marceloqm/gzros_sim/install/cv_bridge/include/cv_bridge/cv_bridge/rgb_colors.h
[3.965s] -- Up-to-date symlink: /home/marceloqm/gzros_sim/install/cv_bridge/lib/libcv_bridge.so
[3.966s] -- Up-to-date symlink: /home/marceloqm/gzros_sim/install/cv_bridge/share/ament_index/resource_index/package_run_dependencies/cv_bridge
[3.973s] -- Up-to-date symlink: /home/marceloqm/gzros_sim/install/cv_bridge/share/ament_index/resource_index/parent_prefix_path/cv_bridge
[3.973s] -- Up-to-date symlink: /home/marceloqm/gzros_sim/install/cv_bridge/share/cv_bridge/environment/ament_prefix_path.sh
[3.974s] -- Up-to-date symlink: /home/marceloqm/gzros_sim/install/cv_bridge/share/cv_bridge/environment/ament_prefix_path.dsv
[3.974s] -- Up-to-date symlink: /home/marceloqm/gzros_sim/install/cv_bridge/share/cv_bridge/environment/path.sh
[3.974s] -- Up-to-date symlink: /home/marceloqm/gzros_sim/install/cv_bridge/share/cv_bridge/environment/path.dsv
[3.975s] -- Up-to-date symlink: /home/marceloqm/gzros_sim/install/cv_bridge/share/cv_bridge/local_setup.bash
[3.975s] -- Up-to-date symlink: /home/marceloqm/gzros_sim/install/cv_bridge/share/cv_bridge/local_setup.sh
[3.975s] -- Up-to-date symlink: /home/marceloqm/gzros_sim/install/cv_bridge/share/cv_bridge/local_setup.zsh
[3.975s] -- Up-to-date symlink: /home/marceloqm/gzros_sim/install/cv_bridge/share/cv_bridge/local_setup.dsv
[3.976s] -- Symlinking: /home/marceloqm/gzros_sim/install/cv_bridge/share/cv_bridge/package.dsv
[3.985s] -- Up-to-date symlink: /home/marceloqm/gzros_sim/install/cv_bridge/share/ament_index/resource_index/packages/cv_bridge
[3.985s] -- Up-to-date symlink: /home/marceloqm/gzros_sim/install/cv_bridge/share/cv_bridge/cmake/cv_bridge-extras.cmake
[3.985s] -- Up-to-date symlink: /home/marceloqm/gzros_sim/install/cv_bridge/share/cv_bridge/cmake/ament_cmake_export_dependencies-extras.cmake
[3.985s] -- Up-to-date symlink: /home/marceloqm/gzros_sim/install/cv_bridge/share/cv_bridge/cmake/ament_cmake_export_targets-extras.cmake
[3.986s] -- Up-to-date symlink: /home/marceloqm/gzros_sim/install/cv_bridge/share/cv_bridge/cmake/cv_bridgeConfig.cmake
[3.986s] -- Up-to-date symlink: /home/marceloqm/gzros_sim/install/cv_bridge/share/cv_bridge/cmake/cv_bridgeConfig-version.cmake
[3.986s] -- Up-to-date symlink: /home/marceloqm/gzros_sim/install/cv_bridge/share/cv_bridge/package.xml
[4.023s] Listing '/home/marceloqm/gzros_sim/install/cv_bridge/local/lib/python3.10/dist-packages/cv_bridge'...
[4.023s] Listing '/home/marceloqm/gzros_sim/install/cv_bridge/local/lib/python3.10/dist-packages/cv_bridge/boost'...
[4.033s] -- Up-to-date: /home/marceloqm/gzros_sim/install/cv_bridge/share/cv_bridge/cmake/export_cv_bridgeExport.cmake
[4.034s] -- Up-to-date: /home/marceloqm/gzros_sim/install/cv_bridge/share/cv_bridge/cmake/export_cv_bridgeExport-noconfig.cmake
[4.041s] Invoked command in '/home/marceloqm/gzros_sim/build/cv_bridge' returned '0': CMAKE_PREFIX_PATH=${CMAKE_PREFIX_PATH}:/home/marceloqm/gzros_sim/install/opencv_tests:/opt/ros/humble /usr/bin/cmake --install /home/marceloqm/gzros_sim/build/cv_bridge
