[0.098s] Invoking command in '/home/marceloqm/gzros_sim/build/gazebo_ros': CMAKE_PREFIX_PATH=/home/marceloqm/gzros_sim/install/gazebo_msgs:/home/marceloqm/gzros_sim/install/gazebo_dev:/home/marceloqm/gzros_sim/install/vision_opencv:/home/marceloqm/gzros_sim/install/image_geometry:/home/marceloqm/gzros_sim/install/gazebo_ros:/home/marceloqm/gzros_sim/install/cv_bridge:/home/marceloqm/gzros_sim/install/opencv_tests:/opt/ros/humble LD_LIBRARY_PATH=/home/marceloqm/gzros_sim/install/gazebo_msgs/lib:/home/marceloqm/gzros_sim/install/image_geometry/lib:/home/marceloqm/gzros_sim/install/gazebo_ros/lib:/home/marceloqm/gzros_sim/install/cv_bridge/lib:/opt/ros/humble/opt/rviz_ogre_vendor/lib:/opt/ros/humble/lib/x86_64-linux-gnu:/opt/ros/humble/lib /usr/bin/cmake --build /home/marceloqm/gzros_sim/build/gazebo_ros -- -j8 -l8
[0.561s] [  0%] Built target ament_cmake_python_symlink_scripts
[0.583s] [  3%] Built target gtest
[0.584s] [  6%] Built target gtest_main
[0.850s] running egg_info
[0.850s] writing scripts.egg-info/PKG-INFO
[0.851s] writing dependency_links to scripts.egg-info/dependency_links.txt
[0.851s] writing top-level names to scripts.egg-info/top_level.txt
[0.853s] reading manifest file 'scripts.egg-info/SOURCES.txt'
[0.867s] writing manifest file 'scripts.egg-info/SOURCES.txt'
[0.890s] [  6%] Built target ament_cmake_python_build_scripts_egg
[1.018s] [ 10%] Built target mock_robot_state_publisher
[1.149s] [ 13%] Built target mock_gazebo_ros_factory
[1.236s] [ 20%] Built target gazebo_ros_utils
[1.236s] [ 23%] Built target gazebo_ros_node
[1.405s] [ 33%] Built target args_init
[1.406s] [ 33%] Built target multiple_nodes
[1.406s] [ 33%] Built target create_node_without_init
[1.461s] [ 36%] Built target gazebo_ros_force_system
[1.482s] [ 40%] Built target ros_world_plugin
[1.494s] [ 43%] Built target gazebo_ros_state
[1.531s] [ 46%] Built target test_conversions
[1.542s] [ 50%] Built target sdf_node
[1.836s] [ 53%] Built target gazebo_ros_properties
[1.847s] [ 56%] Built target gazebo_ros_factory
[1.847s] [ 60%] Built target gazebo_ros_init
[1.970s] [ 63%] Built target test_gazebo_ros_factory
[1.970s] [ 66%] Built target test_gazebo_ros_joint_effort
[1.970s] [ 70%] Built target test_gazebo_ros_init
[1.972s] [ 73%] Built target test_gazebo_ros_link_wrench
[1.972s] [ 76%] Built target test_gazebo_ros_properties
[1.980s] [ 80%] Built target test_gazebo_ros_state
[1.984s] [ 83%] Built target test_node
[1.988s] [ 86%] Built target test_reject_duplicate_nodes
[2.042s] [ 90%] Built target test_plugins
[2.044s] [ 93%] Built target test_sim_time
[2.054s] [ 96%] Built target test_qos
[2.070s] [100%] Built target test_utils
[2.083s] Invoked command in '/home/marceloqm/gzros_sim/build/gazebo_ros' returned '0': CMAKE_PREFIX_PATH=/home/marceloqm/gzros_sim/install/gazebo_msgs:/home/marceloqm/gzros_sim/install/gazebo_dev:/home/marceloqm/gzros_sim/install/vision_opencv:/home/marceloqm/gzros_sim/install/image_geometry:/home/marceloqm/gzros_sim/install/gazebo_ros:/home/marceloqm/gzros_sim/install/cv_bridge:/home/marceloqm/gzros_sim/install/opencv_tests:/opt/ros/humble LD_LIBRARY_PATH=/home/marceloqm/gzros_sim/install/gazebo_msgs/lib:/home/marceloqm/gzros_sim/install/image_geometry/lib:/home/marceloqm/gzros_sim/install/gazebo_ros/lib:/home/marceloqm/gzros_sim/install/cv_bridge/lib:/opt/ros/humble/opt/rviz_ogre_vendor/lib:/opt/ros/humble/lib/x86_64-linux-gnu:/opt/ros/humble/lib /usr/bin/cmake --build /home/marceloqm/gzros_sim/build/gazebo_ros -- -j8 -l8
[2.164s] Invoking command in '/home/marceloqm/gzros_sim/build/gazebo_ros': CMAKE_PREFIX_PATH=/home/marceloqm/gzros_sim/install/gazebo_msgs:/home/marceloqm/gzros_sim/install/gazebo_dev:/home/marceloqm/gzros_sim/install/vision_opencv:/home/marceloqm/gzros_sim/install/image_geometry:/home/marceloqm/gzros_sim/install/gazebo_ros:/home/marceloqm/gzros_sim/install/cv_bridge:/home/marceloqm/gzros_sim/install/opencv_tests:/opt/ros/humble LD_LIBRARY_PATH=/home/marceloqm/gzros_sim/install/gazebo_msgs/lib:/home/marceloqm/gzros_sim/install/image_geometry/lib:/home/marceloqm/gzros_sim/install/gazebo_ros/lib:/home/marceloqm/gzros_sim/install/cv_bridge/lib:/opt/ros/humble/opt/rviz_ogre_vendor/lib:/opt/ros/humble/lib/x86_64-linux-gnu:/opt/ros/humble/lib /usr/bin/cmake --install /home/marceloqm/gzros_sim/build/gazebo_ros
[2.190s] -- Install configuration: ""
[2.197s] -- Execute custom install script
[2.198s] -- Up-to-date symlink: /home/marceloqm/gzros_sim/install/gazebo_ros/share/gazebo_ros/environment/pythonpath.sh
[2.198s] -- Up-to-date symlink: /home/marceloqm/gzros_sim/install/gazebo_ros/share/gazebo_ros/environment/pythonpath.dsv
[2.198s] -- Up-to-date symlink: /home/marceloqm/gzros_sim/install/gazebo_ros/local/lib/python3.10/dist-packages/scripts-3.7.0-py3.10.egg-info/PKG-INFO
[2.199s] -- Up-to-date symlink: /home/marceloqm/gzros_sim/install/gazebo_ros/local/lib/python3.10/dist-packages/scripts-3.7.0-py3.10.egg-info/SOURCES.txt
[2.199s] -- Up-to-date symlink: /home/marceloqm/gzros_sim/install/gazebo_ros/local/lib/python3.10/dist-packages/scripts-3.7.0-py3.10.egg-info/dependency_links.txt
[2.199s] -- Up-to-date symlink: /home/marceloqm/gzros_sim/install/gazebo_ros/local/lib/python3.10/dist-packages/scripts-3.7.0-py3.10.egg-info/top_level.txt
[2.200s] -- Up-to-date symlink: /home/marceloqm/gzros_sim/install/gazebo_ros/local/lib/python3.10/dist-packages/scripts/__init__.py
[2.200s] -- Up-to-date symlink: /home/marceloqm/gzros_sim/install/gazebo_ros/local/lib/python3.10/dist-packages/scripts/gazebo_ros_paths.py
[2.201s] -- Up-to-date symlink: /home/marceloqm/gzros_sim/install/gazebo_ros/local/lib/python3.10/dist-packages/scripts/spawn_entity.py
[2.201s] -- Up-to-date symlink: /home/marceloqm/gzros_sim/install/gazebo_ros/share/gazebo_ros/environment/library_path.sh
[2.201s] -- Up-to-date symlink: /home/marceloqm/gzros_sim/install/gazebo_ros/share/gazebo_ros/environment/library_path.dsv
[2.201s] -- Up-to-date symlink: /home/marceloqm/gzros_sim/install/gazebo_ros/share/ament_index/resource_index/package_run_dependencies/gazebo_ros
[2.202s] -- Up-to-date symlink: /home/marceloqm/gzros_sim/install/gazebo_ros/share/ament_index/resource_index/parent_prefix_path/gazebo_ros
[2.202s] -- Up-to-date symlink: /home/marceloqm/gzros_sim/install/gazebo_ros/share/gazebo_ros/environment/ament_prefix_path.sh
[2.202s] -- Up-to-date symlink: /home/marceloqm/gzros_sim/install/gazebo_ros/share/gazebo_ros/environment/ament_prefix_path.dsv
[2.203s] -- Up-to-date symlink: /home/marceloqm/gzros_sim/install/gazebo_ros/share/gazebo_ros/environment/path.sh
[2.203s] -- Up-to-date symlink: /home/marceloqm/gzros_sim/install/gazebo_ros/share/gazebo_ros/environment/path.dsv
[2.203s] -- Up-to-date symlink: /home/marceloqm/gzros_sim/install/gazebo_ros/share/gazebo_ros/local_setup.bash
[2.204s] -- Up-to-date symlink: /home/marceloqm/gzros_sim/install/gazebo_ros/share/gazebo_ros/local_setup.sh
[2.204s] -- Up-to-date symlink: /home/marceloqm/gzros_sim/install/gazebo_ros/share/gazebo_ros/local_setup.zsh
[2.204s] -- Up-to-date symlink: /home/marceloqm/gzros_sim/install/gazebo_ros/share/gazebo_ros/local_setup.dsv
[2.204s] -- Symlinking: /home/marceloqm/gzros_sim/install/gazebo_ros/share/gazebo_ros/package.dsv
[2.213s] -- Up-to-date symlink: /home/marceloqm/gzros_sim/install/gazebo_ros/share/ament_index/resource_index/packages/gazebo_ros
[2.213s] -- Up-to-date symlink: /home/marceloqm/gzros_sim/install/gazebo_ros/share/gazebo_ros/cmake/ament_cmake_export_libraries-extras.cmake
[2.214s] -- Up-to-date symlink: /home/marceloqm/gzros_sim/install/gazebo_ros/share/gazebo_ros/cmake/ament_cmake_export_include_directories-extras.cmake
[2.214s] -- Up-to-date symlink: /home/marceloqm/gzros_sim/install/gazebo_ros/share/gazebo_ros/cmake/ament_cmake_export_dependencies-extras.cmake
[2.214s] -- Up-to-date symlink: /home/marceloqm/gzros_sim/install/gazebo_ros/share/gazebo_ros/cmake/gazebo_rosConfig.cmake
[2.215s] -- Up-to-date symlink: /home/marceloqm/gzros_sim/install/gazebo_ros/share/gazebo_ros/cmake/gazebo_rosConfig-version.cmake
[2.215s] -- Up-to-date symlink: /home/marceloqm/gzros_sim/install/gazebo_ros/share/gazebo_ros/package.xml
[2.216s] -- Up-to-date symlink: /home/marceloqm/gzros_sim/install/gazebo_ros/include/gazebo_ros/conversions/builtin_interfaces.hpp
[2.216s] -- Up-to-date symlink: /home/marceloqm/gzros_sim/install/gazebo_ros/include/gazebo_ros/conversions/gazebo_msgs.hpp
[2.216s] -- Up-to-date symlink: /home/marceloqm/gzros_sim/install/gazebo_ros/include/gazebo_ros/conversions/generic.hpp
[2.217s] -- Up-to-date symlink: /home/marceloqm/gzros_sim/install/gazebo_ros/include/gazebo_ros/conversions/geometry_msgs.hpp
[2.217s] -- Up-to-date symlink: /home/marceloqm/gzros_sim/install/gazebo_ros/include/gazebo_ros/conversions/sensor_msgs.hpp
[2.217s] -- Up-to-date symlink: /home/marceloqm/gzros_sim/install/gazebo_ros/include/gazebo_ros/executor.hpp
[2.217s] -- Up-to-date symlink: /home/marceloqm/gzros_sim/install/gazebo_ros/include/gazebo_ros/gazebo_ros_factory.hpp
[2.217s] -- Up-to-date symlink: /home/marceloqm/gzros_sim/install/gazebo_ros/include/gazebo_ros/gazebo_ros_force_system.hpp
[2.218s] -- Up-to-date symlink: /home/marceloqm/gzros_sim/install/gazebo_ros/include/gazebo_ros/gazebo_ros_init.hpp
[2.218s] -- Up-to-date symlink: /home/marceloqm/gzros_sim/install/gazebo_ros/include/gazebo_ros/gazebo_ros_properties.hpp
[2.218s] -- Up-to-date symlink: /home/marceloqm/gzros_sim/install/gazebo_ros/include/gazebo_ros/gazebo_ros_state.hpp
[2.218s] -- Up-to-date symlink: /home/marceloqm/gzros_sim/install/gazebo_ros/include/gazebo_ros/node.hpp
[2.219s] -- Up-to-date symlink: /home/marceloqm/gzros_sim/install/gazebo_ros/include/gazebo_ros/node_visibility_control.h
[2.219s] -- Up-to-date symlink: /home/marceloqm/gzros_sim/install/gazebo_ros/include/gazebo_ros/qos.hpp
[2.219s] -- Up-to-date symlink: /home/marceloqm/gzros_sim/install/gazebo_ros/include/gazebo_ros/testing_utils.hpp
[2.219s] -- Up-to-date symlink: /home/marceloqm/gzros_sim/install/gazebo_ros/include/gazebo_ros/utils.hpp
[2.220s] -- Up-to-date symlink: /home/marceloqm/gzros_sim/install/gazebo_ros/include/gazebo_ros/utils_visibility_control.h
[2.220s] -- Up-to-date symlink: /home/marceloqm/gzros_sim/install/gazebo_ros/lib/gazebo_ros//gazebo_ros_paths.py
[2.229s] -- Up-to-date symlink: /home/marceloqm/gzros_sim/install/gazebo_ros/lib/libgazebo_ros_factory.so
[2.230s] -- Up-to-date symlink: /home/marceloqm/gzros_sim/install/gazebo_ros/lib/libgazebo_ros_force_system.so
[2.230s] -- Up-to-date symlink: /home/marceloqm/gzros_sim/install/gazebo_ros/lib/libgazebo_ros_init.so
[2.230s] -- Up-to-date symlink: /home/marceloqm/gzros_sim/install/gazebo_ros/lib/libgazebo_ros_node.so
[2.231s] -- Up-to-date symlink: /home/marceloqm/gzros_sim/install/gazebo_ros/lib/libgazebo_ros_properties.so
[2.231s] -- Up-to-date symlink: /home/marceloqm/gzros_sim/install/gazebo_ros/lib/libgazebo_ros_state.so
[2.231s] -- Up-to-date symlink: /home/marceloqm/gzros_sim/install/gazebo_ros/lib/libgazebo_ros_utils.so
[2.231s] -- Up-to-date symlink: /home/marceloqm/gzros_sim/install/gazebo_ros/lib/gazebo_ros//spawn_entity.py
[2.236s] -- Up-to-date symlink: /home/marceloqm/gzros_sim/install/gazebo_ros/share/gazebo_ros//launch/gazebo.launch.py
[2.236s] -- Up-to-date symlink: /home/marceloqm/gzros_sim/install/gazebo_ros/share/gazebo_ros//launch/gzclient.launch.py
[2.237s] -- Up-to-date symlink: /home/marceloqm/gzros_sim/install/gazebo_ros/share/gazebo_ros//launch/gzserver.launch.py
[2.237s] -- Up-to-date symlink: /home/marceloqm/gzros_sim/install/gazebo_ros/share/gazebo_ros//launch/spawn_entity_demo.launch.py
[2.238s] -- Up-to-date symlink: /home/marceloqm/gzros_sim/install/gazebo_ros/share/gazebo_ros//worlds/empty.world
[2.238s] -- Up-to-date symlink: /home/marceloqm/gzros_sim/install/gazebo_ros/share/gazebo_ros//worlds/gazebo_ros_force_system_demo.world
[2.238s] -- Up-to-date symlink: /home/marceloqm/gzros_sim/install/gazebo_ros/share/gazebo_ros//worlds/gazebo_ros_properties_demo.world
[2.238s] -- Up-to-date symlink: /home/marceloqm/gzros_sim/install/gazebo_ros/share/gazebo_ros//worlds/gazebo_ros_state_demo.world
[2.287s] Listing '/home/marceloqm/gzros_sim/install/gazebo_ros/local/lib/python3.10/dist-packages/scripts'...
[2.296s] Invoked command in '/home/marceloqm/gzros_sim/build/gazebo_ros' returned '0': CMAKE_PREFIX_PATH=/home/marceloqm/gzros_sim/install/gazebo_msgs:/home/marceloqm/gzros_sim/install/gazebo_dev:/home/marceloqm/gzros_sim/install/vision_opencv:/home/marceloqm/gzros_sim/install/image_geometry:/home/marceloqm/gzros_sim/install/gazebo_ros:/home/marceloqm/gzros_sim/install/cv_bridge:/home/marceloqm/gzros_sim/install/opencv_tests:/opt/ros/humble LD_LIBRARY_PATH=/home/marceloqm/gzros_sim/install/gazebo_msgs/lib:/home/marceloqm/gzros_sim/install/image_geometry/lib:/home/marceloqm/gzros_sim/install/gazebo_ros/lib:/home/marceloqm/gzros_sim/install/cv_bridge/lib:/opt/ros/humble/opt/rviz_ogre_vendor/lib:/opt/ros/humble/lib/x86_64-linux-gnu:/opt/ros/humble/lib /usr/bin/cmake --install /home/marceloqm/gzros_sim/build/gazebo_ros
