[0.179s] Invoking command in '/home/marceloqm/gzros_sim/build/cv_bridge': CMAKE_PREFIX_PATH=/opt/ros/humble /usr/bin/cmake --build /home/marceloqm/gzros_sim/build/cv_bridge -- -j8 -l8
[1.597s] [  0%] Built target ament_cmake_python_symlink_cv_bridge
[2.150s] running egg_info
[2.151s] writing cv_bridge.egg-info/PKG-INFO
[2.152s] writing dependency_links to cv_bridge.egg-info/dependency_links.txt
[2.152s] writing top-level names to cv_bridge.egg-info/top_level.txt
[2.158s] reading manifest file 'cv_bridge.egg-info/SOURCES.txt'
[2.178s] writing manifest file 'cv_bridge.egg-info/SOURCES.txt'
[2.211s] [  0%] Built target ament_cmake_python_build_cv_bridge_egg
[2.387s] [ 12%] Built target gtest_main
[2.393s] [ 25%] Built target gtest
[2.841s] [ 43%] Built target cv_bridge
[3.057s] [ 81%] Built target cv_bridge-utest
[4.409s] [100%] Built target cv_bridge_boost
[4.422s] Invoked command in '/home/marceloqm/gzros_sim/build/cv_bridge' returned '0': CMAKE_PREFIX_PATH=/opt/ros/humble /usr/bin/cmake --build /home/marceloqm/gzros_sim/build/cv_bridge -- -j8 -l8
[4.450s] Invoking command in '/home/marceloqm/gzros_sim/build/cv_bridge': CMAKE_PREFIX_PATH=/opt/ros/humble /usr/bin/cmake --install /home/marceloqm/gzros_sim/build/cv_bridge
[4.483s] -- Install configuration: ""
[4.514s] -- Execute custom install script
[4.533s] -- Up-to-date symlink: /home/marceloqm/gzros_sim/install/cv_bridge/share/cv_bridge/environment/pythonpath.sh
[4.533s] -- Up-to-date symlink: /home/marceloqm/gzros_sim/install/cv_bridge/share/cv_bridge/environment/pythonpath.dsv
[4.534s] -- Up-to-date symlink: /home/marceloqm/gzros_sim/install/cv_bridge/local/lib/python3.10/dist-packages/cv_bridge-3.2.1-py3.10.egg-info/PKG-INFO
[4.534s] -- Up-to-date symlink: /home/marceloqm/gzros_sim/install/cv_bridge/local/lib/python3.10/dist-packages/cv_bridge-3.2.1-py3.10.egg-info/SOURCES.txt
[4.534s] -- Up-to-date symlink: /home/marceloqm/gzros_sim/install/cv_bridge/local/lib/python3.10/dist-packages/cv_bridge-3.2.1-py3.10.egg-info/dependency_links.txt
[4.534s] -- Up-to-date symlink: /home/marceloqm/gzros_sim/install/cv_bridge/local/lib/python3.10/dist-packages/cv_bridge-3.2.1-py3.10.egg-info/top_level.txt
[4.535s] -- Up-to-date symlink: /home/marceloqm/gzros_sim/install/cv_bridge/local/lib/python3.10/dist-packages/cv_bridge/__init__.py
[4.535s] -- Up-to-date symlink: /home/marceloqm/gzros_sim/install/cv_bridge/local/lib/python3.10/dist-packages/cv_bridge/core.py
[4.536s] -- Up-to-date symlink: /home/marceloqm/gzros_sim/install/cv_bridge/include/cv_bridge/cv_bridge/cv_bridge_export.h
[4.541s] -- Up-to-date symlink: /home/marceloqm/gzros_sim/install/cv_bridge/local/lib/python3.10/dist-packages/cv_bridge/boost//cv_bridge_boost.so
[4.541s] -- Up-to-date symlink: /home/marceloqm/gzros_sim/install/cv_bridge/include/cv_bridge/cv_bridge/cv_bridge.h
[4.541s] -- Up-to-date symlink: /home/marceloqm/gzros_sim/install/cv_bridge/include/cv_bridge/cv_bridge/rgb_colors.h
[4.543s] -- Up-to-date symlink: /home/marceloqm/gzros_sim/install/cv_bridge/lib/libcv_bridge.so
[4.544s] -- Up-to-date symlink: /home/marceloqm/gzros_sim/install/cv_bridge/share/ament_index/resource_index/package_run_dependencies/cv_bridge
[4.553s] -- Up-to-date symlink: /home/marceloqm/gzros_sim/install/cv_bridge/share/ament_index/resource_index/parent_prefix_path/cv_bridge
[4.553s] -- Up-to-date symlink: /home/marceloqm/gzros_sim/install/cv_bridge/share/cv_bridge/environment/ament_prefix_path.sh
[4.554s] -- Up-to-date symlink: /home/marceloqm/gzros_sim/install/cv_bridge/share/cv_bridge/environment/ament_prefix_path.dsv
[4.554s] -- Up-to-date symlink: /home/marceloqm/gzros_sim/install/cv_bridge/share/cv_bridge/environment/path.sh
[4.555s] -- Up-to-date symlink: /home/marceloqm/gzros_sim/install/cv_bridge/share/cv_bridge/environment/path.dsv
[4.555s] -- Up-to-date symlink: /home/marceloqm/gzros_sim/install/cv_bridge/share/cv_bridge/local_setup.bash
[4.555s] -- Up-to-date symlink: /home/marceloqm/gzros_sim/install/cv_bridge/share/cv_bridge/local_setup.sh
[4.556s] -- Up-to-date symlink: /home/marceloqm/gzros_sim/install/cv_bridge/share/cv_bridge/local_setup.zsh
[4.556s] -- Up-to-date symlink: /home/marceloqm/gzros_sim/install/cv_bridge/share/cv_bridge/local_setup.dsv
[4.556s] -- Symlinking: /home/marceloqm/gzros_sim/install/cv_bridge/share/cv_bridge/package.dsv
[4.565s] -- Up-to-date symlink: /home/marceloqm/gzros_sim/install/cv_bridge/share/ament_index/resource_index/packages/cv_bridge
[4.566s] -- Up-to-date symlink: /home/marceloqm/gzros_sim/install/cv_bridge/share/cv_bridge/cmake/cv_bridge-extras.cmake
[4.566s] -- Up-to-date symlink: /home/marceloqm/gzros_sim/install/cv_bridge/share/cv_bridge/cmake/ament_cmake_export_dependencies-extras.cmake
[4.566s] -- Up-to-date symlink: /home/marceloqm/gzros_sim/install/cv_bridge/share/cv_bridge/cmake/ament_cmake_export_targets-extras.cmake
[4.567s] -- Up-to-date symlink: /home/marceloqm/gzros_sim/install/cv_bridge/share/cv_bridge/cmake/cv_bridgeConfig.cmake
[4.567s] -- Up-to-date symlink: /home/marceloqm/gzros_sim/install/cv_bridge/share/cv_bridge/cmake/cv_bridgeConfig-version.cmake
[4.567s] -- Up-to-date symlink: /home/marceloqm/gzros_sim/install/cv_bridge/share/cv_bridge/package.xml
[4.653s] Listing '/home/marceloqm/gzros_sim/install/cv_bridge/local/lib/python3.10/dist-packages/cv_bridge'...
[4.653s] Listing '/home/marceloqm/gzros_sim/install/cv_bridge/local/lib/python3.10/dist-packages/cv_bridge/boost'...
[4.682s] -- Up-to-date: /home/marceloqm/gzros_sim/install/cv_bridge/share/cv_bridge/cmake/export_cv_bridgeExport.cmake
[4.682s] -- Up-to-date: /home/marceloqm/gzros_sim/install/cv_bridge/share/cv_bridge/cmake/export_cv_bridgeExport-noconfig.cmake
[4.686s] Invoked command in '/home/marceloqm/gzros_sim/build/cv_bridge' returned '0': CMAKE_PREFIX_PATH=/opt/ros/humble /usr/bin/cmake --install /home/marceloqm/gzros_sim/build/cv_bridge
