[0.105s] Invoking command in '/home/marceloqm/gzros_simulation/build/vision_opencv': AMENT_PREFIX_PATH=/home/marceloqm/gzros_simulation/install/image_geometry:/home/marceloqm/gzros_simulation/install/cv_bridge:${AMENT_PREFIX_PATH} CMAKE_PREFIX_PATH=/home/marceloqm/gzros_simulation/install/image_geometry:/home/marceloqm/gzros_simulation/install/cv_bridge:/home/marceloqm/gzros_sim/install/vision_opencv:/home/marceloqm/gzros_sim/install/image_geometry:/home/marceloqm/gzros_sim/install/gazebo_ros:/home/marceloqm/gzros_sim/install/gazebo_msgs:/home/marceloqm/gzros_sim/install/gazebo_dev:/home/marceloqm/gzros_sim/install/cv_bridge:/home/marceloqm/gzros_sim/install/opencv_tests:/opt/ros/humble LD_LIBRARY_PATH=/home/marceloqm/gzros_simulation/install/image_geometry/lib:/home/marceloqm/gzros_simulation/install/cv_bridge/lib:${LD_LIBRARY_PATH} PYTHONPATH=/home/marceloqm/gzros_simulation/install/image_geometry/local/lib/python3.10/dist-packages:/home/marceloqm/gzros_simulation/install/cv_bridge/local/lib/python3.10/dist-packages:${PYTHONPATH} /usr/bin/cmake /home/marceloqm/gzros_simulation/src/vision_opencv/vision_opencv -DAMENT_CMAKE_SYMLINK_INSTALL=1 -DCMAKE_INSTALL_PREFIX=/home/marceloqm/gzros_simulation/install/vision_opencv
[0.396s] -- The C compiler identification is GNU 11.3.0
[0.558s] -- The CXX compiler identification is GNU 11.3.0
[0.576s] -- Detecting C compiler ABI info
[0.910s] -- Detecting C compiler ABI info - done
[0.931s] -- Check for working C compiler: /usr/bin/cc - skipped
[0.931s] -- Detecting C compile features
[0.932s] -- Detecting C compile features - done
[0.945s] -- Detecting CXX compiler ABI info
[1.332s] -- Detecting CXX compiler ABI info - done
[1.367s] -- Check for working CXX compiler: /usr/bin/c++ - skipped
[1.367s] -- Detecting CXX compile features
[1.368s] -- Detecting CXX compile features - done
[1.373s] -- Found ament_cmake: 1.3.4 (/opt/ros/humble/share/ament_cmake/cmake)
[1.842s] -- Found Python3: /usr/bin/python3.10 (found version "3.10.6") found components: Interpreter 
[1.985s] -- Override CMake install command with custom implementation using symlinks instead of copying resources
[2.290s] -- Configuring done
[2.306s] -- Generating done
[2.308s] -- Build files have been written to: /home/marceloqm/gzros_simulation/build/vision_opencv
[2.314s] Invoked command in '/home/marceloqm/gzros_simulation/build/vision_opencv' returned '0': AMENT_PREFIX_PATH=/home/marceloqm/gzros_simulation/install/image_geometry:/home/marceloqm/gzros_simulation/install/cv_bridge:${AMENT_PREFIX_PATH} CMAKE_PREFIX_PATH=/home/marceloqm/gzros_simulation/install/image_geometry:/home/marceloqm/gzros_simulation/install/cv_bridge:/home/marceloqm/gzros_sim/install/vision_opencv:/home/marceloqm/gzros_sim/install/image_geometry:/home/marceloqm/gzros_sim/install/gazebo_ros:/home/marceloqm/gzros_sim/install/gazebo_msgs:/home/marceloqm/gzros_sim/install/gazebo_dev:/home/marceloqm/gzros_sim/install/cv_bridge:/home/marceloqm/gzros_sim/install/opencv_tests:/opt/ros/humble LD_LIBRARY_PATH=/home/marceloqm/gzros_simulation/install/image_geometry/lib:/home/marceloqm/gzros_simulation/install/cv_bridge/lib:${LD_LIBRARY_PATH} PYTHONPATH=/home/marceloqm/gzros_simulation/install/image_geometry/local/lib/python3.10/dist-packages:/home/marceloqm/gzros_simulation/install/cv_bridge/local/lib/python3.10/dist-packages:${PYTHONPATH} /usr/bin/cmake /home/marceloqm/gzros_simulation/src/vision_opencv/vision_opencv -DAMENT_CMAKE_SYMLINK_INSTALL=1 -DCMAKE_INSTALL_PREFIX=/home/marceloqm/gzros_simulation/install/vision_opencv
[2.326s] Invoking command in '/home/marceloqm/gzros_simulation/build/vision_opencv': AMENT_PREFIX_PATH=/home/marceloqm/gzros_simulation/install/image_geometry:/home/marceloqm/gzros_simulation/install/cv_bridge:${AMENT_PREFIX_PATH} CMAKE_PREFIX_PATH=/home/marceloqm/gzros_simulation/install/image_geometry:/home/marceloqm/gzros_simulation/install/cv_bridge:/home/marceloqm/gzros_sim/install/vision_opencv:/home/marceloqm/gzros_sim/install/image_geometry:/home/marceloqm/gzros_sim/install/gazebo_ros:/home/marceloqm/gzros_sim/install/gazebo_msgs:/home/marceloqm/gzros_sim/install/gazebo_dev:/home/marceloqm/gzros_sim/install/cv_bridge:/home/marceloqm/gzros_sim/install/opencv_tests:/opt/ros/humble LD_LIBRARY_PATH=/home/marceloqm/gzros_simulation/install/image_geometry/lib:/home/marceloqm/gzros_simulation/install/cv_bridge/lib:${LD_LIBRARY_PATH} PYTHONPATH=/home/marceloqm/gzros_simulation/install/image_geometry/local/lib/python3.10/dist-packages:/home/marceloqm/gzros_simulation/install/cv_bridge/local/lib/python3.10/dist-packages:${PYTHONPATH} /usr/bin/cmake --build /home/marceloqm/gzros_simulation/build/vision_opencv -- -j8 -l8
[2.434s] Invoked command in '/home/marceloqm/gzros_simulation/build/vision_opencv' returned '0': AMENT_PREFIX_PATH=/home/marceloqm/gzros_simulation/install/image_geometry:/home/marceloqm/gzros_simulation/install/cv_bridge:${AMENT_PREFIX_PATH} CMAKE_PREFIX_PATH=/home/marceloqm/gzros_simulation/install/image_geometry:/home/marceloqm/gzros_simulation/install/cv_bridge:/home/marceloqm/gzros_sim/install/vision_opencv:/home/marceloqm/gzros_sim/install/image_geometry:/home/marceloqm/gzros_sim/install/gazebo_ros:/home/marceloqm/gzros_sim/install/gazebo_msgs:/home/marceloqm/gzros_sim/install/gazebo_dev:/home/marceloqm/gzros_sim/install/cv_bridge:/home/marceloqm/gzros_sim/install/opencv_tests:/opt/ros/humble LD_LIBRARY_PATH=/home/marceloqm/gzros_simulation/install/image_geometry/lib:/home/marceloqm/gzros_simulation/install/cv_bridge/lib:${LD_LIBRARY_PATH} PYTHONPATH=/home/marceloqm/gzros_simulation/install/image_geometry/local/lib/python3.10/dist-packages:/home/marceloqm/gzros_simulation/install/cv_bridge/local/lib/python3.10/dist-packages:${PYTHONPATH} /usr/bin/cmake --build /home/marceloqm/gzros_simulation/build/vision_opencv -- -j8 -l8
[2.659s] Invoking command in '/home/marceloqm/gzros_simulation/build/vision_opencv': AMENT_PREFIX_PATH=/home/marceloqm/gzros_simulation/install/image_geometry:/home/marceloqm/gzros_simulation/install/cv_bridge:${AMENT_PREFIX_PATH} CMAKE_PREFIX_PATH=/home/marceloqm/gzros_simulation/install/image_geometry:/home/marceloqm/gzros_simulation/install/cv_bridge:/home/marceloqm/gzros_sim/install/vision_opencv:/home/marceloqm/gzros_sim/install/image_geometry:/home/marceloqm/gzros_sim/install/gazebo_ros:/home/marceloqm/gzros_sim/install/gazebo_msgs:/home/marceloqm/gzros_sim/install/gazebo_dev:/home/marceloqm/gzros_sim/install/cv_bridge:/home/marceloqm/gzros_sim/install/opencv_tests:/opt/ros/humble LD_LIBRARY_PATH=/home/marceloqm/gzros_simulation/install/image_geometry/lib:/home/marceloqm/gzros_simulation/install/cv_bridge/lib:${LD_LIBRARY_PATH} PYTHONPATH=/home/marceloqm/gzros_simulation/install/image_geometry/local/lib/python3.10/dist-packages:/home/marceloqm/gzros_simulation/install/cv_bridge/local/lib/python3.10/dist-packages:${PYTHONPATH} /usr/bin/cmake --install /home/marceloqm/gzros_simulation/build/vision_opencv
[2.675s] -- Install configuration: ""
[2.675s] -- Execute custom install script
[2.676s] -- Symlinking: /home/marceloqm/gzros_simulation/install/vision_opencv/share/ament_index/resource_index/package_run_dependencies/vision_opencv
[2.692s] -- Symlinking: /home/marceloqm/gzros_simulation/install/vision_opencv/share/ament_index/resource_index/parent_prefix_path/vision_opencv
[2.711s] -- Symlinking: /home/marceloqm/gzros_simulation/install/vision_opencv/share/vision_opencv/environment/ament_prefix_path.sh
[2.748s] -- Symlinking: /home/marceloqm/gzros_simulation/install/vision_opencv/share/vision_opencv/environment/ament_prefix_path.dsv
[2.768s] -- Symlinking: /home/marceloqm/gzros_simulation/install/vision_opencv/share/vision_opencv/environment/path.sh
[2.795s] -- Symlinking: /home/marceloqm/gzros_simulation/install/vision_opencv/share/vision_opencv/environment/path.dsv
[2.830s] -- Symlinking: /home/marceloqm/gzros_simulation/install/vision_opencv/share/vision_opencv/local_setup.bash
[2.852s] -- Symlinking: /home/marceloqm/gzros_simulation/install/vision_opencv/share/vision_opencv/local_setup.sh
[2.897s] -- Symlinking: /home/marceloqm/gzros_simulation/install/vision_opencv/share/vision_opencv/local_setup.zsh
[2.944s] -- Symlinking: /home/marceloqm/gzros_simulation/install/vision_opencv/share/vision_opencv/local_setup.dsv
[2.981s] -- Symlinking: /home/marceloqm/gzros_simulation/install/vision_opencv/share/vision_opencv/package.dsv
[3.017s] -- Symlinking: /home/marceloqm/gzros_simulation/install/vision_opencv/share/ament_index/resource_index/packages/vision_opencv
[3.036s] -- Symlinking: /home/marceloqm/gzros_simulation/install/vision_opencv/share/vision_opencv/cmake/vision_opencvConfig.cmake
[3.049s] -- Symlinking: /home/marceloqm/gzros_simulation/install/vision_opencv/share/vision_opencv/cmake/vision_opencvConfig-version.cmake
[3.062s] -- Symlinking: /home/marceloqm/gzros_simulation/install/vision_opencv/share/vision_opencv/package.xml
[3.090s] Invoked command in '/home/marceloqm/gzros_simulation/build/vision_opencv' returned '0': AMENT_PREFIX_PATH=/home/marceloqm/gzros_simulation/install/image_geometry:/home/marceloqm/gzros_simulation/install/cv_bridge:${AMENT_PREFIX_PATH} CMAKE_PREFIX_PATH=/home/marceloqm/gzros_simulation/install/image_geometry:/home/marceloqm/gzros_simulation/install/cv_bridge:/home/marceloqm/gzros_sim/install/vision_opencv:/home/marceloqm/gzros_sim/install/image_geometry:/home/marceloqm/gzros_sim/install/gazebo_ros:/home/marceloqm/gzros_sim/install/gazebo_msgs:/home/marceloqm/gzros_sim/install/gazebo_dev:/home/marceloqm/gzros_sim/install/cv_bridge:/home/marceloqm/gzros_sim/install/opencv_tests:/opt/ros/humble LD_LIBRARY_PATH=/home/marceloqm/gzros_simulation/install/image_geometry/lib:/home/marceloqm/gzros_simulation/install/cv_bridge/lib:${LD_LIBRARY_PATH} PYTHONPATH=/home/marceloqm/gzros_simulation/install/image_geometry/local/lib/python3.10/dist-packages:/home/marceloqm/gzros_simulation/install/cv_bridge/local/lib/python3.10/dist-packages:${PYTHONPATH} /usr/bin/cmake --install /home/marceloqm/gzros_simulation/build/vision_opencv
