[0.009s] Invoking command in '/home/marceloqm/gzros_sim/build/gazebo_ros': AMENT_PREFIX_PATH=/home/marceloqm/gzros_sim/install/gazebo_msgs:/home/marceloqm/gzros_sim/install/gazebo_dev:${AMENT_PREFIX_PATH} CMAKE_PREFIX_PATH=/home/marceloqm/gzros_sim/install/gazebo_msgs:/home/marceloqm/gzros_sim/install/gazebo_dev:/opt/ros/humble LD_LIBRARY_PATH=/home/marceloqm/gzros_sim/install/gazebo_msgs/lib:${LD_LIBRARY_PATH} PYTHONPATH=/home/marceloqm/gzros_sim/install/gazebo_msgs/local/lib/python3.10/dist-packages:${PYTHONPATH} /usr/bin/cmake /home/marceloqm/gzros_sim/src/gazebo_ros_pkgs/gazebo_ros -DAMENT_CMAKE_SYMLINK_INSTALL=1 -DCMAKE_INSTALL_PREFIX=/home/marceloqm/gzros_sim/install/gazebo_ros
[0.063s] -- The C compiler identification is GNU 11.3.0
[0.117s] -- The CXX compiler identification is GNU 11.3.0
[0.124s] -- Detecting C compiler ABI info
[0.188s] -- Detecting C compiler ABI info - done
[0.195s] -- Check for working C compiler: /usr/bin/cc - skipped
[0.195s] -- Detecting C compile features
[0.195s] -- Detecting C compile features - done
[0.198s] -- Detecting CXX compiler ABI info
[0.274s] -- Detecting CXX compiler ABI info - done
[0.281s] -- Check for working CXX compiler: /usr/bin/c++ - skipped
[0.282s] -- Detecting CXX compile features
[0.282s] -- Detecting CXX compile features - done
[0.285s] -- Found ament_cmake: 1.3.4 (/opt/ros/humble/share/ament_cmake/cmake)
[0.442s] -- Found Python3: /usr/bin/python3.10 (found version "3.10.6") found components: Interpreter 
[0.500s] -- Override CMake install command with custom implementation using symlinks instead of copying resources
[0.525s] -- Found builtin_interfaces: 1.2.1 (/opt/ros/humble/share/builtin_interfaces/cmake)
[0.559s] -- Found rosidl_generator_c: 3.1.4 (/opt/ros/humble/share/rosidl_generator_c/cmake)
[0.564s] -- Found rosidl_adapter: 3.1.4 (/opt/ros/humble/share/rosidl_adapter/cmake)
[0.573s] -- Found rosidl_generator_cpp: 3.1.4 (/opt/ros/humble/share/rosidl_generator_cpp/cmake)
[0.589s] -- Using all available rosidl_typesupport_c: rosidl_typesupport_fastrtps_c;rosidl_typesupport_introspection_c
[0.608s] -- Using all available rosidl_typesupport_cpp: rosidl_typesupport_fastrtps_cpp;rosidl_typesupport_introspection_cpp
[0.625s] -- Found gazebo_dev: 3.7.0 (/home/marceloqm/gzros_sim/install/gazebo_dev/share/gazebo_dev/cmake)
[0.670s] -- Found PkgConfig: /usr/bin/pkg-config (found version "0.29.2") 
[0.671s] -- Checking for module 'bullet>=2.82'
[0.727s] --   Found bullet, version 3.05
[0.897s] -- Found fcl: /usr/include (found suitable version "0.7.0", minimum required is "0.5.0") 
[0.961s] -- Found assimp: /usr/include (found version "5.2.0") 
[1.001s] -- Found DART: /usr/include (Required is at least version "6.6") found components: dart 
[1.249s] -- Found Boost: /usr/lib/x86_64-linux-gnu/cmake/Boost-1.74.0/BoostConfig.cmake (found suitable version "1.74.0", minimum required is "1.40.0") found components: thread system filesystem program_options regex iostreams date_time 
[1.269s] -- Found Protobuf: /usr/lib/x86_64-linux-gnu/libprotobuf.so (found version "3.12.4") 
[1.291s] -- Looking for ignition-math6 -- found version 6.14.0
[1.389s] -- Searching for dependencies of ignition-math6
[1.391s] -- Looking for OGRE...
[1.391s] -- OGRE_PREFIX_WATCH changed.
[1.396s] -- Checking for module 'OGRE'
[1.408s] --   Found OGRE, version 1.9.0
[1.437s] -- Found Ogre Ghadamon (1.9.0)
[1.447s] -- Found OGRE: optimized;/usr/lib/x86_64-linux-gnu/libOgreMain.so;debug;/usr/lib/x86_64-linux-gnu/libOgreMain.so
[1.456s] -- Looking for OGRE_Paging...
[1.461s] -- Found OGRE_Paging: optimized;/usr/lib/x86_64-linux-gnu/libOgrePaging.so;debug;/usr/lib/x86_64-linux-gnu/libOgrePaging.so
[1.461s] -- Looking for OGRE_Terrain...
[1.466s] -- Found OGRE_Terrain: optimized;/usr/lib/x86_64-linux-gnu/libOgreTerrain.so;debug;/usr/lib/x86_64-linux-gnu/libOgreTerrain.so
[1.466s] -- Looking for OGRE_Property...
[1.470s] -- Found OGRE_Property: optimized;/usr/lib/x86_64-linux-gnu/libOgreProperty.so;debug;/usr/lib/x86_64-linux-gnu/libOgreProperty.so
[1.471s] -- Looking for OGRE_RTShaderSystem...
[1.477s] -- Found OGRE_RTShaderSystem: optimized;/usr/lib/x86_64-linux-gnu/libOgreRTShaderSystem.so;debug;/usr/lib/x86_64-linux-gnu/libOgreRTShaderSystem.so
[1.477s] -- Looking for OGRE_Volume...
[1.481s] -- Found OGRE_Volume: optimized;/usr/lib/x86_64-linux-gnu/libOgreVolume.so;debug;/usr/lib/x86_64-linux-gnu/libOgreVolume.so
[1.481s] -- Looking for OGRE_Overlay...
[1.486s] -- Found OGRE_Overlay: optimized;/usr/lib/x86_64-linux-gnu/libOgreOverlay.so;debug;/usr/lib/x86_64-linux-gnu/libOgreOverlay.so
[1.593s] -- Looking for ignition-math6 -- found version 6.14.0
[1.595s] -- Looking for ignition-transport8 -- found version 8.2.1
[1.596s] -- Searching for dependencies of ignition-transport8
[1.626s] -- Found Protobuf: /usr/lib/x86_64-linux-gnu/libprotobuf.so (found suitable version "3.12.4", minimum required is "3") 
[1.638s] -- Config-file not installed for ZeroMQ -- checking for pkg-config
[1.643s] -- Checking for module 'libzmq >= 4'
[1.673s] --   Found libzmq , version 4.3.4
[1.707s] -- Found ZeroMQ: TRUE (Required is at least version "4") 
[1.731s] -- Checking for module 'uuid'
[1.749s] --   Found uuid, version 2.37.2
[1.780s] -- Found UUID: TRUE  
[1.782s] -- Looking for ignition-msgs5 -- found version 5.8.1
[1.782s] -- Searching for dependencies of ignition-msgs5
[1.802s] -- Looking for ignition-math6 -- found version 6.14.0
[1.807s] -- Checking for module 'tinyxml2'
[1.827s] --   Found tinyxml2, version 9.0.0
[1.858s] -- Looking for ignition-msgs5 -- found version 5.8.1
[1.860s] -- Looking for ignition-common3 -- found version 3.14.0
[1.861s] -- Searching for dependencies of ignition-common3
[1.861s] -- Looking for dlfcn.h - found
[1.862s] -- Looking for libdl - found
[1.864s] -- Found DL: TRUE  
[1.875s] -- Found tinyobjloader: /usr/lib/x86_64-linux-gnu/cmake/tinyobjloader/tinyobjloader-config.cmake (found version "2.0.0") 
[1.875s] -- Searching for <ignition-common3> component [graphics]
[1.877s] -- Looking for ignition-common3-graphics -- found version 3.14.0
[1.878s] -- Searching for dependencies of ignition-common3-graphics
[1.878s] -- Looking for ignition-math6 -- found version 6.14.0
[1.881s] -- Looking for ignition-fuel_tools4 -- found version 4.4.0
[1.881s] -- Searching for dependencies of ignition-fuel_tools4
[2.006s] -- Found CURL: /usr/lib/x86_64-linux-gnu/libcurl.so (found version "7.81.0")  
[2.027s] -- Checking for module 'jsoncpp'
[2.041s] --   Found jsoncpp, version 1.9.5
[2.074s] -- Found JSONCPP: TRUE  
[2.100s] -- Checking for module 'libzip'
[2.112s] --   Found libzip, version 1.7.3
[2.142s] -- Found ZIP: TRUE  
[2.143s] -- Looking for ignition-common3 -- found version 3.14.0
[2.144s] -- Looking for ignition-math6 -- found version 6.14.0
[2.144s] -- Looking for ignition-msgs5 -- found version 5.8.1
[2.182s] -- Gazebo version: 11.10
[2.182s] -- Checking for module 'tbb'
[2.196s] --   Found tbb, version 2021.5.0
[2.226s] -- Found gazebo_msgs: 3.7.0 (/home/marceloqm/gzros_sim/install/gazebo_msgs/share/gazebo_msgs/cmake)
[2.587s] -- Found rcl: 5.3.3 (/opt/ros/humble/share/rcl/cmake)
[2.701s] -- Found rmw_implementation_cmake: 6.1.1 (/opt/ros/humble/share/rmw_implementation_cmake/cmake)
[2.709s] -- Found rmw_fastrtps_cpp: 6.2.2 (/opt/ros/humble/share/rmw_fastrtps_cpp/cmake)
[3.011s] -- Found OpenSSL: /usr/lib/x86_64-linux-gnu/libcrypto.so (found version "3.0.2")  
[3.049s] -- Found FastRTPS: /opt/ros/humble/include  
[3.104s] -- Using RMW implementation 'rmw_fastrtps_cpp' as default
[3.199s] -- Found Threads: TRUE  
[3.266s] -- Found rclcpp: 16.0.4 (/opt/ros/humble/share/rclcpp/cmake)
[3.543s] -- Found std_srvs: 4.2.3 (/opt/ros/humble/share/std_srvs/cmake)
[3.625s] -- Found tinyxml_vendor: 0.8.3 (/opt/ros/humble/share/tinyxml_vendor/cmake)
[3.738s] -- Found ament_cmake_gtest: 1.3.4 (/opt/ros/humble/share/ament_cmake_gtest/cmake)
[3.756s] -- Found launch_testing_ament_cmake: 1.0.4 (/opt/ros/humble/share/launch_testing_ament_cmake/cmake)
[3.758s] -- Found python_cmake_module: 0.10.0 (/opt/ros/humble/share/python_cmake_module/cmake)
[3.780s] -- Found PythonInterp: /usr/bin/python3 (found suitable version "3.10.6", minimum required is "3.6") 
[3.785s] -- Found PythonLibs: /usr/lib/x86_64-linux-gnu/libpython3.10.so (found suitable version "3.10.6", minimum required is "3.5") 
[3.785s] -- Using PYTHON_EXECUTABLE: /usr/bin/python3
[3.785s] -- Using PYTHON_INCLUDE_DIRS: /usr/include/python3.10
[3.785s] -- Using PYTHON_LIBRARIES: /usr/lib/x86_64-linux-gnu/libpython3.10.so
[3.806s] -- Found PythonExtra: .so  
[3.808s] -- Found sensor_msgs: 4.2.3 (/opt/ros/humble/share/sensor_msgs/cmake)
[3.917s] -- Found gtest sources under '/opt/ros/humble/src/gtest_vendor': C++ tests using 'Google Test' will be built
[4.039s] -- Found ament_lint_auto: 0.12.6 (/opt/ros/humble/share/ament_lint_auto/cmake)
[4.122s] -- Found python_cmake_module: 0.10.0 (/opt/ros/humble/share/python_cmake_module/cmake)
[4.143s] -- Using PYTHON_EXECUTABLE: /usr/bin/python3
[4.143s] -- Using PYTHON_INCLUDE_DIRS: /usr/include/python3.10
[4.143s] -- Using PYTHON_LIBRARIES: /usr/lib/x86_64-linux-gnu/libpython3.10.so
[4.276s] -- Added test 'copyright' to check source files copyright and LICENSE
[4.282s] -- Added test 'cppcheck' to perform static code analysis on C / C++ code
[4.283s] -- Configured cppcheck include dirs: $<BUILD_INTERFACE:/home/marceloqm/gzros_sim/src/gazebo_ros_pkgs/gazebo_ros/include>
[4.283s] -- Configured cppcheck exclude dirs and/or files: 
[4.286s] -- Added test 'flake8' to check Python code syntax and style conventions
[4.292s] -- Added test 'lint_cmake' to check CMake code style
[4.311s] -- Added test 'pep257' to check Python code against some of the docstring style conventions in PEP 257
[4.316s] -- Added test 'uncrustify' to check C / C++ code style
[4.316s] -- Configured uncrustify additional arguments: 
[4.317s] -- Added test 'xmllint' to check XML markup files
[4.321s] -- Configuring done
[5.226s] -- Generating done
[5.230s] -- Build files have been written to: /home/marceloqm/gzros_sim/build/gazebo_ros
[5.248s] Invoked command in '/home/marceloqm/gzros_sim/build/gazebo_ros' returned '0': AMENT_PREFIX_PATH=/home/marceloqm/gzros_sim/install/gazebo_msgs:/home/marceloqm/gzros_sim/install/gazebo_dev:${AMENT_PREFIX_PATH} CMAKE_PREFIX_PATH=/home/marceloqm/gzros_sim/install/gazebo_msgs:/home/marceloqm/gzros_sim/install/gazebo_dev:/opt/ros/humble LD_LIBRARY_PATH=/home/marceloqm/gzros_sim/install/gazebo_msgs/lib:${LD_LIBRARY_PATH} PYTHONPATH=/home/marceloqm/gzros_sim/install/gazebo_msgs/local/lib/python3.10/dist-packages:${PYTHONPATH} /usr/bin/cmake /home/marceloqm/gzros_sim/src/gazebo_ros_pkgs/gazebo_ros -DAMENT_CMAKE_SYMLINK_INSTALL=1 -DCMAKE_INSTALL_PREFIX=/home/marceloqm/gzros_sim/install/gazebo_ros
[5.250s] Invoking command in '/home/marceloqm/gzros_sim/build/gazebo_ros': AMENT_PREFIX_PATH=/home/marceloqm/gzros_sim/install/gazebo_msgs:/home/marceloqm/gzros_sim/install/gazebo_dev:${AMENT_PREFIX_PATH} CMAKE_PREFIX_PATH=/home/marceloqm/gzros_sim/install/gazebo_msgs:/home/marceloqm/gzros_sim/install/gazebo_dev:/opt/ros/humble LD_LIBRARY_PATH=/home/marceloqm/gzros_sim/install/gazebo_msgs/lib:${LD_LIBRARY_PATH} PYTHONPATH=/home/marceloqm/gzros_sim/install/gazebo_msgs/local/lib/python3.10/dist-packages:${PYTHONPATH} /usr/bin/cmake --build /home/marceloqm/gzros_sim/build/gazebo_ros -- -j8 -l8
[5.309s] [  1%] [32mBuilding CXX object gtest/CMakeFiles/gtest_main.dir/src/gtest_main.cc.o[0m
[5.309s] [  3%] [32mBuilding CXX object CMakeFiles/gazebo_ros_node.dir/src/node.cpp.o[0m
[5.310s] [  5%] [32mBuilding CXX object test/CMakeFiles/mock_gazebo_ros_factory.dir/mock_gazebo_ros_factory/gazebo_ros_factory.cpp.o[0m
[5.311s] [  6%] [32mBuilding CXX object test/CMakeFiles/mock_robot_state_publisher.dir/mock_robot_state_publisher/robot_state_publisher.cpp.o[0m
[5.311s] [  8%] [32mBuilding CXX object gtest/CMakeFiles/gtest.dir/src/gtest-all.cc.o[0m
[5.312s] [ 10%] [32mBuilding CXX object CMakeFiles/gazebo_ros_utils.dir/src/utils.cpp.o[0m
[5.318s] [ 11%] [32mBuilding CXX object CMakeFiles/gazebo_ros_node.dir/src/executor.cpp.o[0m
[5.320s] [ 11%] Built target ament_cmake_python_symlink_scripts
[5.335s] [ 13%] [32mBuilding CXX object CMakeFiles/gazebo_ros_node.dir/src/qos.cpp.o[0m
[6.133s] [ 15%] [32m[1mLinking CXX static library libgtest_main.a[0m
[6.196s] [ 15%] Built target gtest_main
[6.476s] running egg_info
[6.476s] creating scripts.egg-info
[6.476s] writing scripts.egg-info/PKG-INFO
[6.477s] writing dependency_links to scripts.egg-info/dependency_links.txt
[6.477s] writing top-level names to scripts.egg-info/top_level.txt
[6.477s] writing manifest file 'scripts.egg-info/SOURCES.txt'
[6.481s] reading manifest file 'scripts.egg-info/SOURCES.txt'
[6.481s] writing manifest file 'scripts.egg-info/SOURCES.txt'
[6.510s] [ 15%] Built target ament_cmake_python_build_scripts_egg
[9.208s] [ 16%] [32m[1mLinking CXX static library libgtest.a[0m
[9.336s] [ 16%] Built target gtest
[11.922s] [ 18%] [32m[1mLinking CXX executable mock_gazebo_ros_factory[0m
[12.405s] [ 18%] Built target mock_gazebo_ros_factory
[13.689s] [ 20%] [32m[1mLinking CXX executable mock_robot_state_publisher[0m
[13.887s] [ 20%] Built target mock_robot_state_publisher
[16.473s] [ 21%] [32m[1mLinking CXX shared library libgazebo_ros_node.so[0m
[17.089s] [ 23%] [32m[1mLinking CXX shared library libgazebo_ros_utils.so[0m
[17.434s] [ 23%] Built target gazebo_ros_utils
[17.521s] [ 23%] Built target gazebo_ros_node
[17.548s] [ 25%] [32mBuilding CXX object CMakeFiles/gazebo_ros_factory.dir/src/gazebo_ros_factory.cpp.o[0m
[17.548s] [ 26%] [32mBuilding CXX object CMakeFiles/gazebo_ros_init.dir/src/gazebo_ros_init.cpp.o[0m
[17.553s] [ 30%] [32mBuilding CXX object CMakeFiles/gazebo_ros_state.dir/src/gazebo_ros_state.cpp.o[0m
[17.554s] [ 31%] [32mBuilding CXX object CMakeFiles/gazebo_ros_force_system.dir/src/gazebo_ros_force_system.cpp.o[0m
[17.554s] [ 30%] [32mBuilding CXX object test/CMakeFiles/args_init.dir/plugins/args_init.cpp.o[0m
[17.558s] [ 33%] [32mBuilding CXX object CMakeFiles/gazebo_ros_properties.dir/src/gazebo_ros_properties.cpp.o[0m
[17.560s] [ 35%] [32mBuilding CXX object test/CMakeFiles/create_node_without_init.dir/plugins/create_node_without_init.cpp.o[0m
[17.562s] [ 36%] [32mBuilding CXX object test/CMakeFiles/multiple_nodes.dir/plugins/multiple_nodes.cpp.o[0m
[35.124s] [ 38%] [32m[1mLinking CXX shared library libmultiple_nodes.so[0m
[35.168s] [ 40%] [32m[1mLinking CXX shared library libargs_init.so[0m
[35.409s] [ 41%] [32m[1mLinking CXX shared library libcreate_node_without_init.so[0m
[36.098s] [ 41%] Built target multiple_nodes
[36.117s] [ 41%] Built target args_init
[36.180s] [ 43%] [32mBuilding CXX object test/CMakeFiles/sdf_node.dir/plugins/sdf_node.cpp.o[0m
[36.200s] [ 45%] [32mBuilding CXX object test/CMakeFiles/ros_world_plugin.dir/plugins/ros_world_plugin.cpp.o[0m
[36.348s] [ 45%] Built target create_node_without_init
[36.378s] [ 46%] [32mBuilding CXX object test/CMakeFiles/test_conversions.dir/test_conversions.cpp.o[0m
[43.931s] [ 48%] [32m[1mLinking CXX shared library libgazebo_ros_force_system.so[0m
[44.384s] [ 50%] [32m[1mLinking CXX executable test_conversions[0m
[45.170s] [ 51%] [32m[1mLinking CXX shared library libgazebo_ros_state.so[0m
[45.857s] [ 51%] Built target gazebo_ros_force_system
[45.897s] [ 53%] [32mBuilding CXX object test/CMakeFiles/test_gazebo_ros_factory.dir/test_gazebo_ros_factory.cpp.o[0m
[46.649s] [ 53%] Built target gazebo_ros_state
[46.680s] [ 55%] [32mBuilding CXX object test/CMakeFiles/test_gazebo_ros_init.dir/test_gazebo_ros_init.cpp.o[0m
[47.953s] [ 56%] [32m[1mLinking CXX shared library libgazebo_ros_factory.so[0m
[49.645s] [ 56%] Built target gazebo_ros_factory
[49.692s] [ 58%] [32mBuilding CXX object test/CMakeFiles/test_gazebo_ros_joint_effort.dir/test_gazebo_ros_joint_effort.cpp.o[0m
[49.693s] [ 58%] Built target test_conversions
[49.776s] [ 60%] [32m[1mLinking CXX shared library libgazebo_ros_init.so[0m
[49.797s] [ 61%] [32mBuilding CXX object test/CMakeFiles/test_gazebo_ros_link_wrench.dir/test_gazebo_ros_link_wrench.cpp.o[0m
[51.413s] [ 61%] Built target gazebo_ros_init
[51.451s] [ 63%] [32mBuilding CXX object test/CMakeFiles/test_gazebo_ros_properties.dir/test_gazebo_ros_properties.cpp.o[0m
[52.685s] [ 65%] [32m[1mLinking CXX shared library libgazebo_ros_properties.so[0m
[53.788s] [ 66%] [32m[1mLinking CXX shared library libsdf_node.so[0m
[53.837s] [ 68%] [32m[1mLinking CXX shared library libros_world_plugin.so[0m
[54.961s] [ 68%] Built target gazebo_ros_properties
[54.975s] [ 68%] Built target sdf_node
[55.018s] [ 70%] [32mBuilding CXX object test/CMakeFiles/test_gazebo_ros_state.dir/test_gazebo_ros_state.cpp.o[0m
[55.041s] [ 71%] [32mBuilding CXX object test/CMakeFiles/test_node.dir/test_node.cpp.o[0m
[55.226s] [ 71%] Built target ros_world_plugin
[55.396s] [ 73%] [32mBuilding CXX object test/CMakeFiles/test_reject_duplicate_nodes.dir/test_reject_duplicate_nodes.cpp.o[0m
[70.820s] [ 75%] [32m[1mLinking CXX executable test_node[0m
[70.913s] [ 76%] [32m[1mLinking CXX executable test_reject_duplicate_nodes[0m
[72.736s] [ 76%] Built target test_node
[72.988s] [ 76%] Built target test_reject_duplicate_nodes
[93.874s] [ 81%] [32m[1mLinking CXX executable test_gazebo_ros_link_wrench[0m
[93.925s] [ 81%] [32m[1mLinking CXX executable test_gazebo_ros_factory[0m
[93.925s] [ 81%] [32m[1mLinking CXX executable test_gazebo_ros_init[0m
[94.792s] [ 83%] [32m[1mLinking CXX executable test_gazebo_ros_joint_effort[0m
[98.301s] [ 85%] [32m[1mLinking CXX executable test_gazebo_ros_properties[0m
[100.776s] [ 85%] Built target test_gazebo_ros_joint_effort
[100.932s] [ 85%] Built target test_gazebo_ros_init
[101.012s] [ 85%] Built target test_gazebo_ros_factory
[101.104s] [ 85%] Built target test_gazebo_ros_properties
[101.155s] [ 85%] Built target test_gazebo_ros_link_wrench
[104.501s] [ 86%] [32m[1mLinking CXX executable test_gazebo_ros_state[0m
[106.538s] [ 86%] Built target test_gazebo_ros_state
[106.895s] [ 91%] [32mBuilding CXX object test/CMakeFiles/test_utils.dir/test_utils.cpp.o[0m
[106.895s] [ 91%] [32mBuilding CXX object test/CMakeFiles/test_qos.dir/test_qos.cpp.o[0m
[106.896s] [ 91%] [32mBuilding CXX object test/CMakeFiles/test_sim_time.dir/test_sim_time.cpp.o[0m
[115.162s] [ 93%] [32m[1mLinking CXX executable test_qos[0m
[116.054s] [ 93%] Built target test_qos
[116.173s] [ 95%] [32mBuilding CXX object test/CMakeFiles/test_plugins.dir/test_plugins.cpp.o[0m
[121.595s] [ 96%] [32m[1mLinking CXX executable test_sim_time[0m
[122.324s] [ 96%] Built target test_sim_time
[124.258s] [ 98%] [32m[1mLinking CXX executable test_utils[0m
[125.250s] [ 98%] Built target test_utils
[125.923s] [100%] [32m[1mLinking CXX executable test_plugins[0m
[126.587s] [100%] Built target test_plugins
[128.201s] Invoked command in '/home/marceloqm/gzros_sim/build/gazebo_ros' returned '0': AMENT_PREFIX_PATH=/home/marceloqm/gzros_sim/install/gazebo_msgs:/home/marceloqm/gzros_sim/install/gazebo_dev:${AMENT_PREFIX_PATH} CMAKE_PREFIX_PATH=/home/marceloqm/gzros_sim/install/gazebo_msgs:/home/marceloqm/gzros_sim/install/gazebo_dev:/opt/ros/humble LD_LIBRARY_PATH=/home/marceloqm/gzros_sim/install/gazebo_msgs/lib:${LD_LIBRARY_PATH} PYTHONPATH=/home/marceloqm/gzros_sim/install/gazebo_msgs/local/lib/python3.10/dist-packages:${PYTHONPATH} /usr/bin/cmake --build /home/marceloqm/gzros_sim/build/gazebo_ros -- -j8 -l8
[129.125s] Invoking command in '/home/marceloqm/gzros_sim/build/gazebo_ros': AMENT_PREFIX_PATH=/home/marceloqm/gzros_sim/install/gazebo_msgs:/home/marceloqm/gzros_sim/install/gazebo_dev:${AMENT_PREFIX_PATH} CMAKE_PREFIX_PATH=/home/marceloqm/gzros_sim/install/gazebo_msgs:/home/marceloqm/gzros_sim/install/gazebo_dev:/opt/ros/humble LD_LIBRARY_PATH=/home/marceloqm/gzros_sim/install/gazebo_msgs/lib:${LD_LIBRARY_PATH} PYTHONPATH=/home/marceloqm/gzros_sim/install/gazebo_msgs/local/lib/python3.10/dist-packages:${PYTHONPATH} /usr/bin/cmake --install /home/marceloqm/gzros_sim/build/gazebo_ros
[129.332s] -- Install configuration: ""
[129.332s] -- Execute custom install script
[129.332s] -- Symlinking: /home/marceloqm/gzros_sim/install/gazebo_ros/share/gazebo_ros/environment/pythonpath.sh
[129.332s] -- Symlinking: /home/marceloqm/gzros_sim/install/gazebo_ros/share/gazebo_ros/environment/pythonpath.dsv
[129.332s] -- Symlinking: /home/marceloqm/gzros_sim/install/gazebo_ros/local/lib/python3.10/dist-packages/scripts-3.7.0-py3.10.egg-info/PKG-INFO
[129.332s] -- Symlinking: /home/marceloqm/gzros_sim/install/gazebo_ros/local/lib/python3.10/dist-packages/scripts-3.7.0-py3.10.egg-info/SOURCES.txt
[129.332s] -- Symlinking: /home/marceloqm/gzros_sim/install/gazebo_ros/local/lib/python3.10/dist-packages/scripts-3.7.0-py3.10.egg-info/dependency_links.txt
[129.333s] -- Symlinking: /home/marceloqm/gzros_sim/install/gazebo_ros/local/lib/python3.10/dist-packages/scripts-3.7.0-py3.10.egg-info/top_level.txt
[129.356s] -- Symlinking: /home/marceloqm/gzros_sim/install/gazebo_ros/local/lib/python3.10/dist-packages/scripts/__init__.py
[129.364s] -- Symlinking: /home/marceloqm/gzros_sim/install/gazebo_ros/local/lib/python3.10/dist-packages/scripts/gazebo_ros_paths.py
[129.373s] -- Symlinking: /home/marceloqm/gzros_sim/install/gazebo_ros/local/lib/python3.10/dist-packages/scripts/spawn_entity.py
[129.394s] -- Symlinking: /home/marceloqm/gzros_sim/install/gazebo_ros/share/gazebo_ros/environment/library_path.sh
[129.403s] -- Symlinking: /home/marceloqm/gzros_sim/install/gazebo_ros/share/gazebo_ros/environment/library_path.dsv
[129.413s] -- Symlinking: /home/marceloqm/gzros_sim/install/gazebo_ros/share/ament_index/resource_index/package_run_dependencies/gazebo_ros
[129.422s] -- Symlinking: /home/marceloqm/gzros_sim/install/gazebo_ros/share/ament_index/resource_index/parent_prefix_path/gazebo_ros
[129.444s] -- Symlinking: /home/marceloqm/gzros_sim/install/gazebo_ros/share/gazebo_ros/environment/ament_prefix_path.sh
[129.452s] -- Symlinking: /home/marceloqm/gzros_sim/install/gazebo_ros/share/gazebo_ros/environment/ament_prefix_path.dsv
[129.462s] -- Symlinking: /home/marceloqm/gzros_sim/install/gazebo_ros/share/gazebo_ros/environment/path.sh
[129.470s] -- Symlinking: /home/marceloqm/gzros_sim/install/gazebo_ros/share/gazebo_ros/environment/path.dsv
[129.478s] -- Symlinking: /home/marceloqm/gzros_sim/install/gazebo_ros/share/gazebo_ros/local_setup.bash
[129.487s] -- Symlinking: /home/marceloqm/gzros_sim/install/gazebo_ros/share/gazebo_ros/local_setup.sh
[129.496s] -- Symlinking: /home/marceloqm/gzros_sim/install/gazebo_ros/share/gazebo_ros/local_setup.zsh
[129.505s] -- Symlinking: /home/marceloqm/gzros_sim/install/gazebo_ros/share/gazebo_ros/local_setup.dsv
[129.513s] -- Symlinking: /home/marceloqm/gzros_sim/install/gazebo_ros/share/gazebo_ros/package.dsv
[129.523s] -- Symlinking: /home/marceloqm/gzros_sim/install/gazebo_ros/share/ament_index/resource_index/packages/gazebo_ros
[129.541s] -- Symlinking: /home/marceloqm/gzros_sim/install/gazebo_ros/share/gazebo_ros/cmake/ament_cmake_export_libraries-extras.cmake
[129.550s] -- Symlinking: /home/marceloqm/gzros_sim/install/gazebo_ros/share/gazebo_ros/cmake/ament_cmake_export_include_directories-extras.cmake
[129.558s] -- Symlinking: /home/marceloqm/gzros_sim/install/gazebo_ros/share/gazebo_ros/cmake/ament_cmake_export_dependencies-extras.cmake
[129.567s] -- Symlinking: /home/marceloqm/gzros_sim/install/gazebo_ros/share/gazebo_ros/cmake/gazebo_rosConfig.cmake
[129.576s] -- Symlinking: /home/marceloqm/gzros_sim/install/gazebo_ros/share/gazebo_ros/cmake/gazebo_rosConfig-version.cmake
[129.584s] -- Symlinking: /home/marceloqm/gzros_sim/install/gazebo_ros/share/gazebo_ros/package.xml
[129.595s] -- Symlinking: /home/marceloqm/gzros_sim/install/gazebo_ros/include/gazebo_ros/conversions/builtin_interfaces.hpp
[129.603s] -- Symlinking: /home/marceloqm/gzros_sim/install/gazebo_ros/include/gazebo_ros/conversions/gazebo_msgs.hpp
[129.612s] -- Symlinking: /home/marceloqm/gzros_sim/install/gazebo_ros/include/gazebo_ros/conversions/generic.hpp
[129.620s] -- Symlinking: /home/marceloqm/gzros_sim/install/gazebo_ros/include/gazebo_ros/conversions/geometry_msgs.hpp
[129.628s] -- Symlinking: /home/marceloqm/gzros_sim/install/gazebo_ros/include/gazebo_ros/conversions/sensor_msgs.hpp
[129.636s] -- Symlinking: /home/marceloqm/gzros_sim/install/gazebo_ros/include/gazebo_ros/executor.hpp
[129.644s] -- Symlinking: /home/marceloqm/gzros_sim/install/gazebo_ros/include/gazebo_ros/gazebo_ros_factory.hpp
[129.652s] -- Symlinking: /home/marceloqm/gzros_sim/install/gazebo_ros/include/gazebo_ros/gazebo_ros_force_system.hpp
[129.660s] -- Symlinking: /home/marceloqm/gzros_sim/install/gazebo_ros/include/gazebo_ros/gazebo_ros_init.hpp
[129.669s] -- Symlinking: /home/marceloqm/gzros_sim/install/gazebo_ros/include/gazebo_ros/gazebo_ros_properties.hpp
[129.677s] -- Symlinking: /home/marceloqm/gzros_sim/install/gazebo_ros/include/gazebo_ros/gazebo_ros_state.hpp
[129.685s] -- Symlinking: /home/marceloqm/gzros_sim/install/gazebo_ros/include/gazebo_ros/node.hpp
[129.693s] -- Symlinking: /home/marceloqm/gzros_sim/install/gazebo_ros/include/gazebo_ros/node_visibility_control.h
[129.701s] -- Symlinking: /home/marceloqm/gzros_sim/install/gazebo_ros/include/gazebo_ros/qos.hpp
[129.709s] -- Symlinking: /home/marceloqm/gzros_sim/install/gazebo_ros/include/gazebo_ros/testing_utils.hpp
[129.717s] -- Symlinking: /home/marceloqm/gzros_sim/install/gazebo_ros/include/gazebo_ros/utils.hpp
[129.725s] -- Symlinking: /home/marceloqm/gzros_sim/install/gazebo_ros/include/gazebo_ros/utils_visibility_control.h
[129.733s] -- Symlinking: /home/marceloqm/gzros_sim/install/gazebo_ros/lib/gazebo_ros//gazebo_ros_paths.py
[129.757s] -- Symlinking: /home/marceloqm/gzros_sim/install/gazebo_ros/lib/libgazebo_ros_factory.so
[129.765s] -- Symlinking: /home/marceloqm/gzros_sim/install/gazebo_ros/lib/libgazebo_ros_force_system.so
[129.773s] -- Symlinking: /home/marceloqm/gzros_sim/install/gazebo_ros/lib/libgazebo_ros_init.so
[129.782s] -- Symlinking: /home/marceloqm/gzros_sim/install/gazebo_ros/lib/libgazebo_ros_node.so
[129.790s] -- Symlinking: /home/marceloqm/gzros_sim/install/gazebo_ros/lib/libgazebo_ros_properties.so
[129.798s] -- Symlinking: /home/marceloqm/gzros_sim/install/gazebo_ros/lib/libgazebo_ros_state.so
[129.806s] -- Symlinking: /home/marceloqm/gzros_sim/install/gazebo_ros/lib/libgazebo_ros_utils.so
[129.814s] -- Symlinking: /home/marceloqm/gzros_sim/install/gazebo_ros/lib/gazebo_ros//spawn_entity.py
[129.822s] -- Symlinking: /home/marceloqm/gzros_sim/install/gazebo_ros/share/gazebo_ros//launch/gazebo.launch.py
[129.830s] -- Symlinking: /home/marceloqm/gzros_sim/install/gazebo_ros/share/gazebo_ros//launch/gzclient.launch.py
[129.838s] -- Symlinking: /home/marceloqm/gzros_sim/install/gazebo_ros/share/gazebo_ros//launch/gzserver.launch.py
[129.845s] -- Symlinking: /home/marceloqm/gzros_sim/install/gazebo_ros/share/gazebo_ros//launch/spawn_entity_demo.launch.py
[129.854s] -- Symlinking: /home/marceloqm/gzros_sim/install/gazebo_ros/share/gazebo_ros//worlds/empty.world
[129.861s] -- Symlinking: /home/marceloqm/gzros_sim/install/gazebo_ros/share/gazebo_ros//worlds/gazebo_ros_force_system_demo.world
[129.869s] -- Symlinking: /home/marceloqm/gzros_sim/install/gazebo_ros/share/gazebo_ros//worlds/gazebo_ros_properties_demo.world
[129.878s] -- Symlinking: /home/marceloqm/gzros_sim/install/gazebo_ros/share/gazebo_ros//worlds/gazebo_ros_state_demo.world
[130.475s] Listing '/home/marceloqm/gzros_sim/install/gazebo_ros/local/lib/python3.10/dist-packages/scripts'...
[130.476s] Compiling '/home/marceloqm/gzros_sim/install/gazebo_ros/local/lib/python3.10/dist-packages/scripts/__init__.py'...
[130.476s] Compiling '/home/marceloqm/gzros_sim/install/gazebo_ros/local/lib/python3.10/dist-packages/scripts/gazebo_ros_paths.py'...
[130.476s] Compiling '/home/marceloqm/gzros_sim/install/gazebo_ros/local/lib/python3.10/dist-packages/scripts/spawn_entity.py'...
[130.541s] Invoked command in '/home/marceloqm/gzros_sim/build/gazebo_ros' returned '0': AMENT_PREFIX_PATH=/home/marceloqm/gzros_sim/install/gazebo_msgs:/home/marceloqm/gzros_sim/install/gazebo_dev:${AMENT_PREFIX_PATH} CMAKE_PREFIX_PATH=/home/marceloqm/gzros_sim/install/gazebo_msgs:/home/marceloqm/gzros_sim/install/gazebo_dev:/opt/ros/humble LD_LIBRARY_PATH=/home/marceloqm/gzros_sim/install/gazebo_msgs/lib:${LD_LIBRARY_PATH} PYTHONPATH=/home/marceloqm/gzros_sim/install/gazebo_msgs/local/lib/python3.10/dist-packages:${PYTHONPATH} /usr/bin/cmake --install /home/marceloqm/gzros_sim/build/gazebo_ros
