[0.083s] Invoking command in '/home/marceloqm/gzros_sim/build/gazebo_plugins': AMENT_PREFIX_PATH=/home/marceloqm/gzros_sim/install/gazebo_ros:/home/marceloqm/gzros_sim/install/gazebo_msgs:/home/marceloqm/gzros_sim/install/gazebo_dev:/home/marceloqm/gzros_sim/install/cv_bridge CMAKE_PREFIX_PATH=/home/marceloqm/gzros_sim/install/gazebo_ros:/home/marceloqm/gzros_sim/install/gazebo_msgs:/home/marceloqm/gzros_sim/install/gazebo_dev:/home/marceloqm/gzros_sim/install/cv_bridge LD_LIBRARY_PATH=/home/marceloqm/gzros_sim/install/gazebo_ros/lib:/home/marceloqm/gzros_sim/install/gazebo_msgs/lib:/home/marceloqm/gzros_sim/install/cv_bridge/lib PYTHONPATH=/home/marceloqm/gzros_sim/install/gazebo_ros/local/lib/python3.10/dist-packages:/home/marceloqm/gzros_sim/install/gazebo_msgs/local/lib/python3.10/dist-packages:/home/marceloqm/gzros_sim/install/cv_bridge/local/lib/python3.10/dist-packages /usr/bin/cmake --build /home/marceloqm/gzros_sim/build/gazebo_plugins -- -j8 -l8
[0.464s] [  2%] Built target gazebo_ros_joint_state_publisher
[0.467s] [  4%] Built target gazebo_ros_template
[0.470s] [  6%] Built target multi_camera_plugin
[0.501s] [  9%] Built target gazebo_ros_force
[0.503s] [ 11%] Built target gazebo_ros_imu_sensor
[0.528s] [ 13%] Built target gazebo_ros_gps_sensor
[0.531s] [ 16%] Built target gazebo_ros_ray_sensor
[0.709s] [ 18%] Built target gazebo_ros_ft_sensor
[0.709s] [ 20%] Built target gazebo_ros_bumper
[0.761s] [ 23%] Built target gazebo_ros_p3d
[0.761s] [ 25%] Built target gazebo_ros_hand_of_god
[0.762s] [ 27%] Built target gazebo_ros_diff_drive
[0.764s] [ 30%] Built target gazebo_ros_tricycle_drive
[0.767s] [ 32%] Built target gazebo_ros_harness
[0.768s] [ 34%] Built target gazebo_ros_video
[0.817s] [ 39%] Built target gtest_main
[0.817s] [ 39%] Built target gazebo_ros_elevator
[0.849s] [ 41%] Built target gazebo_ros_ackermann_drive
[0.851s] [ 44%] Built target gazebo_ros_joint_pose_trajectory
[0.853s] [ 46%] Built target gazebo_ros_planar_move
[0.866s] [ 48%] Built target gazebo_ros_wheel_slip
[0.868s] [ 53%] Built target gazebo_ros_vacuum_gripper
[0.869s] [ 53%] Built target gazebo_ros_projector
[0.875s] [ 55%] Built target gtest
[0.925s] [ 56%] [32mBuilding CXX object test/CMakeFiles/test_gazebo_ros_force.dir/test_gazebo_ros_force.cpp.o[0m
[0.928s] [ 59%] [32mBuilding CXX object test/CMakeFiles/test_gazebo_ros_ft_sensor.dir/test_gazebo_ros_ft_sensor.cpp.o[0m
[0.928s] [ 59%] [32mBuilding CXX object test/CMakeFiles/test_gazebo_ros_ackermann_drive.dir/test_gazebo_ros_ackermann_drive.cpp.o[0m
[0.930s] [ 60%] [32mBuilding CXX object test/CMakeFiles/test_gazebo_ros_diff_drive.dir/test_gazebo_ros_diff_drive.cpp.o[0m
[0.932s] [ 61%] [32mBuilding CXX object test/CMakeFiles/test_gazebo_ros_bumper.dir/test_gazebo_ros_bumper.cpp.o[0m
[0.933s] [ 62%] [32mBuilding CXX object test/CMakeFiles/test_gazebo_ros_elevator.dir/test_gazebo_ros_elevator.cpp.o[0m
[0.935s] [ 63%] [32mBuilding CXX object test/CMakeFiles/test_gazebo_ros_hand_of_god.dir/test_gazebo_ros_hand_of_god.cpp.o[0m
[1.099s] [ 66%] Built target gazebo_ros_camera
[1.152s] [ 67%] [32mBuilding CXX object test/CMakeFiles/test_gazebo_ros_harness.dir/test_gazebo_ros_harness.cpp.o[0m
