gmake[2]: *** [test/CMakeFiles/test_gazebo_ros_force.dir/build.make:76: test/CMakeFiles/test_gazebo_ros_force.dir/test_gazebo_ros_force.cpp.o] Interrupt
gmake[2]: *** [test/CMakeFiles/test_gazebo_ros_harness.dir/build.make:76: test/CMakeFiles/test_gazebo_ros_harness.dir/test_gazebo_ros_harness.cpp.o] Interrupt
gmake[2]: *** [test/CMakeFiles/test_gazebo_ros_hand_of_god.dir/build.make:76: test/CMakeFiles/test_gazebo_ros_hand_of_god.dir/test_gazebo_ros_hand_of_god.cpp.o] Interrupt
gmake[2]: *** [test/CMakeFiles/test_gazebo_ros_elevator.dir/build.make:76: test/CMakeFiles/test_gazebo_ros_elevator.dir/test_gazebo_ros_elevator.cpp.o] Interrupt
gmake[2]: *** [test/CMakeFiles/test_gazebo_ros_ackermann_drive.dir/build.make:76: test/CMakeFiles/test_gazebo_ros_ackermann_drive.dir/test_gazebo_ros_ackermann_drive.cpp.o] Interrupt
gmake[2]: *** [test/CMakeFiles/test_gazebo_ros_diff_drive.dir/build.make:76: test/CMakeFiles/test_gazebo_ros_diff_drive.dir/test_gazebo_ros_diff_drive.cpp.o] Interrupt
gmake[2]: *** wait: No child processes.  Stop.
gmake[2]: *** Waiting for unfinished jobs....
gmake[2]: *** wait: No child processes.  Stop.
gmake[2]: *** wait: No child processes.  Stop.
gmake[2]: *** Waiting for unfinished jobs....
gmake[2]: *** wait: No child processes.  Stop.
gmake[1]: *** [CMakeFiles/Makefile2:876: test/CMakeFiles/test_gazebo_ros_bumper.dir/all] Error 2
gmake[1]: *** [CMakeFiles/Makefile2:903: test/CMakeFiles/test_gazebo_ros_diff_drive.dir/all] Interrupt
gmake[1]: *** [CMakeFiles/Makefile2:930: test/CMakeFiles/test_gazebo_ros_elevator.dir/all] Interrupt
gmake[1]: *** [CMakeFiles/Makefile2:849: test/CMakeFiles/test_gazebo_ros_ackermann_drive.dir/all] Interrupt
gmake[1]: *** [CMakeFiles/Makefile2:984: test/CMakeFiles/test_gazebo_ros_ft_sensor.dir/all] Error 2
gmake[1]: *** [CMakeFiles/Makefile2:957: test/CMakeFiles/test_gazebo_ros_force.dir/all] Interrupt
gmake[1]: *** [CMakeFiles/Makefile2:1011: test/CMakeFiles/test_gazebo_ros_hand_of_god.dir/all] Interrupt
gmake[1]: *** [CMakeFiles/Makefile2:1038: test/CMakeFiles/test_gazebo_ros_harness.dir/all] Interrupt
gmake: *** [Makefile:146: all] Interrupt
