[0.044s] Invoking command in '/home/marceloqm/gzros_sim/build/gazebo_plugins': CMAKE_PREFIX_PATH=/home/marceloqm/gzros_sim/install/gazebo_ros:/home/marceloqm/gzros_sim/install/gazebo_msgs:/home/marceloqm/gzros_sim/install/gazebo_dev:/home/marceloqm/gzros_sim/install/cv_bridge:/home/marceloqm/gzros_sim/install/vision_opencv:/home/marceloqm/gzros_sim/install/image_geometry:/home/marceloqm/gzros_sim/install/opencv_tests:/opt/ros/humble LD_LIBRARY_PATH=/home/marceloqm/gzros_sim/install/gazebo_ros/lib:/home/marceloqm/gzros_sim/install/gazebo_msgs/lib:/home/marceloqm/gzros_sim/install/cv_bridge/lib:/home/marceloqm/gzros_sim/install/image_geometry/lib:/opt/ros/humble/opt/rviz_ogre_vendor/lib:/opt/ros/humble/lib/x86_64-linux-gnu:/opt/ros/humble/lib /usr/bin/cmake --build /home/marceloqm/gzros_sim/build/gazebo_plugins -- -j8 -l8
[0.411s] [  2%] Built target gazebo_ros_joint_state_publisher
[0.412s] [  4%] Built target multi_camera_plugin
[0.423s] [  6%] Built target gazebo_ros_template
[0.447s] [  9%] Built target gazebo_ros_force
[0.447s] [ 11%] Built target gazebo_ros_imu_sensor
[0.491s] [ 13%] Built target gazebo_ros_gps_sensor
[0.507s] [ 16%] Built target gazebo_ros_ray_sensor
[0.611s] [ 18%] Built target gazebo_ros_bumper
[0.616s] [ 20%] Built target gazebo_ros_ft_sensor
[0.677s] [ 23%] Built target gazebo_ros_harness
[0.688s] [ 25%] Built target gazebo_ros_elevator
[0.690s] [ 29%] Built target gazebo_ros_video
[0.690s] [ 30%] Built target gazebo_ros_tricycle_drive
[0.690s] [ 32%] Built target gazebo_ros_diff_drive
[0.690s] [ 34%] Built target gazebo_ros_p3d
[0.714s] [ 37%] Built target gazebo_ros_hand_of_god
[0.737s] [ 39%] Built target gazebo_ros_ackermann_drive
[0.748s] [ 41%] Built target gtest_main
[0.762s] [ 44%] Built target gazebo_ros_vacuum_gripper
[0.914s] [ 46%] Built target gtest
[0.917s] [ 48%] Built target gazebo_ros_joint_pose_trajectory
[0.925s] [ 51%] Built target gazebo_ros_planar_move
[0.927s] [ 53%] Built target gazebo_ros_wheel_slip
[0.944s] [ 55%] Built target gazebo_ros_projector
[0.958s] [ 56%] [32mBuilding CXX object test/CMakeFiles/test_gazebo_ros_diff_drive.dir/test_gazebo_ros_diff_drive.cpp.o[0m
[0.959s] [ 58%] [32mBuilding CXX object test/CMakeFiles/test_gazebo_ros_bumper.dir/test_gazebo_ros_bumper.cpp.o[0m
[0.960s] [ 59%] [32mBuilding CXX object test/CMakeFiles/test_gazebo_ros_elevator.dir/test_gazebo_ros_elevator.cpp.o[0m
[0.961s] [ 60%] [32mBuilding CXX object test/CMakeFiles/test_gazebo_ros_ackermann_drive.dir/test_gazebo_ros_ackermann_drive.cpp.o[0m
[0.961s] [ 61%] [32mBuilding CXX object test/CMakeFiles/test_gazebo_ros_ft_sensor.dir/test_gazebo_ros_ft_sensor.cpp.o[0m
[0.969s] [ 62%] [32mBuilding CXX object test/CMakeFiles/test_gazebo_ros_force.dir/test_gazebo_ros_force.cpp.o[0m
[0.983s] [ 63%] [32mBuilding CXX object test/CMakeFiles/test_gazebo_ros_hand_of_god.dir/test_gazebo_ros_hand_of_god.cpp.o[0m
[1.020s] [ 66%] Built target gazebo_ros_camera
[1.050s] [ 67%] [32mBuilding CXX object test/CMakeFiles/test_gazebo_ros_harness.dir/test_gazebo_ros_harness.cpp.o[0m
[15.850s] gmake[2]: *** [test/CMakeFiles/test_gazebo_ros_force.dir/build.make:76: test/CMakeFiles/test_gazebo_ros_force.dir/test_gazebo_ros_force.cpp.o] Interrupt
[15.850s] gmake[2]: *** [test/CMakeFiles/test_gazebo_ros_harness.dir/build.make:76: test/CMakeFiles/test_gazebo_ros_harness.dir/test_gazebo_ros_harness.cpp.o] Interrupt
[15.850s] gmake[2]: *** [test/CMakeFiles/test_gazebo_ros_hand_of_god.dir/build.make:76: test/CMakeFiles/test_gazebo_ros_hand_of_god.dir/test_gazebo_ros_hand_of_god.cpp.o] Interrupt
[15.850s] gmake[2]: *** [test/CMakeFiles/test_gazebo_ros_elevator.dir/build.make:76: test/CMakeFiles/test_gazebo_ros_elevator.dir/test_gazebo_ros_elevator.cpp.o] Interrupt
[15.850s] gmake[2]: *** [test/CMakeFiles/test_gazebo_ros_ackermann_drive.dir/build.make:76: test/CMakeFiles/test_gazebo_ros_ackermann_drive.dir/test_gazebo_ros_ackermann_drive.cpp.o] Interrupt
[15.851s] gmake[2]: *** [test/CMakeFiles/test_gazebo_ros_diff_drive.dir/build.make:76: test/CMakeFiles/test_gazebo_ros_diff_drive.dir/test_gazebo_ros_diff_drive.cpp.o] Interrupt
[15.851s] gmake[2]: *** wait: No child processes.  Stop.
[15.851s] gmake[2]: *** Waiting for unfinished jobs....
[15.851s] gmake[2]: *** wait: No child processes.  Stop.
[15.851s] gmake[2]: *** wait: No child processes.  Stop.
[15.851s] gmake[2]: *** Waiting for unfinished jobs....
[15.852s] gmake[2]: *** wait: No child processes.  Stop.
[15.852s] gmake[1]: *** [CMakeFiles/Makefile2:876: test/CMakeFiles/test_gazebo_ros_bumper.dir/all] Error 2
[15.852s] gmake[1]: *** [CMakeFiles/Makefile2:903: test/CMakeFiles/test_gazebo_ros_diff_drive.dir/all] Interrupt
[15.852s] gmake[1]: *** [CMakeFiles/Makefile2:930: test/CMakeFiles/test_gazebo_ros_elevator.dir/all] Interrupt
[15.852s] gmake[1]: *** [CMakeFiles/Makefile2:849: test/CMakeFiles/test_gazebo_ros_ackermann_drive.dir/all] Interrupt
[15.852s] gmake[1]: *** [CMakeFiles/Makefile2:984: test/CMakeFiles/test_gazebo_ros_ft_sensor.dir/all] Error 2
[15.852s] gmake[1]: *** [CMakeFiles/Makefile2:957: test/CMakeFiles/test_gazebo_ros_force.dir/all] Interrupt
[15.852s] gmake[1]: *** [CMakeFiles/Makefile2:1011: test/CMakeFiles/test_gazebo_ros_hand_of_god.dir/all] Interrupt
[15.852s] gmake[1]: *** [CMakeFiles/Makefile2:1038: test/CMakeFiles/test_gazebo_ros_harness.dir/all] Interrupt
[15.853s] gmake: *** [Makefile:146: all] Interrupt
[15.932s] Invoked command in '/home/marceloqm/gzros_sim/build/gazebo_plugins' returned '-2': CMAKE_PREFIX_PATH=/home/marceloqm/gzros_sim/install/gazebo_ros:/home/marceloqm/gzros_sim/install/gazebo_msgs:/home/marceloqm/gzros_sim/install/gazebo_dev:/home/marceloqm/gzros_sim/install/cv_bridge:/home/marceloqm/gzros_sim/install/vision_opencv:/home/marceloqm/gzros_sim/install/image_geometry:/home/marceloqm/gzros_sim/install/opencv_tests:/opt/ros/humble LD_LIBRARY_PATH=/home/marceloqm/gzros_sim/install/gazebo_ros/lib:/home/marceloqm/gzros_sim/install/gazebo_msgs/lib:/home/marceloqm/gzros_sim/install/cv_bridge/lib:/home/marceloqm/gzros_sim/install/image_geometry/lib:/opt/ros/humble/opt/rviz_ogre_vendor/lib:/opt/ros/humble/lib/x86_64-linux-gnu:/opt/ros/humble/lib /usr/bin/cmake --build /home/marceloqm/gzros_sim/build/gazebo_plugins -- -j8 -l8
