[0.011s] Invoking command in '/home/marceloqm/gzros_simulation/build/image_geometry': CMAKE_PREFIX_PATH=${CMAKE_PREFIX_PATH}:/home/marceloqm/gzros_sim/install/opencv_tests:/opt/ros/humble /usr/bin/cmake --build /home/marceloqm/gzros_simulation/build/image_geometry -- -j8 -l8
[0.019s] [0mCMake Error: The current CMakeCache.txt directory /home/marceloqm/gzros_simulation/build/image_geometry/CMakeCache.txt is different than the directory /home/marceloqm/gzros_sim/build/image_geometry where CMakeCache.txt was created. This may result in binaries being created in the wrong place. If you are not sure, reedit the CMakeCache.txt[0m
[0.072s] [ 22%] Built target gtest_main
[0.076s] [ 44%] Built target gtest
[0.076s] [ 77%] Built target image_geometry
[0.079s] [ 77%] Built target ament_cmake_python_symlink_image_geometry
[0.104s] [100%] Built target image_geometry-utest
[0.401s] running egg_info
[0.401s] writing image_geometry.egg-info/PKG-INFO
[0.402s] writing dependency_links to image_geometry.egg-info/dependency_links.txt
[0.402s] writing top-level names to image_geometry.egg-info/top_level.txt
[0.404s] reading manifest file 'image_geometry.egg-info/SOURCES.txt'
[0.404s] writing manifest file 'image_geometry.egg-info/SOURCES.txt'
[0.439s] [100%] Built target ament_cmake_python_build_image_geometry_egg
[0.451s] Invoked command in '/home/marceloqm/gzros_simulation/build/image_geometry' returned '0': CMAKE_PREFIX_PATH=${CMAKE_PREFIX_PATH}:/home/marceloqm/gzros_sim/install/opencv_tests:/opt/ros/humble /usr/bin/cmake --build /home/marceloqm/gzros_simulation/build/image_geometry -- -j8 -l8
[0.491s] Invoking command in '/home/marceloqm/gzros_simulation/build/image_geometry': CMAKE_PREFIX_PATH=${CMAKE_PREFIX_PATH}:/home/marceloqm/gzros_sim/install/opencv_tests:/opt/ros/humble /usr/bin/cmake --install /home/marceloqm/gzros_simulation/build/image_geometry
[0.499s] -- Install configuration: ""
[0.500s] -- Execute custom install script
[0.500s] -- Up-to-date symlink: /home/marceloqm/gzros_sim/install/image_geometry/share/image_geometry/environment/pythonpath.sh
[0.500s] -- Up-to-date symlink: /home/marceloqm/gzros_sim/install/image_geometry/share/image_geometry/environment/pythonpath.dsv
[0.501s] -- Up-to-date symlink: /home/marceloqm/gzros_sim/install/image_geometry/local/lib/python3.10/dist-packages/image_geometry-3.2.1-py3.10.egg-info/PKG-INFO
[0.501s] -- Up-to-date symlink: /home/marceloqm/gzros_sim/install/image_geometry/local/lib/python3.10/dist-packages/image_geometry-3.2.1-py3.10.egg-info/SOURCES.txt
[0.501s] -- Up-to-date symlink: /home/marceloqm/gzros_sim/install/image_geometry/local/lib/python3.10/dist-packages/image_geometry-3.2.1-py3.10.egg-info/dependency_links.txt
[0.501s] -- Up-to-date symlink: /home/marceloqm/gzros_sim/install/image_geometry/local/lib/python3.10/dist-packages/image_geometry-3.2.1-py3.10.egg-info/top_level.txt
[0.502s] -- Up-to-date symlink: /home/marceloqm/gzros_sim/install/image_geometry/local/lib/python3.10/dist-packages/image_geometry/__init__.py
[0.502s] -- Up-to-date symlink: /home/marceloqm/gzros_sim/install/image_geometry/local/lib/python3.10/dist-packages/image_geometry/cameramodels.py
[0.502s] -- Up-to-date symlink: /home/marceloqm/gzros_sim/install/image_geometry/include/image_geometry/image_geometry/pinhole_camera_model.h
[0.503s] -- Up-to-date symlink: /home/marceloqm/gzros_sim/install/image_geometry/include/image_geometry/image_geometry/stereo_camera_model.h
[0.503s] -- Up-to-date symlink: /home/marceloqm/gzros_sim/install/image_geometry/include/image_geometry/image_geometry/visibility_control.hpp
[0.503s] -- Up-to-date symlink: /home/marceloqm/gzros_sim/install/image_geometry/share/ament_index/resource_index/package_run_dependencies/image_geometry
[0.503s] -- Up-to-date symlink: /home/marceloqm/gzros_sim/install/image_geometry/share/ament_index/resource_index/parent_prefix_path/image_geometry
[0.504s] -- Up-to-date symlink: /home/marceloqm/gzros_sim/install/image_geometry/share/image_geometry/environment/ament_prefix_path.sh
[0.504s] -- Up-to-date symlink: /home/marceloqm/gzros_sim/install/image_geometry/share/image_geometry/environment/ament_prefix_path.dsv
[0.504s] -- Up-to-date symlink: /home/marceloqm/gzros_sim/install/image_geometry/share/image_geometry/environment/path.sh
[0.504s] -- Up-to-date symlink: /home/marceloqm/gzros_sim/install/image_geometry/share/image_geometry/environment/path.dsv
[0.505s] -- Up-to-date symlink: /home/marceloqm/gzros_sim/install/image_geometry/share/image_geometry/local_setup.bash
[0.505s] -- Up-to-date symlink: /home/marceloqm/gzros_sim/install/image_geometry/share/image_geometry/local_setup.sh
[0.505s] -- Up-to-date symlink: /home/marceloqm/gzros_sim/install/image_geometry/share/image_geometry/local_setup.zsh
[0.506s] -- Up-to-date symlink: /home/marceloqm/gzros_sim/install/image_geometry/share/image_geometry/local_setup.dsv
[0.506s] -- Up-to-date symlink: /home/marceloqm/gzros_sim/install/image_geometry/share/image_geometry/package.dsv
[0.506s] -- Up-to-date symlink: /home/marceloqm/gzros_sim/install/image_geometry/share/ament_index/resource_index/packages/image_geometry
[0.506s] -- Up-to-date symlink: /home/marceloqm/gzros_sim/install/image_geometry/share/image_geometry/cmake/ament_cmake_export_targets-extras.cmake
[0.507s] -- Up-to-date symlink: /home/marceloqm/gzros_sim/install/image_geometry/share/image_geometry/cmake/ament_cmake_export_dependencies-extras.cmake
[0.507s] -- Up-to-date symlink: /home/marceloqm/gzros_sim/install/image_geometry/share/image_geometry/cmake/image_geometryConfig.cmake
[0.507s] -- Up-to-date symlink: /home/marceloqm/gzros_sim/install/image_geometry/share/image_geometry/cmake/image_geometryConfig-version.cmake
[0.507s] -- Up-to-date symlink: /home/marceloqm/gzros_sim/install/image_geometry/share/image_geometry/package.xml
[0.544s] Listing '/home/marceloqm/gzros_sim/install/image_geometry/local/lib/python3.10/dist-packages/image_geometry'...
[0.549s] -- Up-to-date: /home/marceloqm/gzros_sim/install/image_geometry/lib/libimage_geometry.so
[0.550s] -- Up-to-date: /home/marceloqm/gzros_sim/install/image_geometry/share/image_geometry/cmake/export_image_geometryExport.cmake
[0.550s] -- Up-to-date: /home/marceloqm/gzros_sim/install/image_geometry/share/image_geometry/cmake/export_image_geometryExport-noconfig.cmake
[0.557s] Invoked command in '/home/marceloqm/gzros_simulation/build/image_geometry' returned '0': CMAKE_PREFIX_PATH=${CMAKE_PREFIX_PATH}:/home/marceloqm/gzros_sim/install/opencv_tests:/opt/ros/humble /usr/bin/cmake --install /home/marceloqm/gzros_simulation/build/image_geometry
