[0.342s] DEBUG:colcon:Command line arguments: ['/usr/bin/colcon', 'build', '--symlink-install', '--parallel-workers', '2', '--packages-select', 'gazebo_plugins']
[0.342s] DEBUG:colcon:Parsed command line arguments: Namespace(log_base=None, log_level=None, verb_name='build', build_base='build', install_base='install', merge_install=False, symlink_install=True, test_result_base=None, continue_on_error=False, executor='parallel', parallel_workers=2, event_handlers=None, ignore_user_meta=False, metas=['./colcon.meta'], base_paths=['.'], packages_ignore=None, packages_ignore_regex=None, paths=None, packages_up_to=None, packages_up_to_regex=None, packages_above=None, packages_above_and_dependencies=None, packages_above_depth=None, packages_select_by_dep=None, packages_skip_by_dep=None, packages_skip_up_to=None, packages_select_build_failed=False, packages_skip_build_finished=False, packages_select_test_failures=False, packages_skip_test_passed=False, packages_select=['gazebo_plugins'], packages_skip=None, packages_select_regex=None, packages_skip_regex=None, packages_start=None, packages_end=None, allow_overriding=[], cmake_args=None, cmake_target=None, cmake_target_skip_unavailable=False, cmake_clean_cache=False, cmake_clean_first=False, cmake_force_configure=False, ament_cmake_args=None, catkin_cmake_args=None, catkin_skip_building_tests=False, verb_parser=<colcon_defaults.argument_parser.defaults.DefaultArgumentsDecorator object at 0x7fa56445c9a0>, verb_extension=<colcon_core.verb.build.BuildVerb object at 0x7fa56445c430>, main=<bound method BuildVerb.main of <colcon_core.verb.build.BuildVerb object at 0x7fa56445c430>>)
[0.365s] Level 1:colcon.colcon_core.package_discovery:discover_packages(colcon_meta) check parameters
[0.365s] Level 1:colcon.colcon_core.package_discovery:discover_packages(recursive) check parameters
[0.365s] Level 1:colcon.colcon_core.package_discovery:discover_packages(ignore) check parameters
[0.365s] Level 1:colcon.colcon_core.package_discovery:discover_packages(path) check parameters
[0.366s] Level 1:colcon.colcon_core.package_discovery:discover_packages(colcon_meta) discover
[0.366s] Level 1:colcon.colcon_core.package_discovery:discover_packages(recursive) discover
[0.366s] INFO:colcon.colcon_core.package_discovery:Crawling recursively for packages in '/home/marceloqm/gzros_simulation'
[0.366s] Level 1:colcon.colcon_core.package_identification:_identify(.) by extensions ['ignore', 'ignore_ament_install']
[0.366s] Level 1:colcon.colcon_core.package_identification:_identify(.) by extension 'ignore'
[0.366s] Level 1:colcon.colcon_core.package_identification:_identify(.) by extension 'ignore_ament_install'
[0.366s] Level 1:colcon.colcon_core.package_identification:_identify(.) by extensions ['colcon_pkg']
[0.366s] Level 1:colcon.colcon_core.package_identification:_identify(.) by extension 'colcon_pkg'
[0.366s] Level 1:colcon.colcon_core.package_identification:_identify(.) by extensions ['colcon_meta']
[0.366s] Level 1:colcon.colcon_core.package_identification:_identify(.) by extension 'colcon_meta'
[0.366s] Level 1:colcon.colcon_core.package_identification:_identify(.) by extensions ['ros']
[0.366s] Level 1:colcon.colcon_core.package_identification:_identify(.) by extension 'ros'
[0.377s] Level 1:colcon.colcon_core.package_identification:_identify(.) by extensions ['cmake', 'python']
[0.377s] Level 1:colcon.colcon_core.package_identification:_identify(.) by extension 'cmake'
[0.377s] Level 1:colcon.colcon_core.package_identification:_identify(.) by extension 'python'
[0.377s] Level 1:colcon.colcon_core.package_identification:_identify(.) by extensions ['python_setup_py']
[0.377s] Level 1:colcon.colcon_core.package_identification:_identify(.) by extension 'python_setup_py'
[0.377s] Level 1:colcon.colcon_core.package_identification:_identify(Cpp testing) by extensions ['ignore', 'ignore_ament_install']
[0.377s] Level 1:colcon.colcon_core.package_identification:_identify(Cpp testing) by extension 'ignore'
[0.377s] Level 1:colcon.colcon_core.package_identification:_identify(Cpp testing) by extension 'ignore_ament_install'
[0.377s] Level 1:colcon.colcon_core.package_identification:_identify(Cpp testing) by extensions ['colcon_pkg']
[0.378s] Level 1:colcon.colcon_core.package_identification:_identify(Cpp testing) by extension 'colcon_pkg'
[0.378s] Level 1:colcon.colcon_core.package_identification:_identify(Cpp testing) by extensions ['colcon_meta']
[0.378s] Level 1:colcon.colcon_core.package_identification:_identify(Cpp testing) by extension 'colcon_meta'
[0.378s] Level 1:colcon.colcon_core.package_identification:_identify(Cpp testing) by extensions ['ros']
[0.378s] Level 1:colcon.colcon_core.package_identification:_identify(Cpp testing) by extension 'ros'
[0.378s] Level 1:colcon.colcon_core.package_identification:_identify(Cpp testing) by extensions ['cmake', 'python']
[0.378s] Level 1:colcon.colcon_core.package_identification:_identify(Cpp testing) by extension 'cmake'
[0.378s] Level 1:colcon.colcon_core.package_identification:_identify(Cpp testing) by extension 'python'
[0.378s] Level 1:colcon.colcon_core.package_identification:_identify(Cpp testing) by extensions ['python_setup_py']
[0.378s] Level 1:colcon.colcon_core.package_identification:_identify(Cpp testing) by extension 'python_setup_py'
[0.378s] Level 1:colcon.colcon_core.package_identification:_identify(build) by extensions ['ignore', 'ignore_ament_install']
[0.378s] Level 1:colcon.colcon_core.package_identification:_identify(build) by extension 'ignore'
[0.378s] Level 1:colcon.colcon_core.package_identification:_identify(build) ignored
[0.379s] Level 1:colcon.colcon_core.package_identification:_identify(install) by extensions ['ignore', 'ignore_ament_install']
[0.379s] Level 1:colcon.colcon_core.package_identification:_identify(install) by extension 'ignore'
[0.379s] Level 1:colcon.colcon_core.package_identification:_identify(install) ignored
[0.379s] Level 1:colcon.colcon_core.package_identification:_identify(log) by extensions ['ignore', 'ignore_ament_install']
[0.379s] Level 1:colcon.colcon_core.package_identification:_identify(log) by extension 'ignore'
[0.379s] Level 1:colcon.colcon_core.package_identification:_identify(log) ignored
[0.379s] Level 1:colcon.colcon_core.package_identification:_identify(src) by extensions ['ignore', 'ignore_ament_install']
[0.379s] Level 1:colcon.colcon_core.package_identification:_identify(src) by extension 'ignore'
[0.379s] Level 1:colcon.colcon_core.package_identification:_identify(src) by extension 'ignore_ament_install'
[0.379s] Level 1:colcon.colcon_core.package_identification:_identify(src) by extensions ['colcon_pkg']
[0.380s] Level 1:colcon.colcon_core.package_identification:_identify(src) by extension 'colcon_pkg'
[0.380s] Level 1:colcon.colcon_core.package_identification:_identify(src) by extensions ['colcon_meta']
[0.380s] Level 1:colcon.colcon_core.package_identification:_identify(src) by extension 'colcon_meta'
[0.380s] Level 1:colcon.colcon_core.package_identification:_identify(src) by extensions ['ros']
[0.380s] Level 1:colcon.colcon_core.package_identification:_identify(src) by extension 'ros'
[0.380s] Level 1:colcon.colcon_core.package_identification:_identify(src) by extensions ['cmake', 'python']
[0.380s] Level 1:colcon.colcon_core.package_identification:_identify(src) by extension 'cmake'
[0.380s] Level 1:colcon.colcon_core.package_identification:_identify(src) by extension 'python'
[0.380s] Level 1:colcon.colcon_core.package_identification:_identify(src) by extensions ['python_setup_py']
[0.380s] Level 1:colcon.colcon_core.package_identification:_identify(src) by extension 'python_setup_py'
[0.380s] Level 1:colcon.colcon_core.package_identification:_identify(src/gazebo_interface) by extensions ['ignore', 'ignore_ament_install']
[0.380s] Level 1:colcon.colcon_core.package_identification:_identify(src/gazebo_interface) by extension 'ignore'
[0.380s] Level 1:colcon.colcon_core.package_identification:_identify(src/gazebo_interface) by extension 'ignore_ament_install'
[0.380s] Level 1:colcon.colcon_core.package_identification:_identify(src/gazebo_interface) by extensions ['colcon_pkg']
[0.381s] Level 1:colcon.colcon_core.package_identification:_identify(src/gazebo_interface) by extension 'colcon_pkg'
[0.381s] Level 1:colcon.colcon_core.package_identification:_identify(src/gazebo_interface) by extensions ['colcon_meta']
[0.381s] Level 1:colcon.colcon_core.package_identification:_identify(src/gazebo_interface) by extension 'colcon_meta'
[0.381s] Level 1:colcon.colcon_core.package_identification:_identify(src/gazebo_interface) by extensions ['ros']
[0.381s] Level 1:colcon.colcon_core.package_identification:_identify(src/gazebo_interface) by extension 'ros'
[0.381s] Level 1:colcon.colcon_core.package_identification:_identify(src/gazebo_interface) by extensions ['cmake', 'python']
[0.381s] Level 1:colcon.colcon_core.package_identification:_identify(src/gazebo_interface) by extension 'cmake'
[0.381s] Level 1:colcon.colcon_core.package_identification:_identify(src/gazebo_interface) by extension 'python'
[0.381s] Level 1:colcon.colcon_core.package_identification:_identify(src/gazebo_interface) by extensions ['python_setup_py']
[0.381s] Level 1:colcon.colcon_core.package_identification:_identify(src/gazebo_interface) by extension 'python_setup_py'
[0.381s] Level 1:colcon.colcon_core.package_identification:_identify(src/gazebo_interface/src) by extensions ['ignore', 'ignore_ament_install']
[0.381s] Level 1:colcon.colcon_core.package_identification:_identify(src/gazebo_interface/src) by extension 'ignore'
[0.381s] Level 1:colcon.colcon_core.package_identification:_identify(src/gazebo_interface/src) by extension 'ignore_ament_install'
[0.382s] Level 1:colcon.colcon_core.package_identification:_identify(src/gazebo_interface/src) by extensions ['colcon_pkg']
[0.382s] Level 1:colcon.colcon_core.package_identification:_identify(src/gazebo_interface/src) by extension 'colcon_pkg'
[0.382s] Level 1:colcon.colcon_core.package_identification:_identify(src/gazebo_interface/src) by extensions ['colcon_meta']
[0.382s] Level 1:colcon.colcon_core.package_identification:_identify(src/gazebo_interface/src) by extension 'colcon_meta'
[0.382s] Level 1:colcon.colcon_core.package_identification:_identify(src/gazebo_interface/src) by extensions ['ros']
[0.382s] Level 1:colcon.colcon_core.package_identification:_identify(src/gazebo_interface/src) by extension 'ros'
[0.382s] Level 1:colcon.colcon_core.package_identification:_identify(src/gazebo_interface/src) by extensions ['cmake', 'python']
[0.382s] Level 1:colcon.colcon_core.package_identification:_identify(src/gazebo_interface/src) by extension 'cmake'
[0.382s] Level 1:colcon.colcon_core.package_identification:_identify(src/gazebo_interface/src) by extension 'python'
[0.382s] Level 1:colcon.colcon_core.package_identification:_identify(src/gazebo_interface/src) by extensions ['python_setup_py']
[0.382s] Level 1:colcon.colcon_core.package_identification:_identify(src/gazebo_interface/src) by extension 'python_setup_py'
[0.382s] Level 1:colcon.colcon_core.package_identification:_identify(src/gazebo_ros_pkgs) by extensions ['ignore', 'ignore_ament_install']
[0.382s] Level 1:colcon.colcon_core.package_identification:_identify(src/gazebo_ros_pkgs) by extension 'ignore'
[0.382s] Level 1:colcon.colcon_core.package_identification:_identify(src/gazebo_ros_pkgs) by extension 'ignore_ament_install'
[0.382s] Level 1:colcon.colcon_core.package_identification:_identify(src/gazebo_ros_pkgs) by extensions ['colcon_pkg']
[0.383s] Level 1:colcon.colcon_core.package_identification:_identify(src/gazebo_ros_pkgs) by extension 'colcon_pkg'
[0.383s] Level 1:colcon.colcon_core.package_identification:_identify(src/gazebo_ros_pkgs) by extensions ['colcon_meta']
[0.383s] Level 1:colcon.colcon_core.package_identification:_identify(src/gazebo_ros_pkgs) by extension 'colcon_meta'
[0.383s] Level 1:colcon.colcon_core.package_identification:_identify(src/gazebo_ros_pkgs) by extensions ['ros']
[0.383s] Level 1:colcon.colcon_core.package_identification:_identify(src/gazebo_ros_pkgs) by extension 'ros'
[0.383s] Level 1:colcon.colcon_core.package_identification:_identify(src/gazebo_ros_pkgs) by extensions ['cmake', 'python']
[0.383s] Level 1:colcon.colcon_core.package_identification:_identify(src/gazebo_ros_pkgs) by extension 'cmake'
[0.383s] Level 1:colcon.colcon_core.package_identification:_identify(src/gazebo_ros_pkgs) by extension 'python'
[0.383s] Level 1:colcon.colcon_core.package_identification:_identify(src/gazebo_ros_pkgs) by extensions ['python_setup_py']
[0.383s] Level 1:colcon.colcon_core.package_identification:_identify(src/gazebo_ros_pkgs) by extension 'python_setup_py'
[0.383s] Level 1:colcon.colcon_core.package_identification:_identify(src/gazebo_ros_pkgs/gazebo_dev) by extensions ['ignore', 'ignore_ament_install']
[0.383s] Level 1:colcon.colcon_core.package_identification:_identify(src/gazebo_ros_pkgs/gazebo_dev) by extension 'ignore'
[0.383s] Level 1:colcon.colcon_core.package_identification:_identify(src/gazebo_ros_pkgs/gazebo_dev) by extension 'ignore_ament_install'
[0.384s] Level 1:colcon.colcon_core.package_identification:_identify(src/gazebo_ros_pkgs/gazebo_dev) by extensions ['colcon_pkg']
[0.384s] Level 1:colcon.colcon_core.package_identification:_identify(src/gazebo_ros_pkgs/gazebo_dev) by extension 'colcon_pkg'
[0.385s] Level 1:colcon.colcon_core.package_identification:_identify(src/gazebo_ros_pkgs/gazebo_dev) by extensions ['colcon_meta']
[0.385s] Level 1:colcon.colcon_core.package_identification:_identify(src/gazebo_ros_pkgs/gazebo_dev) by extension 'colcon_meta'
[0.385s] Level 1:colcon.colcon_core.package_identification:_identify(src/gazebo_ros_pkgs/gazebo_dev) by extensions ['ros']
[0.385s] Level 1:colcon.colcon_core.package_identification:_identify(src/gazebo_ros_pkgs/gazebo_dev) by extension 'ros'
[0.389s] DEBUG:colcon.colcon_core.package_identification:Package 'src/gazebo_ros_pkgs/gazebo_dev' with type 'ros.ament_cmake' and name 'gazebo_dev'
[0.389s] Level 1:colcon.colcon_core.package_identification:_identify(src/gazebo_ros_pkgs/gazebo_msgs) by extensions ['ignore', 'ignore_ament_install']
[0.390s] Level 1:colcon.colcon_core.package_identification:_identify(src/gazebo_ros_pkgs/gazebo_msgs) by extension 'ignore'
[0.390s] Level 1:colcon.colcon_core.package_identification:_identify(src/gazebo_ros_pkgs/gazebo_msgs) by extension 'ignore_ament_install'
[0.390s] Level 1:colcon.colcon_core.package_identification:_identify(src/gazebo_ros_pkgs/gazebo_msgs) by extensions ['colcon_pkg']
[0.390s] Level 1:colcon.colcon_core.package_identification:_identify(src/gazebo_ros_pkgs/gazebo_msgs) by extension 'colcon_pkg'
[0.390s] Level 1:colcon.colcon_core.package_identification:_identify(src/gazebo_ros_pkgs/gazebo_msgs) by extensions ['colcon_meta']
[0.390s] Level 1:colcon.colcon_core.package_identification:_identify(src/gazebo_ros_pkgs/gazebo_msgs) by extension 'colcon_meta'
[0.390s] Level 1:colcon.colcon_core.package_identification:_identify(src/gazebo_ros_pkgs/gazebo_msgs) by extensions ['ros']
[0.390s] Level 1:colcon.colcon_core.package_identification:_identify(src/gazebo_ros_pkgs/gazebo_msgs) by extension 'ros'
[0.391s] DEBUG:colcon.colcon_core.package_identification:Package 'src/gazebo_ros_pkgs/gazebo_msgs' with type 'ros.ament_cmake' and name 'gazebo_msgs'
[0.391s] Level 1:colcon.colcon_core.package_identification:_identify(src/gazebo_ros_pkgs/gazebo_plugins) by extensions ['ignore', 'ignore_ament_install']
[0.391s] Level 1:colcon.colcon_core.package_identification:_identify(src/gazebo_ros_pkgs/gazebo_plugins) by extension 'ignore'
[0.391s] Level 1:colcon.colcon_core.package_identification:_identify(src/gazebo_ros_pkgs/gazebo_plugins) by extension 'ignore_ament_install'
[0.391s] Level 1:colcon.colcon_core.package_identification:_identify(src/gazebo_ros_pkgs/gazebo_plugins) by extensions ['colcon_pkg']
[0.391s] Level 1:colcon.colcon_core.package_identification:_identify(src/gazebo_ros_pkgs/gazebo_plugins) by extension 'colcon_pkg'
[0.392s] Level 1:colcon.colcon_core.package_identification:_identify(src/gazebo_ros_pkgs/gazebo_plugins) by extensions ['colcon_meta']
[0.392s] Level 1:colcon.colcon_core.package_identification:_identify(src/gazebo_ros_pkgs/gazebo_plugins) by extension 'colcon_meta'
[0.392s] Level 1:colcon.colcon_core.package_identification:_identify(src/gazebo_ros_pkgs/gazebo_plugins) by extensions ['ros']
[0.392s] Level 1:colcon.colcon_core.package_identification:_identify(src/gazebo_ros_pkgs/gazebo_plugins) by extension 'ros'
[0.393s] DEBUG:colcon.colcon_core.package_identification:Package 'src/gazebo_ros_pkgs/gazebo_plugins' with type 'ros.ament_cmake' and name 'gazebo_plugins'
[0.394s] Level 1:colcon.colcon_core.package_identification:_identify(src/gazebo_ros_pkgs/gazebo_ros) by extensions ['ignore', 'ignore_ament_install']
[0.394s] Level 1:colcon.colcon_core.package_identification:_identify(src/gazebo_ros_pkgs/gazebo_ros) by extension 'ignore'
[0.394s] Level 1:colcon.colcon_core.package_identification:_identify(src/gazebo_ros_pkgs/gazebo_ros) by extension 'ignore_ament_install'
[0.394s] Level 1:colcon.colcon_core.package_identification:_identify(src/gazebo_ros_pkgs/gazebo_ros) by extensions ['colcon_pkg']
[0.394s] Level 1:colcon.colcon_core.package_identification:_identify(src/gazebo_ros_pkgs/gazebo_ros) by extension 'colcon_pkg'
[0.395s] Level 1:colcon.colcon_core.package_identification:_identify(src/gazebo_ros_pkgs/gazebo_ros) by extensions ['colcon_meta']
[0.395s] Level 1:colcon.colcon_core.package_identification:_identify(src/gazebo_ros_pkgs/gazebo_ros) by extension 'colcon_meta'
[0.395s] Level 1:colcon.colcon_core.package_identification:_identify(src/gazebo_ros_pkgs/gazebo_ros) by extensions ['ros']
[0.395s] Level 1:colcon.colcon_core.package_identification:_identify(src/gazebo_ros_pkgs/gazebo_ros) by extension 'ros'
[0.396s] DEBUG:colcon.colcon_core.package_identification:Package 'src/gazebo_ros_pkgs/gazebo_ros' with type 'ros.ament_cmake' and name 'gazebo_ros'
[0.396s] Level 1:colcon.colcon_core.package_identification:_identify(src/gazebo_ros_pkgs/gazebo_ros_control) by extensions ['ignore', 'ignore_ament_install']
[0.396s] Level 1:colcon.colcon_core.package_identification:_identify(src/gazebo_ros_pkgs/gazebo_ros_control) by extension 'ignore'
[0.396s] Level 1:colcon.colcon_core.package_identification:_identify(src/gazebo_ros_pkgs/gazebo_ros_control) by extension 'ignore_ament_install'
[0.396s] Level 1:colcon.colcon_core.package_identification:_identify(src/gazebo_ros_pkgs/gazebo_ros_control) by extensions ['colcon_pkg']
[0.396s] Level 1:colcon.colcon_core.package_identification:_identify(src/gazebo_ros_pkgs/gazebo_ros_control) by extension 'colcon_pkg'
[0.397s] Level 1:colcon.colcon_core.package_identification:_identify(src/gazebo_ros_pkgs/gazebo_ros_control) by extensions ['colcon_meta']
[0.397s] Level 1:colcon.colcon_core.package_identification:_identify(src/gazebo_ros_pkgs/gazebo_ros_control) by extension 'colcon_meta'
[0.397s] Level 1:colcon.colcon_core.package_identification:_identify(src/gazebo_ros_pkgs/gazebo_ros_control) by extensions ['ros']
[0.397s] Level 1:colcon.colcon_core.package_identification:_identify(src/gazebo_ros_pkgs/gazebo_ros_control) by extension 'ros'
[0.397s] Level 1:colcon.colcon_core.package_identification:_identify(src/gazebo_ros_pkgs/gazebo_ros_control) by extensions ['cmake', 'python']
[0.397s] Level 1:colcon.colcon_core.package_identification:_identify(src/gazebo_ros_pkgs/gazebo_ros_control) by extension 'cmake'
[0.398s] Level 1:colcon.colcon_core.package_identification:_identify(src/gazebo_ros_pkgs/gazebo_ros_control) by extension 'python'
[0.398s] Level 1:colcon.colcon_core.package_identification:_identify(src/gazebo_ros_pkgs/gazebo_ros_control) by extensions ['python_setup_py']
[0.398s] Level 1:colcon.colcon_core.package_identification:_identify(src/gazebo_ros_pkgs/gazebo_ros_control) by extension 'python_setup_py'
[0.398s] Level 1:colcon.colcon_core.package_identification:_identify(src/gazebo_ros_pkgs/gazebo_ros_pkgs) by extensions ['ignore', 'ignore_ament_install']
[0.398s] Level 1:colcon.colcon_core.package_identification:_identify(src/gazebo_ros_pkgs/gazebo_ros_pkgs) by extension 'ignore'
[0.398s] Level 1:colcon.colcon_core.package_identification:_identify(src/gazebo_ros_pkgs/gazebo_ros_pkgs) by extension 'ignore_ament_install'
[0.398s] Level 1:colcon.colcon_core.package_identification:_identify(src/gazebo_ros_pkgs/gazebo_ros_pkgs) by extensions ['colcon_pkg']
[0.398s] Level 1:colcon.colcon_core.package_identification:_identify(src/gazebo_ros_pkgs/gazebo_ros_pkgs) by extension 'colcon_pkg'
[0.398s] Level 1:colcon.colcon_core.package_identification:_identify(src/gazebo_ros_pkgs/gazebo_ros_pkgs) by extensions ['colcon_meta']
[0.398s] Level 1:colcon.colcon_core.package_identification:_identify(src/gazebo_ros_pkgs/gazebo_ros_pkgs) by extension 'colcon_meta'
[0.398s] Level 1:colcon.colcon_core.package_identification:_identify(src/gazebo_ros_pkgs/gazebo_ros_pkgs) by extensions ['ros']
[0.398s] Level 1:colcon.colcon_core.package_identification:_identify(src/gazebo_ros_pkgs/gazebo_ros_pkgs) by extension 'ros'
[0.399s] DEBUG:colcon.colcon_core.package_identification:Package 'src/gazebo_ros_pkgs/gazebo_ros_pkgs' with type 'ros.ament_cmake' and name 'gazebo_ros_pkgs'
[0.399s] Level 1:colcon.colcon_core.package_identification:_identify(src/simple_pendulum) by extensions ['ignore', 'ignore_ament_install']
[0.399s] Level 1:colcon.colcon_core.package_identification:_identify(src/simple_pendulum) by extension 'ignore'
[0.399s] Level 1:colcon.colcon_core.package_identification:_identify(src/simple_pendulum) by extension 'ignore_ament_install'
[0.399s] Level 1:colcon.colcon_core.package_identification:_identify(src/simple_pendulum) by extensions ['colcon_pkg']
[0.399s] Level 1:colcon.colcon_core.package_identification:_identify(src/simple_pendulum) by extension 'colcon_pkg'
[0.399s] Level 1:colcon.colcon_core.package_identification:_identify(src/simple_pendulum) by extensions ['colcon_meta']
[0.399s] Level 1:colcon.colcon_core.package_identification:_identify(src/simple_pendulum) by extension 'colcon_meta'
[0.400s] Level 1:colcon.colcon_core.package_identification:_identify(src/simple_pendulum) by extensions ['ros']
[0.400s] Level 1:colcon.colcon_core.package_identification:_identify(src/simple_pendulum) by extension 'ros'
[0.400s] Level 1:colcon.colcon_core.package_identification:_identify(src/simple_pendulum) by extensions ['cmake', 'python']
[0.400s] Level 1:colcon.colcon_core.package_identification:_identify(src/simple_pendulum) by extension 'cmake'
[0.400s] Level 1:colcon.colcon_core.package_identification:_identify(src/simple_pendulum) by extension 'python'
[0.400s] Level 1:colcon.colcon_core.package_identification:_identify(src/simple_pendulum) by extensions ['python_setup_py']
[0.400s] Level 1:colcon.colcon_core.package_identification:_identify(src/simple_pendulum) by extension 'python_setup_py'
[0.400s] Level 1:colcon.colcon_core.package_identification:_identify(src/simple_pendulum/simple_pedulum_description) by extensions ['ignore', 'ignore_ament_install']
[0.400s] Level 1:colcon.colcon_core.package_identification:_identify(src/simple_pendulum/simple_pedulum_description) by extension 'ignore'
[0.400s] Level 1:colcon.colcon_core.package_identification:_identify(src/simple_pendulum/simple_pedulum_description) by extension 'ignore_ament_install'
[0.400s] Level 1:colcon.colcon_core.package_identification:_identify(src/simple_pendulum/simple_pedulum_description) by extensions ['colcon_pkg']
[0.400s] Level 1:colcon.colcon_core.package_identification:_identify(src/simple_pendulum/simple_pedulum_description) by extension 'colcon_pkg'
[0.400s] Level 1:colcon.colcon_core.package_identification:_identify(src/simple_pendulum/simple_pedulum_description) by extensions ['colcon_meta']
[0.400s] Level 1:colcon.colcon_core.package_identification:_identify(src/simple_pendulum/simple_pedulum_description) by extension 'colcon_meta'
[0.401s] Level 1:colcon.colcon_core.package_identification:_identify(src/simple_pendulum/simple_pedulum_description) by extensions ['ros']
[0.401s] Level 1:colcon.colcon_core.package_identification:_identify(src/simple_pendulum/simple_pedulum_description) by extension 'ros'
[0.401s] Level 1:colcon.colcon_core.package_identification:_identify(src/simple_pendulum/simple_pedulum_description) by extensions ['cmake', 'python']
[0.401s] Level 1:colcon.colcon_core.package_identification:_identify(src/simple_pendulum/simple_pedulum_description) by extension 'cmake'
[0.401s] Level 1:colcon.colcon_core.package_identification:_identify(src/simple_pendulum/simple_pedulum_description) by extension 'python'
[0.401s] Level 1:colcon.colcon_core.package_identification:_identify(src/simple_pendulum/simple_pedulum_description) by extensions ['python_setup_py']
[0.401s] Level 1:colcon.colcon_core.package_identification:_identify(src/simple_pendulum/simple_pedulum_description) by extension 'python_setup_py'
[0.401s] Level 1:colcon.colcon_core.package_identification:_identify(src/simple_pendulum/simple_pedulum_description/launch) by extensions ['ignore', 'ignore_ament_install']
[0.401s] Level 1:colcon.colcon_core.package_identification:_identify(src/simple_pendulum/simple_pedulum_description/launch) by extension 'ignore'
[0.401s] Level 1:colcon.colcon_core.package_identification:_identify(src/simple_pendulum/simple_pedulum_description/launch) by extension 'ignore_ament_install'
[0.401s] Level 1:colcon.colcon_core.package_identification:_identify(src/simple_pendulum/simple_pedulum_description/launch) by extensions ['colcon_pkg']
[0.401s] Level 1:colcon.colcon_core.package_identification:_identify(src/simple_pendulum/simple_pedulum_description/launch) by extension 'colcon_pkg'
[0.402s] Level 1:colcon.colcon_core.package_identification:_identify(src/simple_pendulum/simple_pedulum_description/launch) by extensions ['colcon_meta']
[0.402s] Level 1:colcon.colcon_core.package_identification:_identify(src/simple_pendulum/simple_pedulum_description/launch) by extension 'colcon_meta'
[0.402s] Level 1:colcon.colcon_core.package_identification:_identify(src/simple_pendulum/simple_pedulum_description/launch) by extensions ['ros']
[0.402s] Level 1:colcon.colcon_core.package_identification:_identify(src/simple_pendulum/simple_pedulum_description/launch) by extension 'ros'
[0.402s] Level 1:colcon.colcon_core.package_identification:_identify(src/simple_pendulum/simple_pedulum_description/launch) by extensions ['cmake', 'python']
[0.402s] Level 1:colcon.colcon_core.package_identification:_identify(src/simple_pendulum/simple_pedulum_description/launch) by extension 'cmake'
[0.402s] Level 1:colcon.colcon_core.package_identification:_identify(src/simple_pendulum/simple_pedulum_description/launch) by extension 'python'
[0.402s] Level 1:colcon.colcon_core.package_identification:_identify(src/simple_pendulum/simple_pedulum_description/launch) by extensions ['python_setup_py']
[0.402s] Level 1:colcon.colcon_core.package_identification:_identify(src/simple_pendulum/simple_pedulum_description/launch) by extension 'python_setup_py'
[0.402s] Level 1:colcon.colcon_core.package_identification:_identify(src/simple_pendulum/simple_pedulum_description/meshes) by extensions ['ignore', 'ignore_ament_install']
[0.402s] Level 1:colcon.colcon_core.package_identification:_identify(src/simple_pendulum/simple_pedulum_description/meshes) by extension 'ignore'
[0.402s] Level 1:colcon.colcon_core.package_identification:_identify(src/simple_pendulum/simple_pedulum_description/meshes) by extension 'ignore_ament_install'
[0.402s] Level 1:colcon.colcon_core.package_identification:_identify(src/simple_pendulum/simple_pedulum_description/meshes) by extensions ['colcon_pkg']
[0.403s] Level 1:colcon.colcon_core.package_identification:_identify(src/simple_pendulum/simple_pedulum_description/meshes) by extension 'colcon_pkg'
[0.403s] Level 1:colcon.colcon_core.package_identification:_identify(src/simple_pendulum/simple_pedulum_description/meshes) by extensions ['colcon_meta']
[0.403s] Level 1:colcon.colcon_core.package_identification:_identify(src/simple_pendulum/simple_pedulum_description/meshes) by extension 'colcon_meta'
[0.403s] Level 1:colcon.colcon_core.package_identification:_identify(src/simple_pendulum/simple_pedulum_description/meshes) by extensions ['ros']
[0.403s] Level 1:colcon.colcon_core.package_identification:_identify(src/simple_pendulum/simple_pedulum_description/meshes) by extension 'ros'
[0.403s] Level 1:colcon.colcon_core.package_identification:_identify(src/simple_pendulum/simple_pedulum_description/meshes) by extensions ['cmake', 'python']
[0.403s] Level 1:colcon.colcon_core.package_identification:_identify(src/simple_pendulum/simple_pedulum_description/meshes) by extension 'cmake'
[0.403s] Level 1:colcon.colcon_core.package_identification:_identify(src/simple_pendulum/simple_pedulum_description/meshes) by extension 'python'
[0.403s] Level 1:colcon.colcon_core.package_identification:_identify(src/simple_pendulum/simple_pedulum_description/meshes) by extensions ['python_setup_py']
[0.403s] Level 1:colcon.colcon_core.package_identification:_identify(src/simple_pendulum/simple_pedulum_description/meshes) by extension 'python_setup_py'
[0.403s] Level 1:colcon.colcon_core.package_identification:_identify(src/simple_pendulum/simple_pedulum_description/sdf) by extensions ['ignore', 'ignore_ament_install']
[0.403s] Level 1:colcon.colcon_core.package_identification:_identify(src/simple_pendulum/simple_pedulum_description/sdf) by extension 'ignore'
[0.403s] Level 1:colcon.colcon_core.package_identification:_identify(src/simple_pendulum/simple_pedulum_description/sdf) by extension 'ignore_ament_install'
[0.404s] Level 1:colcon.colcon_core.package_identification:_identify(src/simple_pendulum/simple_pedulum_description/sdf) by extensions ['colcon_pkg']
[0.404s] Level 1:colcon.colcon_core.package_identification:_identify(src/simple_pendulum/simple_pedulum_description/sdf) by extension 'colcon_pkg'
[0.404s] Level 1:colcon.colcon_core.package_identification:_identify(src/simple_pendulum/simple_pedulum_description/sdf) by extensions ['colcon_meta']
[0.404s] Level 1:colcon.colcon_core.package_identification:_identify(src/simple_pendulum/simple_pedulum_description/sdf) by extension 'colcon_meta'
[0.404s] Level 1:colcon.colcon_core.package_identification:_identify(src/simple_pendulum/simple_pedulum_description/sdf) by extensions ['ros']
[0.404s] Level 1:colcon.colcon_core.package_identification:_identify(src/simple_pendulum/simple_pedulum_description/sdf) by extension 'ros'
[0.404s] Level 1:colcon.colcon_core.package_identification:_identify(src/simple_pendulum/simple_pedulum_description/sdf) by extensions ['cmake', 'python']
[0.404s] Level 1:colcon.colcon_core.package_identification:_identify(src/simple_pendulum/simple_pedulum_description/sdf) by extension 'cmake'
[0.404s] Level 1:colcon.colcon_core.package_identification:_identify(src/simple_pendulum/simple_pedulum_description/sdf) by extension 'python'
[0.404s] Level 1:colcon.colcon_core.package_identification:_identify(src/simple_pendulum/simple_pedulum_description/sdf) by extensions ['python_setup_py']
[0.404s] Level 1:colcon.colcon_core.package_identification:_identify(src/simple_pendulum/simple_pedulum_description/sdf) by extension 'python_setup_py'
[0.404s] Level 1:colcon.colcon_core.package_identification:_identify(src/simple_pendulum/simple_pedulum_description/simple_pedulum_fixed) by extensions ['ignore', 'ignore_ament_install']
[0.404s] Level 1:colcon.colcon_core.package_identification:_identify(src/simple_pendulum/simple_pedulum_description/simple_pedulum_fixed) by extension 'ignore'
[0.405s] Level 1:colcon.colcon_core.package_identification:_identify(src/simple_pendulum/simple_pedulum_description/simple_pedulum_fixed) by extension 'ignore_ament_install'
[0.405s] Level 1:colcon.colcon_core.package_identification:_identify(src/simple_pendulum/simple_pedulum_description/simple_pedulum_fixed) by extensions ['colcon_pkg']
[0.405s] Level 1:colcon.colcon_core.package_identification:_identify(src/simple_pendulum/simple_pedulum_description/simple_pedulum_fixed) by extension 'colcon_pkg'
[0.405s] Level 1:colcon.colcon_core.package_identification:_identify(src/simple_pendulum/simple_pedulum_description/simple_pedulum_fixed) by extensions ['colcon_meta']
[0.405s] Level 1:colcon.colcon_core.package_identification:_identify(src/simple_pendulum/simple_pedulum_description/simple_pedulum_fixed) by extension 'colcon_meta'
[0.405s] Level 1:colcon.colcon_core.package_identification:_identify(src/simple_pendulum/simple_pedulum_description/simple_pedulum_fixed) by extensions ['ros']
[0.405s] Level 1:colcon.colcon_core.package_identification:_identify(src/simple_pendulum/simple_pedulum_description/simple_pedulum_fixed) by extension 'ros'
[0.405s] Level 1:colcon.colcon_core.package_identification:_identify(src/simple_pendulum/simple_pedulum_description/simple_pedulum_fixed) by extensions ['cmake', 'python']
[0.405s] Level 1:colcon.colcon_core.package_identification:_identify(src/simple_pendulum/simple_pedulum_description/simple_pedulum_fixed) by extension 'cmake'
[0.405s] Level 1:colcon.colcon_core.package_identification:_identify(src/simple_pendulum/simple_pedulum_description/simple_pedulum_fixed) by extension 'python'
[0.405s] Level 1:colcon.colcon_core.package_identification:_identify(src/simple_pendulum/simple_pedulum_description/simple_pedulum_fixed) by extensions ['python_setup_py']
[0.405s] Level 1:colcon.colcon_core.package_identification:_identify(src/simple_pendulum/simple_pedulum_description/simple_pedulum_fixed) by extension 'python_setup_py'
[0.405s] Level 1:colcon.colcon_core.package_identification:_identify(src/simple_pendulum/simple_pendulum_gazebo) by extensions ['ignore', 'ignore_ament_install']
[0.405s] Level 1:colcon.colcon_core.package_identification:_identify(src/simple_pendulum/simple_pendulum_gazebo) by extension 'ignore'
[0.406s] Level 1:colcon.colcon_core.package_identification:_identify(src/simple_pendulum/simple_pendulum_gazebo) by extension 'ignore_ament_install'
[0.406s] Level 1:colcon.colcon_core.package_identification:_identify(src/simple_pendulum/simple_pendulum_gazebo) by extensions ['colcon_pkg']
[0.406s] Level 1:colcon.colcon_core.package_identification:_identify(src/simple_pendulum/simple_pendulum_gazebo) by extension 'colcon_pkg'
[0.406s] Level 1:colcon.colcon_core.package_identification:_identify(src/simple_pendulum/simple_pendulum_gazebo) by extensions ['colcon_meta']
[0.406s] Level 1:colcon.colcon_core.package_identification:_identify(src/simple_pendulum/simple_pendulum_gazebo) by extension 'colcon_meta'
[0.406s] Level 1:colcon.colcon_core.package_identification:_identify(src/simple_pendulum/simple_pendulum_gazebo) by extensions ['ros']
[0.406s] Level 1:colcon.colcon_core.package_identification:_identify(src/simple_pendulum/simple_pendulum_gazebo) by extension 'ros'
[0.406s] Level 1:colcon.colcon_core.package_identification:_identify(src/simple_pendulum/simple_pendulum_gazebo) by extensions ['cmake', 'python']
[0.406s] Level 1:colcon.colcon_core.package_identification:_identify(src/simple_pendulum/simple_pendulum_gazebo) by extension 'cmake'
[0.406s] Level 1:colcon.colcon_core.package_identification:_identify(src/simple_pendulum/simple_pendulum_gazebo) by extension 'python'
[0.406s] Level 1:colcon.colcon_core.package_identification:_identify(src/simple_pendulum/simple_pendulum_gazebo) by extensions ['python_setup_py']
[0.406s] Level 1:colcon.colcon_core.package_identification:_identify(src/simple_pendulum/simple_pendulum_gazebo) by extension 'python_setup_py'
[0.406s] Level 1:colcon.colcon_core.package_identification:_identify(src/simple_pendulum/simple_pendulum_gazebo/House_test) by extensions ['ignore', 'ignore_ament_install']
[0.407s] Level 1:colcon.colcon_core.package_identification:_identify(src/simple_pendulum/simple_pendulum_gazebo/House_test) by extension 'ignore'
[0.407s] Level 1:colcon.colcon_core.package_identification:_identify(src/simple_pendulum/simple_pendulum_gazebo/House_test) by extension 'ignore_ament_install'
[0.407s] Level 1:colcon.colcon_core.package_identification:_identify(src/simple_pendulum/simple_pendulum_gazebo/House_test) by extensions ['colcon_pkg']
[0.407s] Level 1:colcon.colcon_core.package_identification:_identify(src/simple_pendulum/simple_pendulum_gazebo/House_test) by extension 'colcon_pkg'
[0.407s] Level 1:colcon.colcon_core.package_identification:_identify(src/simple_pendulum/simple_pendulum_gazebo/House_test) by extensions ['colcon_meta']
[0.407s] Level 1:colcon.colcon_core.package_identification:_identify(src/simple_pendulum/simple_pendulum_gazebo/House_test) by extension 'colcon_meta'
[0.407s] Level 1:colcon.colcon_core.package_identification:_identify(src/simple_pendulum/simple_pendulum_gazebo/House_test) by extensions ['ros']
[0.407s] Level 1:colcon.colcon_core.package_identification:_identify(src/simple_pendulum/simple_pendulum_gazebo/House_test) by extension 'ros'
[0.407s] Level 1:colcon.colcon_core.package_identification:_identify(src/simple_pendulum/simple_pendulum_gazebo/House_test) by extensions ['cmake', 'python']
[0.407s] Level 1:colcon.colcon_core.package_identification:_identify(src/simple_pendulum/simple_pendulum_gazebo/House_test) by extension 'cmake'
[0.407s] Level 1:colcon.colcon_core.package_identification:_identify(src/simple_pendulum/simple_pendulum_gazebo/House_test) by extension 'python'
[0.407s] Level 1:colcon.colcon_core.package_identification:_identify(src/simple_pendulum/simple_pendulum_gazebo/House_test) by extensions ['python_setup_py']
[0.407s] Level 1:colcon.colcon_core.package_identification:_identify(src/simple_pendulum/simple_pendulum_gazebo/House_test) by extension 'python_setup_py'
[0.407s] Level 1:colcon.colcon_core.package_identification:_identify(src/spring_mass_sim) by extensions ['ignore', 'ignore_ament_install']
[0.408s] Level 1:colcon.colcon_core.package_identification:_identify(src/spring_mass_sim) by extension 'ignore'
[0.408s] Level 1:colcon.colcon_core.package_identification:_identify(src/spring_mass_sim) by extension 'ignore_ament_install'
[0.408s] Level 1:colcon.colcon_core.package_identification:_identify(src/spring_mass_sim) by extensions ['colcon_pkg']
[0.408s] Level 1:colcon.colcon_core.package_identification:_identify(src/spring_mass_sim) by extension 'colcon_pkg'
[0.408s] Level 1:colcon.colcon_core.package_identification:_identify(src/spring_mass_sim) by extensions ['colcon_meta']
[0.408s] Level 1:colcon.colcon_core.package_identification:_identify(src/spring_mass_sim) by extension 'colcon_meta'
[0.408s] Level 1:colcon.colcon_core.package_identification:_identify(src/spring_mass_sim) by extensions ['ros']
[0.408s] Level 1:colcon.colcon_core.package_identification:_identify(src/spring_mass_sim) by extension 'ros'
[0.408s] Level 1:colcon.colcon_core.package_identification:_identify(src/spring_mass_sim) by extensions ['cmake', 'python']
[0.408s] Level 1:colcon.colcon_core.package_identification:_identify(src/spring_mass_sim) by extension 'cmake'
[0.408s] Level 1:colcon.colcon_core.package_identification:_identify(src/spring_mass_sim) by extension 'python'
[0.408s] Level 1:colcon.colcon_core.package_identification:_identify(src/spring_mass_sim) by extensions ['python_setup_py']
[0.408s] Level 1:colcon.colcon_core.package_identification:_identify(src/spring_mass_sim) by extension 'python_setup_py'
[0.408s] Level 1:colcon.colcon_core.package_identification:_identify(src/spring_mass_sim/spring_mass_description) by extensions ['ignore', 'ignore_ament_install']
[0.409s] Level 1:colcon.colcon_core.package_identification:_identify(src/spring_mass_sim/spring_mass_description) by extension 'ignore'
[0.409s] Level 1:colcon.colcon_core.package_identification:_identify(src/spring_mass_sim/spring_mass_description) by extension 'ignore_ament_install'
[0.409s] Level 1:colcon.colcon_core.package_identification:_identify(src/spring_mass_sim/spring_mass_description) by extensions ['colcon_pkg']
[0.409s] Level 1:colcon.colcon_core.package_identification:_identify(src/spring_mass_sim/spring_mass_description) by extension 'colcon_pkg'
[0.409s] Level 1:colcon.colcon_core.package_identification:_identify(src/spring_mass_sim/spring_mass_description) by extensions ['colcon_meta']
[0.409s] Level 1:colcon.colcon_core.package_identification:_identify(src/spring_mass_sim/spring_mass_description) by extension 'colcon_meta'
[0.409s] Level 1:colcon.colcon_core.package_identification:_identify(src/spring_mass_sim/spring_mass_description) by extensions ['ros']
[0.409s] Level 1:colcon.colcon_core.package_identification:_identify(src/spring_mass_sim/spring_mass_description) by extension 'ros'
[0.409s] Level 1:colcon.colcon_core.package_identification:_identify(src/spring_mass_sim/spring_mass_description) by extensions ['cmake', 'python']
[0.409s] Level 1:colcon.colcon_core.package_identification:_identify(src/spring_mass_sim/spring_mass_description) by extension 'cmake'
[0.409s] Level 1:colcon.colcon_core.package_identification:_identify(src/spring_mass_sim/spring_mass_description) by extension 'python'
[0.409s] Level 1:colcon.colcon_core.package_identification:_identify(src/spring_mass_sim/spring_mass_description) by extensions ['python_setup_py']
[0.409s] Level 1:colcon.colcon_core.package_identification:_identify(src/spring_mass_sim/spring_mass_description) by extension 'python_setup_py'
[0.409s] Level 1:colcon.colcon_core.package_identification:_identify(src/spring_mass_sim/spring_mass_description/spring_mass_simple) by extensions ['ignore', 'ignore_ament_install']
[0.410s] Level 1:colcon.colcon_core.package_identification:_identify(src/spring_mass_sim/spring_mass_description/spring_mass_simple) by extension 'ignore'
[0.410s] Level 1:colcon.colcon_core.package_identification:_identify(src/spring_mass_sim/spring_mass_description/spring_mass_simple) by extension 'ignore_ament_install'
[0.410s] Level 1:colcon.colcon_core.package_identification:_identify(src/spring_mass_sim/spring_mass_description/spring_mass_simple) by extensions ['colcon_pkg']
[0.410s] Level 1:colcon.colcon_core.package_identification:_identify(src/spring_mass_sim/spring_mass_description/spring_mass_simple) by extension 'colcon_pkg'
[0.410s] Level 1:colcon.colcon_core.package_identification:_identify(src/spring_mass_sim/spring_mass_description/spring_mass_simple) by extensions ['colcon_meta']
[0.410s] Level 1:colcon.colcon_core.package_identification:_identify(src/spring_mass_sim/spring_mass_description/spring_mass_simple) by extension 'colcon_meta'
[0.410s] Level 1:colcon.colcon_core.package_identification:_identify(src/spring_mass_sim/spring_mass_description/spring_mass_simple) by extensions ['ros']
[0.410s] Level 1:colcon.colcon_core.package_identification:_identify(src/spring_mass_sim/spring_mass_description/spring_mass_simple) by extension 'ros'
[0.410s] Level 1:colcon.colcon_core.package_identification:_identify(src/spring_mass_sim/spring_mass_description/spring_mass_simple) by extensions ['cmake', 'python']
[0.410s] Level 1:colcon.colcon_core.package_identification:_identify(src/spring_mass_sim/spring_mass_description/spring_mass_simple) by extension 'cmake'
[0.410s] Level 1:colcon.colcon_core.package_identification:_identify(src/spring_mass_sim/spring_mass_description/spring_mass_simple) by extension 'python'
[0.410s] Level 1:colcon.colcon_core.package_identification:_identify(src/spring_mass_sim/spring_mass_description/spring_mass_simple) by extensions ['python_setup_py']
[0.410s] Level 1:colcon.colcon_core.package_identification:_identify(src/spring_mass_sim/spring_mass_description/spring_mass_simple) by extension 'python_setup_py'
[0.411s] Level 1:colcon.colcon_core.package_identification:_identify(src/vision_opencv) by extensions ['ignore', 'ignore_ament_install']
[0.411s] Level 1:colcon.colcon_core.package_identification:_identify(src/vision_opencv) by extension 'ignore'
[0.411s] Level 1:colcon.colcon_core.package_identification:_identify(src/vision_opencv) by extension 'ignore_ament_install'
[0.411s] Level 1:colcon.colcon_core.package_identification:_identify(src/vision_opencv) by extensions ['colcon_pkg']
[0.411s] Level 1:colcon.colcon_core.package_identification:_identify(src/vision_opencv) by extension 'colcon_pkg'
[0.411s] Level 1:colcon.colcon_core.package_identification:_identify(src/vision_opencv) by extensions ['colcon_meta']
[0.411s] Level 1:colcon.colcon_core.package_identification:_identify(src/vision_opencv) by extension 'colcon_meta'
[0.411s] Level 1:colcon.colcon_core.package_identification:_identify(src/vision_opencv) by extensions ['ros']
[0.411s] Level 1:colcon.colcon_core.package_identification:_identify(src/vision_opencv) by extension 'ros'
[0.411s] Level 1:colcon.colcon_core.package_identification:_identify(src/vision_opencv) by extensions ['cmake', 'python']
[0.411s] Level 1:colcon.colcon_core.package_identification:_identify(src/vision_opencv) by extension 'cmake'
[0.411s] Level 1:colcon.colcon_core.package_identification:_identify(src/vision_opencv) by extension 'python'
[0.411s] Level 1:colcon.colcon_core.package_identification:_identify(src/vision_opencv) by extensions ['python_setup_py']
[0.411s] Level 1:colcon.colcon_core.package_identification:_identify(src/vision_opencv) by extension 'python_setup_py'
[0.412s] Level 1:colcon.colcon_core.package_identification:_identify(src/vision_opencv/cv_bridge) by extensions ['ignore', 'ignore_ament_install']
[0.412s] Level 1:colcon.colcon_core.package_identification:_identify(src/vision_opencv/cv_bridge) by extension 'ignore'
[0.412s] Level 1:colcon.colcon_core.package_identification:_identify(src/vision_opencv/cv_bridge) by extension 'ignore_ament_install'
[0.412s] Level 1:colcon.colcon_core.package_identification:_identify(src/vision_opencv/cv_bridge) by extensions ['colcon_pkg']
[0.412s] Level 1:colcon.colcon_core.package_identification:_identify(src/vision_opencv/cv_bridge) by extension 'colcon_pkg'
[0.412s] Level 1:colcon.colcon_core.package_identification:_identify(src/vision_opencv/cv_bridge) by extensions ['colcon_meta']
[0.412s] Level 1:colcon.colcon_core.package_identification:_identify(src/vision_opencv/cv_bridge) by extension 'colcon_meta'
[0.412s] Level 1:colcon.colcon_core.package_identification:_identify(src/vision_opencv/cv_bridge) by extensions ['ros']
[0.412s] Level 1:colcon.colcon_core.package_identification:_identify(src/vision_opencv/cv_bridge) by extension 'ros'
[0.414s] DEBUG:colcon.colcon_core.package_identification:Package 'src/vision_opencv/cv_bridge' with type 'ros.ament_cmake' and name 'cv_bridge'
[0.414s] Level 1:colcon.colcon_core.package_identification:_identify(src/vision_opencv/image_geometry) by extensions ['ignore', 'ignore_ament_install']
[0.414s] Level 1:colcon.colcon_core.package_identification:_identify(src/vision_opencv/image_geometry) by extension 'ignore'
[0.415s] Level 1:colcon.colcon_core.package_identification:_identify(src/vision_opencv/image_geometry) by extension 'ignore_ament_install'
[0.415s] Level 1:colcon.colcon_core.package_identification:_identify(src/vision_opencv/image_geometry) by extensions ['colcon_pkg']
[0.415s] Level 1:colcon.colcon_core.package_identification:_identify(src/vision_opencv/image_geometry) by extension 'colcon_pkg'
[0.415s] Level 1:colcon.colcon_core.package_identification:_identify(src/vision_opencv/image_geometry) by extensions ['colcon_meta']
[0.415s] Level 1:colcon.colcon_core.package_identification:_identify(src/vision_opencv/image_geometry) by extension 'colcon_meta'
[0.415s] Level 1:colcon.colcon_core.package_identification:_identify(src/vision_opencv/image_geometry) by extensions ['ros']
[0.415s] Level 1:colcon.colcon_core.package_identification:_identify(src/vision_opencv/image_geometry) by extension 'ros'
[0.416s] DEBUG:colcon.colcon_core.package_identification:Package 'src/vision_opencv/image_geometry' with type 'ros.ament_cmake' and name 'image_geometry'
[0.416s] Level 1:colcon.colcon_core.package_identification:_identify(src/vision_opencv/opencv_tests) by extensions ['ignore', 'ignore_ament_install']
[0.416s] Level 1:colcon.colcon_core.package_identification:_identify(src/vision_opencv/opencv_tests) by extension 'ignore'
[0.416s] Level 1:colcon.colcon_core.package_identification:_identify(src/vision_opencv/opencv_tests) by extension 'ignore_ament_install'
[0.416s] Level 1:colcon.colcon_core.package_identification:_identify(src/vision_opencv/opencv_tests) by extensions ['colcon_pkg']
[0.417s] Level 1:colcon.colcon_core.package_identification:_identify(src/vision_opencv/opencv_tests) by extension 'colcon_pkg'
[0.417s] Level 1:colcon.colcon_core.package_identification:_identify(src/vision_opencv/opencv_tests) by extensions ['colcon_meta']
[0.417s] Level 1:colcon.colcon_core.package_identification:_identify(src/vision_opencv/opencv_tests) by extension 'colcon_meta'
[0.417s] Level 1:colcon.colcon_core.package_identification:_identify(src/vision_opencv/opencv_tests) by extensions ['ros']
[0.417s] Level 1:colcon.colcon_core.package_identification:_identify(src/vision_opencv/opencv_tests) by extension 'ros'
[0.417s] DEBUG:colcon.colcon_core.package_identification:Package 'src/vision_opencv/opencv_tests' with type 'ros.ament_python' and name 'opencv_tests'
[0.418s] Level 1:colcon.colcon_core.package_identification:_identify(src/vision_opencv/vision_opencv) by extensions ['ignore', 'ignore_ament_install']
[0.418s] Level 1:colcon.colcon_core.package_identification:_identify(src/vision_opencv/vision_opencv) by extension 'ignore'
[0.418s] Level 1:colcon.colcon_core.package_identification:_identify(src/vision_opencv/vision_opencv) by extension 'ignore_ament_install'
[0.418s] Level 1:colcon.colcon_core.package_identification:_identify(src/vision_opencv/vision_opencv) by extensions ['colcon_pkg']
[0.418s] Level 1:colcon.colcon_core.package_identification:_identify(src/vision_opencv/vision_opencv) by extension 'colcon_pkg'
[0.418s] Level 1:colcon.colcon_core.package_identification:_identify(src/vision_opencv/vision_opencv) by extensions ['colcon_meta']
[0.418s] Level 1:colcon.colcon_core.package_identification:_identify(src/vision_opencv/vision_opencv) by extension 'colcon_meta'
[0.418s] Level 1:colcon.colcon_core.package_identification:_identify(src/vision_opencv/vision_opencv) by extensions ['ros']
[0.418s] Level 1:colcon.colcon_core.package_identification:_identify(src/vision_opencv/vision_opencv) by extension 'ros'
[0.419s] DEBUG:colcon.colcon_core.package_identification:Package 'src/vision_opencv/vision_opencv' with type 'ros.ament_cmake' and name 'vision_opencv'
[0.419s] Level 1:colcon.colcon_core.package_discovery:discover_packages(recursive) using defaults
[0.419s] Level 1:colcon.colcon_core.package_discovery:discover_packages(ignore) discover
[0.419s] Level 1:colcon.colcon_core.package_discovery:discover_packages(ignore) using defaults
[0.419s] Level 1:colcon.colcon_core.package_discovery:discover_packages(path) discover
[0.419s] Level 1:colcon.colcon_core.package_discovery:discover_packages(path) using defaults
[0.440s] INFO:colcon.colcon_metadata.metadata.colcon_pkg:Updating descriptor of package 'src/gazebo_ros_pkgs/gazebo_dev' from colcon.pkg: {'dependencies': ['Gazebo']}
[0.441s] INFO:colcon.colcon_metadata.metadata.colcon_pkg:Updating descriptor of package 'src/gazebo_ros_pkgs/gazebo_ros' from colcon.pkg: {'dependencies': ['Gazebo']}
[0.441s] INFO:colcon.colcon_metadata.metadata.colcon_pkg:Updating descriptor of package 'src/gazebo_ros_pkgs/gazebo_plugins' from colcon.pkg: {'dependencies': ['Gazebo']}
[0.443s] INFO:colcon.colcon_core.package_selection:Skipping not selected package 'cv_bridge' in 'src/vision_opencv/cv_bridge'
[0.443s] INFO:colcon.colcon_core.package_selection:Skipping not selected package 'gazebo_dev' in 'src/gazebo_ros_pkgs/gazebo_dev'
[0.443s] INFO:colcon.colcon_core.package_selection:Skipping not selected package 'gazebo_msgs' in 'src/gazebo_ros_pkgs/gazebo_msgs'
[0.443s] INFO:colcon.colcon_core.package_selection:Skipping not selected package 'image_geometry' in 'src/vision_opencv/image_geometry'
[0.443s] INFO:colcon.colcon_core.package_selection:Skipping not selected package 'gazebo_ros' in 'src/gazebo_ros_pkgs/gazebo_ros'
[0.444s] INFO:colcon.colcon_core.package_selection:Skipping not selected package 'opencv_tests' in 'src/vision_opencv/opencv_tests'
[0.444s] INFO:colcon.colcon_core.package_selection:Skipping not selected package 'vision_opencv' in 'src/vision_opencv/vision_opencv'
[0.444s] INFO:colcon.colcon_core.package_selection:Skipping not selected package 'gazebo_ros_pkgs' in 'src/gazebo_ros_pkgs/gazebo_ros_pkgs'
[0.444s] Level 1:colcon.colcon_core.package_discovery:discover_packages(prefix_path) check parameters
[0.444s] Level 1:colcon.colcon_core.package_discovery:discover_packages(prefix_path) discover
[0.447s] DEBUG:colcon.colcon_installed_package_information.package_discovery:Found 9 installed packages in /home/marceloqm/gzros_sim/install
[0.449s] DEBUG:colcon.colcon_installed_package_information.package_discovery:Found 287 installed packages in /opt/ros/humble
[0.451s] Level 1:colcon.colcon_core.package_discovery:discover_packages(prefix_path) using defaults
[0.513s] WARNING:colcon.colcon_core.package_selection:Some selected packages are already built in one or more underlay workspaces:
	'gazebo_plugins' is in: /home/marceloqm/gzros_sim/install/gazebo_plugins
If a package in a merged underlay workspace is overridden and it installs headers, then all packages in the overlay must sort their include directories by workspace order. Failure to do so may result in build failures or undefined behavior at run time.
If the overridden package is used by another package in any underlay, then the overriding package in the overlay must be API and ABI compatible or undefined behavior at run time may occur.

If you understand the risks and want to override a package anyways, add the following to the command line:
	--allow-overriding gazebo_plugins

This may be promoted to an error in a future release of colcon-override-check.
[0.515s] Level 5:colcon.colcon_core.verb:set package 'gazebo_plugins' build argument 'cmake_args' from command line to 'None'
[0.515s] Level 5:colcon.colcon_core.verb:set package 'gazebo_plugins' build argument 'cmake_target' from command line to 'None'
[0.515s] Level 5:colcon.colcon_core.verb:set package 'gazebo_plugins' build argument 'cmake_target_skip_unavailable' from command line to 'False'
[0.515s] Level 5:colcon.colcon_core.verb:set package 'gazebo_plugins' build argument 'cmake_clean_cache' from command line to 'False'
[0.515s] Level 5:colcon.colcon_core.verb:set package 'gazebo_plugins' build argument 'cmake_clean_first' from command line to 'False'
[0.515s] Level 5:colcon.colcon_core.verb:set package 'gazebo_plugins' build argument 'cmake_force_configure' from command line to 'False'
[0.515s] Level 5:colcon.colcon_core.verb:set package 'gazebo_plugins' build argument 'ament_cmake_args' from command line to 'None'
[0.515s] Level 5:colcon.colcon_core.verb:set package 'gazebo_plugins' build argument 'catkin_cmake_args' from command line to 'None'
[0.515s] Level 5:colcon.colcon_core.verb:set package 'gazebo_plugins' build argument 'catkin_skip_building_tests' from command line to 'False'
[0.515s] DEBUG:colcon.colcon_core.verb:Building package 'gazebo_plugins' with the following arguments: {'ament_cmake_args': None, 'build_base': '/home/marceloqm/gzros_simulation/build/gazebo_plugins', 'catkin_cmake_args': None, 'catkin_skip_building_tests': False, 'cmake_args': None, 'cmake_clean_cache': False, 'cmake_clean_first': False, 'cmake_force_configure': False, 'cmake_target': None, 'cmake_target_skip_unavailable': False, 'install_base': '/home/marceloqm/gzros_simulation/install/gazebo_plugins', 'merge_install': False, 'path': '/home/marceloqm/gzros_simulation/src/gazebo_ros_pkgs/gazebo_plugins', 'symlink_install': True, 'test_result_base': None}
[0.516s] INFO:colcon.colcon_core.executor:Executing jobs using 'parallel' executor
[0.519s] DEBUG:colcon.colcon_parallel_executor.executor.parallel:run_until_complete
[0.519s] INFO:colcon.colcon_ros.task.ament_cmake.build:Building ROS package in '/home/marceloqm/gzros_simulation/src/gazebo_ros_pkgs/gazebo_plugins' with build type 'ament_cmake'
[0.519s] INFO:colcon.colcon_cmake.task.cmake.build:Building CMake package in '/home/marceloqm/gzros_simulation/src/gazebo_ros_pkgs/gazebo_plugins'
[0.524s] INFO:colcon.colcon_core.plugin_system:Skipping extension 'colcon_core.shell.bat': Not used on non-Windows systems
[0.524s] INFO:colcon.colcon_core.shell:Skip shell extension 'powershell' for command environment: Not usable outside of PowerShell
[0.524s] DEBUG:colcon.colcon_core.shell:Skip shell extension 'dsv' for command environment
[0.539s] DEBUG:colcon.colcon_core.event_handler.log_command:Invoking command in '/home/marceloqm/gzros_simulation/build/gazebo_plugins': AMENT_PREFIX_PATH=/home/marceloqm/gzros_simulation/install/gazebo_dev:${AMENT_PREFIX_PATH} CMAKE_PREFIX_PATH=/home/marceloqm/gzros_simulation/install/gazebo_dev:/home/marceloqm/gzros_sim/install/vision_opencv:/home/marceloqm/gzros_sim/install/image_geometry:/home/marceloqm/gzros_sim/install/gazebo_ros:/home/marceloqm/gzros_sim/install/gazebo_msgs:/home/marceloqm/gzros_sim/install/gazebo_dev:/home/marceloqm/gzros_sim/install/cv_bridge:/home/marceloqm/gzros_sim/install/opencv_tests:/opt/ros/humble /usr/bin/cmake /home/marceloqm/gzros_simulation/src/gazebo_ros_pkgs/gazebo_plugins -DAMENT_CMAKE_SYMLINK_INSTALL=1 -DCMAKE_INSTALL_PREFIX=/home/marceloqm/gzros_simulation/install/gazebo_plugins
[8.411s] DEBUG:colcon.colcon_core.event_handler.log_command:Invoked command in '/home/marceloqm/gzros_simulation/build/gazebo_plugins' returned '0': AMENT_PREFIX_PATH=/home/marceloqm/gzros_simulation/install/gazebo_dev:${AMENT_PREFIX_PATH} CMAKE_PREFIX_PATH=/home/marceloqm/gzros_simulation/install/gazebo_dev:/home/marceloqm/gzros_sim/install/vision_opencv:/home/marceloqm/gzros_sim/install/image_geometry:/home/marceloqm/gzros_sim/install/gazebo_ros:/home/marceloqm/gzros_sim/install/gazebo_msgs:/home/marceloqm/gzros_sim/install/gazebo_dev:/home/marceloqm/gzros_sim/install/cv_bridge:/home/marceloqm/gzros_sim/install/opencv_tests:/opt/ros/humble /usr/bin/cmake /home/marceloqm/gzros_simulation/src/gazebo_ros_pkgs/gazebo_plugins -DAMENT_CMAKE_SYMLINK_INSTALL=1 -DCMAKE_INSTALL_PREFIX=/home/marceloqm/gzros_simulation/install/gazebo_plugins
[8.414s] DEBUG:colcon.colcon_core.event_handler.log_command:Invoking command in '/home/marceloqm/gzros_simulation/build/gazebo_plugins': AMENT_PREFIX_PATH=/home/marceloqm/gzros_simulation/install/gazebo_dev:${AMENT_PREFIX_PATH} CMAKE_PREFIX_PATH=/home/marceloqm/gzros_simulation/install/gazebo_dev:/home/marceloqm/gzros_sim/install/vision_opencv:/home/marceloqm/gzros_sim/install/image_geometry:/home/marceloqm/gzros_sim/install/gazebo_ros:/home/marceloqm/gzros_sim/install/gazebo_msgs:/home/marceloqm/gzros_sim/install/gazebo_dev:/home/marceloqm/gzros_sim/install/cv_bridge:/home/marceloqm/gzros_sim/install/opencv_tests:/opt/ros/humble /usr/bin/cmake --build /home/marceloqm/gzros_simulation/build/gazebo_plugins -- -j8 -l8
[297.638s] DEBUG:colcon.colcon_core.event_handler.log_command:Invoked command in '/home/marceloqm/gzros_simulation/build/gazebo_plugins' returned '0': AMENT_PREFIX_PATH=/home/marceloqm/gzros_simulation/install/gazebo_dev:${AMENT_PREFIX_PATH} CMAKE_PREFIX_PATH=/home/marceloqm/gzros_simulation/install/gazebo_dev:/home/marceloqm/gzros_sim/install/vision_opencv:/home/marceloqm/gzros_sim/install/image_geometry:/home/marceloqm/gzros_sim/install/gazebo_ros:/home/marceloqm/gzros_sim/install/gazebo_msgs:/home/marceloqm/gzros_sim/install/gazebo_dev:/home/marceloqm/gzros_sim/install/cv_bridge:/home/marceloqm/gzros_sim/install/opencv_tests:/opt/ros/humble /usr/bin/cmake --build /home/marceloqm/gzros_simulation/build/gazebo_plugins -- -j8 -l8
[297.770s] DEBUG:colcon.colcon_core.event_handler.log_command:Invoking command in '/home/marceloqm/gzros_simulation/build/gazebo_plugins': AMENT_PREFIX_PATH=/home/marceloqm/gzros_simulation/install/gazebo_dev:${AMENT_PREFIX_PATH} CMAKE_PREFIX_PATH=/home/marceloqm/gzros_simulation/install/gazebo_dev:/home/marceloqm/gzros_sim/install/vision_opencv:/home/marceloqm/gzros_sim/install/image_geometry:/home/marceloqm/gzros_sim/install/gazebo_ros:/home/marceloqm/gzros_sim/install/gazebo_msgs:/home/marceloqm/gzros_sim/install/gazebo_dev:/home/marceloqm/gzros_sim/install/cv_bridge:/home/marceloqm/gzros_sim/install/opencv_tests:/opt/ros/humble /usr/bin/cmake --install /home/marceloqm/gzros_simulation/build/gazebo_plugins
[298.658s] Level 1:colcon.colcon_core.environment:create_environment_scripts_only(gazebo_plugins)
[298.659s] DEBUG:colcon.colcon_core.event_handler.log_command:Invoked command in '/home/marceloqm/gzros_simulation/build/gazebo_plugins' returned '0': AMENT_PREFIX_PATH=/home/marceloqm/gzros_simulation/install/gazebo_dev:${AMENT_PREFIX_PATH} CMAKE_PREFIX_PATH=/home/marceloqm/gzros_simulation/install/gazebo_dev:/home/marceloqm/gzros_sim/install/vision_opencv:/home/marceloqm/gzros_sim/install/image_geometry:/home/marceloqm/gzros_sim/install/gazebo_ros:/home/marceloqm/gzros_sim/install/gazebo_msgs:/home/marceloqm/gzros_sim/install/gazebo_dev:/home/marceloqm/gzros_sim/install/cv_bridge:/home/marceloqm/gzros_sim/install/opencv_tests:/opt/ros/humble /usr/bin/cmake --install /home/marceloqm/gzros_simulation/build/gazebo_plugins
[298.878s] Level 1:colcon.colcon_core.environment:checking '/home/marceloqm/gzros_simulation/install/gazebo_plugins' for CMake module files
[298.895s] Level 1:colcon.colcon_core.environment:checking '/home/marceloqm/gzros_simulation/install/gazebo_plugins' for CMake config files
[298.895s] Level 1:colcon.colcon_core.shell:create_environment_hook('gazebo_plugins', 'cmake_prefix_path')
[298.897s] INFO:colcon.colcon_core.shell:Creating environment hook '/home/marceloqm/gzros_simulation/install/gazebo_plugins/share/gazebo_plugins/hook/cmake_prefix_path.ps1'
[298.921s] INFO:colcon.colcon_core.shell:Creating environment descriptor '/home/marceloqm/gzros_simulation/install/gazebo_plugins/share/gazebo_plugins/hook/cmake_prefix_path.dsv'
[298.933s] INFO:colcon.colcon_core.shell:Creating environment hook '/home/marceloqm/gzros_simulation/install/gazebo_plugins/share/gazebo_plugins/hook/cmake_prefix_path.sh'
[298.934s] Level 1:colcon.colcon_core.environment:checking '/home/marceloqm/gzros_simulation/install/gazebo_plugins/lib'
[298.934s] Level 1:colcon.colcon_core.shell:create_environment_hook('gazebo_plugins', 'ld_library_path_lib')
[298.935s] INFO:colcon.colcon_core.shell:Creating environment hook '/home/marceloqm/gzros_simulation/install/gazebo_plugins/share/gazebo_plugins/hook/ld_library_path_lib.ps1'
[298.935s] INFO:colcon.colcon_core.shell:Creating environment descriptor '/home/marceloqm/gzros_simulation/install/gazebo_plugins/share/gazebo_plugins/hook/ld_library_path_lib.dsv'
[298.936s] INFO:colcon.colcon_core.shell:Creating environment hook '/home/marceloqm/gzros_simulation/install/gazebo_plugins/share/gazebo_plugins/hook/ld_library_path_lib.sh'
[298.936s] Level 1:colcon.colcon_core.environment:checking '/home/marceloqm/gzros_simulation/install/gazebo_plugins/bin'
[298.936s] Level 1:colcon.colcon_core.environment:checking '/home/marceloqm/gzros_simulation/install/gazebo_plugins/lib/pkgconfig/gazebo_plugins.pc'
[298.936s] Level 1:colcon.colcon_core.environment:checking '/home/marceloqm/gzros_simulation/install/gazebo_plugins/lib/python3.10/site-packages'
[298.937s] Level 1:colcon.colcon_core.environment:checking '/home/marceloqm/gzros_simulation/install/gazebo_plugins/bin'
[298.938s] INFO:colcon.colcon_core.shell:Creating package script '/home/marceloqm/gzros_simulation/install/gazebo_plugins/share/gazebo_plugins/package.ps1'
[298.961s] INFO:colcon.colcon_core.shell:Creating package descriptor '/home/marceloqm/gzros_simulation/install/gazebo_plugins/share/gazebo_plugins/package.dsv'
[298.962s] INFO:colcon.colcon_core.shell:Creating package script '/home/marceloqm/gzros_simulation/install/gazebo_plugins/share/gazebo_plugins/package.sh'
[298.963s] INFO:colcon.colcon_core.shell:Creating package script '/home/marceloqm/gzros_simulation/install/gazebo_plugins/share/gazebo_plugins/package.bash'
[298.964s] INFO:colcon.colcon_core.shell:Creating package script '/home/marceloqm/gzros_simulation/install/gazebo_plugins/share/gazebo_plugins/package.zsh'
[298.966s] Level 1:colcon.colcon_core.environment:create_file_with_runtime_dependencies(/home/marceloqm/gzros_simulation/install/gazebo_plugins/share/colcon-core/packages/gazebo_plugins)
[299.098s] Level 1:colcon.colcon_core.environment:create_environment_scripts_only(gazebo_plugins)
[299.101s] Level 1:colcon.colcon_core.environment:checking '/home/marceloqm/gzros_simulation/install/gazebo_plugins' for CMake module files
[299.102s] Level 1:colcon.colcon_core.environment:checking '/home/marceloqm/gzros_simulation/install/gazebo_plugins' for CMake config files
[299.102s] Level 1:colcon.colcon_core.shell:create_environment_hook('gazebo_plugins', 'cmake_prefix_path')
[299.103s] INFO:colcon.colcon_core.shell:Creating environment hook '/home/marceloqm/gzros_simulation/install/gazebo_plugins/share/gazebo_plugins/hook/cmake_prefix_path.ps1'
[299.103s] INFO:colcon.colcon_core.shell:Creating environment descriptor '/home/marceloqm/gzros_simulation/install/gazebo_plugins/share/gazebo_plugins/hook/cmake_prefix_path.dsv'
[299.104s] INFO:colcon.colcon_core.shell:Creating environment hook '/home/marceloqm/gzros_simulation/install/gazebo_plugins/share/gazebo_plugins/hook/cmake_prefix_path.sh'
[299.104s] Level 1:colcon.colcon_core.environment:checking '/home/marceloqm/gzros_simulation/install/gazebo_plugins/lib'
[299.104s] Level 1:colcon.colcon_core.shell:create_environment_hook('gazebo_plugins', 'ld_library_path_lib')
[299.105s] INFO:colcon.colcon_core.shell:Creating environment hook '/home/marceloqm/gzros_simulation/install/gazebo_plugins/share/gazebo_plugins/hook/ld_library_path_lib.ps1'
[299.106s] INFO:colcon.colcon_core.shell:Creating environment descriptor '/home/marceloqm/gzros_simulation/install/gazebo_plugins/share/gazebo_plugins/hook/ld_library_path_lib.dsv'
[299.106s] INFO:colcon.colcon_core.shell:Creating environment hook '/home/marceloqm/gzros_simulation/install/gazebo_plugins/share/gazebo_plugins/hook/ld_library_path_lib.sh'
[299.106s] Level 1:colcon.colcon_core.environment:checking '/home/marceloqm/gzros_simulation/install/gazebo_plugins/bin'
[299.106s] Level 1:colcon.colcon_core.environment:checking '/home/marceloqm/gzros_simulation/install/gazebo_plugins/lib/pkgconfig/gazebo_plugins.pc'
[299.107s] Level 1:colcon.colcon_core.environment:checking '/home/marceloqm/gzros_simulation/install/gazebo_plugins/lib/python3.10/site-packages'
[299.107s] Level 1:colcon.colcon_core.environment:checking '/home/marceloqm/gzros_simulation/install/gazebo_plugins/bin'
[299.108s] INFO:colcon.colcon_core.shell:Creating package script '/home/marceloqm/gzros_simulation/install/gazebo_plugins/share/gazebo_plugins/package.ps1'
[299.108s] INFO:colcon.colcon_core.shell:Creating package descriptor '/home/marceloqm/gzros_simulation/install/gazebo_plugins/share/gazebo_plugins/package.dsv'
[299.109s] INFO:colcon.colcon_core.shell:Creating package script '/home/marceloqm/gzros_simulation/install/gazebo_plugins/share/gazebo_plugins/package.sh'
[299.109s] INFO:colcon.colcon_core.shell:Creating package script '/home/marceloqm/gzros_simulation/install/gazebo_plugins/share/gazebo_plugins/package.bash'
[299.109s] INFO:colcon.colcon_core.shell:Creating package script '/home/marceloqm/gzros_simulation/install/gazebo_plugins/share/gazebo_plugins/package.zsh'
[299.110s] Level 1:colcon.colcon_core.environment:create_file_with_runtime_dependencies(/home/marceloqm/gzros_simulation/install/gazebo_plugins/share/colcon-core/packages/gazebo_plugins)
[299.110s] DEBUG:colcon.colcon_parallel_executor.executor.parallel:closing loop
[299.110s] DEBUG:colcon.colcon_parallel_executor.executor.parallel:loop closed
[299.110s] DEBUG:colcon.colcon_parallel_executor.executor.parallel:run_until_complete finished with '0'
[299.110s] DEBUG:colcon.colcon_core.event_reactor:joining thread
[299.402s] INFO:colcon.colcon_core.plugin_system:Skipping extension 'colcon_notification.desktop_notification.terminal_notifier': Not used on non-Darwin systems
[299.402s] INFO:colcon.colcon_core.plugin_system:Skipping extension 'colcon_notification.desktop_notification.win32': Not used on non-Windows systems
[299.402s] INFO:colcon.colcon_notification.desktop_notification:Sending desktop notification using 'notify2'
[299.884s] DEBUG:colcon.colcon_core.event_reactor:joined thread
[299.886s] INFO:colcon.colcon_core.shell:Creating prefix script '/home/marceloqm/gzros_simulation/install/local_setup.ps1'
[299.918s] INFO:colcon.colcon_core.shell:Creating prefix util module '/home/marceloqm/gzros_simulation/install/_local_setup_util_ps1.py'
[299.962s] INFO:colcon.colcon_core.shell:Creating prefix chain script '/home/marceloqm/gzros_simulation/install/setup.ps1'
[300.046s] INFO:colcon.colcon_core.shell:Creating prefix script '/home/marceloqm/gzros_simulation/install/local_setup.sh'
[300.046s] INFO:colcon.colcon_core.shell:Creating prefix util module '/home/marceloqm/gzros_simulation/install/_local_setup_util_sh.py'
[300.047s] INFO:colcon.colcon_core.shell:Creating prefix chain script '/home/marceloqm/gzros_simulation/install/setup.sh'
[300.048s] INFO:colcon.colcon_core.shell:Creating prefix script '/home/marceloqm/gzros_simulation/install/local_setup.bash'
[300.048s] INFO:colcon.colcon_core.shell:Creating prefix chain script '/home/marceloqm/gzros_simulation/install/setup.bash'
[300.050s] INFO:colcon.colcon_core.shell:Creating prefix script '/home/marceloqm/gzros_simulation/install/local_setup.zsh'
[300.050s] INFO:colcon.colcon_core.shell:Creating prefix chain script '/home/marceloqm/gzros_simulation/install/setup.zsh'
