[0.030s] Invoking command in '/home/marceloqm/gzros_simulation/build/gazebo_plugins': AMENT_PREFIX_PATH=/home/marceloqm/gzros_simulation/install/gazebo_ros:/home/marceloqm/gzros_simulation/install/gazebo_msgs:/home/marceloqm/gzros_simulation/install/gazebo_dev:/home/marceloqm/gzros_simulation/install/cv_bridge:${AMENT_PREFIX_PATH} CMAKE_PREFIX_PATH=/home/marceloqm/gzros_simulation/install/gazebo_ros:/home/marceloqm/gzros_simulation/install/gazebo_msgs:/home/marceloqm/gzros_simulation/install/gazebo_dev:/home/marceloqm/gzros_simulation/install/cv_bridge:/home/marceloqm/gzros_sim/install/vision_opencv:/home/marceloqm/gzros_sim/install/image_geometry:/home/marceloqm/gzros_sim/install/gazebo_ros:/home/marceloqm/gzros_sim/install/gazebo_msgs:/home/marceloqm/gzros_sim/install/gazebo_dev:/home/marceloqm/gzros_sim/install/cv_bridge:/home/marceloqm/gzros_sim/install/opencv_tests:/opt/ros/humble LD_LIBRARY_PATH=/home/marceloqm/gzros_simulation/install/gazebo_ros/lib:/home/marceloqm/gzros_simulation/install/gazebo_msgs/lib:/home/marceloqm/gzros_simulation/install/cv_bridge/lib:${LD_LIBRARY_PATH} PYTHONPATH=/home/marceloqm/gzros_simulation/install/gazebo_ros/local/lib/python3.10/dist-packages:/home/marceloqm/gzros_simulation/install/gazebo_msgs/local/lib/python3.10/dist-packages:/home/marceloqm/gzros_simulation/install/cv_bridge/local/lib/python3.10/dist-packages:${PYTHONPATH} /usr/bin/cmake --build /home/marceloqm/gzros_simulation/build/gazebo_plugins -- -j8 -l8
[0.160s] [35m[1mConsolidate compiler generated dependencies of target gazebo_ros_joint_state_publisher[0m
[0.161s] [35m[1mConsolidate compiler generated dependencies of target multi_camera_plugin[0m
[0.163s] [35m[1mConsolidate compiler generated dependencies of target gazebo_ros_force[0m
[0.165s] [35m[1mConsolidate compiler generated dependencies of target gazebo_ros_imu_sensor[0m
[0.175s] [35m[1mConsolidate compiler generated dependencies of target gazebo_ros_diff_drive[0m
[0.191s] [35m[1mConsolidate compiler generated dependencies of target gazebo_ros_template[0m
[0.210s] [  2%] Built target gazebo_ros_imu_sensor
[0.215s] [  4%] Built target gazebo_ros_joint_state_publisher
[0.221s] [  6%] Built target gazebo_ros_force
[0.229s] [  9%] Built target multi_camera_plugin
[0.236s] [ 11%] Built target gazebo_ros_diff_drive
[0.241s] [ 13%] Built target gazebo_ros_template
[0.248s] [35m[1mConsolidate compiler generated dependencies of target gazebo_ros_p3d[0m
[0.251s] [35m[1mConsolidate compiler generated dependencies of target gazebo_ros_ray_sensor[0m
[0.253s] [35m[1mConsolidate compiler generated dependencies of target gazebo_ros_ft_sensor[0m
[0.261s] [35m[1mConsolidate compiler generated dependencies of target gazebo_ros_tricycle_drive[0m
[0.266s] [35m[1mConsolidate compiler generated dependencies of target gazebo_ros_video[0m
[0.277s] [35m[1mConsolidate compiler generated dependencies of target gazebo_ros_bumper[0m
[0.310s] [ 17%] Built target gazebo_ros_p3d
[0.310s] [ 18%] Built target gazebo_ros_ft_sensor
[0.321s] [ 20%] Built target gazebo_ros_tricycle_drive
[0.326s] [ 23%] Built target gazebo_ros_bumper
[0.333s] [ 25%] Built target gazebo_ros_ray_sensor
[0.340s] [35m[1mConsolidate compiler generated dependencies of target gazebo_ros_gps_sensor[0m
[0.341s] [35m[1mConsolidate compiler generated dependencies of target gazebo_ros_elevator[0m
[0.348s] [35m[1mConsolidate compiler generated dependencies of target gazebo_ros_harness[0m
[0.349s] [35m[1mConsolidate compiler generated dependencies of target gazebo_ros_ackermann_drive[0m
[0.361s] [35m[1mConsolidate compiler generated dependencies of target gazebo_ros_vacuum_gripper[0m
[0.389s] [ 27%] Built target gazebo_ros_video
[0.395s] [ 30%] Built target gazebo_ros_elevator
[0.400s] [ 32%] Built target gazebo_ros_ackermann_drive
[0.400s] [ 34%] Built target gazebo_ros_harness
[0.421s] [ 37%] Built target gazebo_ros_vacuum_gripper
[0.425s] [35m[1mConsolidate compiler generated dependencies of target gazebo_ros_joint_pose_trajectory[0m
[0.435s] [ 39%] Built target gazebo_ros_gps_sensor
[0.445s] [35m[1mConsolidate compiler generated dependencies of target gazebo_ros_projector[0m
[0.452s] [35m[1mConsolidate compiler generated dependencies of target gtest[0m
[0.453s] [35m[1mConsolidate compiler generated dependencies of target gazebo_ros_wheel_slip[0m
[0.454s] [35m[1mConsolidate compiler generated dependencies of target gazebo_ros_planar_move[0m
[0.475s] [35m[1mConsolidate compiler generated dependencies of target gtest_main[0m
[0.475s] [ 41%] Built target gtest
[0.485s] [ 44%] Built target gazebo_ros_joint_pose_trajectory
[0.505s] [35m[1mConsolidate compiler generated dependencies of target gazebo_ros_camera[0m
[0.525s] [35m[1mConsolidate compiler generated dependencies of target gazebo_ros_hand_of_god[0m
[0.525s] [ 46%] Built target gtest_main
[0.536s] [ 48%] Built target gazebo_ros_planar_move
[0.543s] [ 51%] Built target gazebo_ros_projector
[0.546s] [ 53%] Built target gazebo_ros_wheel_slip
[0.558s] [35m[1mConsolidate compiler generated dependencies of target test_gazebo_ros_ackermann_drive[0m
[0.569s] [35m[1mConsolidate compiler generated dependencies of target test_gazebo_ros_force[0m
[0.570s] [35m[1mConsolidate compiler generated dependencies of target test_gazebo_ros_elevator[0m
[0.570s] [35m[1mConsolidate compiler generated dependencies of target test_gazebo_ros_diff_drive[0m
[0.571s] [ 58%] Built target gazebo_ros_hand_of_god
[0.572s] [ 58%] Built target gazebo_ros_camera
[0.590s] [35m[1mConsolidate compiler generated dependencies of target test_gazebo_ros_ft_sensor[0m
[0.591s] [35m[1mConsolidate compiler generated dependencies of target test_gazebo_ros_bumper[0m
[0.625s] [ 60%] Built target test_gazebo_ros_ackermann_drive
[0.642s] [ 62%] Built target test_gazebo_ros_force
[0.643s] [35m[1mConsolidate compiler generated dependencies of target test_gazebo_ros_harness[0m
[0.646s] [ 65%] Built target test_gazebo_ros_diff_drive
[0.665s] [35m[1mConsolidate compiler generated dependencies of target test_gazebo_ros_gps_sensor[0m
[0.665s] [ 67%] Built target test_gazebo_ros_elevator
[0.665s] [35m[1mConsolidate compiler generated dependencies of target test_gazebo_ros_imu_sensor[0m
[0.675s] [ 69%] Built target test_gazebo_ros_ft_sensor
[0.676s] [ 72%] Built target test_gazebo_ros_bumper
[0.685s] [35m[1mConsolidate compiler generated dependencies of target test_gazebo_ros_joint_pose_trajectory[0m
[0.699s] [35m[1mConsolidate compiler generated dependencies of target test_gazebo_ros_joint_state_publisher[0m
[0.699s] [35m[1mConsolidate compiler generated dependencies of target test_gazebo_ros_p3d[0m
[0.725s] [ 74%] Built target test_gazebo_ros_harness
[0.728s] [ 76%] Built target test_gazebo_ros_imu_sensor
[0.745s] [35m[1mConsolidate compiler generated dependencies of target test_gazebo_ros_planar_move[0m
[0.747s] [ 79%] Built target test_gazebo_ros_gps_sensor
[0.750s] [35m[1mConsolidate compiler generated dependencies of target test_gazebo_ros_ray_sensor[0m
[0.761s] [ 81%] Built target test_gazebo_ros_joint_pose_trajectory
[0.769s] [35m[1mConsolidate compiler generated dependencies of target test_gazebo_ros_tricycle_drive[0m
[0.772s] [ 83%] Built target test_gazebo_ros_joint_state_publisher
[0.775s] [35m[1mConsolidate compiler generated dependencies of target test_gazebo_ros_vacuum_gripper[0m
[0.790s] [35m[1mConsolidate compiler generated dependencies of target test_gazebo_ros_wheelslip[0m
[0.795s] [ 86%] Built target test_gazebo_ros_p3d
[0.816s] [35m[1mConsolidate compiler generated dependencies of target test_gazebo_ros_hand_of_god[0m
[0.827s] [ 88%] Built target test_gazebo_ros_planar_move
[0.833s] [ 90%] Built target test_gazebo_ros_ray_sensor
[0.846s] [ 93%] Built target test_gazebo_ros_tricycle_drive
[0.854s] [ 95%] Built target test_gazebo_ros_vacuum_gripper
[0.854s] [ 97%] Built target test_gazebo_ros_wheelslip
[0.878s] [100%] Built target test_gazebo_ros_hand_of_god
[0.893s] Invoked command in '/home/marceloqm/gzros_simulation/build/gazebo_plugins' returned '0': AMENT_PREFIX_PATH=/home/marceloqm/gzros_simulation/install/gazebo_ros:/home/marceloqm/gzros_simulation/install/gazebo_msgs:/home/marceloqm/gzros_simulation/install/gazebo_dev:/home/marceloqm/gzros_simulation/install/cv_bridge:${AMENT_PREFIX_PATH} CMAKE_PREFIX_PATH=/home/marceloqm/gzros_simulation/install/gazebo_ros:/home/marceloqm/gzros_simulation/install/gazebo_msgs:/home/marceloqm/gzros_simulation/install/gazebo_dev:/home/marceloqm/gzros_simulation/install/cv_bridge:/home/marceloqm/gzros_sim/install/vision_opencv:/home/marceloqm/gzros_sim/install/image_geometry:/home/marceloqm/gzros_sim/install/gazebo_ros:/home/marceloqm/gzros_sim/install/gazebo_msgs:/home/marceloqm/gzros_sim/install/gazebo_dev:/home/marceloqm/gzros_sim/install/cv_bridge:/home/marceloqm/gzros_sim/install/opencv_tests:/opt/ros/humble LD_LIBRARY_PATH=/home/marceloqm/gzros_simulation/install/gazebo_ros/lib:/home/marceloqm/gzros_simulation/install/gazebo_msgs/lib:/home/marceloqm/gzros_simulation/install/cv_bridge/lib:${LD_LIBRARY_PATH} PYTHONPATH=/home/marceloqm/gzros_simulation/install/gazebo_ros/local/lib/python3.10/dist-packages:/home/marceloqm/gzros_simulation/install/gazebo_msgs/local/lib/python3.10/dist-packages:/home/marceloqm/gzros_simulation/install/cv_bridge/local/lib/python3.10/dist-packages:${PYTHONPATH} /usr/bin/cmake --build /home/marceloqm/gzros_simulation/build/gazebo_plugins -- -j8 -l8
[1.025s] Invoking command in '/home/marceloqm/gzros_simulation/build/gazebo_plugins': AMENT_PREFIX_PATH=/home/marceloqm/gzros_simulation/install/gazebo_ros:/home/marceloqm/gzros_simulation/install/gazebo_msgs:/home/marceloqm/gzros_simulation/install/gazebo_dev:/home/marceloqm/gzros_simulation/install/cv_bridge:${AMENT_PREFIX_PATH} CMAKE_PREFIX_PATH=/home/marceloqm/gzros_simulation/install/gazebo_ros:/home/marceloqm/gzros_simulation/install/gazebo_msgs:/home/marceloqm/gzros_simulation/install/gazebo_dev:/home/marceloqm/gzros_simulation/install/cv_bridge:/home/marceloqm/gzros_sim/install/vision_opencv:/home/marceloqm/gzros_sim/install/image_geometry:/home/marceloqm/gzros_sim/install/gazebo_ros:/home/marceloqm/gzros_sim/install/gazebo_msgs:/home/marceloqm/gzros_sim/install/gazebo_dev:/home/marceloqm/gzros_sim/install/cv_bridge:/home/marceloqm/gzros_sim/install/opencv_tests:/opt/ros/humble LD_LIBRARY_PATH=/home/marceloqm/gzros_simulation/install/gazebo_ros/lib:/home/marceloqm/gzros_simulation/install/gazebo_msgs/lib:/home/marceloqm/gzros_simulation/install/cv_bridge/lib:${LD_LIBRARY_PATH} PYTHONPATH=/home/marceloqm/gzros_simulation/install/gazebo_ros/local/lib/python3.10/dist-packages:/home/marceloqm/gzros_simulation/install/gazebo_msgs/local/lib/python3.10/dist-packages:/home/marceloqm/gzros_simulation/install/cv_bridge/local/lib/python3.10/dist-packages:${PYTHONPATH} /usr/bin/cmake --install /home/marceloqm/gzros_simulation/build/gazebo_plugins
[1.034s] -- Install configuration: ""
[1.035s] -- Execute custom install script
[1.035s] -- Up-to-date symlink: /home/marceloqm/gzros_simulation/install/gazebo_plugins/share/gazebo_plugins/environment/library_path.sh
[1.035s] -- Up-to-date symlink: /home/marceloqm/gzros_simulation/install/gazebo_plugins/share/gazebo_plugins/environment/library_path.dsv
[1.035s] -- Up-to-date symlink: /home/marceloqm/gzros_simulation/install/gazebo_plugins/share/gazebo_plugins/environment/gazebo_plugins.sh
[1.036s] -- Up-to-date symlink: /home/marceloqm/gzros_simulation/install/gazebo_plugins/share/gazebo_plugins/environment/gazebo_plugins.dsv
[1.036s] -- Up-to-date symlink: /home/marceloqm/gzros_simulation/install/gazebo_plugins/share/ament_index/resource_index/package_run_dependencies/gazebo_plugins
[1.036s] -- Up-to-date symlink: /home/marceloqm/gzros_simulation/install/gazebo_plugins/share/ament_index/resource_index/parent_prefix_path/gazebo_plugins
[1.036s] -- Up-to-date symlink: /home/marceloqm/gzros_simulation/install/gazebo_plugins/share/gazebo_plugins/environment/ament_prefix_path.sh
[1.036s] -- Up-to-date symlink: /home/marceloqm/gzros_simulation/install/gazebo_plugins/share/gazebo_plugins/environment/ament_prefix_path.dsv
[1.037s] -- Up-to-date symlink: /home/marceloqm/gzros_simulation/install/gazebo_plugins/share/gazebo_plugins/environment/path.sh
[1.037s] -- Up-to-date symlink: /home/marceloqm/gzros_simulation/install/gazebo_plugins/share/gazebo_plugins/environment/path.dsv
[1.037s] -- Up-to-date symlink: /home/marceloqm/gzros_simulation/install/gazebo_plugins/share/gazebo_plugins/local_setup.bash
[1.037s] -- Up-to-date symlink: /home/marceloqm/gzros_simulation/install/gazebo_plugins/share/gazebo_plugins/local_setup.sh
[1.037s] -- Up-to-date symlink: /home/marceloqm/gzros_simulation/install/gazebo_plugins/share/gazebo_plugins/local_setup.zsh
[1.037s] -- Up-to-date symlink: /home/marceloqm/gzros_simulation/install/gazebo_plugins/share/gazebo_plugins/local_setup.dsv
[1.038s] -- Symlinking: /home/marceloqm/gzros_simulation/install/gazebo_plugins/share/gazebo_plugins/package.dsv
[1.047s] -- Up-to-date symlink: /home/marceloqm/gzros_simulation/install/gazebo_plugins/share/ament_index/resource_index/packages/gazebo_plugins
[1.047s] -- Up-to-date symlink: /home/marceloqm/gzros_simulation/install/gazebo_plugins/share/gazebo_plugins/cmake/ament_cmake_export_libraries-extras.cmake
[1.048s] -- Up-to-date symlink: /home/marceloqm/gzros_simulation/install/gazebo_plugins/share/gazebo_plugins/cmake/ament_cmake_export_include_directories-extras.cmake
[1.048s] -- Up-to-date symlink: /home/marceloqm/gzros_simulation/install/gazebo_plugins/share/gazebo_plugins/cmake/ament_cmake_export_dependencies-extras.cmake
[1.048s] -- Up-to-date symlink: /home/marceloqm/gzros_simulation/install/gazebo_plugins/share/gazebo_plugins/cmake/gazebo_pluginsConfig.cmake
[1.048s] -- Up-to-date symlink: /home/marceloqm/gzros_simulation/install/gazebo_plugins/share/gazebo_plugins/cmake/gazebo_pluginsConfig-version.cmake
[1.048s] -- Up-to-date symlink: /home/marceloqm/gzros_simulation/install/gazebo_plugins/share/gazebo_plugins/package.xml
[1.049s] -- Up-to-date symlink: /home/marceloqm/gzros_simulation/install/gazebo_plugins/include/gazebo_plugins/gazebo_ros_ackermann_drive.hpp
[1.049s] -- Up-to-date symlink: /home/marceloqm/gzros_simulation/install/gazebo_plugins/include/gazebo_plugins/gazebo_ros_bumper.hpp
[1.049s] -- Up-to-date symlink: /home/marceloqm/gzros_simulation/install/gazebo_plugins/include/gazebo_plugins/gazebo_ros_camera.hpp
[1.050s] -- Up-to-date symlink: /home/marceloqm/gzros_simulation/install/gazebo_plugins/include/gazebo_plugins/gazebo_ros_diff_drive.hpp
[1.050s] -- Up-to-date symlink: /home/marceloqm/gzros_simulation/install/gazebo_plugins/include/gazebo_plugins/gazebo_ros_elevator.hpp
[1.050s] -- Up-to-date symlink: /home/marceloqm/gzros_simulation/install/gazebo_plugins/include/gazebo_plugins/gazebo_ros_force.hpp
[1.050s] -- Up-to-date symlink: /home/marceloqm/gzros_simulation/install/gazebo_plugins/include/gazebo_plugins/gazebo_ros_ft_sensor.hpp
[1.050s] -- Up-to-date symlink: /home/marceloqm/gzros_simulation/install/gazebo_plugins/include/gazebo_plugins/gazebo_ros_gps_sensor.hpp
[1.050s] -- Up-to-date symlink: /home/marceloqm/gzros_simulation/install/gazebo_plugins/include/gazebo_plugins/gazebo_ros_hand_of_god.hpp
[1.050s] -- Up-to-date symlink: /home/marceloqm/gzros_simulation/install/gazebo_plugins/include/gazebo_plugins/gazebo_ros_harness.hpp
[1.050s] -- Up-to-date symlink: /home/marceloqm/gzros_simulation/install/gazebo_plugins/include/gazebo_plugins/gazebo_ros_imu_sensor.hpp
[1.050s] -- Up-to-date symlink: /home/marceloqm/gzros_simulation/install/gazebo_plugins/include/gazebo_plugins/gazebo_ros_joint_pose_trajectory.hpp
[1.050s] -- Up-to-date symlink: /home/marceloqm/gzros_simulation/install/gazebo_plugins/include/gazebo_plugins/gazebo_ros_joint_state_publisher.hpp
[1.051s] -- Up-to-date symlink: /home/marceloqm/gzros_simulation/install/gazebo_plugins/include/gazebo_plugins/gazebo_ros_p3d.hpp
[1.051s] -- Up-to-date symlink: /home/marceloqm/gzros_simulation/install/gazebo_plugins/include/gazebo_plugins/gazebo_ros_planar_move.hpp
[1.051s] -- Up-to-date symlink: /home/marceloqm/gzros_simulation/install/gazebo_plugins/include/gazebo_plugins/gazebo_ros_projector.hpp
[1.051s] -- Up-to-date symlink: /home/marceloqm/gzros_simulation/install/gazebo_plugins/include/gazebo_plugins/gazebo_ros_ray_sensor.hpp
[1.051s] -- Up-to-date symlink: /home/marceloqm/gzros_simulation/install/gazebo_plugins/include/gazebo_plugins/gazebo_ros_template.hpp
[1.051s] -- Up-to-date symlink: /home/marceloqm/gzros_simulation/install/gazebo_plugins/include/gazebo_plugins/gazebo_ros_tricycle_drive.hpp
[1.051s] -- Up-to-date symlink: /home/marceloqm/gzros_simulation/install/gazebo_plugins/include/gazebo_plugins/gazebo_ros_vacuum_gripper.hpp
[1.052s] -- Up-to-date symlink: /home/marceloqm/gzros_simulation/install/gazebo_plugins/include/gazebo_plugins/gazebo_ros_video.hpp
[1.052s] -- Up-to-date symlink: /home/marceloqm/gzros_simulation/install/gazebo_plugins/include/gazebo_plugins/gazebo_ros_wheel_slip.hpp
[1.052s] -- Up-to-date symlink: /home/marceloqm/gzros_simulation/install/gazebo_plugins/include/gazebo_plugins/multi_camera_plugin.hpp
[1.052s] -- Up-to-date symlink: /home/marceloqm/gzros_simulation/install/gazebo_plugins/lib/libgazebo_ros_ackermann_drive.so
[1.052s] -- Up-to-date symlink: /home/marceloqm/gzros_simulation/install/gazebo_plugins/lib/libgazebo_ros_bumper.so
[1.053s] -- Up-to-date symlink: /home/marceloqm/gzros_simulation/install/gazebo_plugins/lib/libgazebo_ros_camera.so
[1.053s] -- Up-to-date symlink: /home/marceloqm/gzros_simulation/install/gazebo_plugins/lib/libgazebo_ros_diff_drive.so
[1.053s] -- Up-to-date symlink: /home/marceloqm/gzros_simulation/install/gazebo_plugins/lib/libgazebo_ros_elevator.so
[1.053s] -- Up-to-date symlink: /home/marceloqm/gzros_simulation/install/gazebo_plugins/lib/libgazebo_ros_force.so
[1.053s] -- Up-to-date symlink: /home/marceloqm/gzros_simulation/install/gazebo_plugins/lib/libgazebo_ros_ft_sensor.so
[1.053s] -- Up-to-date symlink: /home/marceloqm/gzros_simulation/install/gazebo_plugins/lib/libgazebo_ros_hand_of_god.so
[1.054s] -- Up-to-date symlink: /home/marceloqm/gzros_simulation/install/gazebo_plugins/lib/libgazebo_ros_harness.so
[1.054s] -- Up-to-date symlink: /home/marceloqm/gzros_simulation/install/gazebo_plugins/lib/libgazebo_ros_imu_sensor.so
[1.054s] -- Up-to-date symlink: /home/marceloqm/gzros_simulation/install/gazebo_plugins/lib/libgazebo_ros_gps_sensor.so
[1.054s] -- Up-to-date symlink: /home/marceloqm/gzros_simulation/install/gazebo_plugins/lib/libgazebo_ros_joint_pose_trajectory.so
[1.054s] -- Up-to-date symlink: /home/marceloqm/gzros_simulation/install/gazebo_plugins/lib/libgazebo_ros_joint_state_publisher.so
[1.054s] -- Up-to-date symlink: /home/marceloqm/gzros_simulation/install/gazebo_plugins/lib/libgazebo_ros_planar_move.so
[1.055s] -- Up-to-date symlink: /home/marceloqm/gzros_simulation/install/gazebo_plugins/lib/libgazebo_ros_projector.so
[1.055s] -- Up-to-date symlink: /home/marceloqm/gzros_simulation/install/gazebo_plugins/lib/libgazebo_ros_ray_sensor.so
[1.055s] -- Up-to-date symlink: /home/marceloqm/gzros_simulation/install/gazebo_plugins/lib/libgazebo_ros_p3d.so
[1.055s] -- Up-to-date symlink: /home/marceloqm/gzros_simulation/install/gazebo_plugins/lib/libgazebo_ros_template.so
[1.055s] -- Up-to-date symlink: /home/marceloqm/gzros_simulation/install/gazebo_plugins/lib/libgazebo_ros_tricycle_drive.so
[1.056s] -- Up-to-date symlink: /home/marceloqm/gzros_simulation/install/gazebo_plugins/lib/libgazebo_ros_vacuum_gripper.so
[1.056s] -- Up-to-date symlink: /home/marceloqm/gzros_simulation/install/gazebo_plugins/lib/libgazebo_ros_video.so
[1.056s] -- Up-to-date symlink: /home/marceloqm/gzros_simulation/install/gazebo_plugins/lib/libmulti_camera_plugin.so
[1.056s] -- Up-to-date symlink: /home/marceloqm/gzros_simulation/install/gazebo_plugins/lib/libgazebo_ros_wheel_slip.so
[1.056s] -- Up-to-date symlink: /home/marceloqm/gzros_simulation/install/gazebo_plugins/lib/gazebo_plugins//wheel_slip_drawbar_pull_publisher.py
[1.057s] -- Up-to-date symlink: /home/marceloqm/gzros_simulation/install/gazebo_plugins/share/gazebo_plugins//worlds/gazebo_ros_ackermann_drive_demo.world
[1.057s] -- Up-to-date symlink: /home/marceloqm/gzros_simulation/install/gazebo_plugins/share/gazebo_plugins//worlds/gazebo_ros_bumper_demo.world
[1.057s] -- Up-to-date symlink: /home/marceloqm/gzros_simulation/install/gazebo_plugins/share/gazebo_plugins//worlds/gazebo_ros_camera_demo.world
[1.057s] -- Up-to-date symlink: /home/marceloqm/gzros_simulation/install/gazebo_plugins/share/gazebo_plugins//worlds/gazebo_ros_camera_distortion_barrel_demo.world
[1.058s] -- Up-to-date symlink: /home/marceloqm/gzros_simulation/install/gazebo_plugins/share/gazebo_plugins//worlds/gazebo_ros_camera_distortion_pincushion_demo.world
[1.058s] -- Up-to-date symlink: /home/marceloqm/gzros_simulation/install/gazebo_plugins/share/gazebo_plugins//worlds/gazebo_ros_camera_triggered_demo.world
[1.058s] -- Up-to-date symlink: /home/marceloqm/gzros_simulation/install/gazebo_plugins/share/gazebo_plugins//worlds/gazebo_ros_depth_camera_demo.world
[1.058s] -- Up-to-date symlink: /home/marceloqm/gzros_simulation/install/gazebo_plugins/share/gazebo_plugins//worlds/gazebo_ros_diff_drive_demo.world
[1.058s] -- Up-to-date symlink: /home/marceloqm/gzros_simulation/install/gazebo_plugins/share/gazebo_plugins//worlds/gazebo_ros_elevator_demo.world
[1.058s] -- Up-to-date symlink: /home/marceloqm/gzros_simulation/install/gazebo_plugins/share/gazebo_plugins//worlds/gazebo_ros_force_demo.world
[1.059s] -- Up-to-date symlink: /home/marceloqm/gzros_simulation/install/gazebo_plugins/share/gazebo_plugins//worlds/gazebo_ros_ft_sensor_demo.world
[1.059s] -- Up-to-date symlink: /home/marceloqm/gzros_simulation/install/gazebo_plugins/share/gazebo_plugins//worlds/gazebo_ros_gps_sensor_demo.world
[1.059s] -- Up-to-date symlink: /home/marceloqm/gzros_simulation/install/gazebo_plugins/share/gazebo_plugins//worlds/gazebo_ros_hand_of_god_demo.world
[1.059s] -- Up-to-date symlink: /home/marceloqm/gzros_simulation/install/gazebo_plugins/share/gazebo_plugins//worlds/gazebo_ros_harness_demo.world
[1.059s] -- Up-to-date symlink: /home/marceloqm/gzros_simulation/install/gazebo_plugins/share/gazebo_plugins//worlds/gazebo_ros_joint_pose_trajectory_demo.world
[1.059s] -- Up-to-date symlink: /home/marceloqm/gzros_simulation/install/gazebo_plugins/share/gazebo_plugins//worlds/gazebo_ros_joint_state_publisher_demo.world
[1.059s] -- Up-to-date symlink: /home/marceloqm/gzros_simulation/install/gazebo_plugins/share/gazebo_plugins//worlds/gazebo_ros_multi_camera_demo.world
[1.060s] -- Up-to-date symlink: /home/marceloqm/gzros_simulation/install/gazebo_plugins/share/gazebo_plugins//worlds/gazebo_ros_multicamera_demo.world
[1.060s] -- Up-to-date symlink: /home/marceloqm/gzros_simulation/install/gazebo_plugins/share/gazebo_plugins//worlds/gazebo_ros_p3d_demo.world
[1.060s] -- Up-to-date symlink: /home/marceloqm/gzros_simulation/install/gazebo_plugins/share/gazebo_plugins//worlds/gazebo_ros_planar_move_demo.world
[1.060s] -- Up-to-date symlink: /home/marceloqm/gzros_simulation/install/gazebo_plugins/share/gazebo_plugins//worlds/gazebo_ros_projector_demo.world
[1.060s] -- Up-to-date symlink: /home/marceloqm/gzros_simulation/install/gazebo_plugins/share/gazebo_plugins//worlds/gazebo_ros_ray_sensor_demo.world
[1.060s] -- Up-to-date symlink: /home/marceloqm/gzros_simulation/install/gazebo_plugins/share/gazebo_plugins//worlds/gazebo_ros_skid_steer_drive_demo.world
[1.061s] -- Up-to-date symlink: /home/marceloqm/gzros_simulation/install/gazebo_plugins/share/gazebo_plugins//worlds/gazebo_ros_template_demo.world
[1.061s] -- Up-to-date symlink: /home/marceloqm/gzros_simulation/install/gazebo_plugins/share/gazebo_plugins//worlds/gazebo_ros_tricycle_drive_demo.world
[1.061s] -- Up-to-date symlink: /home/marceloqm/gzros_simulation/install/gazebo_plugins/share/gazebo_plugins//worlds/gazebo_ros_vacuum_gripper_demo.world
[1.061s] -- Up-to-date symlink: /home/marceloqm/gzros_simulation/install/gazebo_plugins/share/gazebo_plugins//worlds/gazebo_ros_video_demo.world
[1.061s] -- Up-to-date symlink: /home/marceloqm/gzros_simulation/install/gazebo_plugins/share/gazebo_plugins//worlds/gazebo_ros_wheel_slip_demo.world
[1.061s] -- Up-to-date symlink: /home/marceloqm/gzros_simulation/install/gazebo_plugins/share/gazebo_plugins//worlds/gazebo_ros_wheel_slip_drawbar_pull_demo.world
[1.067s] Invoked command in '/home/marceloqm/gzros_simulation/build/gazebo_plugins' returned '0': AMENT_PREFIX_PATH=/home/marceloqm/gzros_simulation/install/gazebo_ros:/home/marceloqm/gzros_simulation/install/gazebo_msgs:/home/marceloqm/gzros_simulation/install/gazebo_dev:/home/marceloqm/gzros_simulation/install/cv_bridge:${AMENT_PREFIX_PATH} CMAKE_PREFIX_PATH=/home/marceloqm/gzros_simulation/install/gazebo_ros:/home/marceloqm/gzros_simulation/install/gazebo_msgs:/home/marceloqm/gzros_simulation/install/gazebo_dev:/home/marceloqm/gzros_simulation/install/cv_bridge:/home/marceloqm/gzros_sim/install/vision_opencv:/home/marceloqm/gzros_sim/install/image_geometry:/home/marceloqm/gzros_sim/install/gazebo_ros:/home/marceloqm/gzros_sim/install/gazebo_msgs:/home/marceloqm/gzros_sim/install/gazebo_dev:/home/marceloqm/gzros_sim/install/cv_bridge:/home/marceloqm/gzros_sim/install/opencv_tests:/opt/ros/humble LD_LIBRARY_PATH=/home/marceloqm/gzros_simulation/install/gazebo_ros/lib:/home/marceloqm/gzros_simulation/install/gazebo_msgs/lib:/home/marceloqm/gzros_simulation/install/cv_bridge/lib:${LD_LIBRARY_PATH} PYTHONPATH=/home/marceloqm/gzros_simulation/install/gazebo_ros/local/lib/python3.10/dist-packages:/home/marceloqm/gzros_simulation/install/gazebo_msgs/local/lib/python3.10/dist-packages:/home/marceloqm/gzros_simulation/install/cv_bridge/local/lib/python3.10/dist-packages:${PYTHONPATH} /usr/bin/cmake --install /home/marceloqm/gzros_simulation/build/gazebo_plugins
