[35m[1mConsolidate compiler generated dependencies of target gazebo_ros_template[0m
[35m[1mConsolidate compiler generated dependencies of target gazebo_ros_imu_sensor[0m
[35m[1mConsolidate compiler generated dependencies of target gazebo_ros_joint_state_publisher[0m
[35m[1mConsolidate compiler generated dependencies of target gazebo_ros_gps_sensor[0m
[35m[1mConsolidate compiler generated dependencies of target gazebo_ros_force[0m
[35m[1mConsolidate compiler generated dependencies of target multi_camera_plugin[0m
[35m[1mConsolidate compiler generated dependencies of target gazebo_ros_diff_drive[0m
[35m[1mConsolidate compiler generated dependencies of target gazebo_ros_ray_sensor[0m
[  3%] Built target gazebo_ros_template
[  4%] Built target gazebo_ros_joint_state_publisher
[  6%] Built target multi_camera_plugin
[35m[1mConsolidate compiler generated dependencies of target gazebo_ros_p3d[0m
[  9%] Built target gazebo_ros_force
[ 11%] Built target gazebo_ros_imu_sensor
[35m[1mConsolidate compiler generated dependencies of target gazebo_ros_tricycle_drive[0m
[35m[1mConsolidate compiler generated dependencies of target gazebo_ros_ft_sensor[0m
[ 13%] Built target gazebo_ros_gps_sensor
[35m[1mConsolidate compiler generated dependencies of target gazebo_ros_bumper[0m
[35m[1mConsolidate compiler generated dependencies of target gazebo_ros_video[0m
[35m[1mConsolidate compiler generated dependencies of target gazebo_ros_harness[0m
[ 16%] Built target gazebo_ros_ft_sensor
[ 18%] Built target gazebo_ros_ray_sensor
[35m[1mConsolidate compiler generated dependencies of target gazebo_ros_hand_of_god[0m
[ 22%] Built target gazebo_ros_diff_drive
[ 23%] Built target gazebo_ros_p3d
[ 25%] Built target gazebo_ros_tricycle_drive
[35m[1mConsolidate compiler generated dependencies of target gazebo_ros_ackermann_drive[0m
[ 27%] Built target gazebo_ros_bumper
[ 30%] Built target gazebo_ros_harness
[ 32%] Built target gazebo_ros_hand_of_god
[ 34%] Built target gazebo_ros_video
[ 37%] Built target gazebo_ros_ackermann_drive
[35m[1mConsolidate compiler generated dependencies of target gazebo_ros_projector[0m
[35m[1mConsolidate compiler generated dependencies of target gazebo_ros_vacuum_gripper[0m
[35m[1mConsolidate compiler generated dependencies of target gazebo_ros_planar_move[0m
[35m[1mConsolidate compiler generated dependencies of target gazebo_ros_elevator[0m
[35m[1mConsolidate compiler generated dependencies of target gazebo_ros_joint_pose_trajectory[0m
[35m[1mConsolidate compiler generated dependencies of target gazebo_ros_wheel_slip[0m
[35m[1mConsolidate compiler generated dependencies of target gtest_main[0m
[35m[1mConsolidate compiler generated dependencies of target gtest[0m
[ 39%] Built target gtest_main
[ 41%] Built target gazebo_ros_elevator
[ 44%] Built target gazebo_ros_planar_move
[ 46%] Built target gtest
[ 48%] Built target gazebo_ros_joint_pose_trajectory
[ 50%] [32mBuilding CXX object test/CMakeFiles/test_gazebo_ros_bumper.dir/test_gazebo_ros_bumper.cpp.o[0m
[ 51%] [32mBuilding CXX object test/CMakeFiles/test_gazebo_ros_diff_drive.dir/test_gazebo_ros_diff_drive.cpp.o[0m
[ 52%] [32mBuilding CXX object test/CMakeFiles/test_gazebo_ros_ackermann_drive.dir/test_gazebo_ros_ackermann_drive.cpp.o[0m
[ 53%] [32mBuilding CXX object test/CMakeFiles/test_gazebo_ros_elevator.dir/test_gazebo_ros_elevator.cpp.o[0m
[35m[1mConsolidate compiler generated dependencies of target gazebo_ros_camera[0m
[ 55%] Built target gazebo_ros_vacuum_gripper
[ 58%] Built target gazebo_ros_projector
[ 60%] Built target gazebo_ros_wheel_slip
[ 61%] [32mBuilding CXX object test/CMakeFiles/test_gazebo_ros_force.dir/test_gazebo_ros_force.cpp.o[0m
[ 62%] [32mBuilding CXX object test/CMakeFiles/test_gazebo_ros_ft_sensor.dir/test_gazebo_ros_ft_sensor.cpp.o[0m
[ 63%] [32mBuilding CXX object test/CMakeFiles/test_gazebo_ros_hand_of_god.dir/test_gazebo_ros_hand_of_god.cpp.o[0m
[ 66%] Built target gazebo_ros_camera
[ 67%] [32mBuilding CXX object test/CMakeFiles/test_gazebo_ros_harness.dir/test_gazebo_ros_harness.cpp.o[0m
