[0.079s] Invoking command in '/home/marceloqm/gzros_sim/build/gazebo_plugins': AMENT_PREFIX_PATH=/home/marceloqm/gzros_sim/install/gazebo_ros:/home/marceloqm/gzros_sim/install/gazebo_msgs:/home/marceloqm/gzros_sim/install/gazebo_dev:/home/marceloqm/gzros_sim/install/cv_bridge:${AMENT_PREFIX_PATH} CMAKE_PREFIX_PATH=/home/marceloqm/gzros_sim/install/gazebo_ros:/home/marceloqm/gzros_sim/install/gazebo_msgs:/home/marceloqm/gzros_sim/install/gazebo_dev:/home/marceloqm/gzros_sim/install/cv_bridge:/opt/ros/humble LD_LIBRARY_PATH=/home/marceloqm/gzros_sim/install/gazebo_ros/lib:/home/marceloqm/gzros_sim/install/gazebo_msgs/lib:/home/marceloqm/gzros_sim/install/cv_bridge/lib:${LD_LIBRARY_PATH} PYTHONPATH=/home/marceloqm/gzros_sim/install/gazebo_ros/local/lib/python3.10/dist-packages:/home/marceloqm/gzros_sim/install/gazebo_msgs/local/lib/python3.10/dist-packages:/home/marceloqm/gzros_sim/install/cv_bridge/local/lib/python3.10/dist-packages:${PYTHONPATH} /usr/bin/cmake --build /home/marceloqm/gzros_sim/build/gazebo_plugins -- -j8 -l8
[0.386s] [35m[1mConsolidate compiler generated dependencies of target gazebo_ros_template[0m
[0.386s] [35m[1mConsolidate compiler generated dependencies of target gazebo_ros_imu_sensor[0m
[0.387s] [35m[1mConsolidate compiler generated dependencies of target gazebo_ros_joint_state_publisher[0m
[0.387s] [35m[1mConsolidate compiler generated dependencies of target gazebo_ros_gps_sensor[0m
[0.390s] [35m[1mConsolidate compiler generated dependencies of target gazebo_ros_force[0m
[0.390s] [35m[1mConsolidate compiler generated dependencies of target multi_camera_plugin[0m
[0.405s] [35m[1mConsolidate compiler generated dependencies of target gazebo_ros_diff_drive[0m
[0.411s] [35m[1mConsolidate compiler generated dependencies of target gazebo_ros_ray_sensor[0m
[0.450s] [  3%] Built target gazebo_ros_template
[0.450s] [  4%] Built target gazebo_ros_joint_state_publisher
[0.454s] [  6%] Built target multi_camera_plugin
[0.468s] [35m[1mConsolidate compiler generated dependencies of target gazebo_ros_p3d[0m
[0.484s] [  9%] Built target gazebo_ros_force
[0.486s] [ 11%] Built target gazebo_ros_imu_sensor
[0.499s] [35m[1mConsolidate compiler generated dependencies of target gazebo_ros_tricycle_drive[0m
[0.503s] [35m[1mConsolidate compiler generated dependencies of target gazebo_ros_ft_sensor[0m
[0.519s] [ 13%] Built target gazebo_ros_gps_sensor
[0.536s] [35m[1mConsolidate compiler generated dependencies of target gazebo_ros_bumper[0m
[0.536s] [35m[1mConsolidate compiler generated dependencies of target gazebo_ros_video[0m
[0.538s] [35m[1mConsolidate compiler generated dependencies of target gazebo_ros_harness[0m
[0.562s] [ 16%] Built target gazebo_ros_ft_sensor
[0.568s] [ 18%] Built target gazebo_ros_ray_sensor
[0.582s] [35m[1mConsolidate compiler generated dependencies of target gazebo_ros_hand_of_god[0m
[0.588s] [ 22%] Built target gazebo_ros_diff_drive
[0.588s] [ 23%] Built target gazebo_ros_p3d
[0.591s] [ 25%] Built target gazebo_ros_tricycle_drive
[0.593s] [35m[1mConsolidate compiler generated dependencies of target gazebo_ros_ackermann_drive[0m
[0.599s] [ 27%] Built target gazebo_ros_bumper
[0.599s] [ 30%] Built target gazebo_ros_harness
[0.627s] [ 32%] Built target gazebo_ros_hand_of_god
[0.644s] [ 34%] Built target gazebo_ros_video
[0.645s] [ 37%] Built target gazebo_ros_ackermann_drive
[0.646s] [35m[1mConsolidate compiler generated dependencies of target gazebo_ros_projector[0m
[0.647s] [35m[1mConsolidate compiler generated dependencies of target gazebo_ros_vacuum_gripper[0m
[0.647s] [35m[1mConsolidate compiler generated dependencies of target gazebo_ros_planar_move[0m
[0.650s] [35m[1mConsolidate compiler generated dependencies of target gazebo_ros_elevator[0m
[0.655s] [35m[1mConsolidate compiler generated dependencies of target gazebo_ros_joint_pose_trajectory[0m
[0.659s] [35m[1mConsolidate compiler generated dependencies of target gazebo_ros_wheel_slip[0m
[0.675s] [35m[1mConsolidate compiler generated dependencies of target gtest_main[0m
[0.683s] [35m[1mConsolidate compiler generated dependencies of target gtest[0m
[0.703s] [ 39%] Built target gtest_main
[0.709s] [ 41%] Built target gazebo_ros_elevator
[0.712s] [ 44%] Built target gazebo_ros_planar_move
[0.712s] [ 46%] Built target gtest
[0.713s] [ 48%] Built target gazebo_ros_joint_pose_trajectory
[0.741s] [ 50%] [32mBuilding CXX object test/CMakeFiles/test_gazebo_ros_bumper.dir/test_gazebo_ros_bumper.cpp.o[0m
[0.745s] [ 51%] [32mBuilding CXX object test/CMakeFiles/test_gazebo_ros_diff_drive.dir/test_gazebo_ros_diff_drive.cpp.o[0m
[0.745s] [ 52%] [32mBuilding CXX object test/CMakeFiles/test_gazebo_ros_ackermann_drive.dir/test_gazebo_ros_ackermann_drive.cpp.o[0m
[0.748s] [ 53%] [32mBuilding CXX object test/CMakeFiles/test_gazebo_ros_elevator.dir/test_gazebo_ros_elevator.cpp.o[0m
[0.751s] [35m[1mConsolidate compiler generated dependencies of target gazebo_ros_camera[0m
[0.760s] [ 55%] Built target gazebo_ros_vacuum_gripper
[0.761s] [ 58%] Built target gazebo_ros_projector
[0.762s] [ 60%] Built target gazebo_ros_wheel_slip
[0.795s] [ 61%] [32mBuilding CXX object test/CMakeFiles/test_gazebo_ros_force.dir/test_gazebo_ros_force.cpp.o[0m
[0.798s] [ 62%] [32mBuilding CXX object test/CMakeFiles/test_gazebo_ros_ft_sensor.dir/test_gazebo_ros_ft_sensor.cpp.o[0m
[0.799s] [ 63%] [32mBuilding CXX object test/CMakeFiles/test_gazebo_ros_hand_of_god.dir/test_gazebo_ros_hand_of_god.cpp.o[0m
[0.889s] [ 66%] Built target gazebo_ros_camera
[0.913s] [ 67%] [32mBuilding CXX object test/CMakeFiles/test_gazebo_ros_harness.dir/test_gazebo_ros_harness.cpp.o[0m
