[0.047s] Invoking command in '/home/marceloqm/gzros_simulation/build/image_geometry': CMAKE_PREFIX_PATH=${CMAKE_PREFIX_PATH}:/home/marceloqm/gzros_sim/install/opencv_tests:/opt/ros/humble /usr/bin/cmake --build /home/marceloqm/gzros_simulation/build/image_geometry -- -j8 -l8
[0.053s] [0mCMake Error: The current CMakeCache.txt directory /home/marceloqm/gzros_simulation/build/image_geometry/CMakeCache.txt is different than the directory /home/marceloqm/gzros_sim/build/image_geometry where CMakeCache.txt was created. This may result in binaries being created in the wrong place. If you are not sure, reedit the CMakeCache.txt[0m
[0.107s] [ 33%] Built target image_geometry
[0.110s] [ 33%] Built target ament_cmake_python_symlink_image_geometry
[0.110s] [ 55%] Built target gtest_main
[0.112s] [ 77%] Built target gtest
[0.144s] [100%] Built target image_geometry-utest
[0.422s] running egg_info
[0.422s] writing image_geometry.egg-info/PKG-INFO
[0.449s] writing dependency_links to image_geometry.egg-info/dependency_links.txt
[0.505s] writing top-level names to image_geometry.egg-info/top_level.txt
[0.507s] reading manifest file 'image_geometry.egg-info/SOURCES.txt'
[0.508s] writing manifest file 'image_geometry.egg-info/SOURCES.txt'
[0.619s] [100%] Built target ament_cmake_python_build_image_geometry_egg
[0.630s] Invoked command in '/home/marceloqm/gzros_simulation/build/image_geometry' returned '0': CMAKE_PREFIX_PATH=${CMAKE_PREFIX_PATH}:/home/marceloqm/gzros_sim/install/opencv_tests:/opt/ros/humble /usr/bin/cmake --build /home/marceloqm/gzros_simulation/build/image_geometry -- -j8 -l8
[0.669s] Invoking command in '/home/marceloqm/gzros_simulation/build/image_geometry': CMAKE_PREFIX_PATH=${CMAKE_PREFIX_PATH}:/home/marceloqm/gzros_sim/install/opencv_tests:/opt/ros/humble /usr/bin/cmake --install /home/marceloqm/gzros_simulation/build/image_geometry
[0.677s] -- Install configuration: ""
[0.677s] -- Execute custom install script
[0.678s] -- Up-to-date symlink: /home/marceloqm/gzros_sim/install/image_geometry/share/image_geometry/environment/pythonpath.sh
[0.678s] -- Up-to-date symlink: /home/marceloqm/gzros_sim/install/image_geometry/share/image_geometry/environment/pythonpath.dsv
[0.678s] -- Up-to-date symlink: /home/marceloqm/gzros_sim/install/image_geometry/local/lib/python3.10/dist-packages/image_geometry-3.2.1-py3.10.egg-info/PKG-INFO
[0.678s] -- Up-to-date symlink: /home/marceloqm/gzros_sim/install/image_geometry/local/lib/python3.10/dist-packages/image_geometry-3.2.1-py3.10.egg-info/SOURCES.txt
[0.679s] -- Up-to-date symlink: /home/marceloqm/gzros_sim/install/image_geometry/local/lib/python3.10/dist-packages/image_geometry-3.2.1-py3.10.egg-info/dependency_links.txt
[0.679s] -- Up-to-date symlink: /home/marceloqm/gzros_sim/install/image_geometry/local/lib/python3.10/dist-packages/image_geometry-3.2.1-py3.10.egg-info/top_level.txt
[0.679s] -- Up-to-date symlink: /home/marceloqm/gzros_sim/install/image_geometry/local/lib/python3.10/dist-packages/image_geometry/__init__.py
[0.680s] -- Up-to-date symlink: /home/marceloqm/gzros_sim/install/image_geometry/local/lib/python3.10/dist-packages/image_geometry/cameramodels.py
[0.680s] -- Up-to-date symlink: /home/marceloqm/gzros_sim/install/image_geometry/include/image_geometry/image_geometry/pinhole_camera_model.h
[0.681s] -- Up-to-date symlink: /home/marceloqm/gzros_sim/install/image_geometry/include/image_geometry/image_geometry/stereo_camera_model.h
[0.681s] -- Up-to-date symlink: /home/marceloqm/gzros_sim/install/image_geometry/include/image_geometry/image_geometry/visibility_control.hpp
[0.681s] -- Up-to-date symlink: /home/marceloqm/gzros_sim/install/image_geometry/share/ament_index/resource_index/package_run_dependencies/image_geometry
[0.681s] -- Up-to-date symlink: /home/marceloqm/gzros_sim/install/image_geometry/share/ament_index/resource_index/parent_prefix_path/image_geometry
[0.682s] -- Up-to-date symlink: /home/marceloqm/gzros_sim/install/image_geometry/share/image_geometry/environment/ament_prefix_path.sh
[0.682s] -- Up-to-date symlink: /home/marceloqm/gzros_sim/install/image_geometry/share/image_geometry/environment/ament_prefix_path.dsv
[0.682s] -- Up-to-date symlink: /home/marceloqm/gzros_sim/install/image_geometry/share/image_geometry/environment/path.sh
[0.683s] -- Up-to-date symlink: /home/marceloqm/gzros_sim/install/image_geometry/share/image_geometry/environment/path.dsv
[0.683s] -- Up-to-date symlink: /home/marceloqm/gzros_sim/install/image_geometry/share/image_geometry/local_setup.bash
[0.683s] -- Up-to-date symlink: /home/marceloqm/gzros_sim/install/image_geometry/share/image_geometry/local_setup.sh
[0.683s] -- Up-to-date symlink: /home/marceloqm/gzros_sim/install/image_geometry/share/image_geometry/local_setup.zsh
[0.684s] -- Up-to-date symlink: /home/marceloqm/gzros_sim/install/image_geometry/share/image_geometry/local_setup.dsv
[0.684s] -- Symlinking: /home/marceloqm/gzros_sim/install/image_geometry/share/image_geometry/package.dsv
[0.693s] -- Up-to-date symlink: /home/marceloqm/gzros_sim/install/image_geometry/share/ament_index/resource_index/packages/image_geometry
[0.693s] -- Up-to-date symlink: /home/marceloqm/gzros_sim/install/image_geometry/share/image_geometry/cmake/ament_cmake_export_targets-extras.cmake
[0.693s] -- Up-to-date symlink: /home/marceloqm/gzros_sim/install/image_geometry/share/image_geometry/cmake/ament_cmake_export_dependencies-extras.cmake
[0.693s] -- Up-to-date symlink: /home/marceloqm/gzros_sim/install/image_geometry/share/image_geometry/cmake/image_geometryConfig.cmake
[0.694s] -- Up-to-date symlink: /home/marceloqm/gzros_sim/install/image_geometry/share/image_geometry/cmake/image_geometryConfig-version.cmake
[0.694s] -- Up-to-date symlink: /home/marceloqm/gzros_sim/install/image_geometry/share/image_geometry/package.xml
[0.728s] Listing '/home/marceloqm/gzros_sim/install/image_geometry/local/lib/python3.10/dist-packages/image_geometry'...
[0.733s] -- Up-to-date: /home/marceloqm/gzros_sim/install/image_geometry/lib/libimage_geometry.so
[0.733s] -- Up-to-date: /home/marceloqm/gzros_sim/install/image_geometry/share/image_geometry/cmake/export_image_geometryExport.cmake
[0.733s] -- Up-to-date: /home/marceloqm/gzros_sim/install/image_geometry/share/image_geometry/cmake/export_image_geometryExport-noconfig.cmake
[0.744s] Invoked command in '/home/marceloqm/gzros_simulation/build/image_geometry' returned '0': CMAKE_PREFIX_PATH=${CMAKE_PREFIX_PATH}:/home/marceloqm/gzros_sim/install/opencv_tests:/opt/ros/humble /usr/bin/cmake --install /home/marceloqm/gzros_simulation/build/image_geometry
