[  2%] Built target gazebo_ros_force
[  4%] Built target gazebo_ros_diff_drive
[  6%] Built target gazebo_ros_joint_state_publisher
[  9%] Built target gazebo_ros_gps_sensor
[ 11%] Built target gazebo_ros_template
[ 13%] Built target multi_camera_plugin
[ 16%] Built target gazebo_ros_imu_sensor
[ 18%] Built target gazebo_ros_ray_sensor
[ 20%] Built target gazebo_ros_ft_sensor
[ 23%] Built target gazebo_ros_p3d
[ 25%] Built target gazebo_ros_bumper
[ 27%] Built target gazebo_ros_tricycle_drive
[ 30%] Built target gazebo_ros_harness
[ 32%] Built target gazebo_ros_video
[ 34%] Built target gazebo_ros_ackermann_drive
[ 37%] Built target gazebo_ros_hand_of_god
[ 39%] Built target gazebo_ros_vacuum_gripper
[ 41%] Built target gazebo_ros_joint_pose_trajectory
[ 44%] Built target gazebo_ros_planar_move
[ 46%] Built target gtest_main
[ 48%] Built target gazebo_ros_elevator
[ 51%] Built target gtest
[ 53%] Built target gazebo_ros_projector
[ 54%] [32mBuilding CXX object test/CMakeFiles/test_gazebo_ros_diff_drive.dir/test_gazebo_ros_diff_drive.cpp.o[0m
[ 55%] [32mBuilding CXX object test/CMakeFiles/test_gazebo_ros_ackermann_drive.dir/test_gazebo_ros_ackermann_drive.cpp.o[0m
[ 58%] [32mBuilding CXX object test/CMakeFiles/test_gazebo_ros_elevator.dir/test_gazebo_ros_elevator.cpp.o[0m
[ 58%] [32mBuilding CXX object test/CMakeFiles/test_gazebo_ros_force.dir/test_gazebo_ros_force.cpp.o[0m
[ 59%] [32mBuilding CXX object test/CMakeFiles/test_gazebo_ros_bumper.dir/test_gazebo_ros_bumper.cpp.o[0m
[ 60%] [32mBuilding CXX object test/CMakeFiles/test_gazebo_ros_ft_sensor.dir/test_gazebo_ros_ft_sensor.cpp.o[0m
[ 62%] Built target gazebo_ros_wheel_slip
[ 65%] Built target gazebo_ros_camera
[ 66%] [32mBuilding CXX object test/CMakeFiles/test_gazebo_ros_hand_of_god.dir/test_gazebo_ros_hand_of_god.cpp.o[0m
[ 67%] [32mBuilding CXX object test/CMakeFiles/test_gazebo_ros_harness.dir/test_gazebo_ros_harness.cpp.o[0m
