[0.020s] Invoking command in '/home/marceloqm/gzros_sim/build/gazebo_plugins': CMAKE_PREFIX_PATH=/home/marceloqm/gzros_sim/install/gazebo_ros:/home/marceloqm/gzros_sim/install/gazebo_msgs:/home/marceloqm/gzros_sim/install/gazebo_dev:/home/marceloqm/gzros_sim/install/cv_bridge:/home/marceloqm/gzros_sim/install/vision_opencv:/home/marceloqm/gzros_sim/install/image_geometry:/home/marceloqm/gzros_sim/install/opencv_tests:/opt/ros/humble LD_LIBRARY_PATH=/home/marceloqm/gzros_sim/install/gazebo_ros/lib:/home/marceloqm/gzros_sim/install/gazebo_msgs/lib:/home/marceloqm/gzros_sim/install/cv_bridge/lib:/home/marceloqm/gzros_sim/install/image_geometry/lib:/opt/ros/humble/opt/rviz_ogre_vendor/lib:/opt/ros/humble/lib/x86_64-linux-gnu:/opt/ros/humble/lib /usr/bin/cmake --build /home/marceloqm/gzros_sim/build/gazebo_plugins -- -j8 -l8
[0.118s] [  2%] Built target gazebo_ros_force
[0.118s] [  4%] Built target gazebo_ros_diff_drive
[0.130s] [  6%] Built target gazebo_ros_joint_state_publisher
[0.133s] [  9%] Built target gazebo_ros_gps_sensor
[0.135s] [ 11%] Built target gazebo_ros_template
[0.136s] [ 13%] Built target multi_camera_plugin
[0.141s] [ 16%] Built target gazebo_ros_imu_sensor
[0.149s] [ 18%] Built target gazebo_ros_ray_sensor
[0.198s] [ 20%] Built target gazebo_ros_ft_sensor
[0.198s] [ 23%] Built target gazebo_ros_p3d
[0.203s] [ 25%] Built target gazebo_ros_bumper
[0.204s] [ 27%] Built target gazebo_ros_tricycle_drive
[0.221s] [ 30%] Built target gazebo_ros_harness
[0.227s] [ 32%] Built target gazebo_ros_video
[0.230s] [ 34%] Built target gazebo_ros_ackermann_drive
[0.231s] [ 37%] Built target gazebo_ros_hand_of_god
[0.263s] [ 39%] Built target gazebo_ros_vacuum_gripper
[0.265s] [ 41%] Built target gazebo_ros_joint_pose_trajectory
[0.266s] [ 44%] Built target gazebo_ros_planar_move
[0.273s] [ 46%] Built target gtest_main
[0.275s] [ 48%] Built target gazebo_ros_elevator
[0.278s] [ 51%] Built target gtest
[0.290s] [ 53%] Built target gazebo_ros_projector
[0.307s] [ 54%] [32mBuilding CXX object test/CMakeFiles/test_gazebo_ros_diff_drive.dir/test_gazebo_ros_diff_drive.cpp.o[0m
[0.308s] [ 55%] [32mBuilding CXX object test/CMakeFiles/test_gazebo_ros_ackermann_drive.dir/test_gazebo_ros_ackermann_drive.cpp.o[0m
[0.319s] [ 58%] [32mBuilding CXX object test/CMakeFiles/test_gazebo_ros_elevator.dir/test_gazebo_ros_elevator.cpp.o[0m
[0.320s] [ 58%] [32mBuilding CXX object test/CMakeFiles/test_gazebo_ros_force.dir/test_gazebo_ros_force.cpp.o[0m
[0.321s] [ 59%] [32mBuilding CXX object test/CMakeFiles/test_gazebo_ros_bumper.dir/test_gazebo_ros_bumper.cpp.o[0m
[0.323s] [ 60%] [32mBuilding CXX object test/CMakeFiles/test_gazebo_ros_ft_sensor.dir/test_gazebo_ros_ft_sensor.cpp.o[0m
[0.325s] [ 62%] Built target gazebo_ros_wheel_slip
[0.338s] [ 65%] Built target gazebo_ros_camera
[0.355s] [ 66%] [32mBuilding CXX object test/CMakeFiles/test_gazebo_ros_hand_of_god.dir/test_gazebo_ros_hand_of_god.cpp.o[0m
[0.457s] [ 67%] [32mBuilding CXX object test/CMakeFiles/test_gazebo_ros_harness.dir/test_gazebo_ros_harness.cpp.o[0m
