[0.038s] Invoking command in '/home/marceloqm/gzros_simulation/build/gazebo_ros': AMENT_PREFIX_PATH=/home/marceloqm/gzros_simulation/install/gazebo_msgs:/home/marceloqm/gzros_simulation/install/gazebo_dev:${AMENT_PREFIX_PATH} CMAKE_PREFIX_PATH=/home/marceloqm/gzros_simulation/install/gazebo_msgs:/home/marceloqm/gzros_simulation/install/gazebo_dev:/home/marceloqm/gzros_sim/install/vision_opencv:/home/marceloqm/gzros_sim/install/image_geometry:/home/marceloqm/gzros_sim/install/gazebo_ros:/home/marceloqm/gzros_sim/install/gazebo_msgs:/home/marceloqm/gzros_sim/install/gazebo_dev:/home/marceloqm/gzros_sim/install/cv_bridge:/home/marceloqm/gzros_sim/install/opencv_tests:/opt/ros/humble LD_LIBRARY_PATH=/home/marceloqm/gzros_simulation/install/gazebo_msgs/lib:${LD_LIBRARY_PATH} PYTHONPATH=/home/marceloqm/gzros_simulation/install/gazebo_msgs/local/lib/python3.10/dist-packages:${PYTHONPATH} /usr/bin/cmake /home/marceloqm/gzros_simulation/src/gazebo_ros_pkgs/gazebo_ros -DAMENT_CMAKE_SYMLINK_INSTALL=1 -DCMAKE_INSTALL_PREFIX=/home/marceloqm/gzros_simulation/install/gazebo_ros
[0.099s] -- The C compiler identification is GNU 11.3.0
[0.154s] -- The CXX compiler identification is GNU 11.3.0
[0.160s] -- Detecting C compiler ABI info
[0.228s] -- Detecting C compiler ABI info - done
[0.234s] -- Check for working C compiler: /usr/bin/cc - skipped
[0.235s] -- Detecting C compile features
[0.235s] -- Detecting C compile features - done
[0.238s] -- Detecting CXX compiler ABI info
[0.317s] -- Detecting CXX compiler ABI info - done
[0.338s] -- Check for working CXX compiler: /usr/bin/c++ - skipped
[0.338s] -- Detecting CXX compile features
[0.339s] -- Detecting CXX compile features - done
[0.343s] -- Found ament_cmake: 1.3.4 (/opt/ros/humble/share/ament_cmake/cmake)
[0.517s] -- Found Python3: /usr/bin/python3.10 (found version "3.10.6") found components: Interpreter 
[0.575s] -- Override CMake install command with custom implementation using symlinks instead of copying resources
[0.613s] -- Found builtin_interfaces: 1.2.1 (/opt/ros/humble/share/builtin_interfaces/cmake)
[0.662s] -- Found rosidl_generator_c: 3.1.4 (/opt/ros/humble/share/rosidl_generator_c/cmake)
[0.669s] -- Found rosidl_adapter: 3.1.4 (/opt/ros/humble/share/rosidl_adapter/cmake)
[0.680s] -- Found rosidl_generator_cpp: 3.1.4 (/opt/ros/humble/share/rosidl_generator_cpp/cmake)
[0.704s] -- Using all available rosidl_typesupport_c: rosidl_typesupport_fastrtps_c;rosidl_typesupport_introspection_c
[0.730s] -- Using all available rosidl_typesupport_cpp: rosidl_typesupport_fastrtps_cpp;rosidl_typesupport_introspection_cpp
[0.751s] -- Found gazebo_dev: 3.7.0 (/home/marceloqm/gzros_simulation/install/gazebo_dev/share/gazebo_dev/cmake)
[0.844s] -- Found PkgConfig: /usr/bin/pkg-config (found version "0.29.2") 
[0.845s] -- Checking for module 'bullet>=2.82'
[0.857s] --   Found bullet, version 3.05
[1.060s] -- Found fcl: /usr/include (found suitable version "0.7.0", minimum required is "0.5.0") 
[1.119s] -- Found assimp: /usr/include (found version "5.2.0") 
[1.207s] -- Found DART: /usr/include (Required is at least version "6.6") found components: dart 
[1.471s] -- Found Boost: /usr/lib/x86_64-linux-gnu/cmake/Boost-1.74.0/BoostConfig.cmake (found suitable version "1.74.0", minimum required is "1.40.0") found components: thread system filesystem program_options regex iostreams date_time 
[1.517s] -- Found Protobuf: /usr/lib/x86_64-linux-gnu/libprotobuf.so (found version "3.12.4") 
[1.557s] -- Looking for ignition-math6 -- found version 6.14.0
[1.649s] -- Searching for dependencies of ignition-math6
[1.673s] -- Looking for OGRE...
[1.673s] -- OGRE_PREFIX_WATCH changed.
[1.678s] -- Checking for module 'OGRE'
[1.690s] --   Found OGRE, version 1.9.0
[1.727s] -- Found Ogre Ghadamon (1.9.0)
[1.750s] -- Found OGRE: optimized;/usr/lib/x86_64-linux-gnu/libOgreMain.so;debug;/usr/lib/x86_64-linux-gnu/libOgreMain.so
[1.760s] -- Looking for OGRE_Paging...
[1.766s] -- Found OGRE_Paging: optimized;/usr/lib/x86_64-linux-gnu/libOgrePaging.so;debug;/usr/lib/x86_64-linux-gnu/libOgrePaging.so
[1.766s] -- Looking for OGRE_Terrain...
[1.771s] -- Found OGRE_Terrain: optimized;/usr/lib/x86_64-linux-gnu/libOgreTerrain.so;debug;/usr/lib/x86_64-linux-gnu/libOgreTerrain.so
[1.771s] -- Looking for OGRE_Property...
[1.777s] -- Found OGRE_Property: optimized;/usr/lib/x86_64-linux-gnu/libOgreProperty.so;debug;/usr/lib/x86_64-linux-gnu/libOgreProperty.so
[1.777s] -- Looking for OGRE_RTShaderSystem...
[1.782s] -- Found OGRE_RTShaderSystem: optimized;/usr/lib/x86_64-linux-gnu/libOgreRTShaderSystem.so;debug;/usr/lib/x86_64-linux-gnu/libOgreRTShaderSystem.so
[1.782s] -- Looking for OGRE_Volume...
[1.796s] -- Found OGRE_Volume: optimized;/usr/lib/x86_64-linux-gnu/libOgreVolume.so;debug;/usr/lib/x86_64-linux-gnu/libOgreVolume.so
[1.796s] -- Looking for OGRE_Overlay...
[1.803s] -- Found OGRE_Overlay: optimized;/usr/lib/x86_64-linux-gnu/libOgreOverlay.so;debug;/usr/lib/x86_64-linux-gnu/libOgreOverlay.so
[1.936s] -- Looking for ignition-math6 -- found version 6.14.0
[1.969s] -- Looking for ignition-transport8 -- found version 8.2.1
[1.970s] -- Searching for dependencies of ignition-transport8
[1.989s] -- Found Protobuf: /usr/lib/x86_64-linux-gnu/libprotobuf.so (found suitable version "3.12.4", minimum required is "3") 
[2.006s] -- Config-file not installed for ZeroMQ -- checking for pkg-config
[2.012s] -- Checking for module 'libzmq >= 4'
[2.026s] --   Found libzmq , version 4.3.4
[2.061s] -- Found ZeroMQ: TRUE (Required is at least version "4") 
[2.074s] -- Checking for module 'uuid'
[2.086s] --   Found uuid, version 2.37.2
[2.120s] -- Found UUID: TRUE  
[2.133s] -- Looking for ignition-msgs5 -- found version 5.8.1
[2.134s] -- Searching for dependencies of ignition-msgs5
[2.154s] -- Looking for ignition-math6 -- found version 6.14.0
[2.159s] -- Checking for module 'tinyxml2'
[2.172s] --   Found tinyxml2, version 9.0.0
[2.217s] -- Looking for ignition-msgs5 -- found version 5.8.1
[2.221s] -- Looking for ignition-common3 -- found version 3.14.0
[2.221s] -- Searching for dependencies of ignition-common3
[2.222s] -- Looking for dlfcn.h - found
[2.223s] -- Looking for libdl - found
[2.224s] -- Found DL: TRUE  
[2.256s] -- Found tinyobjloader: /usr/lib/x86_64-linux-gnu/cmake/tinyobjloader/tinyobjloader-config.cmake (found version "2.0.0") 
[2.287s] -- Searching for <ignition-common3> component [graphics]
[2.291s] -- Looking for ignition-common3-graphics -- found version 3.14.0
[2.291s] -- Searching for dependencies of ignition-common3-graphics
[2.292s] -- Looking for ignition-math6 -- found version 6.14.0
[2.296s] -- Looking for ignition-fuel_tools4 -- found version 4.4.0
[2.297s] -- Searching for dependencies of ignition-fuel_tools4
[2.381s] -- Found CURL: /usr/lib/x86_64-linux-gnu/libcurl.so (found version "7.81.0")  
[2.403s] -- Checking for module 'jsoncpp'
[2.417s] --   Found jsoncpp, version 1.9.5
[2.451s] -- Found JSONCPP: TRUE  
[2.483s] -- Checking for module 'libzip'
[2.496s] --   Found libzip, version 1.7.3
[2.530s] -- Found ZIP: TRUE  
[2.531s] -- Looking for ignition-common3 -- found version 3.14.0
[2.531s] -- Looking for ignition-math6 -- found version 6.14.0
[2.531s] -- Looking for ignition-msgs5 -- found version 5.8.1
[2.575s] -- Gazebo version: 11.10
[2.575s] -- Checking for module 'tbb'
[2.589s] --   Found tbb, version 2021.5.0
[2.643s] -- Found gazebo_msgs: 3.7.0 (/home/marceloqm/gzros_simulation/install/gazebo_msgs/share/gazebo_msgs/cmake)
[3.047s] -- Found rcl: 5.3.3 (/opt/ros/humble/share/rcl/cmake)
[3.211s] -- Found rmw_implementation_cmake: 6.1.1 (/opt/ros/humble/share/rmw_implementation_cmake/cmake)
[3.228s] -- Found rmw_fastrtps_cpp: 6.2.2 (/opt/ros/humble/share/rmw_fastrtps_cpp/cmake)
[3.475s] -- Found OpenSSL: /usr/lib/x86_64-linux-gnu/libcrypto.so (found version "3.0.2")  
[3.515s] -- Found FastRTPS: /opt/ros/humble/include  
[3.566s] -- Using RMW implementation 'rmw_fastrtps_cpp' as default
[3.692s] -- Found Threads: TRUE  
[3.722s] -- Found rclcpp: 16.0.4 (/opt/ros/humble/share/rclcpp/cmake)
[4.028s] -- Found std_srvs: 4.2.3 (/opt/ros/humble/share/std_srvs/cmake)
[4.102s] -- Found tinyxml_vendor: 0.8.3 (/opt/ros/humble/share/tinyxml_vendor/cmake)
[4.248s] -- Found ament_cmake_gtest: 1.3.4 (/opt/ros/humble/share/ament_cmake_gtest/cmake)
[4.275s] -- Found launch_testing_ament_cmake: 1.0.4 (/opt/ros/humble/share/launch_testing_ament_cmake/cmake)
[4.298s] -- Found python_cmake_module: 0.10.0 (/opt/ros/humble/share/python_cmake_module/cmake)
[4.322s] -- Found PythonInterp: /usr/bin/python3 (found suitable version "3.10.6", minimum required is "3.6") 
[4.365s] -- Found PythonLibs: /usr/lib/x86_64-linux-gnu/libpython3.10.so (found suitable version "3.10.6", minimum required is "3.5") 
[4.365s] -- Using PYTHON_EXECUTABLE: /usr/bin/python3
[4.366s] -- Using PYTHON_INCLUDE_DIRS: /usr/include/python3.10
[4.366s] -- Using PYTHON_LIBRARIES: /usr/lib/x86_64-linux-gnu/libpython3.10.so
[4.387s] -- Found PythonExtra: .so  
[4.390s] -- Found sensor_msgs: 4.2.3 (/opt/ros/humble/share/sensor_msgs/cmake)
[4.532s] -- Found gtest sources under '/opt/ros/humble/src/gtest_vendor': C++ tests using 'Google Test' will be built
[4.664s] -- Found ament_lint_auto: 0.12.6 (/opt/ros/humble/share/ament_lint_auto/cmake)
[4.750s] -- Found python_cmake_module: 0.10.0 (/opt/ros/humble/share/python_cmake_module/cmake)
[4.773s] -- Using PYTHON_EXECUTABLE: /usr/bin/python3
[4.773s] -- Using PYTHON_INCLUDE_DIRS: /usr/include/python3.10
[4.773s] -- Using PYTHON_LIBRARIES: /usr/lib/x86_64-linux-gnu/libpython3.10.so
[4.928s] -- Added test 'copyright' to check source files copyright and LICENSE
[4.955s] -- Added test 'cppcheck' to perform static code analysis on C / C++ code
[4.956s] -- Configured cppcheck include dirs: $<BUILD_INTERFACE:/home/marceloqm/gzros_simulation/src/gazebo_ros_pkgs/gazebo_ros/include>
[4.957s] -- Configured cppcheck exclude dirs and/or files: 
[4.980s] -- Added test 'flake8' to check Python code syntax and style conventions
[4.994s] -- Added test 'lint_cmake' to check CMake code style
[5.013s] -- Added test 'pep257' to check Python code against some of the docstring style conventions in PEP 257
[5.018s] -- Added test 'uncrustify' to check C / C++ code style
[5.018s] -- Configured uncrustify additional arguments: 
[5.019s] -- Added test 'xmllint' to check XML markup files
[5.024s] -- Configuring done
[5.472s] -- Generating done
[5.477s] -- Build files have been written to: /home/marceloqm/gzros_simulation/build/gazebo_ros
[5.495s] Invoked command in '/home/marceloqm/gzros_simulation/build/gazebo_ros' returned '0': AMENT_PREFIX_PATH=/home/marceloqm/gzros_simulation/install/gazebo_msgs:/home/marceloqm/gzros_simulation/install/gazebo_dev:${AMENT_PREFIX_PATH} CMAKE_PREFIX_PATH=/home/marceloqm/gzros_simulation/install/gazebo_msgs:/home/marceloqm/gzros_simulation/install/gazebo_dev:/home/marceloqm/gzros_sim/install/vision_opencv:/home/marceloqm/gzros_sim/install/image_geometry:/home/marceloqm/gzros_sim/install/gazebo_ros:/home/marceloqm/gzros_sim/install/gazebo_msgs:/home/marceloqm/gzros_sim/install/gazebo_dev:/home/marceloqm/gzros_sim/install/cv_bridge:/home/marceloqm/gzros_sim/install/opencv_tests:/opt/ros/humble LD_LIBRARY_PATH=/home/marceloqm/gzros_simulation/install/gazebo_msgs/lib:${LD_LIBRARY_PATH} PYTHONPATH=/home/marceloqm/gzros_simulation/install/gazebo_msgs/local/lib/python3.10/dist-packages:${PYTHONPATH} /usr/bin/cmake /home/marceloqm/gzros_simulation/src/gazebo_ros_pkgs/gazebo_ros -DAMENT_CMAKE_SYMLINK_INSTALL=1 -DCMAKE_INSTALL_PREFIX=/home/marceloqm/gzros_simulation/install/gazebo_ros
[5.497s] Invoking command in '/home/marceloqm/gzros_simulation/build/gazebo_ros': AMENT_PREFIX_PATH=/home/marceloqm/gzros_simulation/install/gazebo_msgs:/home/marceloqm/gzros_simulation/install/gazebo_dev:${AMENT_PREFIX_PATH} CMAKE_PREFIX_PATH=/home/marceloqm/gzros_simulation/install/gazebo_msgs:/home/marceloqm/gzros_simulation/install/gazebo_dev:/home/marceloqm/gzros_sim/install/vision_opencv:/home/marceloqm/gzros_sim/install/image_geometry:/home/marceloqm/gzros_sim/install/gazebo_ros:/home/marceloqm/gzros_sim/install/gazebo_msgs:/home/marceloqm/gzros_sim/install/gazebo_dev:/home/marceloqm/gzros_sim/install/cv_bridge:/home/marceloqm/gzros_sim/install/opencv_tests:/opt/ros/humble LD_LIBRARY_PATH=/home/marceloqm/gzros_simulation/install/gazebo_msgs/lib:${LD_LIBRARY_PATH} PYTHONPATH=/home/marceloqm/gzros_simulation/install/gazebo_msgs/local/lib/python3.10/dist-packages:${PYTHONPATH} /usr/bin/cmake --build /home/marceloqm/gzros_simulation/build/gazebo_ros -- -j8 -l8
[5.560s] [  5%] [32mBuilding CXX object CMakeFiles/gazebo_ros_node.dir/src/executor.cpp.o[0m
[5.561s] [  5%] [32mBuilding CXX object gtest/CMakeFiles/gtest_main.dir/src/gtest_main.cc.o[0m
[5.561s] [  5%] [32mBuilding CXX object gtest/CMakeFiles/gtest.dir/src/gtest-all.cc.o[0m
[5.561s] [  6%] [32mBuilding CXX object CMakeFiles/gazebo_ros_node.dir/src/node.cpp.o[0m
[5.562s] [  8%] [32mBuilding CXX object CMakeFiles/gazebo_ros_utils.dir/src/utils.cpp.o[0m
[5.565s] [ 10%] [32mBuilding CXX object test/CMakeFiles/mock_robot_state_publisher.dir/mock_robot_state_publisher/robot_state_publisher.cpp.o[0m
[5.573s] [ 10%] Built target ament_cmake_python_symlink_scripts
[5.573s] [ 11%] [32mBuilding CXX object test/CMakeFiles/mock_gazebo_ros_factory.dir/mock_gazebo_ros_factory/gazebo_ros_factory.cpp.o[0m
[5.583s] [ 13%] [32mBuilding CXX object CMakeFiles/gazebo_ros_node.dir/src/qos.cpp.o[0m
[6.954s] [ 15%] [32m[1mLinking CXX static library libgtest_main.a[0m
[7.254s] [ 15%] Built target gtest_main
[7.863s] running egg_info
[7.864s] creating scripts.egg-info
[7.865s] writing scripts.egg-info/PKG-INFO
[7.865s] writing dependency_links to scripts.egg-info/dependency_links.txt
[7.865s] writing top-level names to scripts.egg-info/top_level.txt
[7.866s] writing manifest file 'scripts.egg-info/SOURCES.txt'
[7.869s] reading manifest file 'scripts.egg-info/SOURCES.txt'
[7.870s] writing manifest file 'scripts.egg-info/SOURCES.txt'
[7.974s] [ 15%] Built target ament_cmake_python_build_scripts_egg
[10.583s] [ 16%] [32m[1mLinking CXX static library libgtest.a[0m
[10.719s] [ 16%] Built target gtest
[11.024s] [ 18%] [32m[1mLinking CXX executable mock_gazebo_ros_factory[0m
[11.298s] [ 18%] Built target mock_gazebo_ros_factory
[13.300s] [ 20%] [32m[1mLinking CXX executable mock_robot_state_publisher[0m
[13.505s] [ 20%] Built target mock_robot_state_publisher
[15.648s] [ 21%] [32m[1mLinking CXX shared library libgazebo_ros_node.so[0m
[16.061s] [ 21%] Built target gazebo_ros_node
[16.090s] [ 23%] [32mBuilding CXX object CMakeFiles/gazebo_ros_properties.dir/src/gazebo_ros_properties.cpp.o[0m
[16.091s] [ 25%] [32mBuilding CXX object CMakeFiles/gazebo_ros_force_system.dir/src/gazebo_ros_force_system.cpp.o[0m
[16.094s] [ 26%] [32mBuilding CXX object CMakeFiles/gazebo_ros_state.dir/src/gazebo_ros_state.cpp.o[0m
[16.094s] [ 28%] [32mBuilding CXX object test/CMakeFiles/args_init.dir/plugins/args_init.cpp.o[0m
[16.097s] [ 30%] [32mBuilding CXX object test/CMakeFiles/multiple_nodes.dir/plugins/multiple_nodes.cpp.o[0m
[16.098s] [ 31%] [32mBuilding CXX object test/CMakeFiles/create_node_without_init.dir/plugins/create_node_without_init.cpp.o[0m
[16.111s] [ 33%] [32mBuilding CXX object test/CMakeFiles/ros_world_plugin.dir/plugins/ros_world_plugin.cpp.o[0m
[16.395s] [ 35%] [32m[1mLinking CXX shared library libgazebo_ros_utils.so[0m
[16.978s] [ 35%] Built target gazebo_ros_utils
[18.124s] [ 36%] [32mBuilding CXX object test/CMakeFiles/sdf_node.dir/plugins/sdf_node.cpp.o[0m
[32.380s] [ 38%] [32m[1mLinking CXX shared library libargs_init.so[0m
[32.460s] [ 40%] [32m[1mLinking CXX shared library libros_world_plugin.so[0m
[32.944s] [ 41%] [32m[1mLinking CXX shared library libmultiple_nodes.so[0m
[33.206s] [ 41%] Built target args_init
[33.345s] [ 43%] [32mBuilding CXX object test/CMakeFiles/test_conversions.dir/test_conversions.cpp.o[0m
[33.471s] [ 43%] Built target ros_world_plugin
[33.608s] [ 45%] [32mBuilding CXX object test/CMakeFiles/test_gazebo_ros_factory.dir/test_gazebo_ros_factory.cpp.o[0m
[33.872s] [ 45%] Built target multiple_nodes
[34.010s] [ 46%] [32mBuilding CXX object test/CMakeFiles/test_gazebo_ros_init.dir/test_gazebo_ros_init.cpp.o[0m
[34.946s] [ 48%] [32m[1mLinking CXX shared library libcreate_node_without_init.so[0m
[35.312s] [ 50%] [32m[1mLinking CXX shared library libsdf_node.so[0m
[35.849s] [ 50%] Built target create_node_without_init
[35.970s] [ 51%] [32mBuilding CXX object test/CMakeFiles/test_gazebo_ros_joint_effort.dir/test_gazebo_ros_joint_effort.cpp.o[0m
[36.272s] [ 51%] Built target sdf_node
[36.398s] [ 53%] [32mBuilding CXX object test/CMakeFiles/test_gazebo_ros_link_wrench.dir/test_gazebo_ros_link_wrench.cpp.o[0m
[39.708s] [ 55%] [32m[1mLinking CXX executable test_conversions[0m
[41.538s] [ 55%] Built target test_conversions
[41.594s] [ 56%] [32mBuilding CXX object test/CMakeFiles/test_gazebo_ros_properties.dir/test_gazebo_ros_properties.cpp.o[0m
[42.469s] [ 58%] [32m[1mLinking CXX shared library libgazebo_ros_force_system.so[0m
[43.383s] [ 60%] [32m[1mLinking CXX shared library libgazebo_ros_state.so[0m
[43.891s] [ 60%] Built target gazebo_ros_force_system
[44.027s] [ 61%] [32mBuilding CXX object test/CMakeFiles/test_gazebo_ros_state.dir/test_gazebo_ros_state.cpp.o[0m
[45.065s] [ 61%] Built target gazebo_ros_state
[45.138s] [ 63%] [32mBuilding CXX object test/CMakeFiles/test_node.dir/test_node.cpp.o[0m
[49.638s] [ 65%] [32m[1mLinking CXX shared library libgazebo_ros_properties.so[0m
[52.271s] [ 65%] Built target gazebo_ros_properties
[52.386s] [ 66%] [32mBuilding CXX object test/CMakeFiles/test_reject_duplicate_nodes.dir/test_reject_duplicate_nodes.cpp.o[0m
[60.567s] [ 68%] [32m[1mLinking CXX executable test_node[0m
[62.439s] [ 68%] Built target test_node
[65.924s] [ 70%] [32m[1mLinking CXX executable test_reject_duplicate_nodes[0m
[67.377s] [ 70%] Built target test_reject_duplicate_nodes
[72.412s] [ 71%] [32mBuilding CXX object test/CMakeFiles/test_qos.dir/test_qos.cpp.o[0m
[74.530s] [ 73%] [32mBuilding CXX object test/CMakeFiles/test_plugins.dir/test_plugins.cpp.o[0m
[75.888s] [ 75%] [32m[1mLinking CXX executable test_gazebo_ros_init[0m
[78.955s] [ 75%] Built target test_gazebo_ros_init
[79.254s] [ 76%] [32m[1mLinking CXX executable test_qos[0m
[79.591s] [ 78%] [32m[1mLinking CXX executable test_gazebo_ros_factory[0m
[80.690s] [ 80%] [32m[1mLinking CXX executable test_gazebo_ros_link_wrench[0m
[80.879s] [ 81%] [32m[1mLinking CXX executable test_gazebo_ros_joint_effort[0m
[80.882s] [ 81%] Built target test_qos
[82.389s] [ 81%] Built target test_gazebo_ros_factory
[82.698s] [ 81%] Built target test_gazebo_ros_link_wrench
[83.314s] [ 81%] Built target test_gazebo_ros_joint_effort
[88.186s] [ 83%] [32m[1mLinking CXX executable test_plugins[0m
[88.950s] [ 83%] Built target test_plugins
[88.976s] [ 85%] [32mBuilding CXX object CMakeFiles/gazebo_ros_init.dir/src/gazebo_ros_init.cpp.o[0m
[88.980s] [ 86%] [32mBuilding CXX object CMakeFiles/gazebo_ros_factory.dir/src/gazebo_ros_factory.cpp.o[0m
[92.688s] [ 88%] [32m[1mLinking CXX executable test_gazebo_ros_properties[0m
[95.277s] [ 88%] Built target test_gazebo_ros_properties
[95.280s] [ 90%] [32m[1mLinking CXX executable test_gazebo_ros_state[0m
[95.306s] [ 91%] [32mBuilding CXX object test/CMakeFiles/test_utils.dir/test_utils.cpp.o[0m
[95.307s] [ 93%] [32mBuilding CXX object test/CMakeFiles/test_sim_time.dir/test_sim_time.cpp.o[0m
[99.676s] [ 93%] Built target test_gazebo_ros_state
[105.277s] [ 95%] [32m[1mLinking CXX executable test_utils[0m
[106.159s] [ 96%] [32m[1mLinking CXX shared library libgazebo_ros_init.so[0m
[106.295s] [ 96%] Built target test_utils
[107.106s] [ 96%] Built target gazebo_ros_init
[108.307s] [ 98%] [32m[1mLinking CXX executable test_sim_time[0m
[108.960s] [ 98%] Built target test_sim_time
[109.600s] [100%] [32m[1mLinking CXX shared library libgazebo_ros_factory.so[0m
[110.257s] [100%] Built target gazebo_ros_factory
[110.269s] Invoked command in '/home/marceloqm/gzros_simulation/build/gazebo_ros' returned '0': AMENT_PREFIX_PATH=/home/marceloqm/gzros_simulation/install/gazebo_msgs:/home/marceloqm/gzros_simulation/install/gazebo_dev:${AMENT_PREFIX_PATH} CMAKE_PREFIX_PATH=/home/marceloqm/gzros_simulation/install/gazebo_msgs:/home/marceloqm/gzros_simulation/install/gazebo_dev:/home/marceloqm/gzros_sim/install/vision_opencv:/home/marceloqm/gzros_sim/install/image_geometry:/home/marceloqm/gzros_sim/install/gazebo_ros:/home/marceloqm/gzros_sim/install/gazebo_msgs:/home/marceloqm/gzros_sim/install/gazebo_dev:/home/marceloqm/gzros_sim/install/cv_bridge:/home/marceloqm/gzros_sim/install/opencv_tests:/opt/ros/humble LD_LIBRARY_PATH=/home/marceloqm/gzros_simulation/install/gazebo_msgs/lib:${LD_LIBRARY_PATH} PYTHONPATH=/home/marceloqm/gzros_simulation/install/gazebo_msgs/local/lib/python3.10/dist-packages:${PYTHONPATH} /usr/bin/cmake --build /home/marceloqm/gzros_simulation/build/gazebo_ros -- -j8 -l8
[110.351s] Invoking command in '/home/marceloqm/gzros_simulation/build/gazebo_ros': AMENT_PREFIX_PATH=/home/marceloqm/gzros_simulation/install/gazebo_msgs:/home/marceloqm/gzros_simulation/install/gazebo_dev:${AMENT_PREFIX_PATH} CMAKE_PREFIX_PATH=/home/marceloqm/gzros_simulation/install/gazebo_msgs:/home/marceloqm/gzros_simulation/install/gazebo_dev:/home/marceloqm/gzros_sim/install/vision_opencv:/home/marceloqm/gzros_sim/install/image_geometry:/home/marceloqm/gzros_sim/install/gazebo_ros:/home/marceloqm/gzros_sim/install/gazebo_msgs:/home/marceloqm/gzros_sim/install/gazebo_dev:/home/marceloqm/gzros_sim/install/cv_bridge:/home/marceloqm/gzros_sim/install/opencv_tests:/opt/ros/humble LD_LIBRARY_PATH=/home/marceloqm/gzros_simulation/install/gazebo_msgs/lib:${LD_LIBRARY_PATH} PYTHONPATH=/home/marceloqm/gzros_simulation/install/gazebo_msgs/local/lib/python3.10/dist-packages:${PYTHONPATH} /usr/bin/cmake --install /home/marceloqm/gzros_simulation/build/gazebo_ros
[110.358s] -- Install configuration: ""
[110.359s] -- Execute custom install script
[110.359s] -- Symlinking: /home/marceloqm/gzros_simulation/install/gazebo_ros/share/gazebo_ros/environment/pythonpath.sh
[110.367s] -- Symlinking: /home/marceloqm/gzros_simulation/install/gazebo_ros/share/gazebo_ros/environment/pythonpath.dsv
[110.376s] -- Symlinking: /home/marceloqm/gzros_simulation/install/gazebo_ros/local/lib/python3.10/dist-packages/scripts-3.7.0-py3.10.egg-info/PKG-INFO
[110.385s] -- Symlinking: /home/marceloqm/gzros_simulation/install/gazebo_ros/local/lib/python3.10/dist-packages/scripts-3.7.0-py3.10.egg-info/SOURCES.txt
[110.393s] -- Symlinking: /home/marceloqm/gzros_simulation/install/gazebo_ros/local/lib/python3.10/dist-packages/scripts-3.7.0-py3.10.egg-info/dependency_links.txt
[110.401s] -- Symlinking: /home/marceloqm/gzros_simulation/install/gazebo_ros/local/lib/python3.10/dist-packages/scripts-3.7.0-py3.10.egg-info/top_level.txt
[110.410s] -- Symlinking: /home/marceloqm/gzros_simulation/install/gazebo_ros/local/lib/python3.10/dist-packages/scripts/__init__.py
[110.419s] -- Symlinking: /home/marceloqm/gzros_simulation/install/gazebo_ros/local/lib/python3.10/dist-packages/scripts/gazebo_ros_paths.py
[110.427s] -- Symlinking: /home/marceloqm/gzros_simulation/install/gazebo_ros/local/lib/python3.10/dist-packages/scripts/spawn_entity.py
[110.435s] -- Symlinking: /home/marceloqm/gzros_simulation/install/gazebo_ros/share/gazebo_ros/environment/library_path.sh
[110.443s] -- Symlinking: /home/marceloqm/gzros_simulation/install/gazebo_ros/share/gazebo_ros/environment/library_path.dsv
[110.451s] -- Symlinking: /home/marceloqm/gzros_simulation/install/gazebo_ros/share/ament_index/resource_index/package_run_dependencies/gazebo_ros
[110.459s] -- Symlinking: /home/marceloqm/gzros_simulation/install/gazebo_ros/share/ament_index/resource_index/parent_prefix_path/gazebo_ros
[110.467s] -- Symlinking: /home/marceloqm/gzros_simulation/install/gazebo_ros/share/gazebo_ros/environment/ament_prefix_path.sh
[110.476s] -- Symlinking: /home/marceloqm/gzros_simulation/install/gazebo_ros/share/gazebo_ros/environment/ament_prefix_path.dsv
[110.484s] -- Symlinking: /home/marceloqm/gzros_simulation/install/gazebo_ros/share/gazebo_ros/environment/path.sh
[110.493s] -- Symlinking: /home/marceloqm/gzros_simulation/install/gazebo_ros/share/gazebo_ros/environment/path.dsv
[110.501s] -- Symlinking: /home/marceloqm/gzros_simulation/install/gazebo_ros/share/gazebo_ros/local_setup.bash
[110.510s] -- Symlinking: /home/marceloqm/gzros_simulation/install/gazebo_ros/share/gazebo_ros/local_setup.sh
[110.518s] -- Symlinking: /home/marceloqm/gzros_simulation/install/gazebo_ros/share/gazebo_ros/local_setup.zsh
[110.526s] -- Symlinking: /home/marceloqm/gzros_simulation/install/gazebo_ros/share/gazebo_ros/local_setup.dsv
[110.535s] -- Symlinking: /home/marceloqm/gzros_simulation/install/gazebo_ros/share/gazebo_ros/package.dsv
[110.544s] -- Symlinking: /home/marceloqm/gzros_simulation/install/gazebo_ros/share/ament_index/resource_index/packages/gazebo_ros
[110.552s] -- Symlinking: /home/marceloqm/gzros_simulation/install/gazebo_ros/share/gazebo_ros/cmake/ament_cmake_export_libraries-extras.cmake
[110.560s] -- Symlinking: /home/marceloqm/gzros_simulation/install/gazebo_ros/share/gazebo_ros/cmake/ament_cmake_export_include_directories-extras.cmake
[110.568s] -- Symlinking: /home/marceloqm/gzros_simulation/install/gazebo_ros/share/gazebo_ros/cmake/ament_cmake_export_dependencies-extras.cmake
[110.577s] -- Symlinking: /home/marceloqm/gzros_simulation/install/gazebo_ros/share/gazebo_ros/cmake/gazebo_rosConfig.cmake
[110.586s] -- Symlinking: /home/marceloqm/gzros_simulation/install/gazebo_ros/share/gazebo_ros/cmake/gazebo_rosConfig-version.cmake
[110.595s] -- Symlinking: /home/marceloqm/gzros_simulation/install/gazebo_ros/share/gazebo_ros/package.xml
[110.603s] -- Symlinking: /home/marceloqm/gzros_simulation/install/gazebo_ros/include/gazebo_ros/conversions/builtin_interfaces.hpp
[110.611s] -- Symlinking: /home/marceloqm/gzros_simulation/install/gazebo_ros/include/gazebo_ros/conversions/gazebo_msgs.hpp
[110.619s] -- Symlinking: /home/marceloqm/gzros_simulation/install/gazebo_ros/include/gazebo_ros/conversions/generic.hpp
[110.627s] -- Symlinking: /home/marceloqm/gzros_simulation/install/gazebo_ros/include/gazebo_ros/conversions/geometry_msgs.hpp
[110.635s] -- Symlinking: /home/marceloqm/gzros_simulation/install/gazebo_ros/include/gazebo_ros/conversions/sensor_msgs.hpp
[110.643s] -- Symlinking: /home/marceloqm/gzros_simulation/install/gazebo_ros/include/gazebo_ros/executor.hpp
[110.651s] -- Symlinking: /home/marceloqm/gzros_simulation/install/gazebo_ros/include/gazebo_ros/gazebo_ros_factory.hpp
[110.659s] -- Symlinking: /home/marceloqm/gzros_simulation/install/gazebo_ros/include/gazebo_ros/gazebo_ros_force_system.hpp
[110.667s] -- Symlinking: /home/marceloqm/gzros_simulation/install/gazebo_ros/include/gazebo_ros/gazebo_ros_init.hpp
[110.676s] -- Symlinking: /home/marceloqm/gzros_simulation/install/gazebo_ros/include/gazebo_ros/gazebo_ros_properties.hpp
[110.684s] -- Symlinking: /home/marceloqm/gzros_simulation/install/gazebo_ros/include/gazebo_ros/gazebo_ros_state.hpp
[110.693s] -- Symlinking: /home/marceloqm/gzros_simulation/install/gazebo_ros/include/gazebo_ros/node.hpp
[110.701s] -- Symlinking: /home/marceloqm/gzros_simulation/install/gazebo_ros/include/gazebo_ros/node_visibility_control.h
[110.709s] -- Symlinking: /home/marceloqm/gzros_simulation/install/gazebo_ros/include/gazebo_ros/qos.hpp
[110.718s] -- Symlinking: /home/marceloqm/gzros_simulation/install/gazebo_ros/include/gazebo_ros/testing_utils.hpp
[110.726s] -- Symlinking: /home/marceloqm/gzros_simulation/install/gazebo_ros/include/gazebo_ros/utils.hpp
[110.734s] -- Symlinking: /home/marceloqm/gzros_simulation/install/gazebo_ros/include/gazebo_ros/utils_visibility_control.h
[110.742s] -- Symlinking: /home/marceloqm/gzros_simulation/install/gazebo_ros/lib/gazebo_ros//gazebo_ros_paths.py
[110.750s] -- Symlinking: /home/marceloqm/gzros_simulation/install/gazebo_ros/lib/libgazebo_ros_factory.so
[110.758s] -- Symlinking: /home/marceloqm/gzros_simulation/install/gazebo_ros/lib/libgazebo_ros_force_system.so
[110.766s] -- Symlinking: /home/marceloqm/gzros_simulation/install/gazebo_ros/lib/libgazebo_ros_init.so
[110.775s] -- Symlinking: /home/marceloqm/gzros_simulation/install/gazebo_ros/lib/libgazebo_ros_node.so
[110.784s] -- Symlinking: /home/marceloqm/gzros_simulation/install/gazebo_ros/lib/libgazebo_ros_properties.so
[110.792s] -- Symlinking: /home/marceloqm/gzros_simulation/install/gazebo_ros/lib/libgazebo_ros_state.so
[110.800s] -- Symlinking: /home/marceloqm/gzros_simulation/install/gazebo_ros/lib/libgazebo_ros_utils.so
[110.809s] -- Symlinking: /home/marceloqm/gzros_simulation/install/gazebo_ros/lib/gazebo_ros//spawn_entity.py
[110.818s] -- Symlinking: /home/marceloqm/gzros_simulation/install/gazebo_ros/share/gazebo_ros//launch/gazebo.launch.py
[110.827s] -- Symlinking: /home/marceloqm/gzros_simulation/install/gazebo_ros/share/gazebo_ros//launch/gzclient.launch.py
[110.837s] -- Symlinking: /home/marceloqm/gzros_simulation/install/gazebo_ros/share/gazebo_ros//launch/gzserver.launch.py
[110.845s] -- Symlinking: /home/marceloqm/gzros_simulation/install/gazebo_ros/share/gazebo_ros//launch/spawn_entity_demo.launch.py
[110.854s] -- Symlinking: /home/marceloqm/gzros_simulation/install/gazebo_ros/share/gazebo_ros//worlds/empty.world
[110.863s] -- Symlinking: /home/marceloqm/gzros_simulation/install/gazebo_ros/share/gazebo_ros//worlds/gazebo_ros_force_system_demo.world
[110.871s] -- Symlinking: /home/marceloqm/gzros_simulation/install/gazebo_ros/share/gazebo_ros//worlds/gazebo_ros_properties_demo.world
[110.881s] -- Symlinking: /home/marceloqm/gzros_simulation/install/gazebo_ros/share/gazebo_ros//worlds/gazebo_ros_state_demo.world
[110.934s] Listing '/home/marceloqm/gzros_simulation/install/gazebo_ros/local/lib/python3.10/dist-packages/scripts'...
[110.935s] Compiling '/home/marceloqm/gzros_simulation/install/gazebo_ros/local/lib/python3.10/dist-packages/scripts/__init__.py'...
[110.935s] Compiling '/home/marceloqm/gzros_simulation/install/gazebo_ros/local/lib/python3.10/dist-packages/scripts/gazebo_ros_paths.py'...
[110.935s] Compiling '/home/marceloqm/gzros_simulation/install/gazebo_ros/local/lib/python3.10/dist-packages/scripts/spawn_entity.py'...
[110.943s] Invoked command in '/home/marceloqm/gzros_simulation/build/gazebo_ros' returned '0': AMENT_PREFIX_PATH=/home/marceloqm/gzros_simulation/install/gazebo_msgs:/home/marceloqm/gzros_simulation/install/gazebo_dev:${AMENT_PREFIX_PATH} CMAKE_PREFIX_PATH=/home/marceloqm/gzros_simulation/install/gazebo_msgs:/home/marceloqm/gzros_simulation/install/gazebo_dev:/home/marceloqm/gzros_sim/install/vision_opencv:/home/marceloqm/gzros_sim/install/image_geometry:/home/marceloqm/gzros_sim/install/gazebo_ros:/home/marceloqm/gzros_sim/install/gazebo_msgs:/home/marceloqm/gzros_sim/install/gazebo_dev:/home/marceloqm/gzros_sim/install/cv_bridge:/home/marceloqm/gzros_sim/install/opencv_tests:/opt/ros/humble LD_LIBRARY_PATH=/home/marceloqm/gzros_simulation/install/gazebo_msgs/lib:${LD_LIBRARY_PATH} PYTHONPATH=/home/marceloqm/gzros_simulation/install/gazebo_msgs/local/lib/python3.10/dist-packages:${PYTHONPATH} /usr/bin/cmake --install /home/marceloqm/gzros_simulation/build/gazebo_ros
