[0.498s] Invoking command in '/home/marceloqm/gzros_sim/build/vision_opencv': AMENT_PREFIX_PATH=/home/marceloqm/gzros_sim/install/image_geometry:/home/marceloqm/gzros_sim/install/cv_bridge:${AMENT_PREFIX_PATH} CMAKE_PREFIX_PATH=/home/marceloqm/gzros_sim/install/image_geometry:/home/marceloqm/gzros_sim/install/cv_bridge:/opt/ros/humble LD_LIBRARY_PATH=/home/marceloqm/gzros_sim/install/image_geometry/lib:/home/marceloqm/gzros_sim/install/cv_bridge/lib:${LD_LIBRARY_PATH} PYTHONPATH=/home/marceloqm/gzros_sim/install/image_geometry/local/lib/python3.10/dist-packages:/home/marceloqm/gzros_sim/install/cv_bridge/local/lib/python3.10/dist-packages:${PYTHONPATH} /usr/bin/cmake /home/marceloqm/gzros_sim/src/vision_opencv/vision_opencv -DAMENT_CMAKE_SYMLINK_INSTALL=1 -DCMAKE_INSTALL_PREFIX=/home/marceloqm/gzros_sim/install/vision_opencv
[0.602s] -- The C compiler identification is GNU 11.3.0
[0.805s] -- The CXX compiler identification is GNU 11.3.0
[0.824s] -- Detecting C compiler ABI info
[1.138s] -- Detecting C compiler ABI info - done
[1.167s] -- Check for working C compiler: /usr/bin/cc - skipped
[1.168s] -- Detecting C compile features
[1.168s] -- Detecting C compile features - done
[1.173s] -- Detecting CXX compiler ABI info
[1.473s] -- Detecting CXX compiler ABI info - done
[1.496s] -- Check for working CXX compiler: /usr/bin/c++ - skipped
[1.496s] -- Detecting CXX compile features
[1.497s] -- Detecting CXX compile features - done
[1.502s] -- Found ament_cmake: 1.3.4 (/opt/ros/humble/share/ament_cmake/cmake)
[1.891s] -- Found Python3: /usr/bin/python3.10 (found version "3.10.6") found components: Interpreter 
[2.029s] -- Override CMake install command with custom implementation using symlinks instead of copying resources
[2.276s] -- Configuring done
[2.280s] -- Generating done
[2.281s] -- Build files have been written to: /home/marceloqm/gzros_sim/build/vision_opencv
[2.303s] Invoked command in '/home/marceloqm/gzros_sim/build/vision_opencv' returned '0': AMENT_PREFIX_PATH=/home/marceloqm/gzros_sim/install/image_geometry:/home/marceloqm/gzros_sim/install/cv_bridge:${AMENT_PREFIX_PATH} CMAKE_PREFIX_PATH=/home/marceloqm/gzros_sim/install/image_geometry:/home/marceloqm/gzros_sim/install/cv_bridge:/opt/ros/humble LD_LIBRARY_PATH=/home/marceloqm/gzros_sim/install/image_geometry/lib:/home/marceloqm/gzros_sim/install/cv_bridge/lib:${LD_LIBRARY_PATH} PYTHONPATH=/home/marceloqm/gzros_sim/install/image_geometry/local/lib/python3.10/dist-packages:/home/marceloqm/gzros_sim/install/cv_bridge/local/lib/python3.10/dist-packages:${PYTHONPATH} /usr/bin/cmake /home/marceloqm/gzros_sim/src/vision_opencv/vision_opencv -DAMENT_CMAKE_SYMLINK_INSTALL=1 -DCMAKE_INSTALL_PREFIX=/home/marceloqm/gzros_sim/install/vision_opencv
[2.303s] Invoking command in '/home/marceloqm/gzros_sim/build/vision_opencv': AMENT_PREFIX_PATH=/home/marceloqm/gzros_sim/install/image_geometry:/home/marceloqm/gzros_sim/install/cv_bridge:${AMENT_PREFIX_PATH} CMAKE_PREFIX_PATH=/home/marceloqm/gzros_sim/install/image_geometry:/home/marceloqm/gzros_sim/install/cv_bridge:/opt/ros/humble LD_LIBRARY_PATH=/home/marceloqm/gzros_sim/install/image_geometry/lib:/home/marceloqm/gzros_sim/install/cv_bridge/lib:${LD_LIBRARY_PATH} PYTHONPATH=/home/marceloqm/gzros_sim/install/image_geometry/local/lib/python3.10/dist-packages:/home/marceloqm/gzros_sim/install/cv_bridge/local/lib/python3.10/dist-packages:${PYTHONPATH} /usr/bin/cmake --build /home/marceloqm/gzros_sim/build/vision_opencv -- -j8 -l8
[2.491s] Invoked command in '/home/marceloqm/gzros_sim/build/vision_opencv' returned '0': AMENT_PREFIX_PATH=/home/marceloqm/gzros_sim/install/image_geometry:/home/marceloqm/gzros_sim/install/cv_bridge:${AMENT_PREFIX_PATH} CMAKE_PREFIX_PATH=/home/marceloqm/gzros_sim/install/image_geometry:/home/marceloqm/gzros_sim/install/cv_bridge:/opt/ros/humble LD_LIBRARY_PATH=/home/marceloqm/gzros_sim/install/image_geometry/lib:/home/marceloqm/gzros_sim/install/cv_bridge/lib:${LD_LIBRARY_PATH} PYTHONPATH=/home/marceloqm/gzros_sim/install/image_geometry/local/lib/python3.10/dist-packages:/home/marceloqm/gzros_sim/install/cv_bridge/local/lib/python3.10/dist-packages:${PYTHONPATH} /usr/bin/cmake --build /home/marceloqm/gzros_sim/build/vision_opencv -- -j8 -l8
[2.667s] Invoking command in '/home/marceloqm/gzros_sim/build/vision_opencv': AMENT_PREFIX_PATH=/home/marceloqm/gzros_sim/install/image_geometry:/home/marceloqm/gzros_sim/install/cv_bridge:${AMENT_PREFIX_PATH} CMAKE_PREFIX_PATH=/home/marceloqm/gzros_sim/install/image_geometry:/home/marceloqm/gzros_sim/install/cv_bridge:/opt/ros/humble LD_LIBRARY_PATH=/home/marceloqm/gzros_sim/install/image_geometry/lib:/home/marceloqm/gzros_sim/install/cv_bridge/lib:${LD_LIBRARY_PATH} PYTHONPATH=/home/marceloqm/gzros_sim/install/image_geometry/local/lib/python3.10/dist-packages:/home/marceloqm/gzros_sim/install/cv_bridge/local/lib/python3.10/dist-packages:${PYTHONPATH} /usr/bin/cmake --install /home/marceloqm/gzros_sim/build/vision_opencv
[2.684s] -- Install configuration: ""
[2.685s] -- Execute custom install script
[2.685s] -- Symlinking: /home/marceloqm/gzros_sim/install/vision_opencv/share/ament_index/resource_index/package_run_dependencies/vision_opencv
[2.714s] -- Symlinking: /home/marceloqm/gzros_sim/install/vision_opencv/share/ament_index/resource_index/parent_prefix_path/vision_opencv
[2.730s] -- Symlinking: /home/marceloqm/gzros_sim/install/vision_opencv/share/vision_opencv/environment/ament_prefix_path.sh
[2.753s] -- Symlinking: /home/marceloqm/gzros_sim/install/vision_opencv/share/vision_opencv/environment/ament_prefix_path.dsv
[2.766s] -- Symlinking: /home/marceloqm/gzros_sim/install/vision_opencv/share/vision_opencv/environment/path.sh
[2.793s] -- Symlinking: /home/marceloqm/gzros_sim/install/vision_opencv/share/vision_opencv/environment/path.dsv
[2.816s] -- Symlinking: /home/marceloqm/gzros_sim/install/vision_opencv/share/vision_opencv/local_setup.bash
[2.857s] -- Symlinking: /home/marceloqm/gzros_sim/install/vision_opencv/share/vision_opencv/local_setup.sh
[2.879s] -- Symlinking: /home/marceloqm/gzros_sim/install/vision_opencv/share/vision_opencv/local_setup.zsh
[2.899s] -- Symlinking: /home/marceloqm/gzros_sim/install/vision_opencv/share/vision_opencv/local_setup.dsv
[2.920s] -- Symlinking: /home/marceloqm/gzros_sim/install/vision_opencv/share/vision_opencv/package.dsv
[2.941s] -- Symlinking: /home/marceloqm/gzros_sim/install/vision_opencv/share/ament_index/resource_index/packages/vision_opencv
[2.961s] -- Symlinking: /home/marceloqm/gzros_sim/install/vision_opencv/share/vision_opencv/cmake/vision_opencvConfig.cmake
[2.974s] -- Symlinking: /home/marceloqm/gzros_sim/install/vision_opencv/share/vision_opencv/cmake/vision_opencvConfig-version.cmake
[3.003s] -- Symlinking: /home/marceloqm/gzros_sim/install/vision_opencv/share/vision_opencv/package.xml
[3.031s] Invoked command in '/home/marceloqm/gzros_sim/build/vision_opencv' returned '0': AMENT_PREFIX_PATH=/home/marceloqm/gzros_sim/install/image_geometry:/home/marceloqm/gzros_sim/install/cv_bridge:${AMENT_PREFIX_PATH} CMAKE_PREFIX_PATH=/home/marceloqm/gzros_sim/install/image_geometry:/home/marceloqm/gzros_sim/install/cv_bridge:/opt/ros/humble LD_LIBRARY_PATH=/home/marceloqm/gzros_sim/install/image_geometry/lib:/home/marceloqm/gzros_sim/install/cv_bridge/lib:${LD_LIBRARY_PATH} PYTHONPATH=/home/marceloqm/gzros_sim/install/image_geometry/local/lib/python3.10/dist-packages:/home/marceloqm/gzros_sim/install/cv_bridge/local/lib/python3.10/dist-packages:${PYTHONPATH} /usr/bin/cmake --install /home/marceloqm/gzros_sim/build/vision_opencv
