[0.036s] Invoking command in '/home/marceloqm/gzros_sim/build/image_geometry': CMAKE_PREFIX_PATH=/opt/ros/humble /usr/bin/cmake --build /home/marceloqm/gzros_sim/build/image_geometry -- -j8 -l8
[0.117s] [ 22%] Built target gtest
[0.129s] [ 22%] Built target ament_cmake_python_symlink_image_geometry
[0.133s] [ 44%] Built target gtest_main
[0.171s] [ 77%] Built target image_geometry
[0.222s] [100%] Built target image_geometry-utest
[0.414s] running egg_info
[0.415s] writing image_geometry.egg-info/PKG-INFO
[0.415s] writing dependency_links to image_geometry.egg-info/dependency_links.txt
[0.416s] writing top-level names to image_geometry.egg-info/top_level.txt
[0.419s] reading manifest file 'image_geometry.egg-info/SOURCES.txt'
[0.420s] writing manifest file 'image_geometry.egg-info/SOURCES.txt'
[0.449s] [100%] Built target ament_cmake_python_build_image_geometry_egg
[0.461s] Invoked command in '/home/marceloqm/gzros_sim/build/image_geometry' returned '0': CMAKE_PREFIX_PATH=/opt/ros/humble /usr/bin/cmake --build /home/marceloqm/gzros_sim/build/image_geometry -- -j8 -l8
[0.496s] Invoking command in '/home/marceloqm/gzros_sim/build/image_geometry': CMAKE_PREFIX_PATH=/opt/ros/humble /usr/bin/cmake --install /home/marceloqm/gzros_sim/build/image_geometry
[0.504s] -- Install configuration: ""
[0.561s] -- Execute custom install script
[0.567s] -- Up-to-date symlink: /home/marceloqm/gzros_sim/install/image_geometry/share/image_geometry/environment/pythonpath.sh
[0.567s] -- Up-to-date symlink: /home/marceloqm/gzros_sim/install/image_geometry/share/image_geometry/environment/pythonpath.dsv
[0.575s] -- Up-to-date symlink: /home/marceloqm/gzros_sim/install/image_geometry/local/lib/python3.10/dist-packages/image_geometry-3.2.1-py3.10.egg-info/PKG-INFO
[0.575s] -- Up-to-date symlink: /home/marceloqm/gzros_sim/install/image_geometry/local/lib/python3.10/dist-packages/image_geometry-3.2.1-py3.10.egg-info/SOURCES.txt
[0.576s] -- Up-to-date symlink: /home/marceloqm/gzros_sim/install/image_geometry/local/lib/python3.10/dist-packages/image_geometry-3.2.1-py3.10.egg-info/dependency_links.txt
[0.576s] -- Up-to-date symlink: /home/marceloqm/gzros_sim/install/image_geometry/local/lib/python3.10/dist-packages/image_geometry-3.2.1-py3.10.egg-info/top_level.txt
[0.577s] -- Up-to-date symlink: /home/marceloqm/gzros_sim/install/image_geometry/local/lib/python3.10/dist-packages/image_geometry/__init__.py
[0.577s] -- Up-to-date symlink: /home/marceloqm/gzros_sim/install/image_geometry/local/lib/python3.10/dist-packages/image_geometry/cameramodels.py
[0.578s] -- Up-to-date symlink: /home/marceloqm/gzros_sim/install/image_geometry/include/image_geometry/image_geometry/pinhole_camera_model.h
[0.578s] -- Up-to-date symlink: /home/marceloqm/gzros_sim/install/image_geometry/include/image_geometry/image_geometry/stereo_camera_model.h
[0.578s] -- Up-to-date symlink: /home/marceloqm/gzros_sim/install/image_geometry/include/image_geometry/image_geometry/visibility_control.hpp
[0.578s] -- Up-to-date symlink: /home/marceloqm/gzros_sim/install/image_geometry/share/ament_index/resource_index/package_run_dependencies/image_geometry
[0.579s] -- Up-to-date symlink: /home/marceloqm/gzros_sim/install/image_geometry/share/ament_index/resource_index/parent_prefix_path/image_geometry
[0.579s] -- Up-to-date symlink: /home/marceloqm/gzros_sim/install/image_geometry/share/image_geometry/environment/ament_prefix_path.sh
[0.579s] -- Up-to-date symlink: /home/marceloqm/gzros_sim/install/image_geometry/share/image_geometry/environment/ament_prefix_path.dsv
[0.580s] -- Up-to-date symlink: /home/marceloqm/gzros_sim/install/image_geometry/share/image_geometry/environment/path.sh
[0.580s] -- Up-to-date symlink: /home/marceloqm/gzros_sim/install/image_geometry/share/image_geometry/environment/path.dsv
[0.580s] -- Up-to-date symlink: /home/marceloqm/gzros_sim/install/image_geometry/share/image_geometry/local_setup.bash
[0.581s] -- Up-to-date symlink: /home/marceloqm/gzros_sim/install/image_geometry/share/image_geometry/local_setup.sh
[0.581s] -- Up-to-date symlink: /home/marceloqm/gzros_sim/install/image_geometry/share/image_geometry/local_setup.zsh
[0.581s] -- Up-to-date symlink: /home/marceloqm/gzros_sim/install/image_geometry/share/image_geometry/local_setup.dsv
[0.582s] -- Symlinking: /home/marceloqm/gzros_sim/install/image_geometry/share/image_geometry/package.dsv
[0.591s] -- Up-to-date symlink: /home/marceloqm/gzros_sim/install/image_geometry/share/ament_index/resource_index/packages/image_geometry
[0.591s] -- Up-to-date symlink: /home/marceloqm/gzros_sim/install/image_geometry/share/image_geometry/cmake/ament_cmake_export_targets-extras.cmake
[0.592s] -- Up-to-date symlink: /home/marceloqm/gzros_sim/install/image_geometry/share/image_geometry/cmake/ament_cmake_export_dependencies-extras.cmake
[0.592s] -- Up-to-date symlink: /home/marceloqm/gzros_sim/install/image_geometry/share/image_geometry/cmake/image_geometryConfig.cmake
[0.592s] -- Up-to-date symlink: /home/marceloqm/gzros_sim/install/image_geometry/share/image_geometry/cmake/image_geometryConfig-version.cmake
[0.593s] -- Up-to-date symlink: /home/marceloqm/gzros_sim/install/image_geometry/share/image_geometry/package.xml
[0.644s] Listing '/home/marceloqm/gzros_sim/install/image_geometry/local/lib/python3.10/dist-packages/image_geometry'...
[0.657s] -- Up-to-date: /home/marceloqm/gzros_sim/install/image_geometry/lib/libimage_geometry.so
[0.658s] -- Up-to-date: /home/marceloqm/gzros_sim/install/image_geometry/share/image_geometry/cmake/export_image_geometryExport.cmake
[0.658s] -- Up-to-date: /home/marceloqm/gzros_sim/install/image_geometry/share/image_geometry/cmake/export_image_geometryExport-noconfig.cmake
[0.661s] Invoked command in '/home/marceloqm/gzros_sim/build/image_geometry' returned '0': CMAKE_PREFIX_PATH=/opt/ros/humble /usr/bin/cmake --install /home/marceloqm/gzros_sim/build/image_geometry
