[0.093s] Invoking command in '/home/marceloqm/gzros_sim/build/gazebo_ros': CMAKE_PREFIX_PATH=/home/marceloqm/gzros_sim/install/gazebo_msgs:/home/marceloqm/gzros_sim/install/gazebo_dev:/home/marceloqm/gzros_sim/install/vision_opencv:/home/marceloqm/gzros_sim/install/image_geometry:/home/marceloqm/gzros_sim/install/gazebo_ros:/home/marceloqm/gzros_sim/install/cv_bridge:/home/marceloqm/gzros_sim/install/opencv_tests:/opt/ros/humble LD_LIBRARY_PATH=/home/marceloqm/gzros_sim/install/gazebo_msgs/lib:/home/marceloqm/gzros_sim/install/image_geometry/lib:/home/marceloqm/gzros_sim/install/gazebo_ros/lib:/home/marceloqm/gzros_sim/install/cv_bridge/lib:/opt/ros/humble/opt/rviz_ogre_vendor/lib:/opt/ros/humble/lib/x86_64-linux-gnu:/opt/ros/humble/lib /usr/bin/cmake --build /home/marceloqm/gzros_sim/build/gazebo_ros -- -j8 -l8
[0.603s] [  0%] Built target ament_cmake_python_symlink_scripts
[0.642s] [  3%] Built target gtest_main
[0.656s] [  6%] Built target gtest
[0.661s] [ 10%] Built target mock_gazebo_ros_factory
[0.662s] [ 13%] Built target mock_robot_state_publisher
[0.664s] [ 16%] Built target gazebo_ros_utils
[0.683s] [ 23%] Built target gazebo_ros_node
[0.796s] [ 26%] Built target gazebo_ros_force_system
[0.804s] [ 30%] Built target gazebo_ros_factory
[0.806s] [ 33%] Built target gazebo_ros_init
[0.809s] [ 36%] Built target gazebo_ros_state
[0.812s] [ 40%] Built target gazebo_ros_properties
[0.822s] [ 43%] Built target args_init
[0.823s] [ 46%] Built target create_node_without_init
[0.941s] [ 50%] Built target multiple_nodes
[0.958s] [ 53%] Built target ros_world_plugin
[0.965s] [ 56%] Built target sdf_node
[0.967s] [ 60%] Built target test_conversions
[0.975s] [ 63%] Built target test_gazebo_ros_factory
[0.977s] [ 66%] Built target test_gazebo_ros_init
[0.979s] running egg_info
[0.980s] writing scripts.egg-info/PKG-INFO
[0.980s] writing dependency_links to scripts.egg-info/dependency_links.txt
[0.981s] writing top-level names to scripts.egg-info/top_level.txt
[0.984s] reading manifest file 'scripts.egg-info/SOURCES.txt'
[0.994s] [ 70%] Built target test_gazebo_ros_joint_effort
[1.007s] writing manifest file 'scripts.egg-info/SOURCES.txt'
[1.035s] [ 70%] Built target ament_cmake_python_build_scripts_egg
[1.051s] [ 73%] Built target test_gazebo_ros_link_wrench
[1.055s] [ 76%] Built target test_node
[1.055s] [ 80%] Built target test_reject_duplicate_nodes
[1.058s] [ 83%] Built target test_gazebo_ros_properties
[1.081s] [ 86%] Built target test_plugins
[1.081s] [ 90%] Built target test_qos
[1.119s] [ 93%] Built target test_sim_time
[1.125s] [ 96%] Built target test_utils
[1.149s] [100%] Built target test_gazebo_ros_state
[1.161s] Invoked command in '/home/marceloqm/gzros_sim/build/gazebo_ros' returned '0': CMAKE_PREFIX_PATH=/home/marceloqm/gzros_sim/install/gazebo_msgs:/home/marceloqm/gzros_sim/install/gazebo_dev:/home/marceloqm/gzros_sim/install/vision_opencv:/home/marceloqm/gzros_sim/install/image_geometry:/home/marceloqm/gzros_sim/install/gazebo_ros:/home/marceloqm/gzros_sim/install/cv_bridge:/home/marceloqm/gzros_sim/install/opencv_tests:/opt/ros/humble LD_LIBRARY_PATH=/home/marceloqm/gzros_sim/install/gazebo_msgs/lib:/home/marceloqm/gzros_sim/install/image_geometry/lib:/home/marceloqm/gzros_sim/install/gazebo_ros/lib:/home/marceloqm/gzros_sim/install/cv_bridge/lib:/opt/ros/humble/opt/rviz_ogre_vendor/lib:/opt/ros/humble/lib/x86_64-linux-gnu:/opt/ros/humble/lib /usr/bin/cmake --build /home/marceloqm/gzros_sim/build/gazebo_ros -- -j8 -l8
[1.240s] Invoking command in '/home/marceloqm/gzros_sim/build/gazebo_ros': CMAKE_PREFIX_PATH=/home/marceloqm/gzros_sim/install/gazebo_msgs:/home/marceloqm/gzros_sim/install/gazebo_dev:/home/marceloqm/gzros_sim/install/vision_opencv:/home/marceloqm/gzros_sim/install/image_geometry:/home/marceloqm/gzros_sim/install/gazebo_ros:/home/marceloqm/gzros_sim/install/cv_bridge:/home/marceloqm/gzros_sim/install/opencv_tests:/opt/ros/humble LD_LIBRARY_PATH=/home/marceloqm/gzros_sim/install/gazebo_msgs/lib:/home/marceloqm/gzros_sim/install/image_geometry/lib:/home/marceloqm/gzros_sim/install/gazebo_ros/lib:/home/marceloqm/gzros_sim/install/cv_bridge/lib:/opt/ros/humble/opt/rviz_ogre_vendor/lib:/opt/ros/humble/lib/x86_64-linux-gnu:/opt/ros/humble/lib /usr/bin/cmake --install /home/marceloqm/gzros_sim/build/gazebo_ros
[1.304s] -- Install configuration: ""
[1.304s] -- Execute custom install script
[1.305s] -- Up-to-date symlink: /home/marceloqm/gzros_sim/install/gazebo_ros/share/gazebo_ros/environment/pythonpath.sh
[1.305s] -- Up-to-date symlink: /home/marceloqm/gzros_sim/install/gazebo_ros/share/gazebo_ros/environment/pythonpath.dsv
[1.306s] -- Up-to-date symlink: /home/marceloqm/gzros_sim/install/gazebo_ros/local/lib/python3.10/dist-packages/scripts-3.7.0-py3.10.egg-info/PKG-INFO
[1.306s] -- Up-to-date symlink: /home/marceloqm/gzros_sim/install/gazebo_ros/local/lib/python3.10/dist-packages/scripts-3.7.0-py3.10.egg-info/SOURCES.txt
[1.306s] -- Up-to-date symlink: /home/marceloqm/gzros_sim/install/gazebo_ros/local/lib/python3.10/dist-packages/scripts-3.7.0-py3.10.egg-info/dependency_links.txt
[1.307s] -- Up-to-date symlink: /home/marceloqm/gzros_sim/install/gazebo_ros/local/lib/python3.10/dist-packages/scripts-3.7.0-py3.10.egg-info/top_level.txt
[1.307s] -- Up-to-date symlink: /home/marceloqm/gzros_sim/install/gazebo_ros/local/lib/python3.10/dist-packages/scripts/__init__.py
[1.307s] -- Up-to-date symlink: /home/marceloqm/gzros_sim/install/gazebo_ros/local/lib/python3.10/dist-packages/scripts/gazebo_ros_paths.py
[1.308s] -- Up-to-date symlink: /home/marceloqm/gzros_sim/install/gazebo_ros/local/lib/python3.10/dist-packages/scripts/spawn_entity.py
[1.308s] -- Up-to-date symlink: /home/marceloqm/gzros_sim/install/gazebo_ros/share/gazebo_ros/environment/library_path.sh
[1.308s] -- Up-to-date symlink: /home/marceloqm/gzros_sim/install/gazebo_ros/share/gazebo_ros/environment/library_path.dsv
[1.308s] -- Up-to-date symlink: /home/marceloqm/gzros_sim/install/gazebo_ros/share/ament_index/resource_index/package_run_dependencies/gazebo_ros
[1.309s] -- Up-to-date symlink: /home/marceloqm/gzros_sim/install/gazebo_ros/share/ament_index/resource_index/parent_prefix_path/gazebo_ros
[1.309s] -- Up-to-date symlink: /home/marceloqm/gzros_sim/install/gazebo_ros/share/gazebo_ros/environment/ament_prefix_path.sh
[1.309s] -- Up-to-date symlink: /home/marceloqm/gzros_sim/install/gazebo_ros/share/gazebo_ros/environment/ament_prefix_path.dsv
[1.310s] -- Up-to-date symlink: /home/marceloqm/gzros_sim/install/gazebo_ros/share/gazebo_ros/environment/path.sh
[1.310s] -- Up-to-date symlink: /home/marceloqm/gzros_sim/install/gazebo_ros/share/gazebo_ros/environment/path.dsv
[1.310s] -- Up-to-date symlink: /home/marceloqm/gzros_sim/install/gazebo_ros/share/gazebo_ros/local_setup.bash
[1.311s] -- Up-to-date symlink: /home/marceloqm/gzros_sim/install/gazebo_ros/share/gazebo_ros/local_setup.sh
[1.311s] -- Up-to-date symlink: /home/marceloqm/gzros_sim/install/gazebo_ros/share/gazebo_ros/local_setup.zsh
[1.311s] -- Up-to-date symlink: /home/marceloqm/gzros_sim/install/gazebo_ros/share/gazebo_ros/local_setup.dsv
[1.312s] -- Symlinking: /home/marceloqm/gzros_sim/install/gazebo_ros/share/gazebo_ros/package.dsv
[1.321s] -- Up-to-date symlink: /home/marceloqm/gzros_sim/install/gazebo_ros/share/ament_index/resource_index/packages/gazebo_ros
[1.321s] -- Up-to-date symlink: /home/marceloqm/gzros_sim/install/gazebo_ros/share/gazebo_ros/cmake/ament_cmake_export_libraries-extras.cmake
[1.321s] -- Up-to-date symlink: /home/marceloqm/gzros_sim/install/gazebo_ros/share/gazebo_ros/cmake/ament_cmake_export_include_directories-extras.cmake
[1.322s] -- Up-to-date symlink: /home/marceloqm/gzros_sim/install/gazebo_ros/share/gazebo_ros/cmake/ament_cmake_export_dependencies-extras.cmake
[1.322s] -- Up-to-date symlink: /home/marceloqm/gzros_sim/install/gazebo_ros/share/gazebo_ros/cmake/gazebo_rosConfig.cmake
[1.322s] -- Up-to-date symlink: /home/marceloqm/gzros_sim/install/gazebo_ros/share/gazebo_ros/cmake/gazebo_rosConfig-version.cmake
[1.323s] -- Up-to-date symlink: /home/marceloqm/gzros_sim/install/gazebo_ros/share/gazebo_ros/package.xml
[1.391s] -- Up-to-date symlink: /home/marceloqm/gzros_sim/install/gazebo_ros/include/gazebo_ros/conversions/builtin_interfaces.hpp
[1.392s] -- Up-to-date symlink: /home/marceloqm/gzros_sim/install/gazebo_ros/include/gazebo_ros/conversions/gazebo_msgs.hpp
[1.392s] -- Up-to-date symlink: /home/marceloqm/gzros_sim/install/gazebo_ros/include/gazebo_ros/conversions/generic.hpp
[1.392s] -- Up-to-date symlink: /home/marceloqm/gzros_sim/install/gazebo_ros/include/gazebo_ros/conversions/geometry_msgs.hpp
[1.392s] -- Up-to-date symlink: /home/marceloqm/gzros_sim/install/gazebo_ros/include/gazebo_ros/conversions/sensor_msgs.hpp
[1.392s] -- Up-to-date symlink: /home/marceloqm/gzros_sim/install/gazebo_ros/include/gazebo_ros/executor.hpp
[1.393s] -- Up-to-date symlink: /home/marceloqm/gzros_sim/install/gazebo_ros/include/gazebo_ros/gazebo_ros_factory.hpp
[1.393s] -- Up-to-date symlink: /home/marceloqm/gzros_sim/install/gazebo_ros/include/gazebo_ros/gazebo_ros_force_system.hpp
[1.393s] -- Up-to-date symlink: /home/marceloqm/gzros_sim/install/gazebo_ros/include/gazebo_ros/gazebo_ros_init.hpp
[1.394s] -- Up-to-date symlink: /home/marceloqm/gzros_sim/install/gazebo_ros/include/gazebo_ros/gazebo_ros_properties.hpp
[1.394s] -- Up-to-date symlink: /home/marceloqm/gzros_sim/install/gazebo_ros/include/gazebo_ros/gazebo_ros_state.hpp
[1.394s] -- Up-to-date symlink: /home/marceloqm/gzros_sim/install/gazebo_ros/include/gazebo_ros/node.hpp
[1.394s] -- Up-to-date symlink: /home/marceloqm/gzros_sim/install/gazebo_ros/include/gazebo_ros/node_visibility_control.h
[1.394s] -- Up-to-date symlink: /home/marceloqm/gzros_sim/install/gazebo_ros/include/gazebo_ros/qos.hpp
[1.395s] -- Up-to-date symlink: /home/marceloqm/gzros_sim/install/gazebo_ros/include/gazebo_ros/testing_utils.hpp
[1.395s] -- Up-to-date symlink: /home/marceloqm/gzros_sim/install/gazebo_ros/include/gazebo_ros/utils.hpp
[1.395s] -- Up-to-date symlink: /home/marceloqm/gzros_sim/install/gazebo_ros/include/gazebo_ros/utils_visibility_control.h
[1.395s] -- Up-to-date symlink: /home/marceloqm/gzros_sim/install/gazebo_ros/lib/gazebo_ros//gazebo_ros_paths.py
[1.401s] -- Up-to-date symlink: /home/marceloqm/gzros_sim/install/gazebo_ros/lib/libgazebo_ros_factory.so
[1.401s] -- Up-to-date symlink: /home/marceloqm/gzros_sim/install/gazebo_ros/lib/libgazebo_ros_force_system.so
[1.401s] -- Up-to-date symlink: /home/marceloqm/gzros_sim/install/gazebo_ros/lib/libgazebo_ros_init.so
[1.401s] -- Up-to-date symlink: /home/marceloqm/gzros_sim/install/gazebo_ros/lib/libgazebo_ros_node.so
[1.402s] -- Up-to-date symlink: /home/marceloqm/gzros_sim/install/gazebo_ros/lib/libgazebo_ros_properties.so
[1.402s] -- Up-to-date symlink: /home/marceloqm/gzros_sim/install/gazebo_ros/lib/libgazebo_ros_state.so
[1.402s] -- Up-to-date symlink: /home/marceloqm/gzros_sim/install/gazebo_ros/lib/libgazebo_ros_utils.so
[1.402s] -- Up-to-date symlink: /home/marceloqm/gzros_sim/install/gazebo_ros/lib/gazebo_ros//spawn_entity.py
[1.403s] -- Up-to-date symlink: /home/marceloqm/gzros_sim/install/gazebo_ros/share/gazebo_ros//launch/gazebo.launch.py
[1.404s] -- Up-to-date symlink: /home/marceloqm/gzros_sim/install/gazebo_ros/share/gazebo_ros//launch/gzclient.launch.py
[1.404s] -- Up-to-date symlink: /home/marceloqm/gzros_sim/install/gazebo_ros/share/gazebo_ros//launch/gzserver.launch.py
[1.404s] -- Up-to-date symlink: /home/marceloqm/gzros_sim/install/gazebo_ros/share/gazebo_ros//launch/spawn_entity_demo.launch.py
[1.405s] -- Up-to-date symlink: /home/marceloqm/gzros_sim/install/gazebo_ros/share/gazebo_ros//worlds/empty.world
[1.405s] -- Up-to-date symlink: /home/marceloqm/gzros_sim/install/gazebo_ros/share/gazebo_ros//worlds/gazebo_ros_force_system_demo.world
[1.405s] -- Up-to-date symlink: /home/marceloqm/gzros_sim/install/gazebo_ros/share/gazebo_ros//worlds/gazebo_ros_properties_demo.world
[1.406s] -- Up-to-date symlink: /home/marceloqm/gzros_sim/install/gazebo_ros/share/gazebo_ros//worlds/gazebo_ros_state_demo.world
[1.443s] Listing '/home/marceloqm/gzros_sim/install/gazebo_ros/local/lib/python3.10/dist-packages/scripts'...
[1.460s] Invoked command in '/home/marceloqm/gzros_sim/build/gazebo_ros' returned '0': CMAKE_PREFIX_PATH=/home/marceloqm/gzros_sim/install/gazebo_msgs:/home/marceloqm/gzros_sim/install/gazebo_dev:/home/marceloqm/gzros_sim/install/vision_opencv:/home/marceloqm/gzros_sim/install/image_geometry:/home/marceloqm/gzros_sim/install/gazebo_ros:/home/marceloqm/gzros_sim/install/cv_bridge:/home/marceloqm/gzros_sim/install/opencv_tests:/opt/ros/humble LD_LIBRARY_PATH=/home/marceloqm/gzros_sim/install/gazebo_msgs/lib:/home/marceloqm/gzros_sim/install/image_geometry/lib:/home/marceloqm/gzros_sim/install/gazebo_ros/lib:/home/marceloqm/gzros_sim/install/cv_bridge/lib:/opt/ros/humble/opt/rviz_ogre_vendor/lib:/opt/ros/humble/lib/x86_64-linux-gnu:/opt/ros/humble/lib /usr/bin/cmake --install /home/marceloqm/gzros_sim/build/gazebo_ros
