[0.476s] Invoking command in '/home/marceloqm/gzros_sim/build/gazebo_plugins': CMAKE_PREFIX_PATH=/home/marceloqm/gzros_sim/install/gazebo_ros:/home/marceloqm/gzros_sim/install/gazebo_msgs:/home/marceloqm/gzros_sim/install/gazebo_dev:/home/marceloqm/gzros_sim/install/cv_bridge:/home/marceloqm/gzros_sim/install/vision_opencv:/home/marceloqm/gzros_sim/install/image_geometry:/home/marceloqm/gzros_sim/install/opencv_tests:/opt/ros/humble LD_LIBRARY_PATH=/home/marceloqm/gzros_sim/install/gazebo_ros/lib:/home/marceloqm/gzros_sim/install/gazebo_msgs/lib:/home/marceloqm/gzros_sim/install/cv_bridge/lib:/home/marceloqm/gzros_sim/install/image_geometry/lib:/opt/ros/humble/opt/rviz_ogre_vendor/lib:/opt/ros/humble/lib/x86_64-linux-gnu:/opt/ros/humble/lib /usr/bin/cmake --build /home/marceloqm/gzros_sim/build/gazebo_plugins -- -j8 -l8
[1.732s] [  2%] Built target multi_camera_plugin
[1.763s] [  9%] Built target gazebo_ros_ray_sensor
[1.763s] [  9%] Built target gazebo_ros_diff_drive
[1.763s] [  9%] Built target gazebo_ros_force
[1.763s] [ 11%] Built target gazebo_ros_gps_sensor
[1.764s] [ 13%] Built target gazebo_ros_template
[1.764s] [ 16%] Built target gazebo_ros_imu_sensor
[1.767s] [ 18%] Built target gazebo_ros_joint_state_publisher
[1.858s] [ 20%] Built target gazebo_ros_hand_of_god
[1.865s] [ 23%] Built target gazebo_ros_bumper
[1.879s] [ 25%] Built target gazebo_ros_tricycle_drive
[1.880s] [ 30%] Built target gazebo_ros_ft_sensor
[1.880s] [ 30%] Built target gazebo_ros_harness
[1.908s] [ 32%] Built target gazebo_ros_p3d
[1.911s] [ 34%] Built target gazebo_ros_ackermann_drive
[1.912s] [ 37%] Built target gazebo_ros_elevator
[1.929s] [ 39%] Built target gazebo_ros_vacuum_gripper
[1.979s] [ 41%] Built target gazebo_ros_planar_move
[1.984s] [ 46%] Built target gazebo_ros_video
[1.984s] [ 45%] Built target gazebo_ros_projector
[1.989s] [ 48%] Built target gazebo_ros_joint_pose_trajectory
[1.999s] [ 51%] Built target gtest_main
[2.035s] [ 53%] Built target gazebo_ros_wheel_slip
[2.049s] [ 55%] Built target gtest
[2.087s] [ 56%] [32mBuilding CXX object test/CMakeFiles/test_gazebo_ros_diff_drive.dir/test_gazebo_ros_diff_drive.cpp.o[0m
[2.089s] [ 58%] [32mBuilding CXX object test/CMakeFiles/test_gazebo_ros_ft_sensor.dir/test_gazebo_ros_ft_sensor.cpp.o[0m
[2.089s] [ 59%] [32mBuilding CXX object test/CMakeFiles/test_gazebo_ros_ackermann_drive.dir/test_gazebo_ros_ackermann_drive.cpp.o[0m
[2.090s] [ 60%] [32mBuilding CXX object test/CMakeFiles/test_gazebo_ros_bumper.dir/test_gazebo_ros_bumper.cpp.o[0m
[2.093s] [ 61%] [32mBuilding CXX object test/CMakeFiles/test_gazebo_ros_hand_of_god.dir/test_gazebo_ros_hand_of_god.cpp.o[0m
[2.099s] [ 62%] [32mBuilding CXX object test/CMakeFiles/test_gazebo_ros_elevator.dir/test_gazebo_ros_elevator.cpp.o[0m
[2.101s] [ 63%] [32mBuilding CXX object test/CMakeFiles/test_gazebo_ros_force.dir/test_gazebo_ros_force.cpp.o[0m
[2.109s] [ 66%] Built target gazebo_ros_camera
[2.142s] [ 67%] [32mBuilding CXX object test/CMakeFiles/test_gazebo_ros_harness.dir/test_gazebo_ros_harness.cpp.o[0m
[107.140s] [ 70%] [32m[1mLinking CXX executable test_gazebo_ros_harness[0m
[107.141s] [ 70%] [32m[1mLinking CXX executable test_gazebo_ros_elevator[0m
[107.141s] [ 72%] [32m[1mLinking CXX executable test_gazebo_ros_hand_of_god[0m
[107.142s] [ 72%] [32m[1mLinking CXX executable test_gazebo_ros_force[0m
[111.500s] [ 73%] [32m[1mLinking CXX executable test_gazebo_ros_ft_sensor[0m
[111.670s] [ 74%] [32m[1mLinking CXX executable test_gazebo_ros_bumper[0m
[112.479s] [ 75%] [32m[1mLinking CXX executable test_gazebo_ros_diff_drive[0m
[114.016s] [ 76%] [32m[1mLinking CXX executable test_gazebo_ros_ackermann_drive[0m
[121.939s] [ 76%] Built target test_gazebo_ros_elevator
[122.018s] [ 76%] Built target test_gazebo_ros_hand_of_god
[122.129s] [ 76%] Built target test_gazebo_ros_force
[122.140s] [ 76%] Built target test_gazebo_ros_harness
[122.194s] [ 76%] Built target test_gazebo_ros_diff_drive
[122.288s] [ 76%] Built target test_gazebo_ros_ft_sensor
[122.321s] [ 76%] Built target test_gazebo_ros_bumper
[122.381s] [ 76%] Built target test_gazebo_ros_ackermann_drive
[122.456s] [ 77%] [32mBuilding CXX object test/CMakeFiles/test_gazebo_ros_ray_sensor.dir/test_gazebo_ros_ray_sensor.cpp.o[0m
[157.539s] [ 80%] [32mBuilding CXX object test/CMakeFiles/test_gazebo_ros_planar_move.dir/test_gazebo_ros_planar_move.cpp.o[0m
[157.539s] [ 80%] [32mBuilding CXX object test/CMakeFiles/test_gazebo_ros_tricycle_drive.dir/test_gazebo_ros_tricycle_drive.cpp.o[0m
[158.595s] [ 81%] [32mBuilding CXX object test/CMakeFiles/test_gazebo_ros_p3d.dir/test_gazebo_ros_p3d.cpp.o[0m
[158.608s] [ 82%] [32mBuilding CXX object test/CMakeFiles/test_gazebo_ros_joint_state_publisher.dir/test_gazebo_ros_joint_state_publisher.cpp.o[0m
[159.645s] [ 83%] [32mBuilding CXX object test/CMakeFiles/test_gazebo_ros_joint_pose_trajectory.dir/test_gazebo_ros_joint_pose_trajectory.cpp.o[0m
[159.652s] [ 84%] [32mBuilding CXX object test/CMakeFiles/test_gazebo_ros_gps_sensor.dir/test_gazebo_ros_gps_sensor.cpp.o[0m
[160.282s] [ 86%] [32m[1mLinking CXX executable test_gazebo_ros_ray_sensor[0m
[160.790s] [ 87%] [32mBuilding CXX object test/CMakeFiles/test_gazebo_ros_imu_sensor.dir/test_gazebo_ros_imu_sensor.cpp.o[0m
[166.042s] [ 87%] Built target test_gazebo_ros_ray_sensor
[166.209s] [ 88%] [32mBuilding CXX object test/CMakeFiles/test_gazebo_ros_vacuum_gripper.dir/test_gazebo_ros_vacuum_gripper.cpp.o[0m
[209.085s] [ 89%] [32m[1mLinking CXX executable test_gazebo_ros_joint_pose_trajectory[0m
[210.936s] [ 90%] [32m[1mLinking CXX executable test_gazebo_ros_vacuum_gripper[0m
[213.227s] [ 91%] [32m[1mLinking CXX executable test_gazebo_ros_planar_move[0m
[213.467s] [ 93%] [32m[1mLinking CXX executable test_gazebo_ros_tricycle_drive[0m
[214.268s] [ 94%] [32m[1mLinking CXX executable test_gazebo_ros_p3d[0m
[215.302s] [ 94%] Built target test_gazebo_ros_joint_pose_trajectory
[215.382s] [ 94%] Built target test_gazebo_ros_vacuum_gripper
[215.437s] [ 95%] [32m[1mLinking CXX executable test_gazebo_ros_imu_sensor[0m
[215.441s] [ 96%] [32m[1mLinking CXX executable test_gazebo_ros_joint_state_publisher[0m
[217.724s] [ 96%] Built target test_gazebo_ros_planar_move
[217.857s] [ 96%] Built target test_gazebo_ros_tricycle_drive
[218.014s] [ 96%] Built target test_gazebo_ros_p3d
[218.888s] [ 96%] Built target test_gazebo_ros_joint_state_publisher
[218.944s] [ 96%] Built target test_gazebo_ros_imu_sensor
[219.173s] [ 97%] [32m[1mLinking CXX executable test_gazebo_ros_gps_sensor[0m
[221.191s] [ 97%] Built target test_gazebo_ros_gps_sensor
[221.282s] [ 98%] [32mBuilding CXX object test/CMakeFiles/test_gazebo_ros_wheelslip.dir/test_gazebo_ros_wheelslip.cpp.o[0m
[249.192s] [100%] [32m[1mLinking CXX executable test_gazebo_ros_wheelslip[0m
[250.984s] [100%] Built target test_gazebo_ros_wheelslip
[252.064s] Invoked command in '/home/marceloqm/gzros_sim/build/gazebo_plugins' returned '0': CMAKE_PREFIX_PATH=/home/marceloqm/gzros_sim/install/gazebo_ros:/home/marceloqm/gzros_sim/install/gazebo_msgs:/home/marceloqm/gzros_sim/install/gazebo_dev:/home/marceloqm/gzros_sim/install/cv_bridge:/home/marceloqm/gzros_sim/install/vision_opencv:/home/marceloqm/gzros_sim/install/image_geometry:/home/marceloqm/gzros_sim/install/opencv_tests:/opt/ros/humble LD_LIBRARY_PATH=/home/marceloqm/gzros_sim/install/gazebo_ros/lib:/home/marceloqm/gzros_sim/install/gazebo_msgs/lib:/home/marceloqm/gzros_sim/install/cv_bridge/lib:/home/marceloqm/gzros_sim/install/image_geometry/lib:/opt/ros/humble/opt/rviz_ogre_vendor/lib:/opt/ros/humble/lib/x86_64-linux-gnu:/opt/ros/humble/lib /usr/bin/cmake --build /home/marceloqm/gzros_sim/build/gazebo_plugins -- -j8 -l8
[254.766s] Invoking command in '/home/marceloqm/gzros_sim/build/gazebo_plugins': CMAKE_PREFIX_PATH=/home/marceloqm/gzros_sim/install/gazebo_ros:/home/marceloqm/gzros_sim/install/gazebo_msgs:/home/marceloqm/gzros_sim/install/gazebo_dev:/home/marceloqm/gzros_sim/install/cv_bridge:/home/marceloqm/gzros_sim/install/vision_opencv:/home/marceloqm/gzros_sim/install/image_geometry:/home/marceloqm/gzros_sim/install/opencv_tests:/opt/ros/humble LD_LIBRARY_PATH=/home/marceloqm/gzros_sim/install/gazebo_ros/lib:/home/marceloqm/gzros_sim/install/gazebo_msgs/lib:/home/marceloqm/gzros_sim/install/cv_bridge/lib:/home/marceloqm/gzros_sim/install/image_geometry/lib:/opt/ros/humble/opt/rviz_ogre_vendor/lib:/opt/ros/humble/lib/x86_64-linux-gnu:/opt/ros/humble/lib /usr/bin/cmake --install /home/marceloqm/gzros_sim/build/gazebo_plugins
[255.216s] -- Install configuration: ""
[255.254s] -- Execute custom install script
[255.254s] -- Symlinking: /home/marceloqm/gzros_sim/install/gazebo_plugins/share/gazebo_plugins/environment/library_path.sh
[255.254s] -- Symlinking: /home/marceloqm/gzros_sim/install/gazebo_plugins/share/gazebo_plugins/environment/library_path.dsv
[255.254s] -- Symlinking: /home/marceloqm/gzros_sim/install/gazebo_plugins/share/gazebo_plugins/environment/gazebo_plugins.sh
[255.254s] -- Symlinking: /home/marceloqm/gzros_sim/install/gazebo_plugins/share/gazebo_plugins/environment/gazebo_plugins.dsv
[255.254s] -- Symlinking: /home/marceloqm/gzros_sim/install/gazebo_plugins/share/ament_index/resource_index/package_run_dependencies/gazebo_plugins
[255.255s] -- Symlinking: /home/marceloqm/gzros_sim/install/gazebo_plugins/share/ament_index/resource_index/parent_prefix_path/gazebo_plugins
[255.290s] -- Symlinking: /home/marceloqm/gzros_sim/install/gazebo_plugins/share/gazebo_plugins/environment/ament_prefix_path.sh
[255.298s] -- Symlinking: /home/marceloqm/gzros_sim/install/gazebo_plugins/share/gazebo_plugins/environment/ament_prefix_path.dsv
[255.306s] -- Symlinking: /home/marceloqm/gzros_sim/install/gazebo_plugins/share/gazebo_plugins/environment/path.sh
[255.314s] -- Symlinking: /home/marceloqm/gzros_sim/install/gazebo_plugins/share/gazebo_plugins/environment/path.dsv
[255.322s] -- Symlinking: /home/marceloqm/gzros_sim/install/gazebo_plugins/share/gazebo_plugins/local_setup.bash
[255.330s] -- Symlinking: /home/marceloqm/gzros_sim/install/gazebo_plugins/share/gazebo_plugins/local_setup.sh
[255.338s] -- Symlinking: /home/marceloqm/gzros_sim/install/gazebo_plugins/share/gazebo_plugins/local_setup.zsh
[255.346s] -- Symlinking: /home/marceloqm/gzros_sim/install/gazebo_plugins/share/gazebo_plugins/local_setup.dsv
[255.354s] -- Symlinking: /home/marceloqm/gzros_sim/install/gazebo_plugins/share/gazebo_plugins/package.dsv
[255.372s] -- Symlinking: /home/marceloqm/gzros_sim/install/gazebo_plugins/share/ament_index/resource_index/packages/gazebo_plugins
[255.381s] -- Symlinking: /home/marceloqm/gzros_sim/install/gazebo_plugins/share/gazebo_plugins/cmake/ament_cmake_export_libraries-extras.cmake
[255.390s] -- Symlinking: /home/marceloqm/gzros_sim/install/gazebo_plugins/share/gazebo_plugins/cmake/ament_cmake_export_include_directories-extras.cmake
[255.398s] -- Symlinking: /home/marceloqm/gzros_sim/install/gazebo_plugins/share/gazebo_plugins/cmake/ament_cmake_export_dependencies-extras.cmake
[255.407s] -- Symlinking: /home/marceloqm/gzros_sim/install/gazebo_plugins/share/gazebo_plugins/cmake/gazebo_pluginsConfig.cmake
[255.414s] -- Symlinking: /home/marceloqm/gzros_sim/install/gazebo_plugins/share/gazebo_plugins/cmake/gazebo_pluginsConfig-version.cmake
[255.426s] -- Symlinking: /home/marceloqm/gzros_sim/install/gazebo_plugins/share/gazebo_plugins/package.xml
[255.468s] -- Symlinking: /home/marceloqm/gzros_sim/install/gazebo_plugins/include/gazebo_plugins/gazebo_ros_ackermann_drive.hpp
[255.476s] -- Symlinking: /home/marceloqm/gzros_sim/install/gazebo_plugins/include/gazebo_plugins/gazebo_ros_bumper.hpp
[255.484s] -- Symlinking: /home/marceloqm/gzros_sim/install/gazebo_plugins/include/gazebo_plugins/gazebo_ros_camera.hpp
[255.493s] -- Symlinking: /home/marceloqm/gzros_sim/install/gazebo_plugins/include/gazebo_plugins/gazebo_ros_diff_drive.hpp
[255.501s] -- Symlinking: /home/marceloqm/gzros_sim/install/gazebo_plugins/include/gazebo_plugins/gazebo_ros_elevator.hpp
[255.509s] -- Symlinking: /home/marceloqm/gzros_sim/install/gazebo_plugins/include/gazebo_plugins/gazebo_ros_force.hpp
[255.517s] -- Symlinking: /home/marceloqm/gzros_sim/install/gazebo_plugins/include/gazebo_plugins/gazebo_ros_ft_sensor.hpp
[255.525s] -- Symlinking: /home/marceloqm/gzros_sim/install/gazebo_plugins/include/gazebo_plugins/gazebo_ros_gps_sensor.hpp
[255.532s] -- Symlinking: /home/marceloqm/gzros_sim/install/gazebo_plugins/include/gazebo_plugins/gazebo_ros_hand_of_god.hpp
[255.540s] -- Symlinking: /home/marceloqm/gzros_sim/install/gazebo_plugins/include/gazebo_plugins/gazebo_ros_harness.hpp
[255.548s] -- Symlinking: /home/marceloqm/gzros_sim/install/gazebo_plugins/include/gazebo_plugins/gazebo_ros_imu_sensor.hpp
[255.556s] -- Symlinking: /home/marceloqm/gzros_sim/install/gazebo_plugins/include/gazebo_plugins/gazebo_ros_joint_pose_trajectory.hpp
[255.564s] -- Symlinking: /home/marceloqm/gzros_sim/install/gazebo_plugins/include/gazebo_plugins/gazebo_ros_joint_state_publisher.hpp
[255.572s] -- Symlinking: /home/marceloqm/gzros_sim/install/gazebo_plugins/include/gazebo_plugins/gazebo_ros_p3d.hpp
[255.580s] -- Symlinking: /home/marceloqm/gzros_sim/install/gazebo_plugins/include/gazebo_plugins/gazebo_ros_planar_move.hpp
[255.589s] -- Symlinking: /home/marceloqm/gzros_sim/install/gazebo_plugins/include/gazebo_plugins/gazebo_ros_projector.hpp
[255.597s] -- Symlinking: /home/marceloqm/gzros_sim/install/gazebo_plugins/include/gazebo_plugins/gazebo_ros_ray_sensor.hpp
[255.605s] -- Symlinking: /home/marceloqm/gzros_sim/install/gazebo_plugins/include/gazebo_plugins/gazebo_ros_template.hpp
[255.613s] -- Symlinking: /home/marceloqm/gzros_sim/install/gazebo_plugins/include/gazebo_plugins/gazebo_ros_tricycle_drive.hpp
[255.621s] -- Symlinking: /home/marceloqm/gzros_sim/install/gazebo_plugins/include/gazebo_plugins/gazebo_ros_vacuum_gripper.hpp
[255.629s] -- Symlinking: /home/marceloqm/gzros_sim/install/gazebo_plugins/include/gazebo_plugins/gazebo_ros_video.hpp
[255.637s] -- Symlinking: /home/marceloqm/gzros_sim/install/gazebo_plugins/include/gazebo_plugins/gazebo_ros_wheel_slip.hpp
[255.644s] -- Symlinking: /home/marceloqm/gzros_sim/install/gazebo_plugins/include/gazebo_plugins/multi_camera_plugin.hpp
[255.654s] -- Symlinking: /home/marceloqm/gzros_sim/install/gazebo_plugins/lib/libgazebo_ros_ackermann_drive.so
[255.663s] -- Symlinking: /home/marceloqm/gzros_sim/install/gazebo_plugins/lib/libgazebo_ros_bumper.so
[255.671s] -- Symlinking: /home/marceloqm/gzros_sim/install/gazebo_plugins/lib/libgazebo_ros_camera.so
[255.679s] -- Symlinking: /home/marceloqm/gzros_sim/install/gazebo_plugins/lib/libgazebo_ros_diff_drive.so
[255.688s] -- Symlinking: /home/marceloqm/gzros_sim/install/gazebo_plugins/lib/libgazebo_ros_elevator.so
[255.696s] -- Symlinking: /home/marceloqm/gzros_sim/install/gazebo_plugins/lib/libgazebo_ros_force.so
[255.704s] -- Symlinking: /home/marceloqm/gzros_sim/install/gazebo_plugins/lib/libgazebo_ros_ft_sensor.so
[255.712s] -- Symlinking: /home/marceloqm/gzros_sim/install/gazebo_plugins/lib/libgazebo_ros_hand_of_god.so
[255.720s] -- Symlinking: /home/marceloqm/gzros_sim/install/gazebo_plugins/lib/libgazebo_ros_harness.so
[255.728s] -- Symlinking: /home/marceloqm/gzros_sim/install/gazebo_plugins/lib/libgazebo_ros_imu_sensor.so
[255.736s] -- Symlinking: /home/marceloqm/gzros_sim/install/gazebo_plugins/lib/libgazebo_ros_gps_sensor.so
[255.744s] -- Symlinking: /home/marceloqm/gzros_sim/install/gazebo_plugins/lib/libgazebo_ros_joint_pose_trajectory.so
[255.752s] -- Symlinking: /home/marceloqm/gzros_sim/install/gazebo_plugins/lib/libgazebo_ros_joint_state_publisher.so
[255.760s] -- Symlinking: /home/marceloqm/gzros_sim/install/gazebo_plugins/lib/libgazebo_ros_planar_move.so
[255.768s] -- Symlinking: /home/marceloqm/gzros_sim/install/gazebo_plugins/lib/libgazebo_ros_projector.so
[255.776s] -- Symlinking: /home/marceloqm/gzros_sim/install/gazebo_plugins/lib/libgazebo_ros_ray_sensor.so
[255.785s] -- Symlinking: /home/marceloqm/gzros_sim/install/gazebo_plugins/lib/libgazebo_ros_p3d.so
[255.794s] -- Symlinking: /home/marceloqm/gzros_sim/install/gazebo_plugins/lib/libgazebo_ros_template.so
[255.802s] -- Symlinking: /home/marceloqm/gzros_sim/install/gazebo_plugins/lib/libgazebo_ros_tricycle_drive.so
[255.810s] -- Symlinking: /home/marceloqm/gzros_sim/install/gazebo_plugins/lib/libgazebo_ros_vacuum_gripper.so
[255.818s] -- Symlinking: /home/marceloqm/gzros_sim/install/gazebo_plugins/lib/libgazebo_ros_video.so
[255.826s] -- Symlinking: /home/marceloqm/gzros_sim/install/gazebo_plugins/lib/libmulti_camera_plugin.so
[255.834s] -- Symlinking: /home/marceloqm/gzros_sim/install/gazebo_plugins/lib/libgazebo_ros_wheel_slip.so
[255.843s] -- Symlinking: /home/marceloqm/gzros_sim/install/gazebo_plugins/lib/gazebo_plugins//wheel_slip_drawbar_pull_publisher.py
[255.851s] -- Symlinking: /home/marceloqm/gzros_sim/install/gazebo_plugins/share/gazebo_plugins//worlds/gazebo_ros_ackermann_drive_demo.world
[255.859s] -- Symlinking: /home/marceloqm/gzros_sim/install/gazebo_plugins/share/gazebo_plugins//worlds/gazebo_ros_bumper_demo.world
[255.867s] -- Symlinking: /home/marceloqm/gzros_sim/install/gazebo_plugins/share/gazebo_plugins//worlds/gazebo_ros_camera_demo.world
[255.875s] -- Symlinking: /home/marceloqm/gzros_sim/install/gazebo_plugins/share/gazebo_plugins//worlds/gazebo_ros_camera_distortion_barrel_demo.world
[255.884s] -- Symlinking: /home/marceloqm/gzros_sim/install/gazebo_plugins/share/gazebo_plugins//worlds/gazebo_ros_camera_distortion_pincushion_demo.world
[255.892s] -- Symlinking: /home/marceloqm/gzros_sim/install/gazebo_plugins/share/gazebo_plugins//worlds/gazebo_ros_camera_triggered_demo.world
[255.900s] -- Symlinking: /home/marceloqm/gzros_sim/install/gazebo_plugins/share/gazebo_plugins//worlds/gazebo_ros_depth_camera_demo.world
[255.908s] -- Symlinking: /home/marceloqm/gzros_sim/install/gazebo_plugins/share/gazebo_plugins//worlds/gazebo_ros_diff_drive_demo.world
[255.916s] -- Symlinking: /home/marceloqm/gzros_sim/install/gazebo_plugins/share/gazebo_plugins//worlds/gazebo_ros_elevator_demo.world
[255.924s] -- Symlinking: /home/marceloqm/gzros_sim/install/gazebo_plugins/share/gazebo_plugins//worlds/gazebo_ros_force_demo.world
[255.932s] -- Symlinking: /home/marceloqm/gzros_sim/install/gazebo_plugins/share/gazebo_plugins//worlds/gazebo_ros_ft_sensor_demo.world
[255.940s] -- Symlinking: /home/marceloqm/gzros_sim/install/gazebo_plugins/share/gazebo_plugins//worlds/gazebo_ros_gps_sensor_demo.world
[255.948s] -- Symlinking: /home/marceloqm/gzros_sim/install/gazebo_plugins/share/gazebo_plugins//worlds/gazebo_ros_hand_of_god_demo.world
[255.955s] -- Symlinking: /home/marceloqm/gzros_sim/install/gazebo_plugins/share/gazebo_plugins//worlds/gazebo_ros_harness_demo.world
[255.963s] -- Symlinking: /home/marceloqm/gzros_sim/install/gazebo_plugins/share/gazebo_plugins//worlds/gazebo_ros_joint_pose_trajectory_demo.world
[255.972s] -- Symlinking: /home/marceloqm/gzros_sim/install/gazebo_plugins/share/gazebo_plugins//worlds/gazebo_ros_joint_state_publisher_demo.world
[255.980s] -- Symlinking: /home/marceloqm/gzros_sim/install/gazebo_plugins/share/gazebo_plugins//worlds/gazebo_ros_multi_camera_demo.world
[255.988s] -- Symlinking: /home/marceloqm/gzros_sim/install/gazebo_plugins/share/gazebo_plugins//worlds/gazebo_ros_multicamera_demo.world
[255.997s] -- Symlinking: /home/marceloqm/gzros_sim/install/gazebo_plugins/share/gazebo_plugins//worlds/gazebo_ros_p3d_demo.world
[256.005s] -- Symlinking: /home/marceloqm/gzros_sim/install/gazebo_plugins/share/gazebo_plugins//worlds/gazebo_ros_planar_move_demo.world
[256.013s] -- Symlinking: /home/marceloqm/gzros_sim/install/gazebo_plugins/share/gazebo_plugins//worlds/gazebo_ros_projector_demo.world
[256.021s] -- Symlinking: /home/marceloqm/gzros_sim/install/gazebo_plugins/share/gazebo_plugins//worlds/gazebo_ros_ray_sensor_demo.world
[256.029s] -- Symlinking: /home/marceloqm/gzros_sim/install/gazebo_plugins/share/gazebo_plugins//worlds/gazebo_ros_skid_steer_drive_demo.world
[256.037s] -- Symlinking: /home/marceloqm/gzros_sim/install/gazebo_plugins/share/gazebo_plugins//worlds/gazebo_ros_template_demo.world
[256.045s] -- Symlinking: /home/marceloqm/gzros_sim/install/gazebo_plugins/share/gazebo_plugins//worlds/gazebo_ros_tricycle_drive_demo.world
[256.053s] -- Symlinking: /home/marceloqm/gzros_sim/install/gazebo_plugins/share/gazebo_plugins//worlds/gazebo_ros_vacuum_gripper_demo.world
[256.061s] -- Symlinking: /home/marceloqm/gzros_sim/install/gazebo_plugins/share/gazebo_plugins//worlds/gazebo_ros_video_demo.world
[256.069s] -- Symlinking: /home/marceloqm/gzros_sim/install/gazebo_plugins/share/gazebo_plugins//worlds/gazebo_ros_wheel_slip_demo.world
[256.077s] -- Symlinking: /home/marceloqm/gzros_sim/install/gazebo_plugins/share/gazebo_plugins//worlds/gazebo_ros_wheel_slip_drawbar_pull_demo.world
[256.132s] Invoked command in '/home/marceloqm/gzros_sim/build/gazebo_plugins' returned '0': CMAKE_PREFIX_PATH=/home/marceloqm/gzros_sim/install/gazebo_ros:/home/marceloqm/gzros_sim/install/gazebo_msgs:/home/marceloqm/gzros_sim/install/gazebo_dev:/home/marceloqm/gzros_sim/install/cv_bridge:/home/marceloqm/gzros_sim/install/vision_opencv:/home/marceloqm/gzros_sim/install/image_geometry:/home/marceloqm/gzros_sim/install/opencv_tests:/opt/ros/humble LD_LIBRARY_PATH=/home/marceloqm/gzros_sim/install/gazebo_ros/lib:/home/marceloqm/gzros_sim/install/gazebo_msgs/lib:/home/marceloqm/gzros_sim/install/cv_bridge/lib:/home/marceloqm/gzros_sim/install/image_geometry/lib:/opt/ros/humble/opt/rviz_ogre_vendor/lib:/opt/ros/humble/lib/x86_64-linux-gnu:/opt/ros/humble/lib /usr/bin/cmake --install /home/marceloqm/gzros_sim/build/gazebo_plugins
