[0.242s] Invoking command in '/home/marceloqm/gzros_sim/build/vision_opencv': AMENT_PREFIX_PATH=/home/marceloqm/gzros_sim/install/image_geometry:/home/marceloqm/gzros_sim/install/cv_bridge:${AMENT_PREFIX_PATH} CMAKE_PREFIX_PATH=/home/marceloqm/gzros_sim/install/image_geometry:/home/marceloqm/gzros_sim/install/cv_bridge:/opt/ros/humble LD_LIBRARY_PATH=/home/marceloqm/gzros_sim/install/image_geometry/lib:/home/marceloqm/gzros_sim/install/cv_bridge/lib:${LD_LIBRARY_PATH} PYTHONPATH=/home/marceloqm/gzros_sim/install/image_geometry/local/lib/python3.10/dist-packages:/home/marceloqm/gzros_sim/install/cv_bridge/local/lib/python3.10/dist-packages:${PYTHONPATH} /usr/bin/cmake --build /home/marceloqm/gzros_sim/build/vision_opencv -- -j8 -l8
[0.453s] Invoked command in '/home/marceloqm/gzros_sim/build/vision_opencv' returned '0': AMENT_PREFIX_PATH=/home/marceloqm/gzros_sim/install/image_geometry:/home/marceloqm/gzros_sim/install/cv_bridge:${AMENT_PREFIX_PATH} CMAKE_PREFIX_PATH=/home/marceloqm/gzros_sim/install/image_geometry:/home/marceloqm/gzros_sim/install/cv_bridge:/opt/ros/humble LD_LIBRARY_PATH=/home/marceloqm/gzros_sim/install/image_geometry/lib:/home/marceloqm/gzros_sim/install/cv_bridge/lib:${LD_LIBRARY_PATH} PYTHONPATH=/home/marceloqm/gzros_sim/install/image_geometry/local/lib/python3.10/dist-packages:/home/marceloqm/gzros_sim/install/cv_bridge/local/lib/python3.10/dist-packages:${PYTHONPATH} /usr/bin/cmake --build /home/marceloqm/gzros_sim/build/vision_opencv -- -j8 -l8
[0.477s] Invoking command in '/home/marceloqm/gzros_sim/build/vision_opencv': AMENT_PREFIX_PATH=/home/marceloqm/gzros_sim/install/image_geometry:/home/marceloqm/gzros_sim/install/cv_bridge:${AMENT_PREFIX_PATH} CMAKE_PREFIX_PATH=/home/marceloqm/gzros_sim/install/image_geometry:/home/marceloqm/gzros_sim/install/cv_bridge:/opt/ros/humble LD_LIBRARY_PATH=/home/marceloqm/gzros_sim/install/image_geometry/lib:/home/marceloqm/gzros_sim/install/cv_bridge/lib:${LD_LIBRARY_PATH} PYTHONPATH=/home/marceloqm/gzros_sim/install/image_geometry/local/lib/python3.10/dist-packages:/home/marceloqm/gzros_sim/install/cv_bridge/local/lib/python3.10/dist-packages:${PYTHONPATH} /usr/bin/cmake --install /home/marceloqm/gzros_sim/build/vision_opencv
[0.518s] -- Install configuration: ""
[0.558s] -- Execute custom install script
[0.582s] -- Up-to-date symlink: /home/marceloqm/gzros_sim/install/vision_opencv/share/ament_index/resource_index/package_run_dependencies/vision_opencv
[0.582s] -- Up-to-date symlink: /home/marceloqm/gzros_sim/install/vision_opencv/share/ament_index/resource_index/parent_prefix_path/vision_opencv
[0.608s] -- Up-to-date symlink: /home/marceloqm/gzros_sim/install/vision_opencv/share/vision_opencv/environment/ament_prefix_path.sh
[0.629s] -- Up-to-date symlink: /home/marceloqm/gzros_sim/install/vision_opencv/share/vision_opencv/environment/ament_prefix_path.dsv
[0.630s] -- Up-to-date symlink: /home/marceloqm/gzros_sim/install/vision_opencv/share/vision_opencv/environment/path.sh
[0.632s] -- Up-to-date symlink: /home/marceloqm/gzros_sim/install/vision_opencv/share/vision_opencv/environment/path.dsv
[0.632s] -- Up-to-date symlink: /home/marceloqm/gzros_sim/install/vision_opencv/share/vision_opencv/local_setup.bash
[0.633s] -- Up-to-date symlink: /home/marceloqm/gzros_sim/install/vision_opencv/share/vision_opencv/local_setup.sh
[0.633s] -- Up-to-date symlink: /home/marceloqm/gzros_sim/install/vision_opencv/share/vision_opencv/local_setup.zsh
[0.633s] -- Up-to-date symlink: /home/marceloqm/gzros_sim/install/vision_opencv/share/vision_opencv/local_setup.dsv
[0.633s] -- Symlinking: /home/marceloqm/gzros_sim/install/vision_opencv/share/vision_opencv/package.dsv
[0.644s] -- Up-to-date symlink: /home/marceloqm/gzros_sim/install/vision_opencv/share/ament_index/resource_index/packages/vision_opencv
[0.644s] -- Up-to-date symlink: /home/marceloqm/gzros_sim/install/vision_opencv/share/vision_opencv/cmake/vision_opencvConfig.cmake
[0.645s] -- Up-to-date symlink: /home/marceloqm/gzros_sim/install/vision_opencv/share/vision_opencv/cmake/vision_opencvConfig-version.cmake
[0.646s] -- Up-to-date symlink: /home/marceloqm/gzros_sim/install/vision_opencv/share/vision_opencv/package.xml
[0.650s] Invoked command in '/home/marceloqm/gzros_sim/build/vision_opencv' returned '0': AMENT_PREFIX_PATH=/home/marceloqm/gzros_sim/install/image_geometry:/home/marceloqm/gzros_sim/install/cv_bridge:${AMENT_PREFIX_PATH} CMAKE_PREFIX_PATH=/home/marceloqm/gzros_sim/install/image_geometry:/home/marceloqm/gzros_sim/install/cv_bridge:/opt/ros/humble LD_LIBRARY_PATH=/home/marceloqm/gzros_sim/install/image_geometry/lib:/home/marceloqm/gzros_sim/install/cv_bridge/lib:${LD_LIBRARY_PATH} PYTHONPATH=/home/marceloqm/gzros_sim/install/image_geometry/local/lib/python3.10/dist-packages:/home/marceloqm/gzros_sim/install/cv_bridge/local/lib/python3.10/dist-packages:${PYTHONPATH} /usr/bin/cmake --install /home/marceloqm/gzros_sim/build/vision_opencv
