[0.197s] Invoking command in '/home/marceloqm/gzros_sim/build/cv_bridge': CMAKE_PREFIX_PATH=${CMAKE_PREFIX_PATH}:/home/marceloqm/gzros_sim/install/opencv_tests:/opt/ros/humble /usr/bin/cmake --build /home/marceloqm/gzros_sim/build/cv_bridge -- -j8 -l8
[1.138s] [  0%] Built target ament_cmake_python_symlink_cv_bridge
[1.156s] [ 12%] Built target gtest_main
[1.162s] [ 25%] Built target gtest
[1.326s] [ 43%] Built target cv_bridge
[1.454s] [ 81%] Built target cv_bridge-utest
[1.558s] running egg_info
[1.558s] writing cv_bridge.egg-info/PKG-INFO
[1.559s] writing dependency_links to cv_bridge.egg-info/dependency_links.txt
[1.559s] writing top-level names to cv_bridge.egg-info/top_level.txt
[1.620s] reading manifest file 'cv_bridge.egg-info/SOURCES.txt'
[1.659s] writing manifest file 'cv_bridge.egg-info/SOURCES.txt'
[1.681s] [ 81%] Built target ament_cmake_python_build_cv_bridge_egg
[2.285s] [100%] Built target cv_bridge_boost
[2.298s] Invoked command in '/home/marceloqm/gzros_sim/build/cv_bridge' returned '0': CMAKE_PREFIX_PATH=${CMAKE_PREFIX_PATH}:/home/marceloqm/gzros_sim/install/opencv_tests:/opt/ros/humble /usr/bin/cmake --build /home/marceloqm/gzros_sim/build/cv_bridge -- -j8 -l8
[2.332s] Invoking command in '/home/marceloqm/gzros_sim/build/cv_bridge': CMAKE_PREFIX_PATH=${CMAKE_PREFIX_PATH}:/home/marceloqm/gzros_sim/install/opencv_tests:/opt/ros/humble /usr/bin/cmake --install /home/marceloqm/gzros_sim/build/cv_bridge
[2.355s] -- Install configuration: ""
[2.711s] -- Execute custom install script
[2.713s] -- Up-to-date symlink: /home/marceloqm/gzros_sim/install/cv_bridge/share/cv_bridge/environment/pythonpath.sh
[2.714s] -- Up-to-date symlink: /home/marceloqm/gzros_sim/install/cv_bridge/share/cv_bridge/environment/pythonpath.dsv
[2.714s] -- Up-to-date symlink: /home/marceloqm/gzros_sim/install/cv_bridge/local/lib/python3.10/dist-packages/cv_bridge-3.2.1-py3.10.egg-info/PKG-INFO
[2.737s] -- Up-to-date symlink: /home/marceloqm/gzros_sim/install/cv_bridge/local/lib/python3.10/dist-packages/cv_bridge-3.2.1-py3.10.egg-info/SOURCES.txt
[2.737s] -- Up-to-date symlink: /home/marceloqm/gzros_sim/install/cv_bridge/local/lib/python3.10/dist-packages/cv_bridge-3.2.1-py3.10.egg-info/dependency_links.txt
[2.739s] -- Up-to-date symlink: /home/marceloqm/gzros_sim/install/cv_bridge/local/lib/python3.10/dist-packages/cv_bridge-3.2.1-py3.10.egg-info/top_level.txt
[2.749s] -- Up-to-date symlink: /home/marceloqm/gzros_sim/install/cv_bridge/local/lib/python3.10/dist-packages/cv_bridge/__init__.py
[2.749s] -- Up-to-date symlink: /home/marceloqm/gzros_sim/install/cv_bridge/local/lib/python3.10/dist-packages/cv_bridge/core.py
[2.749s] -- Up-to-date symlink: /home/marceloqm/gzros_sim/install/cv_bridge/include/cv_bridge/cv_bridge/cv_bridge_export.h
[2.772s] -- Up-to-date symlink: /home/marceloqm/gzros_sim/install/cv_bridge/local/lib/python3.10/dist-packages/cv_bridge/boost//cv_bridge_boost.so
[2.772s] -- Up-to-date symlink: /home/marceloqm/gzros_sim/install/cv_bridge/include/cv_bridge/cv_bridge/cv_bridge.h
[2.773s] -- Up-to-date symlink: /home/marceloqm/gzros_sim/install/cv_bridge/include/cv_bridge/cv_bridge/rgb_colors.h
[2.788s] -- Up-to-date symlink: /home/marceloqm/gzros_sim/install/cv_bridge/lib/libcv_bridge.so
[2.788s] -- Up-to-date symlink: /home/marceloqm/gzros_sim/install/cv_bridge/share/ament_index/resource_index/package_run_dependencies/cv_bridge
[2.800s] -- Up-to-date symlink: /home/marceloqm/gzros_sim/install/cv_bridge/share/ament_index/resource_index/parent_prefix_path/cv_bridge
[2.801s] -- Up-to-date symlink: /home/marceloqm/gzros_sim/install/cv_bridge/share/cv_bridge/environment/ament_prefix_path.sh
[2.803s] -- Up-to-date symlink: /home/marceloqm/gzros_sim/install/cv_bridge/share/cv_bridge/environment/ament_prefix_path.dsv
[2.803s] -- Up-to-date symlink: /home/marceloqm/gzros_sim/install/cv_bridge/share/cv_bridge/environment/path.sh
[2.804s] -- Up-to-date symlink: /home/marceloqm/gzros_sim/install/cv_bridge/share/cv_bridge/environment/path.dsv
[2.816s] -- Up-to-date symlink: /home/marceloqm/gzros_sim/install/cv_bridge/share/cv_bridge/local_setup.bash
[2.817s] -- Up-to-date symlink: /home/marceloqm/gzros_sim/install/cv_bridge/share/cv_bridge/local_setup.sh
[2.818s] -- Up-to-date symlink: /home/marceloqm/gzros_sim/install/cv_bridge/share/cv_bridge/local_setup.zsh
[2.818s] -- Up-to-date symlink: /home/marceloqm/gzros_sim/install/cv_bridge/share/cv_bridge/local_setup.dsv
[2.818s] -- Symlinking: /home/marceloqm/gzros_sim/install/cv_bridge/share/cv_bridge/package.dsv
[2.827s] -- Up-to-date symlink: /home/marceloqm/gzros_sim/install/cv_bridge/share/ament_index/resource_index/packages/cv_bridge
[2.828s] -- Up-to-date symlink: /home/marceloqm/gzros_sim/install/cv_bridge/share/cv_bridge/cmake/cv_bridge-extras.cmake
[2.829s] -- Up-to-date symlink: /home/marceloqm/gzros_sim/install/cv_bridge/share/cv_bridge/cmake/ament_cmake_export_dependencies-extras.cmake
[2.829s] -- Up-to-date symlink: /home/marceloqm/gzros_sim/install/cv_bridge/share/cv_bridge/cmake/ament_cmake_export_targets-extras.cmake
[2.829s] -- Up-to-date symlink: /home/marceloqm/gzros_sim/install/cv_bridge/share/cv_bridge/cmake/cv_bridgeConfig.cmake
[2.829s] -- Up-to-date symlink: /home/marceloqm/gzros_sim/install/cv_bridge/share/cv_bridge/cmake/cv_bridgeConfig-version.cmake
[2.830s] -- Up-to-date symlink: /home/marceloqm/gzros_sim/install/cv_bridge/share/cv_bridge/package.xml
[2.909s] Listing '/home/marceloqm/gzros_sim/install/cv_bridge/local/lib/python3.10/dist-packages/cv_bridge'...
[2.909s] Listing '/home/marceloqm/gzros_sim/install/cv_bridge/local/lib/python3.10/dist-packages/cv_bridge/boost'...
[2.947s] -- Up-to-date: /home/marceloqm/gzros_sim/install/cv_bridge/share/cv_bridge/cmake/export_cv_bridgeExport.cmake
[2.947s] -- Up-to-date: /home/marceloqm/gzros_sim/install/cv_bridge/share/cv_bridge/cmake/export_cv_bridgeExport-noconfig.cmake
[2.953s] Invoked command in '/home/marceloqm/gzros_sim/build/cv_bridge' returned '0': CMAKE_PREFIX_PATH=${CMAKE_PREFIX_PATH}:/home/marceloqm/gzros_sim/install/opencv_tests:/opt/ros/humble /usr/bin/cmake --install /home/marceloqm/gzros_sim/build/cv_bridge
