[0.056s] Invoking command in '/home/marceloqm/gzros_sim/build/gazebo_ros_pkgs': AMENT_PREFIX_PATH=/home/marceloqm/gzros_sim/install/gazebo_plugins:${AMENT_PREFIX_PATH} CMAKE_PREFIX_PATH=/home/marceloqm/gzros_sim/install/gazebo_plugins:/home/marceloqm/gzros_sim/install/gazebo_ros:/home/marceloqm/gzros_sim/install/gazebo_msgs:/home/marceloqm/gzros_sim/install/gazebo_dev:/home/marceloqm/gzros_sim/install/cv_bridge:/home/marceloqm/gzros_sim/install/vision_opencv:/home/marceloqm/gzros_sim/install/image_geometry:/home/marceloqm/gzros_sim/install/opencv_tests:/opt/ros/humble LD_LIBRARY_PATH=/usr/lib/x86_64-linux-gnu/gazebo-11/plugins:/home/marceloqm/gzros_sim/install/gazebo_plugins/lib:/home/marceloqm/gzros_sim/install/gazebo_ros/lib:/home/marceloqm/gzros_sim/install/gazebo_msgs/lib:/home/marceloqm/gzros_sim/install/cv_bridge/lib:/home/marceloqm/gzros_sim/install/image_geometry/lib:/opt/ros/humble/opt/rviz_ogre_vendor/lib:/opt/ros/humble/lib/x86_64-linux-gnu:/opt/ros/humble/lib /usr/bin/cmake /home/marceloqm/gzros_sim/src/gazebo_ros_pkgs/gazebo_ros_pkgs -DAMENT_CMAKE_SYMLINK_INSTALL=1 -DCMAKE_INSTALL_PREFIX=/home/marceloqm/gzros_sim/install/gazebo_ros_pkgs
[0.450s] -- The C compiler identification is GNU 11.3.0
[0.580s] -- The CXX compiler identification is GNU 11.3.0
[0.629s] -- Detecting C compiler ABI info
[0.776s] -- Detecting C compiler ABI info - done
[0.783s] -- Check for working C compiler: /usr/bin/cc - skipped
[0.784s] -- Detecting C compile features
[0.801s] -- Detecting C compile features - done
[0.805s] -- Detecting CXX compiler ABI info
[0.927s] -- Detecting CXX compiler ABI info - done
[0.934s] -- Check for working CXX compiler: /usr/bin/c++ - skipped
[0.935s] -- Detecting CXX compile features
[0.935s] -- Detecting CXX compile features - done
[0.971s] -- Found ament_cmake: 1.3.4 (/opt/ros/humble/share/ament_cmake/cmake)
[1.229s] -- Found Python3: /usr/bin/python3.10 (found version "3.10.6") found components: Interpreter 
[1.367s] -- Override CMake install command with custom implementation using symlinks instead of copying resources
[1.548s] -- Configuring done
[1.552s] -- Generating done
[1.553s] -- Build files have been written to: /home/marceloqm/gzros_sim/build/gazebo_ros_pkgs
[1.557s] Invoked command in '/home/marceloqm/gzros_sim/build/gazebo_ros_pkgs' returned '0': AMENT_PREFIX_PATH=/home/marceloqm/gzros_sim/install/gazebo_plugins:${AMENT_PREFIX_PATH} CMAKE_PREFIX_PATH=/home/marceloqm/gzros_sim/install/gazebo_plugins:/home/marceloqm/gzros_sim/install/gazebo_ros:/home/marceloqm/gzros_sim/install/gazebo_msgs:/home/marceloqm/gzros_sim/install/gazebo_dev:/home/marceloqm/gzros_sim/install/cv_bridge:/home/marceloqm/gzros_sim/install/vision_opencv:/home/marceloqm/gzros_sim/install/image_geometry:/home/marceloqm/gzros_sim/install/opencv_tests:/opt/ros/humble LD_LIBRARY_PATH=/usr/lib/x86_64-linux-gnu/gazebo-11/plugins:/home/marceloqm/gzros_sim/install/gazebo_plugins/lib:/home/marceloqm/gzros_sim/install/gazebo_ros/lib:/home/marceloqm/gzros_sim/install/gazebo_msgs/lib:/home/marceloqm/gzros_sim/install/cv_bridge/lib:/home/marceloqm/gzros_sim/install/image_geometry/lib:/opt/ros/humble/opt/rviz_ogre_vendor/lib:/opt/ros/humble/lib/x86_64-linux-gnu:/opt/ros/humble/lib /usr/bin/cmake /home/marceloqm/gzros_sim/src/gazebo_ros_pkgs/gazebo_ros_pkgs -DAMENT_CMAKE_SYMLINK_INSTALL=1 -DCMAKE_INSTALL_PREFIX=/home/marceloqm/gzros_sim/install/gazebo_ros_pkgs
[1.559s] Invoking command in '/home/marceloqm/gzros_sim/build/gazebo_ros_pkgs': AMENT_PREFIX_PATH=/home/marceloqm/gzros_sim/install/gazebo_plugins:${AMENT_PREFIX_PATH} CMAKE_PREFIX_PATH=/home/marceloqm/gzros_sim/install/gazebo_plugins:/home/marceloqm/gzros_sim/install/gazebo_ros:/home/marceloqm/gzros_sim/install/gazebo_msgs:/home/marceloqm/gzros_sim/install/gazebo_dev:/home/marceloqm/gzros_sim/install/cv_bridge:/home/marceloqm/gzros_sim/install/vision_opencv:/home/marceloqm/gzros_sim/install/image_geometry:/home/marceloqm/gzros_sim/install/opencv_tests:/opt/ros/humble LD_LIBRARY_PATH=/usr/lib/x86_64-linux-gnu/gazebo-11/plugins:/home/marceloqm/gzros_sim/install/gazebo_plugins/lib:/home/marceloqm/gzros_sim/install/gazebo_ros/lib:/home/marceloqm/gzros_sim/install/gazebo_msgs/lib:/home/marceloqm/gzros_sim/install/cv_bridge/lib:/home/marceloqm/gzros_sim/install/image_geometry/lib:/opt/ros/humble/opt/rviz_ogre_vendor/lib:/opt/ros/humble/lib/x86_64-linux-gnu:/opt/ros/humble/lib /usr/bin/cmake --build /home/marceloqm/gzros_sim/build/gazebo_ros_pkgs -- -j8 -l8
[1.595s] Invoked command in '/home/marceloqm/gzros_sim/build/gazebo_ros_pkgs' returned '0': AMENT_PREFIX_PATH=/home/marceloqm/gzros_sim/install/gazebo_plugins:${AMENT_PREFIX_PATH} CMAKE_PREFIX_PATH=/home/marceloqm/gzros_sim/install/gazebo_plugins:/home/marceloqm/gzros_sim/install/gazebo_ros:/home/marceloqm/gzros_sim/install/gazebo_msgs:/home/marceloqm/gzros_sim/install/gazebo_dev:/home/marceloqm/gzros_sim/install/cv_bridge:/home/marceloqm/gzros_sim/install/vision_opencv:/home/marceloqm/gzros_sim/install/image_geometry:/home/marceloqm/gzros_sim/install/opencv_tests:/opt/ros/humble LD_LIBRARY_PATH=/usr/lib/x86_64-linux-gnu/gazebo-11/plugins:/home/marceloqm/gzros_sim/install/gazebo_plugins/lib:/home/marceloqm/gzros_sim/install/gazebo_ros/lib:/home/marceloqm/gzros_sim/install/gazebo_msgs/lib:/home/marceloqm/gzros_sim/install/cv_bridge/lib:/home/marceloqm/gzros_sim/install/image_geometry/lib:/opt/ros/humble/opt/rviz_ogre_vendor/lib:/opt/ros/humble/lib/x86_64-linux-gnu:/opt/ros/humble/lib /usr/bin/cmake --build /home/marceloqm/gzros_sim/build/gazebo_ros_pkgs -- -j8 -l8
[1.620s] Invoking command in '/home/marceloqm/gzros_sim/build/gazebo_ros_pkgs': AMENT_PREFIX_PATH=/home/marceloqm/gzros_sim/install/gazebo_plugins:${AMENT_PREFIX_PATH} CMAKE_PREFIX_PATH=/home/marceloqm/gzros_sim/install/gazebo_plugins:/home/marceloqm/gzros_sim/install/gazebo_ros:/home/marceloqm/gzros_sim/install/gazebo_msgs:/home/marceloqm/gzros_sim/install/gazebo_dev:/home/marceloqm/gzros_sim/install/cv_bridge:/home/marceloqm/gzros_sim/install/vision_opencv:/home/marceloqm/gzros_sim/install/image_geometry:/home/marceloqm/gzros_sim/install/opencv_tests:/opt/ros/humble LD_LIBRARY_PATH=/usr/lib/x86_64-linux-gnu/gazebo-11/plugins:/home/marceloqm/gzros_sim/install/gazebo_plugins/lib:/home/marceloqm/gzros_sim/install/gazebo_ros/lib:/home/marceloqm/gzros_sim/install/gazebo_msgs/lib:/home/marceloqm/gzros_sim/install/cv_bridge/lib:/home/marceloqm/gzros_sim/install/image_geometry/lib:/opt/ros/humble/opt/rviz_ogre_vendor/lib:/opt/ros/humble/lib/x86_64-linux-gnu:/opt/ros/humble/lib /usr/bin/cmake --install /home/marceloqm/gzros_sim/build/gazebo_ros_pkgs
[1.627s] -- Install configuration: ""
[1.627s] -- Execute custom install script
[1.651s] -- Symlinking: /home/marceloqm/gzros_sim/install/gazebo_ros_pkgs/share/ament_index/resource_index/package_run_dependencies/gazebo_ros_pkgs
[1.660s] -- Symlinking: /home/marceloqm/gzros_sim/install/gazebo_ros_pkgs/share/ament_index/resource_index/parent_prefix_path/gazebo_ros_pkgs
[1.669s] -- Symlinking: /home/marceloqm/gzros_sim/install/gazebo_ros_pkgs/share/gazebo_ros_pkgs/environment/ament_prefix_path.sh
[1.677s] -- Symlinking: /home/marceloqm/gzros_sim/install/gazebo_ros_pkgs/share/gazebo_ros_pkgs/environment/ament_prefix_path.dsv
[1.686s] -- Symlinking: /home/marceloqm/gzros_sim/install/gazebo_ros_pkgs/share/gazebo_ros_pkgs/environment/path.sh
[1.694s] -- Symlinking: /home/marceloqm/gzros_sim/install/gazebo_ros_pkgs/share/gazebo_ros_pkgs/environment/path.dsv
[1.703s] -- Symlinking: /home/marceloqm/gzros_sim/install/gazebo_ros_pkgs/share/gazebo_ros_pkgs/local_setup.bash
[1.712s] -- Symlinking: /home/marceloqm/gzros_sim/install/gazebo_ros_pkgs/share/gazebo_ros_pkgs/local_setup.sh
[1.721s] -- Symlinking: /home/marceloqm/gzros_sim/install/gazebo_ros_pkgs/share/gazebo_ros_pkgs/local_setup.zsh
[1.730s] -- Symlinking: /home/marceloqm/gzros_sim/install/gazebo_ros_pkgs/share/gazebo_ros_pkgs/local_setup.dsv
[1.739s] -- Symlinking: /home/marceloqm/gzros_sim/install/gazebo_ros_pkgs/share/gazebo_ros_pkgs/package.dsv
[1.749s] -- Symlinking: /home/marceloqm/gzros_sim/install/gazebo_ros_pkgs/share/ament_index/resource_index/packages/gazebo_ros_pkgs
[1.758s] -- Symlinking: /home/marceloqm/gzros_sim/install/gazebo_ros_pkgs/share/gazebo_ros_pkgs/cmake/gazebo_ros_pkgsConfig.cmake
[1.767s] -- Symlinking: /home/marceloqm/gzros_sim/install/gazebo_ros_pkgs/share/gazebo_ros_pkgs/cmake/gazebo_ros_pkgsConfig-version.cmake
[1.775s] -- Symlinking: /home/marceloqm/gzros_sim/install/gazebo_ros_pkgs/share/gazebo_ros_pkgs/package.xml
[1.791s] Invoked command in '/home/marceloqm/gzros_sim/build/gazebo_ros_pkgs' returned '0': AMENT_PREFIX_PATH=/home/marceloqm/gzros_sim/install/gazebo_plugins:${AMENT_PREFIX_PATH} CMAKE_PREFIX_PATH=/home/marceloqm/gzros_sim/install/gazebo_plugins:/home/marceloqm/gzros_sim/install/gazebo_ros:/home/marceloqm/gzros_sim/install/gazebo_msgs:/home/marceloqm/gzros_sim/install/gazebo_dev:/home/marceloqm/gzros_sim/install/cv_bridge:/home/marceloqm/gzros_sim/install/vision_opencv:/home/marceloqm/gzros_sim/install/image_geometry:/home/marceloqm/gzros_sim/install/opencv_tests:/opt/ros/humble LD_LIBRARY_PATH=/usr/lib/x86_64-linux-gnu/gazebo-11/plugins:/home/marceloqm/gzros_sim/install/gazebo_plugins/lib:/home/marceloqm/gzros_sim/install/gazebo_ros/lib:/home/marceloqm/gzros_sim/install/gazebo_msgs/lib:/home/marceloqm/gzros_sim/install/cv_bridge/lib:/home/marceloqm/gzros_sim/install/image_geometry/lib:/opt/ros/humble/opt/rviz_ogre_vendor/lib:/opt/ros/humble/lib/x86_64-linux-gnu:/opt/ros/humble/lib /usr/bin/cmake --install /home/marceloqm/gzros_sim/build/gazebo_ros_pkgs
