[0.047s] Invoking command in '/home/marceloqm/gzros_sim/build/image_geometry': CMAKE_PREFIX_PATH=${CMAKE_PREFIX_PATH}:/home/marceloqm/gzros_sim/install/opencv_tests:/opt/ros/humble /usr/bin/cmake --build /home/marceloqm/gzros_sim/build/image_geometry -- -j8 -l8
[0.167s] [ 22%] Built target gtest_main
[0.176s] [ 22%] Built target ament_cmake_python_symlink_image_geometry
[0.182s] [ 44%] Built target gtest
[0.203s] [ 77%] Built target image_geometry
[0.252s] [100%] Built target image_geometry-utest
[0.490s] running egg_info
[0.490s] writing image_geometry.egg-info/PKG-INFO
[0.490s] writing dependency_links to image_geometry.egg-info/dependency_links.txt
[0.491s] writing top-level names to image_geometry.egg-info/top_level.txt
[0.492s] reading manifest file 'image_geometry.egg-info/SOURCES.txt'
[0.546s] writing manifest file 'image_geometry.egg-info/SOURCES.txt'
[0.572s] [100%] Built target ament_cmake_python_build_image_geometry_egg
[0.584s] Invoked command in '/home/marceloqm/gzros_sim/build/image_geometry' returned '0': CMAKE_PREFIX_PATH=${CMAKE_PREFIX_PATH}:/home/marceloqm/gzros_sim/install/opencv_tests:/opt/ros/humble /usr/bin/cmake --build /home/marceloqm/gzros_sim/build/image_geometry -- -j8 -l8
[0.624s] Invoking command in '/home/marceloqm/gzros_sim/build/image_geometry': CMAKE_PREFIX_PATH=${CMAKE_PREFIX_PATH}:/home/marceloqm/gzros_sim/install/opencv_tests:/opt/ros/humble /usr/bin/cmake --install /home/marceloqm/gzros_sim/build/image_geometry
[0.631s] -- Install configuration: ""
[0.663s] -- Execute custom install script
[0.663s] -- Up-to-date symlink: /home/marceloqm/gzros_sim/install/image_geometry/share/image_geometry/environment/pythonpath.sh
[0.664s] -- Up-to-date symlink: /home/marceloqm/gzros_sim/install/image_geometry/share/image_geometry/environment/pythonpath.dsv
[0.664s] -- Up-to-date symlink: /home/marceloqm/gzros_sim/install/image_geometry/local/lib/python3.10/dist-packages/image_geometry-3.2.1-py3.10.egg-info/PKG-INFO
[0.664s] -- Up-to-date symlink: /home/marceloqm/gzros_sim/install/image_geometry/local/lib/python3.10/dist-packages/image_geometry-3.2.1-py3.10.egg-info/SOURCES.txt
[0.665s] -- Up-to-date symlink: /home/marceloqm/gzros_sim/install/image_geometry/local/lib/python3.10/dist-packages/image_geometry-3.2.1-py3.10.egg-info/dependency_links.txt
[0.665s] -- Up-to-date symlink: /home/marceloqm/gzros_sim/install/image_geometry/local/lib/python3.10/dist-packages/image_geometry-3.2.1-py3.10.egg-info/top_level.txt
[0.666s] -- Up-to-date symlink: /home/marceloqm/gzros_sim/install/image_geometry/local/lib/python3.10/dist-packages/image_geometry/__init__.py
[0.666s] -- Up-to-date symlink: /home/marceloqm/gzros_sim/install/image_geometry/local/lib/python3.10/dist-packages/image_geometry/cameramodels.py
[0.668s] -- Up-to-date symlink: /home/marceloqm/gzros_sim/install/image_geometry/include/image_geometry/image_geometry/pinhole_camera_model.h
[0.668s] -- Up-to-date symlink: /home/marceloqm/gzros_sim/install/image_geometry/include/image_geometry/image_geometry/stereo_camera_model.h
[0.668s] -- Up-to-date symlink: /home/marceloqm/gzros_sim/install/image_geometry/include/image_geometry/image_geometry/visibility_control.hpp
[0.668s] -- Up-to-date symlink: /home/marceloqm/gzros_sim/install/image_geometry/share/ament_index/resource_index/package_run_dependencies/image_geometry
[0.669s] -- Up-to-date symlink: /home/marceloqm/gzros_sim/install/image_geometry/share/ament_index/resource_index/parent_prefix_path/image_geometry
[0.670s] -- Up-to-date symlink: /home/marceloqm/gzros_sim/install/image_geometry/share/image_geometry/environment/ament_prefix_path.sh
[0.670s] -- Up-to-date symlink: /home/marceloqm/gzros_sim/install/image_geometry/share/image_geometry/environment/ament_prefix_path.dsv
[0.670s] -- Up-to-date symlink: /home/marceloqm/gzros_sim/install/image_geometry/share/image_geometry/environment/path.sh
[0.671s] -- Up-to-date symlink: /home/marceloqm/gzros_sim/install/image_geometry/share/image_geometry/environment/path.dsv
[0.671s] -- Up-to-date symlink: /home/marceloqm/gzros_sim/install/image_geometry/share/image_geometry/local_setup.bash
[0.671s] -- Up-to-date symlink: /home/marceloqm/gzros_sim/install/image_geometry/share/image_geometry/local_setup.sh
[0.672s] -- Up-to-date symlink: /home/marceloqm/gzros_sim/install/image_geometry/share/image_geometry/local_setup.zsh
[0.672s] -- Up-to-date symlink: /home/marceloqm/gzros_sim/install/image_geometry/share/image_geometry/local_setup.dsv
[0.672s] -- Symlinking: /home/marceloqm/gzros_sim/install/image_geometry/share/image_geometry/package.dsv
[0.681s] -- Up-to-date symlink: /home/marceloqm/gzros_sim/install/image_geometry/share/ament_index/resource_index/packages/image_geometry
[0.682s] -- Up-to-date symlink: /home/marceloqm/gzros_sim/install/image_geometry/share/image_geometry/cmake/ament_cmake_export_targets-extras.cmake
[0.682s] -- Up-to-date symlink: /home/marceloqm/gzros_sim/install/image_geometry/share/image_geometry/cmake/ament_cmake_export_dependencies-extras.cmake
[0.682s] -- Up-to-date symlink: /home/marceloqm/gzros_sim/install/image_geometry/share/image_geometry/cmake/image_geometryConfig.cmake
[0.683s] -- Up-to-date symlink: /home/marceloqm/gzros_sim/install/image_geometry/share/image_geometry/cmake/image_geometryConfig-version.cmake
[0.684s] -- Up-to-date symlink: /home/marceloqm/gzros_sim/install/image_geometry/share/image_geometry/package.xml
[0.721s] Listing '/home/marceloqm/gzros_sim/install/image_geometry/local/lib/python3.10/dist-packages/image_geometry'...
[0.734s] -- Up-to-date: /home/marceloqm/gzros_sim/install/image_geometry/lib/libimage_geometry.so
[0.735s] -- Up-to-date: /home/marceloqm/gzros_sim/install/image_geometry/share/image_geometry/cmake/export_image_geometryExport.cmake
[0.736s] -- Up-to-date: /home/marceloqm/gzros_sim/install/image_geometry/share/image_geometry/cmake/export_image_geometryExport-noconfig.cmake
[0.738s] Invoked command in '/home/marceloqm/gzros_sim/build/image_geometry' returned '0': CMAKE_PREFIX_PATH=${CMAKE_PREFIX_PATH}:/home/marceloqm/gzros_sim/install/opencv_tests:/opt/ros/humble /usr/bin/cmake --install /home/marceloqm/gzros_sim/build/image_geometry
