[0.020s] Invoking command in '/home/marceloqm/gzros_sim/build/image_geometry': CMAKE_PREFIX_PATH=/opt/ros/humble /usr/bin/cmake /home/marceloqm/gzros_sim/src/vision_opencv/image_geometry -DAMENT_CMAKE_SYMLINK_INSTALL=1 -DCMAKE_INSTALL_PREFIX=/home/marceloqm/gzros_sim/install/image_geometry
[0.464s] -- The C compiler identification is GNU 11.3.0
[0.744s] -- The CXX compiler identification is GNU 11.3.0
[0.779s] -- Detecting C compiler ABI info
[0.933s] -- Detecting C compiler ABI info - done
[0.945s] -- Check for working C compiler: /usr/bin/cc - skipped
[0.945s] -- Detecting C compile features
[1.018s] -- Detecting C compile features - done
[1.023s] -- Detecting CXX compiler ABI info
[1.159s] -- Detecting CXX compiler ABI info - done
[1.173s] -- Check for working CXX compiler: /usr/bin/c++ - skipped
[1.174s] -- Detecting CXX compile features
[1.174s] -- Detecting CXX compile features - done
[1.221s] -- Found ament_cmake_python: 1.3.4 (/opt/ros/humble/share/ament_cmake_python/cmake)
[1.248s] -- Found ament_cmake_ros: 0.10.0 (/opt/ros/humble/share/ament_cmake_ros/cmake)
[1.700s] -- Found Python3: /usr/bin/python3.10 (found version "3.10.6") found components: Interpreter 
[1.826s] -- Override CMake install command with custom implementation using symlinks instead of copying resources
[2.081s] -- Found OpenCV: /usr (found version "4.5.4") found components: calib3d core highgui imgproc 
[2.145s] -- Found sensor_msgs: 4.2.3 (/opt/ros/humble/share/sensor_msgs/cmake)
[2.350s] -- Found rosidl_generator_c: 3.1.4 (/opt/ros/humble/share/rosidl_generator_c/cmake)
[2.427s] -- Found rosidl_adapter: 3.1.4 (/opt/ros/humble/share/rosidl_adapter/cmake)
[2.535s] -- Found rosidl_generator_cpp: 3.1.4 (/opt/ros/humble/share/rosidl_generator_cpp/cmake)
[2.856s] -- Using all available rosidl_typesupport_c: rosidl_typesupport_fastrtps_c;rosidl_typesupport_introspection_c
[2.975s] -- Using all available rosidl_typesupport_cpp: rosidl_typesupport_fastrtps_cpp;rosidl_typesupport_introspection_cpp
[3.824s] -- Found gtest sources under '/opt/ros/humble/src/gtest_vendor': C++ tests using 'Google Test' will be built
[3.977s] -- Looking for pthread.h
[4.170s] -- Looking for pthread.h - found
[4.170s] -- Performing Test CMAKE_HAVE_LIBC_PTHREAD
[4.306s] -- Performing Test CMAKE_HAVE_LIBC_PTHREAD - Success
[4.307s] -- Found Threads: TRUE  
[4.400s] -- Configuring done
[4.445s] -- Generating done
[4.447s] -- Build files have been written to: /home/marceloqm/gzros_sim/build/image_geometry
[4.455s] Invoked command in '/home/marceloqm/gzros_sim/build/image_geometry' returned '0': CMAKE_PREFIX_PATH=/opt/ros/humble /usr/bin/cmake /home/marceloqm/gzros_sim/src/vision_opencv/image_geometry -DAMENT_CMAKE_SYMLINK_INSTALL=1 -DCMAKE_INSTALL_PREFIX=/home/marceloqm/gzros_sim/install/image_geometry
[4.457s] Invoking command in '/home/marceloqm/gzros_sim/build/image_geometry': CMAKE_PREFIX_PATH=/opt/ros/humble /usr/bin/cmake --build /home/marceloqm/gzros_sim/build/image_geometry -- -j8 -l8
[4.507s] [ 22%] [32mBuilding CXX object gtest/CMakeFiles/gtest_main.dir/src/gtest_main.cc.o[0m
[4.507s] [ 22%] [32mBuilding CXX object gtest/CMakeFiles/gtest.dir/src/gtest-all.cc.o[0m
[4.509s] [ 44%] [32mBuilding CXX object CMakeFiles/image_geometry.dir/src/stereo_camera_model.cpp.o[0m
[4.509s] [ 44%] [32mBuilding CXX object CMakeFiles/image_geometry.dir/src/pinhole_camera_model.cpp.o[0m
[4.519s] [ 44%] Built target ament_cmake_python_symlink_image_geometry
[4.905s] running egg_info
[4.905s] creating image_geometry.egg-info
[4.906s] writing image_geometry.egg-info/PKG-INFO
[4.906s] writing dependency_links to image_geometry.egg-info/dependency_links.txt
[4.906s] writing top-level names to image_geometry.egg-info/top_level.txt
[4.906s] writing manifest file 'image_geometry.egg-info/SOURCES.txt'
[4.954s] reading manifest file 'image_geometry.egg-info/SOURCES.txt'
[4.955s] writing manifest file 'image_geometry.egg-info/SOURCES.txt'
[4.979s] [ 44%] Built target ament_cmake_python_build_image_geometry_egg
[7.317s] [ 55%] [32m[1mLinking CXX static library libgtest_main.a[0m
[7.596s] [ 55%] Built target gtest_main
[8.364s] [ 66%] [32m[1mLinking CXX shared library libimage_geometry.so[0m
[9.072s] [ 66%] Built target image_geometry
[10.362s] [ 77%] [32m[1mLinking CXX static library libgtest.a[0m
[10.461s] [ 77%] Built target gtest
[10.491s] [ 88%] [32mBuilding CXX object CMakeFiles/image_geometry-utest.dir/test/utest.cpp.o[0m
[12.078s] [100%] [32m[1mLinking CXX executable image_geometry-utest[0m
[12.434s] [100%] Built target image_geometry-utest
[12.446s] Invoked command in '/home/marceloqm/gzros_sim/build/image_geometry' returned '0': CMAKE_PREFIX_PATH=/opt/ros/humble /usr/bin/cmake --build /home/marceloqm/gzros_sim/build/image_geometry -- -j8 -l8
[12.480s] Invoking command in '/home/marceloqm/gzros_sim/build/image_geometry': CMAKE_PREFIX_PATH=/opt/ros/humble /usr/bin/cmake --install /home/marceloqm/gzros_sim/build/image_geometry
[12.488s] -- Install configuration: ""
[12.489s] -- Execute custom install script
[12.489s] -- Symlinking: /home/marceloqm/gzros_sim/install/image_geometry/share/image_geometry/environment/pythonpath.sh
[12.497s] -- Symlinking: /home/marceloqm/gzros_sim/install/image_geometry/share/image_geometry/environment/pythonpath.dsv
[12.506s] -- Symlinking: /home/marceloqm/gzros_sim/install/image_geometry/local/lib/python3.10/dist-packages/image_geometry-3.2.1-py3.10.egg-info/PKG-INFO
[12.515s] -- Symlinking: /home/marceloqm/gzros_sim/install/image_geometry/local/lib/python3.10/dist-packages/image_geometry-3.2.1-py3.10.egg-info/SOURCES.txt
[12.524s] -- Symlinking: /home/marceloqm/gzros_sim/install/image_geometry/local/lib/python3.10/dist-packages/image_geometry-3.2.1-py3.10.egg-info/dependency_links.txt
[12.533s] -- Symlinking: /home/marceloqm/gzros_sim/install/image_geometry/local/lib/python3.10/dist-packages/image_geometry-3.2.1-py3.10.egg-info/top_level.txt
[12.547s] -- Symlinking: /home/marceloqm/gzros_sim/install/image_geometry/local/lib/python3.10/dist-packages/image_geometry/__init__.py
[12.558s] -- Symlinking: /home/marceloqm/gzros_sim/install/image_geometry/local/lib/python3.10/dist-packages/image_geometry/cameramodels.py
[12.568s] -- Symlinking: /home/marceloqm/gzros_sim/install/image_geometry/include/image_geometry/image_geometry/pinhole_camera_model.h
[12.577s] -- Symlinking: /home/marceloqm/gzros_sim/install/image_geometry/include/image_geometry/image_geometry/stereo_camera_model.h
[12.585s] -- Symlinking: /home/marceloqm/gzros_sim/install/image_geometry/include/image_geometry/image_geometry/visibility_control.hpp
[12.595s] -- Symlinking: /home/marceloqm/gzros_sim/install/image_geometry/share/ament_index/resource_index/package_run_dependencies/image_geometry
[12.604s] -- Symlinking: /home/marceloqm/gzros_sim/install/image_geometry/share/ament_index/resource_index/parent_prefix_path/image_geometry
[12.612s] -- Symlinking: /home/marceloqm/gzros_sim/install/image_geometry/share/image_geometry/environment/ament_prefix_path.sh
[12.620s] -- Symlinking: /home/marceloqm/gzros_sim/install/image_geometry/share/image_geometry/environment/ament_prefix_path.dsv
[12.629s] -- Symlinking: /home/marceloqm/gzros_sim/install/image_geometry/share/image_geometry/environment/path.sh
[12.637s] -- Symlinking: /home/marceloqm/gzros_sim/install/image_geometry/share/image_geometry/environment/path.dsv
[12.646s] -- Symlinking: /home/marceloqm/gzros_sim/install/image_geometry/share/image_geometry/local_setup.bash
[12.656s] -- Symlinking: /home/marceloqm/gzros_sim/install/image_geometry/share/image_geometry/local_setup.sh
[12.665s] -- Symlinking: /home/marceloqm/gzros_sim/install/image_geometry/share/image_geometry/local_setup.zsh
[12.674s] -- Symlinking: /home/marceloqm/gzros_sim/install/image_geometry/share/image_geometry/local_setup.dsv
[12.682s] -- Symlinking: /home/marceloqm/gzros_sim/install/image_geometry/share/image_geometry/package.dsv
[12.692s] -- Symlinking: /home/marceloqm/gzros_sim/install/image_geometry/share/ament_index/resource_index/packages/image_geometry
[12.701s] -- Symlinking: /home/marceloqm/gzros_sim/install/image_geometry/share/image_geometry/cmake/ament_cmake_export_targets-extras.cmake
[12.711s] -- Symlinking: /home/marceloqm/gzros_sim/install/image_geometry/share/image_geometry/cmake/ament_cmake_export_dependencies-extras.cmake
[12.719s] -- Symlinking: /home/marceloqm/gzros_sim/install/image_geometry/share/image_geometry/cmake/image_geometryConfig.cmake
[12.730s] -- Symlinking: /home/marceloqm/gzros_sim/install/image_geometry/share/image_geometry/cmake/image_geometryConfig-version.cmake
[12.740s] -- Symlinking: /home/marceloqm/gzros_sim/install/image_geometry/share/image_geometry/package.xml
[12.822s] Listing '/home/marceloqm/gzros_sim/install/image_geometry/local/lib/python3.10/dist-packages/image_geometry'...
[12.823s] Compiling '/home/marceloqm/gzros_sim/install/image_geometry/local/lib/python3.10/dist-packages/image_geometry/__init__.py'...
[12.823s] Compiling '/home/marceloqm/gzros_sim/install/image_geometry/local/lib/python3.10/dist-packages/image_geometry/cameramodels.py'...
[12.827s] -- Installing: /home/marceloqm/gzros_sim/install/image_geometry/lib/libimage_geometry.so
[12.828s] -- Set runtime path of "/home/marceloqm/gzros_sim/install/image_geometry/lib/libimage_geometry.so" to ""
[12.828s] -- Installing: /home/marceloqm/gzros_sim/install/image_geometry/share/image_geometry/cmake/export_image_geometryExport.cmake
[12.828s] -- Installing: /home/marceloqm/gzros_sim/install/image_geometry/share/image_geometry/cmake/export_image_geometryExport-noconfig.cmake
[12.834s] Invoked command in '/home/marceloqm/gzros_sim/build/image_geometry' returned '0': CMAKE_PREFIX_PATH=/opt/ros/humble /usr/bin/cmake --install /home/marceloqm/gzros_sim/build/image_geometry
