[0.013s] Invoking command in '/home/marceloqm/gzros_simulation/build/vision_opencv': CMAKE_PREFIX_PATH=${CMAKE_PREFIX_PATH}:/home/marceloqm/gzros_sim/install/opencv_tests:/opt/ros/humble /usr/bin/cmake --build /home/marceloqm/gzros_simulation/build/vision_opencv -- -j8 -l8
[0.020s] [0mCMake Error: The current CMakeCache.txt directory /home/marceloqm/gzros_simulation/build/vision_opencv/CMakeCache.txt is different than the directory /home/marceloqm/gzros_sim/build/vision_opencv where CMakeCache.txt was created. This may result in binaries being created in the wrong place. If you are not sure, reedit the CMakeCache.txt[0m
[0.055s] Invoked command in '/home/marceloqm/gzros_simulation/build/vision_opencv' returned '0': CMAKE_PREFIX_PATH=${CMAKE_PREFIX_PATH}:/home/marceloqm/gzros_sim/install/opencv_tests:/opt/ros/humble /usr/bin/cmake --build /home/marceloqm/gzros_simulation/build/vision_opencv -- -j8 -l8
[0.081s] Invoking command in '/home/marceloqm/gzros_simulation/build/vision_opencv': CMAKE_PREFIX_PATH=${CMAKE_PREFIX_PATH}:/home/marceloqm/gzros_sim/install/opencv_tests:/opt/ros/humble /usr/bin/cmake --install /home/marceloqm/gzros_simulation/build/vision_opencv
[0.090s] -- Install configuration: ""
[0.091s] -- Execute custom install script
[0.091s] -- Up-to-date symlink: /home/marceloqm/gzros_sim/install/vision_opencv/share/ament_index/resource_index/package_run_dependencies/vision_opencv
[0.091s] -- Up-to-date symlink: /home/marceloqm/gzros_sim/install/vision_opencv/share/ament_index/resource_index/parent_prefix_path/vision_opencv
[0.092s] -- Up-to-date symlink: /home/marceloqm/gzros_sim/install/vision_opencv/share/vision_opencv/environment/ament_prefix_path.sh
[0.092s] -- Up-to-date symlink: /home/marceloqm/gzros_sim/install/vision_opencv/share/vision_opencv/environment/ament_prefix_path.dsv
[0.092s] -- Up-to-date symlink: /home/marceloqm/gzros_sim/install/vision_opencv/share/vision_opencv/environment/path.sh
[0.093s] -- Up-to-date symlink: /home/marceloqm/gzros_sim/install/vision_opencv/share/vision_opencv/environment/path.dsv
[0.093s] -- Up-to-date symlink: /home/marceloqm/gzros_sim/install/vision_opencv/share/vision_opencv/local_setup.bash
[0.093s] -- Up-to-date symlink: /home/marceloqm/gzros_sim/install/vision_opencv/share/vision_opencv/local_setup.sh
[0.093s] -- Up-to-date symlink: /home/marceloqm/gzros_sim/install/vision_opencv/share/vision_opencv/local_setup.zsh
[0.093s] -- Up-to-date symlink: /home/marceloqm/gzros_sim/install/vision_opencv/share/vision_opencv/local_setup.dsv
[0.094s] -- Up-to-date symlink: /home/marceloqm/gzros_sim/install/vision_opencv/share/vision_opencv/package.dsv
[0.094s] -- Up-to-date symlink: /home/marceloqm/gzros_sim/install/vision_opencv/share/ament_index/resource_index/packages/vision_opencv
[0.094s] -- Up-to-date symlink: /home/marceloqm/gzros_sim/install/vision_opencv/share/vision_opencv/cmake/vision_opencvConfig.cmake
[0.094s] -- Up-to-date symlink: /home/marceloqm/gzros_sim/install/vision_opencv/share/vision_opencv/cmake/vision_opencvConfig-version.cmake
[0.095s] -- Up-to-date symlink: /home/marceloqm/gzros_sim/install/vision_opencv/share/vision_opencv/package.xml
[0.100s] Invoked command in '/home/marceloqm/gzros_simulation/build/vision_opencv' returned '0': CMAKE_PREFIX_PATH=${CMAKE_PREFIX_PATH}:/home/marceloqm/gzros_sim/install/opencv_tests:/opt/ros/humble /usr/bin/cmake --install /home/marceloqm/gzros_simulation/build/vision_opencv
