[0.029s] Invoking command in '/home/marceloqm/gzros_simulation/build/gazebo_ros_pkgs': CMAKE_PREFIX_PATH=${CMAKE_PREFIX_PATH}:/home/marceloqm/gzros_sim/install/opencv_tests:/opt/ros/humble /usr/bin/cmake --build /home/marceloqm/gzros_simulation/build/gazebo_ros_pkgs -- -j8 -l8
[0.035s] [0mCMake Error: The current CMakeCache.txt directory /home/marceloqm/gzros_simulation/build/gazebo_ros_pkgs/CMakeCache.txt is different than the directory /home/marceloqm/gzros_sim/build/gazebo_ros_pkgs where CMakeCache.txt was created. This may result in binaries being created in the wrong place. If you are not sure, reedit the CMakeCache.txt[0m
[0.067s] Invoked command in '/home/marceloqm/gzros_simulation/build/gazebo_ros_pkgs' returned '0': CMAKE_PREFIX_PATH=${CMAKE_PREFIX_PATH}:/home/marceloqm/gzros_sim/install/opencv_tests:/opt/ros/humble /usr/bin/cmake --build /home/marceloqm/gzros_simulation/build/gazebo_ros_pkgs -- -j8 -l8
[0.092s] Invoking command in '/home/marceloqm/gzros_simulation/build/gazebo_ros_pkgs': CMAKE_PREFIX_PATH=${CMAKE_PREFIX_PATH}:/home/marceloqm/gzros_sim/install/opencv_tests:/opt/ros/humble /usr/bin/cmake --install /home/marceloqm/gzros_simulation/build/gazebo_ros_pkgs
[0.099s] -- Install configuration: ""
[0.099s] -- Execute custom install script
[0.100s] -- Up-to-date symlink: /home/marceloqm/gzros_sim/install/gazebo_ros_pkgs/share/ament_index/resource_index/package_run_dependencies/gazebo_ros_pkgs
[0.100s] -- Up-to-date symlink: /home/marceloqm/gzros_sim/install/gazebo_ros_pkgs/share/ament_index/resource_index/parent_prefix_path/gazebo_ros_pkgs
[0.100s] -- Up-to-date symlink: /home/marceloqm/gzros_sim/install/gazebo_ros_pkgs/share/gazebo_ros_pkgs/environment/ament_prefix_path.sh
[0.100s] -- Up-to-date symlink: /home/marceloqm/gzros_sim/install/gazebo_ros_pkgs/share/gazebo_ros_pkgs/environment/ament_prefix_path.dsv
[0.100s] -- Up-to-date symlink: /home/marceloqm/gzros_sim/install/gazebo_ros_pkgs/share/gazebo_ros_pkgs/environment/path.sh
[0.101s] -- Up-to-date symlink: /home/marceloqm/gzros_sim/install/gazebo_ros_pkgs/share/gazebo_ros_pkgs/environment/path.dsv
[0.101s] -- Up-to-date symlink: /home/marceloqm/gzros_sim/install/gazebo_ros_pkgs/share/gazebo_ros_pkgs/local_setup.bash
[0.101s] -- Up-to-date symlink: /home/marceloqm/gzros_sim/install/gazebo_ros_pkgs/share/gazebo_ros_pkgs/local_setup.sh
[0.101s] -- Up-to-date symlink: /home/marceloqm/gzros_sim/install/gazebo_ros_pkgs/share/gazebo_ros_pkgs/local_setup.zsh
[0.101s] -- Up-to-date symlink: /home/marceloqm/gzros_sim/install/gazebo_ros_pkgs/share/gazebo_ros_pkgs/local_setup.dsv
[0.102s] -- Up-to-date symlink: /home/marceloqm/gzros_sim/install/gazebo_ros_pkgs/share/gazebo_ros_pkgs/package.dsv
[0.102s] -- Up-to-date symlink: /home/marceloqm/gzros_sim/install/gazebo_ros_pkgs/share/ament_index/resource_index/packages/gazebo_ros_pkgs
[0.102s] -- Up-to-date symlink: /home/marceloqm/gzros_sim/install/gazebo_ros_pkgs/share/gazebo_ros_pkgs/cmake/gazebo_ros_pkgsConfig.cmake
[0.102s] -- Up-to-date symlink: /home/marceloqm/gzros_sim/install/gazebo_ros_pkgs/share/gazebo_ros_pkgs/cmake/gazebo_ros_pkgsConfig-version.cmake
[0.102s] -- Up-to-date symlink: /home/marceloqm/gzros_sim/install/gazebo_ros_pkgs/share/gazebo_ros_pkgs/package.xml
[0.108s] Invoked command in '/home/marceloqm/gzros_simulation/build/gazebo_ros_pkgs' returned '0': CMAKE_PREFIX_PATH=${CMAKE_PREFIX_PATH}:/home/marceloqm/gzros_sim/install/opencv_tests:/opt/ros/humble /usr/bin/cmake --install /home/marceloqm/gzros_simulation/build/gazebo_ros_pkgs
