[0.040s] Invoking command in '/home/marceloqm/gzros_sim/build/vision_opencv': AMENT_PREFIX_PATH=/home/marceloqm/gzros_sim/install/image_geometry:/home/marceloqm/gzros_sim/install/cv_bridge CMAKE_PREFIX_PATH=/home/marceloqm/gzros_sim/install/image_geometry:/home/marceloqm/gzros_sim/install/cv_bridge LD_LIBRARY_PATH=/home/marceloqm/gzros_sim/install/image_geometry/lib:/home/marceloqm/gzros_sim/install/cv_bridge/lib PYTHONPATH=/home/marceloqm/gzros_sim/install/image_geometry/local/lib/python3.10/dist-packages:/home/marceloqm/gzros_sim/install/cv_bridge/local/lib/python3.10/dist-packages /usr/bin/cmake --build /home/marceloqm/gzros_sim/build/vision_opencv -- -j8 -l8
[0.121s] Invoked command in '/home/marceloqm/gzros_sim/build/vision_opencv' returned '0': AMENT_PREFIX_PATH=/home/marceloqm/gzros_sim/install/image_geometry:/home/marceloqm/gzros_sim/install/cv_bridge CMAKE_PREFIX_PATH=/home/marceloqm/gzros_sim/install/image_geometry:/home/marceloqm/gzros_sim/install/cv_bridge LD_LIBRARY_PATH=/home/marceloqm/gzros_sim/install/image_geometry/lib:/home/marceloqm/gzros_sim/install/cv_bridge/lib PYTHONPATH=/home/marceloqm/gzros_sim/install/image_geometry/local/lib/python3.10/dist-packages:/home/marceloqm/gzros_sim/install/cv_bridge/local/lib/python3.10/dist-packages /usr/bin/cmake --build /home/marceloqm/gzros_sim/build/vision_opencv -- -j8 -l8
[0.143s] Invoking command in '/home/marceloqm/gzros_sim/build/vision_opencv': AMENT_PREFIX_PATH=/home/marceloqm/gzros_sim/install/image_geometry:/home/marceloqm/gzros_sim/install/cv_bridge CMAKE_PREFIX_PATH=/home/marceloqm/gzros_sim/install/image_geometry:/home/marceloqm/gzros_sim/install/cv_bridge LD_LIBRARY_PATH=/home/marceloqm/gzros_sim/install/image_geometry/lib:/home/marceloqm/gzros_sim/install/cv_bridge/lib PYTHONPATH=/home/marceloqm/gzros_sim/install/image_geometry/local/lib/python3.10/dist-packages:/home/marceloqm/gzros_sim/install/cv_bridge/local/lib/python3.10/dist-packages /usr/bin/cmake --install /home/marceloqm/gzros_sim/build/vision_opencv
[0.150s] -- Install configuration: ""
[0.160s] -- Execute custom install script
[0.208s] -- Up-to-date symlink: /home/marceloqm/gzros_sim/install/vision_opencv/share/ament_index/resource_index/package_run_dependencies/vision_opencv
[0.210s] -- Up-to-date symlink: /home/marceloqm/gzros_sim/install/vision_opencv/share/ament_index/resource_index/parent_prefix_path/vision_opencv
[0.275s] -- Up-to-date symlink: /home/marceloqm/gzros_sim/install/vision_opencv/share/vision_opencv/environment/ament_prefix_path.sh
[0.275s] -- Up-to-date symlink: /home/marceloqm/gzros_sim/install/vision_opencv/share/vision_opencv/environment/ament_prefix_path.dsv
[0.277s] -- Up-to-date symlink: /home/marceloqm/gzros_sim/install/vision_opencv/share/vision_opencv/environment/path.sh
[0.277s] -- Up-to-date symlink: /home/marceloqm/gzros_sim/install/vision_opencv/share/vision_opencv/environment/path.dsv
[0.277s] -- Up-to-date symlink: /home/marceloqm/gzros_sim/install/vision_opencv/share/vision_opencv/local_setup.bash
[0.308s] -- Up-to-date symlink: /home/marceloqm/gzros_sim/install/vision_opencv/share/vision_opencv/local_setup.sh
[0.308s] -- Up-to-date symlink: /home/marceloqm/gzros_sim/install/vision_opencv/share/vision_opencv/local_setup.zsh
[0.310s] -- Up-to-date symlink: /home/marceloqm/gzros_sim/install/vision_opencv/share/vision_opencv/local_setup.dsv
[0.311s] -- Symlinking: /home/marceloqm/gzros_sim/install/vision_opencv/share/vision_opencv/package.dsv
[0.319s] -- Up-to-date symlink: /home/marceloqm/gzros_sim/install/vision_opencv/share/ament_index/resource_index/packages/vision_opencv
[0.342s] -- Up-to-date symlink: /home/marceloqm/gzros_sim/install/vision_opencv/share/vision_opencv/cmake/vision_opencvConfig.cmake
[0.343s] -- Up-to-date symlink: /home/marceloqm/gzros_sim/install/vision_opencv/share/vision_opencv/cmake/vision_opencvConfig-version.cmake
[0.344s] -- Up-to-date symlink: /home/marceloqm/gzros_sim/install/vision_opencv/share/vision_opencv/package.xml
[0.348s] Invoked command in '/home/marceloqm/gzros_sim/build/vision_opencv' returned '0': AMENT_PREFIX_PATH=/home/marceloqm/gzros_sim/install/image_geometry:/home/marceloqm/gzros_sim/install/cv_bridge CMAKE_PREFIX_PATH=/home/marceloqm/gzros_sim/install/image_geometry:/home/marceloqm/gzros_sim/install/cv_bridge LD_LIBRARY_PATH=/home/marceloqm/gzros_sim/install/image_geometry/lib:/home/marceloqm/gzros_sim/install/cv_bridge/lib PYTHONPATH=/home/marceloqm/gzros_sim/install/image_geometry/local/lib/python3.10/dist-packages:/home/marceloqm/gzros_sim/install/cv_bridge/local/lib/python3.10/dist-packages /usr/bin/cmake --install /home/marceloqm/gzros_sim/build/vision_opencv
