[0.093s] Invoking command in '/home/marceloqm/gzros_sim/build/vision_opencv': CMAKE_PREFIX_PATH=/home/marceloqm/gzros_sim/install/image_geometry:/home/marceloqm/gzros_sim/install/cv_bridge:/home/marceloqm/gzros_sim/install/vision_opencv:/home/marceloqm/gzros_sim/install/gazebo_ros:/home/marceloqm/gzros_sim/install/gazebo_msgs:/home/marceloqm/gzros_sim/install/gazebo_dev:/home/marceloqm/gzros_sim/install/opencv_tests:/opt/ros/humble LD_LIBRARY_PATH=/home/marceloqm/gzros_sim/install/image_geometry/lib:/home/marceloqm/gzros_sim/install/cv_bridge/lib:/home/marceloqm/gzros_sim/install/gazebo_ros/lib:/home/marceloqm/gzros_sim/install/gazebo_msgs/lib:/opt/ros/humble/opt/rviz_ogre_vendor/lib:/opt/ros/humble/lib/x86_64-linux-gnu:/opt/ros/humble/lib /usr/bin/cmake --build /home/marceloqm/gzros_sim/build/vision_opencv -- -j8 -l8
[0.155s] Invoked command in '/home/marceloqm/gzros_sim/build/vision_opencv' returned '0': CMAKE_PREFIX_PATH=/home/marceloqm/gzros_sim/install/image_geometry:/home/marceloqm/gzros_sim/install/cv_bridge:/home/marceloqm/gzros_sim/install/vision_opencv:/home/marceloqm/gzros_sim/install/gazebo_ros:/home/marceloqm/gzros_sim/install/gazebo_msgs:/home/marceloqm/gzros_sim/install/gazebo_dev:/home/marceloqm/gzros_sim/install/opencv_tests:/opt/ros/humble LD_LIBRARY_PATH=/home/marceloqm/gzros_sim/install/image_geometry/lib:/home/marceloqm/gzros_sim/install/cv_bridge/lib:/home/marceloqm/gzros_sim/install/gazebo_ros/lib:/home/marceloqm/gzros_sim/install/gazebo_msgs/lib:/opt/ros/humble/opt/rviz_ogre_vendor/lib:/opt/ros/humble/lib/x86_64-linux-gnu:/opt/ros/humble/lib /usr/bin/cmake --build /home/marceloqm/gzros_sim/build/vision_opencv -- -j8 -l8
[0.200s] Invoking command in '/home/marceloqm/gzros_sim/build/vision_opencv': CMAKE_PREFIX_PATH=/home/marceloqm/gzros_sim/install/image_geometry:/home/marceloqm/gzros_sim/install/cv_bridge:/home/marceloqm/gzros_sim/install/vision_opencv:/home/marceloqm/gzros_sim/install/gazebo_ros:/home/marceloqm/gzros_sim/install/gazebo_msgs:/home/marceloqm/gzros_sim/install/gazebo_dev:/home/marceloqm/gzros_sim/install/opencv_tests:/opt/ros/humble LD_LIBRARY_PATH=/home/marceloqm/gzros_sim/install/image_geometry/lib:/home/marceloqm/gzros_sim/install/cv_bridge/lib:/home/marceloqm/gzros_sim/install/gazebo_ros/lib:/home/marceloqm/gzros_sim/install/gazebo_msgs/lib:/opt/ros/humble/opt/rviz_ogre_vendor/lib:/opt/ros/humble/lib/x86_64-linux-gnu:/opt/ros/humble/lib /usr/bin/cmake --install /home/marceloqm/gzros_sim/build/vision_opencv
[0.206s] -- Install configuration: ""
[0.220s] -- Execute custom install script
[0.221s] -- Up-to-date symlink: /home/marceloqm/gzros_sim/install/vision_opencv/share/ament_index/resource_index/package_run_dependencies/vision_opencv
[0.221s] -- Up-to-date symlink: /home/marceloqm/gzros_sim/install/vision_opencv/share/ament_index/resource_index/parent_prefix_path/vision_opencv
[0.233s] -- Up-to-date symlink: /home/marceloqm/gzros_sim/install/vision_opencv/share/vision_opencv/environment/ament_prefix_path.sh
[0.233s] -- Up-to-date symlink: /home/marceloqm/gzros_sim/install/vision_opencv/share/vision_opencv/environment/ament_prefix_path.dsv
[0.234s] -- Up-to-date symlink: /home/marceloqm/gzros_sim/install/vision_opencv/share/vision_opencv/environment/path.sh
[0.234s] -- Up-to-date symlink: /home/marceloqm/gzros_sim/install/vision_opencv/share/vision_opencv/environment/path.dsv
[0.236s] -- Up-to-date symlink: /home/marceloqm/gzros_sim/install/vision_opencv/share/vision_opencv/local_setup.bash
[0.237s] -- Up-to-date symlink: /home/marceloqm/gzros_sim/install/vision_opencv/share/vision_opencv/local_setup.sh
[0.237s] -- Up-to-date symlink: /home/marceloqm/gzros_sim/install/vision_opencv/share/vision_opencv/local_setup.zsh
[0.237s] -- Up-to-date symlink: /home/marceloqm/gzros_sim/install/vision_opencv/share/vision_opencv/local_setup.dsv
[0.237s] -- Symlinking: /home/marceloqm/gzros_sim/install/vision_opencv/share/vision_opencv/package.dsv
[0.247s] -- Up-to-date symlink: /home/marceloqm/gzros_sim/install/vision_opencv/share/ament_index/resource_index/packages/vision_opencv
[0.247s] -- Up-to-date symlink: /home/marceloqm/gzros_sim/install/vision_opencv/share/vision_opencv/cmake/vision_opencvConfig.cmake
[0.247s] -- Up-to-date symlink: /home/marceloqm/gzros_sim/install/vision_opencv/share/vision_opencv/cmake/vision_opencvConfig-version.cmake
[0.248s] -- Up-to-date symlink: /home/marceloqm/gzros_sim/install/vision_opencv/share/vision_opencv/package.xml
[0.254s] Invoked command in '/home/marceloqm/gzros_sim/build/vision_opencv' returned '0': CMAKE_PREFIX_PATH=/home/marceloqm/gzros_sim/install/image_geometry:/home/marceloqm/gzros_sim/install/cv_bridge:/home/marceloqm/gzros_sim/install/vision_opencv:/home/marceloqm/gzros_sim/install/gazebo_ros:/home/marceloqm/gzros_sim/install/gazebo_msgs:/home/marceloqm/gzros_sim/install/gazebo_dev:/home/marceloqm/gzros_sim/install/opencv_tests:/opt/ros/humble LD_LIBRARY_PATH=/home/marceloqm/gzros_sim/install/image_geometry/lib:/home/marceloqm/gzros_sim/install/cv_bridge/lib:/home/marceloqm/gzros_sim/install/gazebo_ros/lib:/home/marceloqm/gzros_sim/install/gazebo_msgs/lib:/opt/ros/humble/opt/rviz_ogre_vendor/lib:/opt/ros/humble/lib/x86_64-linux-gnu:/opt/ros/humble/lib /usr/bin/cmake --install /home/marceloqm/gzros_sim/build/vision_opencv
