[1.150s] Invoking command in '/home/marceloqm/gzros_sim/build/gazebo_plugins': AMENT_PREFIX_PATH=/home/marceloqm/gzros_sim/install/gazebo_ros:/home/marceloqm/gzros_sim/install/gazebo_msgs:/home/marceloqm/gzros_sim/install/gazebo_dev:/home/marceloqm/gzros_sim/install/cv_bridge:${AMENT_PREFIX_PATH} CMAKE_PREFIX_PATH=/home/marceloqm/gzros_sim/install/gazebo_ros:/home/marceloqm/gzros_sim/install/gazebo_msgs:/home/marceloqm/gzros_sim/install/gazebo_dev:/home/marceloqm/gzros_sim/install/cv_bridge:/opt/ros/humble LD_LIBRARY_PATH=/home/marceloqm/gzros_sim/install/gazebo_ros/lib:/home/marceloqm/gzros_sim/install/gazebo_msgs/lib:/home/marceloqm/gzros_sim/install/cv_bridge/lib:${LD_LIBRARY_PATH} PYTHONPATH=/home/marceloqm/gzros_sim/install/gazebo_ros/local/lib/python3.10/dist-packages:/home/marceloqm/gzros_sim/install/gazebo_msgs/local/lib/python3.10/dist-packages:/home/marceloqm/gzros_sim/install/cv_bridge/local/lib/python3.10/dist-packages:${PYTHONPATH} /usr/bin/cmake /home/marceloqm/gzros_sim/src/gazebo_ros_pkgs/gazebo_plugins -DAMENT_CMAKE_SYMLINK_INSTALL=1 -DCMAKE_INSTALL_PREFIX=/home/marceloqm/gzros_sim/install/gazebo_plugins
[1.803s] -- The C compiler identification is GNU 11.3.0
[2.125s] -- The CXX compiler identification is GNU 11.3.0
[2.392s] -- Detecting C compiler ABI info
[2.572s] -- Detecting C compiler ABI info - done
[2.580s] -- Check for working C compiler: /usr/bin/cc - skipped
[2.581s] -- Detecting C compile features
[2.648s] -- Detecting C compile features - done
[2.665s] -- Detecting CXX compiler ABI info
[2.777s] -- Detecting CXX compiler ABI info - done
[2.784s] -- Check for working CXX compiler: /usr/bin/c++ - skipped
[2.784s] -- Detecting CXX compile features
[2.785s] -- Detecting CXX compile features - done
[2.875s] -- Found ament_cmake: 1.3.4 (/opt/ros/humble/share/ament_cmake/cmake)
[3.349s] -- Found Python3: /usr/bin/python3.10 (found version "3.10.6") found components: Interpreter 
[3.598s] -- Override CMake install command with custom implementation using symlinks instead of copying resources
[3.780s] -- Found camera_info_manager: 3.1.5 (/opt/ros/humble/share/camera_info_manager/cmake)
[4.164s] -- Found rosidl_generator_c: 3.1.4 (/opt/ros/humble/share/rosidl_generator_c/cmake)
[4.178s] -- Found rosidl_adapter: 3.1.4 (/opt/ros/humble/share/rosidl_adapter/cmake)
[4.222s] -- Found rosidl_generator_cpp: 3.1.4 (/opt/ros/humble/share/rosidl_generator_cpp/cmake)
[4.357s] -- Using all available rosidl_typesupport_c: rosidl_typesupport_fastrtps_c;rosidl_typesupport_introspection_c
[4.413s] -- Using all available rosidl_typesupport_cpp: rosidl_typesupport_fastrtps_cpp;rosidl_typesupport_introspection_cpp
[4.732s] -- Found rmw_implementation_cmake: 6.1.1 (/opt/ros/humble/share/rmw_implementation_cmake/cmake)
[4.741s] -- Found rmw_fastrtps_cpp: 6.2.2 (/opt/ros/humble/share/rmw_fastrtps_cpp/cmake)
[5.411s] -- Found OpenSSL: /usr/lib/x86_64-linux-gnu/libcrypto.so (found version "3.0.2")  
[5.547s] -- Found FastRTPS: /opt/ros/humble/include  
[5.608s] -- Using RMW implementation 'rmw_fastrtps_cpp' as default
[5.774s] -- Looking for pthread.h
[5.894s] -- Looking for pthread.h - found
[5.895s] -- Performing Test CMAKE_HAVE_LIBC_PTHREAD
[5.987s] -- Performing Test CMAKE_HAVE_LIBC_PTHREAD - Success
[5.988s] -- Found Threads: TRUE  
[6.816s] -- Found gazebo_dev: 3.7.0 (/home/marceloqm/gzros_sim/install/gazebo_dev/share/gazebo_dev/cmake)
[6.881s] -- Found PkgConfig: /usr/bin/pkg-config (found version "0.29.2") 
[6.882s] -- Checking for module 'bullet>=2.82'
[6.905s] --   Found bullet, version 3.05
[7.238s] -- Found fcl: /usr/include (found suitable version "0.7.0", minimum required is "0.5.0") 
[7.315s] -- Found assimp: /usr/include (found version "5.2.0") 
[7.419s] -- Found DART: /usr/include (Required is at least version "6.6") found components: dart 
[7.554s] -- Found Boost: /usr/lib/x86_64-linux-gnu/cmake/Boost-1.74.0/BoostConfig.cmake (found suitable version "1.74.0", minimum required is "1.40.0") found components: thread system filesystem program_options regex iostreams date_time 
[7.685s] -- Found Protobuf: /usr/lib/x86_64-linux-gnu/libprotobuf.so (found version "3.12.4") 
[7.733s] -- Looking for ignition-math6 -- found version 6.14.0
[7.839s] -- Searching for dependencies of ignition-math6
[7.863s] -- Looking for OGRE...
[7.863s] -- OGRE_PREFIX_WATCH changed.
[7.868s] -- Checking for module 'OGRE'
[7.881s] --   Found OGRE, version 1.9.0
[7.914s] -- Found Ogre Ghadamon (1.9.0)
[7.920s] -- Found OGRE: optimized;/usr/lib/x86_64-linux-gnu/libOgreMain.so;debug;/usr/lib/x86_64-linux-gnu/libOgreMain.so
[7.930s] -- Looking for OGRE_Paging...
[7.935s] -- Found OGRE_Paging: optimized;/usr/lib/x86_64-linux-gnu/libOgrePaging.so;debug;/usr/lib/x86_64-linux-gnu/libOgrePaging.so
[7.935s] -- Looking for OGRE_Terrain...
[7.940s] -- Found OGRE_Terrain: optimized;/usr/lib/x86_64-linux-gnu/libOgreTerrain.so;debug;/usr/lib/x86_64-linux-gnu/libOgreTerrain.so
[7.940s] -- Looking for OGRE_Property...
[7.986s] -- Found OGRE_Property: optimized;/usr/lib/x86_64-linux-gnu/libOgreProperty.so;debug;/usr/lib/x86_64-linux-gnu/libOgreProperty.so
[7.986s] -- Looking for OGRE_RTShaderSystem...
[7.991s] -- Found OGRE_RTShaderSystem: optimized;/usr/lib/x86_64-linux-gnu/libOgreRTShaderSystem.so;debug;/usr/lib/x86_64-linux-gnu/libOgreRTShaderSystem.so
[7.992s] -- Looking for OGRE_Volume...
[7.997s] -- Found OGRE_Volume: optimized;/usr/lib/x86_64-linux-gnu/libOgreVolume.so;debug;/usr/lib/x86_64-linux-gnu/libOgreVolume.so
[7.997s] -- Looking for OGRE_Overlay...
[8.009s] -- Found OGRE_Overlay: optimized;/usr/lib/x86_64-linux-gnu/libOgreOverlay.so;debug;/usr/lib/x86_64-linux-gnu/libOgreOverlay.so
[8.152s] -- Looking for ignition-math6 -- found version 6.14.0
[8.160s] -- Looking for ignition-transport8 -- found version 8.2.1
[8.160s] -- Searching for dependencies of ignition-transport8
[8.187s] -- Found Protobuf: /usr/lib/x86_64-linux-gnu/libprotobuf.so (found suitable version "3.12.4", minimum required is "3") 
[8.200s] -- Config-file not installed for ZeroMQ -- checking for pkg-config
[8.205s] -- Checking for module 'libzmq >= 4'
[8.321s] --   Found libzmq , version 4.3.4
[8.357s] -- Found ZeroMQ: TRUE (Required is at least version "4") 
[8.363s] -- Checking for module 'uuid'
[8.383s] --   Found uuid, version 2.37.2
[8.423s] -- Found UUID: TRUE  
[8.438s] -- Looking for ignition-msgs5 -- found version 5.8.1
[8.439s] -- Searching for dependencies of ignition-msgs5
[8.461s] -- Looking for ignition-math6 -- found version 6.14.0
[8.467s] -- Checking for module 'tinyxml2'
[8.488s] --   Found tinyxml2, version 9.0.0
[8.526s] -- Looking for ignition-msgs5 -- found version 5.8.1
[8.536s] -- Looking for ignition-common3 -- found version 3.14.0
[8.537s] -- Searching for dependencies of ignition-common3
[8.538s] -- Looking for dlfcn.h - found
[8.539s] -- Looking for libdl - found
[8.541s] -- Found DL: TRUE  
[8.572s] -- Found tinyobjloader: /usr/lib/x86_64-linux-gnu/cmake/tinyobjloader/tinyobjloader-config.cmake (found version "2.0.0") 
[8.573s] -- Searching for <ignition-common3> component [graphics]
[8.575s] -- Looking for ignition-common3-graphics -- found version 3.14.0
[8.576s] -- Searching for dependencies of ignition-common3-graphics
[8.576s] -- Looking for ignition-math6 -- found version 6.14.0
[8.599s] -- Looking for ignition-fuel_tools4 -- found version 4.4.0
[8.600s] -- Searching for dependencies of ignition-fuel_tools4
[8.732s] -- Found CURL: /usr/lib/x86_64-linux-gnu/libcurl.so (found version "7.81.0")  
[8.760s] -- Checking for module 'jsoncpp'
[8.773s] --   Found jsoncpp, version 1.9.5
[8.807s] -- Found JSONCPP: TRUE  
[8.814s] -- Checking for module 'libzip'
[8.830s] --   Found libzip, version 1.7.3
[8.863s] -- Found ZIP: TRUE  
[8.863s] -- Looking for ignition-common3 -- found version 3.14.0
[8.864s] -- Looking for ignition-math6 -- found version 6.14.0
[8.864s] -- Looking for ignition-msgs5 -- found version 5.8.1
[8.899s] -- Gazebo version: 11.10
[8.899s] -- Checking for module 'tbb'
[8.914s] --   Found tbb, version 2021.5.0
[8.976s] -- Found gazebo_msgs: 3.7.0 (/home/marceloqm/gzros_sim/install/gazebo_msgs/share/gazebo_msgs/cmake)
[9.327s] -- Found gazebo_ros: 3.7.0 (/home/marceloqm/gzros_sim/install/gazebo_ros/share/gazebo_ros/cmake)
[9.357s] -- Found image_transport: 3.1.5 (/opt/ros/humble/share/image_transport/cmake)
[9.602s] -- Found cv_bridge: 3.2.1 (/home/marceloqm/gzros_sim/install/cv_bridge/share/cv_bridge/cmake)
[9.733s] -- Found nav_msgs: 4.2.3 (/opt/ros/humble/share/nav_msgs/cmake)
[9.951s] -- Found std_srvs: 4.2.3 (/opt/ros/humble/share/std_srvs/cmake)
[10.078s] -- Found tf2: 0.25.2 (/opt/ros/humble/share/tf2/cmake)
[10.099s] -- Found tf2_geometry_msgs: 0.25.2 (/opt/ros/humble/share/tf2_geometry_msgs/cmake)
[10.168s] -- Found eigen3_cmake_module: 0.1.1 (/opt/ros/humble/share/eigen3_cmake_module/cmake)
[10.170s] -- Found Eigen3: TRUE (found version "3.4.0") 
[10.170s] -- Ensuring Eigen3 include directory is part of orocos-kdl CMake target
[11.311s] -- Found ament_cmake_gtest: 1.3.4 (/opt/ros/humble/share/ament_cmake_gtest/cmake)
[11.343s] -- Found gtest sources under '/opt/ros/humble/src/gtest_vendor': C++ tests using 'Google Test' will be built
[11.789s] -- Found ament_lint_auto: 0.12.6 (/opt/ros/humble/share/ament_lint_auto/cmake)
[12.248s] -- Added test 'copyright' to check source files copyright and LICENSE
[12.256s] -- Added test 'cppcheck' to perform static code analysis on C / C++ code
[12.261s] -- Configured cppcheck include dirs: /home/marceloqm/gzros_sim/src/gazebo_ros_pkgs/gazebo_plugins/include
[12.262s] -- Configured cppcheck exclude dirs and/or files: 
[12.279s] -- Added test 'flake8' to check Python code syntax and style conventions
[12.279s] -- Added test 'lint_cmake' to check CMake code style
[12.279s] -- Added test 'pep257' to check Python code against some of the docstring style conventions in PEP 257
[12.279s] -- Added test 'uncrustify' to check C / C++ code style
[12.280s] -- Configured uncrustify additional arguments: 
[12.280s] -- Added test 'xmllint' to check XML markup files
[12.332s] -- Configuring done
[13.598s] -- Generating done
[13.608s] -- Build files have been written to: /home/marceloqm/gzros_sim/build/gazebo_plugins
[13.633s] Invoked command in '/home/marceloqm/gzros_sim/build/gazebo_plugins' returned '0': AMENT_PREFIX_PATH=/home/marceloqm/gzros_sim/install/gazebo_ros:/home/marceloqm/gzros_sim/install/gazebo_msgs:/home/marceloqm/gzros_sim/install/gazebo_dev:/home/marceloqm/gzros_sim/install/cv_bridge:${AMENT_PREFIX_PATH} CMAKE_PREFIX_PATH=/home/marceloqm/gzros_sim/install/gazebo_ros:/home/marceloqm/gzros_sim/install/gazebo_msgs:/home/marceloqm/gzros_sim/install/gazebo_dev:/home/marceloqm/gzros_sim/install/cv_bridge:/opt/ros/humble LD_LIBRARY_PATH=/home/marceloqm/gzros_sim/install/gazebo_ros/lib:/home/marceloqm/gzros_sim/install/gazebo_msgs/lib:/home/marceloqm/gzros_sim/install/cv_bridge/lib:${LD_LIBRARY_PATH} PYTHONPATH=/home/marceloqm/gzros_sim/install/gazebo_ros/local/lib/python3.10/dist-packages:/home/marceloqm/gzros_sim/install/gazebo_msgs/local/lib/python3.10/dist-packages:/home/marceloqm/gzros_sim/install/cv_bridge/local/lib/python3.10/dist-packages:${PYTHONPATH} /usr/bin/cmake /home/marceloqm/gzros_sim/src/gazebo_ros_pkgs/gazebo_plugins -DAMENT_CMAKE_SYMLINK_INSTALL=1 -DCMAKE_INSTALL_PREFIX=/home/marceloqm/gzros_sim/install/gazebo_plugins
[13.720s] Invoking command in '/home/marceloqm/gzros_sim/build/gazebo_plugins': AMENT_PREFIX_PATH=/home/marceloqm/gzros_sim/install/gazebo_ros:/home/marceloqm/gzros_sim/install/gazebo_msgs:/home/marceloqm/gzros_sim/install/gazebo_dev:/home/marceloqm/gzros_sim/install/cv_bridge:${AMENT_PREFIX_PATH} CMAKE_PREFIX_PATH=/home/marceloqm/gzros_sim/install/gazebo_ros:/home/marceloqm/gzros_sim/install/gazebo_msgs:/home/marceloqm/gzros_sim/install/gazebo_dev:/home/marceloqm/gzros_sim/install/cv_bridge:/opt/ros/humble LD_LIBRARY_PATH=/home/marceloqm/gzros_sim/install/gazebo_ros/lib:/home/marceloqm/gzros_sim/install/gazebo_msgs/lib:/home/marceloqm/gzros_sim/install/cv_bridge/lib:${LD_LIBRARY_PATH} PYTHONPATH=/home/marceloqm/gzros_sim/install/gazebo_ros/local/lib/python3.10/dist-packages:/home/marceloqm/gzros_sim/install/gazebo_msgs/local/lib/python3.10/dist-packages:/home/marceloqm/gzros_sim/install/cv_bridge/local/lib/python3.10/dist-packages:${PYTHONPATH} /usr/bin/cmake --build /home/marceloqm/gzros_sim/build/gazebo_plugins -- -j8 -l8
[13.766s] [  1%] [32mBuilding CXX object CMakeFiles/gazebo_ros_force.dir/src/gazebo_ros_force.cpp.o[0m
[13.766s] [  2%] [32mBuilding CXX object CMakeFiles/gazebo_ros_imu_sensor.dir/src/gazebo_ros_imu_sensor.cpp.o[0m
[13.767s] [  3%] [32mBuilding CXX object CMakeFiles/multi_camera_plugin.dir/src/multi_camera_plugin.cpp.o[0m
[13.768s] [  4%] [32mBuilding CXX object CMakeFiles/gazebo_ros_diff_drive.dir/src/gazebo_ros_diff_drive.cpp.o[0m
[13.770s] [  5%] [32mBuilding CXX object CMakeFiles/gazebo_ros_template.dir/src/gazebo_ros_template.cpp.o[0m
[13.770s] [  6%] [32mBuilding CXX object CMakeFiles/gazebo_ros_gps_sensor.dir/src/gazebo_ros_gps_sensor.cpp.o[0m
[13.774s] [  8%] [32mBuilding CXX object CMakeFiles/gazebo_ros_joint_state_publisher.dir/src/gazebo_ros_joint_state_publisher.cpp.o[0m
[13.778s] [  9%] [32mBuilding CXX object CMakeFiles/gazebo_ros_ray_sensor.dir/src/gazebo_ros_ray_sensor.cpp.o[0m
[36.919s] [ 10%] [32m[1mLinking CXX shared library libgazebo_ros_template.so[0m
[37.944s] [ 10%] Built target gazebo_ros_template
[38.004s] [ 11%] [32mBuilding CXX object CMakeFiles/gazebo_ros_p3d.dir/src/gazebo_ros_p3d.cpp.o[0m
[38.593s] [ 12%] [32m[1mLinking CXX shared library libgazebo_ros_imu_sensor.so[0m
[39.125s] [ 13%] [32m[1mLinking CXX shared library libgazebo_ros_gps_sensor.so[0m
[39.263s] [ 15%] [32m[1mLinking CXX shared library libgazebo_ros_joint_state_publisher.so[0m
[39.705s] [ 15%] Built target gazebo_ros_imu_sensor
[39.748s] [ 16%] [32mBuilding CXX object CMakeFiles/gazebo_ros_tricycle_drive.dir/src/gazebo_ros_tricycle_drive.cpp.o[0m
[40.366s] [ 16%] Built target gazebo_ros_gps_sensor
[40.464s] [ 17%] [32mBuilding CXX object CMakeFiles/gazebo_ros_video.dir/src/gazebo_ros_video.cpp.o[0m
[40.479s] [ 17%] Built target gazebo_ros_joint_state_publisher
[40.519s] [ 18%] [32mBuilding CXX object CMakeFiles/gazebo_ros_ft_sensor.dir/src/gazebo_ros_ft_sensor.cpp.o[0m
[45.461s] [ 19%] [32m[1mLinking CXX shared library libmulti_camera_plugin.so[0m
[45.777s] [ 20%] [32m[1mLinking CXX shared library libgazebo_ros_force.so[0m
[46.003s] [ 20%] Built target multi_camera_plugin
[46.035s] [ 22%] [32mBuilding CXX object CMakeFiles/gazebo_ros_bumper.dir/src/gazebo_ros_bumper.cpp.o[0m
[46.788s] [ 23%] [32m[1mLinking CXX shared library libgazebo_ros_ray_sensor.so[0m
[47.439s] [ 23%] Built target gazebo_ros_force
[47.484s] [ 24%] [32mBuilding CXX object CMakeFiles/gazebo_ros_harness.dir/src/gazebo_ros_harness.cpp.o[0m
[48.331s] [ 24%] Built target gazebo_ros_ray_sensor
[48.388s] [ 25%] [32mBuilding CXX object CMakeFiles/gazebo_ros_hand_of_god.dir/src/gazebo_ros_hand_of_god.cpp.o[0m
[48.606s] [ 26%] [32m[1mLinking CXX shared library libgazebo_ros_diff_drive.so[0m
[51.436s] [ 26%] Built target gazebo_ros_diff_drive
[51.555s] [ 27%] [32mBuilding CXX object CMakeFiles/gazebo_ros_ackermann_drive.dir/src/gazebo_ros_ackermann_drive.cpp.o[0m
[64.926s] [ 29%] [32m[1mLinking CXX shared library libgazebo_ros_p3d.so[0m
[66.497s] [ 29%] Built target gazebo_ros_p3d
[66.614s] [ 30%] [32m[1mLinking CXX shared library libgazebo_ros_ft_sensor.so[0m
[67.824s] [ 30%] Built target gazebo_ros_ft_sensor
[71.588s] [ 31%] [32m[1mLinking CXX shared library libgazebo_ros_hand_of_god.so[0m
[71.771s] [ 32%] [32m[1mLinking CXX shared library libgazebo_ros_bumper.so[0m
[72.452s] [ 32%] Built target gazebo_ros_hand_of_god
[72.888s] [ 32%] Built target gazebo_ros_bumper
[72.923s] [ 33%] [32m[1mLinking CXX shared library libgazebo_ros_tricycle_drive.so[0m
[74.156s] [ 33%] Built target gazebo_ros_tricycle_drive
[79.182s] [ 34%] [32mBuilding CXX object CMakeFiles/gazebo_ros_projector.dir/src/gazebo_ros_projector.cpp.o[0m
[80.208s] [ 36%] [32mBuilding CXX object CMakeFiles/gazebo_ros_planar_move.dir/src/gazebo_ros_planar_move.cpp.o[0m
[80.718s] [ 37%] [32m[1mLinking CXX shared library libgazebo_ros_harness.so[0m
[81.226s] [ 38%] [32mBuilding CXX object CMakeFiles/gazebo_ros_joint_pose_trajectory.dir/src/gazebo_ros_joint_pose_trajectory.cpp.o[0m
[82.243s] [ 39%] [32mBuilding CXX object CMakeFiles/gazebo_ros_vacuum_gripper.dir/src/gazebo_ros_vacuum_gripper.cpp.o[0m
[82.380s] [ 40%] [32mBuilding CXX object CMakeFiles/gazebo_ros_elevator.dir/src/gazebo_ros_elevator.cpp.o[0m
[82.385s] [ 40%] Built target gazebo_ros_harness
[82.434s] [ 41%] [32mBuilding CXX object CMakeFiles/gazebo_ros_wheel_slip.dir/src/gazebo_ros_wheel_slip.cpp.o[0m
[82.471s] [ 43%] [32m[1mLinking CXX shared library libgazebo_ros_ackermann_drive.so[0m
[85.031s] [ 43%] Built target gazebo_ros_ackermann_drive
[89.045s] [ 44%] [32m[1mLinking CXX shared library libgazebo_ros_video.so[0m
[91.797s] [ 44%] Built target gazebo_ros_video
[103.900s] [ 45%] [32m[1mLinking CXX shared library libgazebo_ros_vacuum_gripper.so[0m
[104.172s] [ 46%] [32m[1mLinking CXX shared library libgazebo_ros_elevator.so[0m
[104.998s] [ 46%] Built target gazebo_ros_vacuum_gripper
[105.498s] [ 46%] Built target gazebo_ros_elevator
[107.111s] [ 47%] [32m[1mLinking CXX shared library libgazebo_ros_projector.so[0m
[108.060s] [ 48%] [32m[1mLinking CXX shared library libgazebo_ros_planar_move.so[0m
[108.161s] [ 48%] Built target gazebo_ros_projector
[109.172s] [ 48%] Built target gazebo_ros_planar_move
[109.373s] [ 50%] [32m[1mLinking CXX shared library libgazebo_ros_joint_pose_trajectory.so[0m
[110.225s] [ 50%] Built target gazebo_ros_joint_pose_trajectory
[110.466s] [ 51%] [32m[1mLinking CXX shared library libgazebo_ros_wheel_slip.so[0m
[111.301s] [ 51%] Built target gazebo_ros_wheel_slip
[111.321s] [ 52%] [32mBuilding CXX object CMakeFiles/gazebo_ros_camera.dir/src/gazebo_ros_camera.cpp.o[0m
[136.417s] [ 53%] [32m[1mLinking CXX shared library libgazebo_ros_camera.so[0m
[137.441s] [ 53%] Built target gazebo_ros_camera
[137.460s] [ 55%] [32mBuilding CXX object gtest/CMakeFiles/gtest_main.dir/src/gtest_main.cc.o[0m
[137.461s] [ 55%] [32mBuilding CXX object gtest/CMakeFiles/gtest.dir/src/gtest-all.cc.o[0m
[138.046s] [ 56%] [32m[1mLinking CXX static library libgtest_main.a[0m
[140.011s] [ 56%] Built target gtest_main
[140.249s] [ 58%] [32m[1mLinking CXX static library libgtest.a[0m
[140.343s] [ 58%] Built target gtest
[140.374s] [ 60%] [32mBuilding CXX object test/CMakeFiles/test_gazebo_ros_elevator.dir/test_gazebo_ros_elevator.cpp.o[0m
[140.374s] [ 60%] [32mBuilding CXX object test/CMakeFiles/test_gazebo_ros_diff_drive.dir/test_gazebo_ros_diff_drive.cpp.o[0m
[140.378s] [ 61%] [32mBuilding CXX object test/CMakeFiles/test_gazebo_ros_hand_of_god.dir/test_gazebo_ros_hand_of_god.cpp.o[0m
[140.378s] [ 62%] [32mBuilding CXX object test/CMakeFiles/test_gazebo_ros_force.dir/test_gazebo_ros_force.cpp.o[0m
[140.378s] [ 63%] [32mBuilding CXX object test/CMakeFiles/test_gazebo_ros_ft_sensor.dir/test_gazebo_ros_ft_sensor.cpp.o[0m
[140.380s] [ 65%] [32mBuilding CXX object test/CMakeFiles/test_gazebo_ros_bumper.dir/test_gazebo_ros_bumper.cpp.o[0m
[140.381s] [ 66%] [32mBuilding CXX object test/CMakeFiles/test_gazebo_ros_ackermann_drive.dir/test_gazebo_ros_ackermann_drive.cpp.o[0m
[140.387s] [ 67%] [32mBuilding CXX object test/CMakeFiles/test_gazebo_ros_harness.dir/test_gazebo_ros_harness.cpp.o[0m
