Traceback (most recent call last):
  File "/opt/ros/humble/share/rosidl_generator_cpp/cmake/../../../lib/rosidl_generator_cpp/rosidl_generator_cpp", line 38, in <module>
gmake[2]: *** Deleting file 'rosidl_generator_c/gazebo_msgs/msg/contact_state.h'
    sys.exit(main())
  File "/opt/ros/humble/share/rosidl_generator_cpp/cmake/../../../lib/rosidl_generator_cpp/rosidl_generator_cpp", line 34, in main
    generate_cpp(args.generator_arguments_file)
  File "/opt/ros/humble/local/lib/python3.10/dist-packages/rosidl_generator_cpp/__init__.py", line 38, in generate_cpp
    return generate_files(
  File "/opt/ros/humble/local/lib/python3.10/dist-packages/rosidl_cmake/__init__.py", line 74, in generate_files
    idl_file = parse_idl_file(locator)
  File "/opt/ros/humble/local/lib/python3.10/dist-packages/rosidl_parser/parser.py", line 64, in parse_idl_file
gmake[2]: *** Deleting file 'rosidl_generator_cpp/gazebo_msgs/msg/contact_state.hpp'
    content = parse_idl_string(string, png_file=png_file)
  File "/opt/ros/humble/local/lib/python3.10/dist-packages/rosidl_parser/parser.py", line 72, in parse_idl_string
    tree = get_ast_from_idl_string(idl_string)
Traceback (most recent call last):
  File "/opt/ros/humble/local/lib/python3.10/dist-packages/rosidl_parser/parser.py", line 89, in get_ast_from_idl_string
  File "/opt/ros/humble/share/rosidl_generator_c/cmake/../../../lib/rosidl_generator_c/rosidl_generator_c", line 38, in <module>
    return _parser.parse(idl_string)
  File "/usr/lib/python3/dist-packages/lark/lark.py", line 619, in parse
    sys.exit(main())
  File "/opt/ros/humble/share/rosidl_generator_c/cmake/../../../lib/rosidl_generator_c/rosidl_generator_c", line 34, in main
    generate_c(args.generator_arguments_file)
  File "/opt/ros/humble/local/lib/python3.10/dist-packages/rosidl_generator_c/__init__.py", line 37, in generate_c
    return generate_files(
  File "/opt/ros/humble/local/lib/python3.10/dist-packages/rosidl_cmake/__init__.py", line 87, in generate_files
    expand_template(
  File "/opt/ros/humble/local/lib/python3.10/dist-packages/rosidl_cmake/__init__.py", line 149, in expand_template
    interpreter.string(template_content, template_path, locals=data)
  File "/usr/lib/python3/dist-packages/em.py", line 2391, in string
    return self.parser.parse(text, start=start, on_error=on_error)
  File "/usr/lib/python3/dist-packages/lark/parser_frontends.py", line 99, in parse
    return self.parser.parse(stream, chosen_start, **kw)
  File "/usr/lib/python3/dist-packages/lark/parsers/earley.py", line 266, in parse
    self.safe(scanner, True, locals)
  File "/usr/lib/python3/dist-packages/em.py", line 2401, in safe
    self.parse(scanner, locals)
  File "/usr/lib/python3/dist-packages/em.py", line 2421, in parse
    token.run(self, locals)
  File "/usr/lib/python3/dist-packages/em.py", line 1547, in run
    self.subrun(info[0][1], interpreter, locals)
  File "/usr/lib/python3/dist-packages/em.py", line 1631, in subrun
    token.run(interpreter, locals)
  File "/usr/lib/python3/dist-packages/em.py", line 1425, in run
    interpreter.execute(self.code, locals)
  File "/usr/lib/python3/dist-packages/em.py", line 2596, in execute
    _exec(statements, self.globals, locals)
  File "<string>", line 2, in <module>
  File "/opt/ros/humble/local/lib/python3.10/dist-packages/rosidl_cmake/__init__.py", line 198, in _expand_template
    interpreter.string(content, str(template_path), kwargs)
  File "/usr/lib/python3/dist-packages/em.py", line 2391, in string
    self.safe(scanner, True, locals)
  File "/usr/lib/python3/dist-packages/em.py", line 2401, in safe
    self.parse(scanner, locals)
  File "/usr/lib/python3/dist-packages/em.py", line 2417, in parse
    token = scanner.one()
  File "/usr/lib/python3/dist-packages/em.py", line 1984, in one
    token.scan(self)
  File "/usr/lib/python3/dist-packages/em.py", line 1421, in scan
    i = scanner.complex('{', '}', 0)
  File "/usr/lib/python3/dist-packages/em.py", line 1893, in complex
    newQuote = self.check(i, quote)
  File "/usr/lib/python3/dist-packages/em.py", line 1766, in check
    if self[i] in '\'\"':
  File "/usr/lib/python3/dist-packages/em.py", line 1683, in __getitem__
    if isinstance(index, slice):
KeyboardInterrupt
Exception ignored in: <function Interpreter.__del__ at 0x7f9da940e830>
Traceback (most recent call last):
  File "/usr/lib/python3/dist-packages/em.py", line 2094, in __del__
  File "/usr/lib/python3/dist-packages/em.py", line 2157, in shutdown
  File "/usr/lib/python3/dist-packages/em.py", line 2647, in finalize
  File "/usr/lib/python3/dist-packages/em.py", line 2200, in push
AttributeError: '_io.TextIOWrapper' object has no attribute 'push'
    to_scan = self._parse(lexer, columns, to_scan, start_symbol)
  File "/usr/lib/python3/dist-packages/lark/parsers/xearley.py", line 144, in _parse
    self.predict_and_complete(i, to_scan, columns, transitives)
  File "/usr/lib/python3/dist-packages/lark/parsers/earley.py", line 140, in predict_and_complete
    new_item = Item(rule, 0, i)
  File "/usr/lib/python3/dist-packages/lark/parsers/earley_common.py", line 22, in __init__
    self.previous = rule.expansion[ptr - 1] if ptr > 0 and len(rule.expansion) else None
KeyboardInterrupt
gmake[2]: *** [CMakeFiles/gazebo_msgs__rosidl_generator_c.dir/build.make:194: rosidl_generator_c/gazebo_msgs/msg/contact_state.h] Interrupt
gmake[1]: *** [CMakeFiles/Makefile2:212: CMakeFiles/gazebo_msgs__rosidl_generator_c.dir/all] Interrupt
gmake[2]: *** [CMakeFiles/gazebo_msgs__cpp.dir/build.make:366: rosidl_generator_cpp/gazebo_msgs/msg/contact_state.hpp] Interrupt
gmake[1]: *** [CMakeFiles/Makefile2:265: CMakeFiles/gazebo_msgs__cpp.dir/all] Interrupt
gmake: *** [Makefile:146: all] Interrupt
