[0.012s] Invoking command in '/home/marceloqm/gzros_simulation/build/gazebo_ros': CMAKE_PREFIX_PATH=${CMAKE_PREFIX_PATH}:/home/marceloqm/gzros_sim/install/opencv_tests:/opt/ros/humble /usr/bin/cmake --build /home/marceloqm/gzros_simulation/build/gazebo_ros -- -j8 -l8
[0.020s] [0mCMake Error: The current CMakeCache.txt directory /home/marceloqm/gzros_simulation/build/gazebo_ros/CMakeCache.txt is different than the directory /home/marceloqm/gzros_sim/build/gazebo_ros where CMakeCache.txt was created. This may result in binaries being created in the wrong place. If you are not sure, reedit the CMakeCache.txt[0m
[0.078s] [  3%] Built target gtest_main
[0.082s] [  6%] Built target gtest
[0.086s] [  6%] Built target ament_cmake_python_symlink_scripts
[0.094s] [ 10%] Built target mock_gazebo_ros_factory
[0.095s] [ 13%] Built target mock_robot_state_publisher
[0.102s] [ 16%] Built target gazebo_ros_utils
[0.111s] [ 23%] Built target gazebo_ros_node
[0.193s] [ 26%] Built target gazebo_ros_factory
[0.198s] [ 30%] Built target gazebo_ros_force_system
[0.199s] [ 33%] Built target gazebo_ros_properties
[0.200s] [ 36%] Built target gazebo_ros_state
[0.207s] [ 40%] Built target args_init
[0.210s] [ 43%] Built target gazebo_ros_init
[0.211s] [ 46%] Built target create_node_without_init
[0.262s] [ 50%] Built target multiple_nodes
[0.263s] [ 53%] Built target sdf_node
[0.272s] [ 56%] Built target ros_world_plugin
[0.280s] [ 60%] Built target test_conversions
[0.293s] [ 63%] Built target test_gazebo_ros_init
[0.304s] [ 66%] Built target test_gazebo_ros_factory
[0.342s] [ 70%] Built target test_gazebo_ros_joint_effort
[0.355s] [ 73%] Built target test_gazebo_ros_link_wrench
[0.367s] [ 76%] Built target test_node
[0.367s] [ 80%] Built target test_reject_duplicate_nodes
[0.374s] [ 83%] Built target test_plugins
[0.378s] [ 86%] Built target test_gazebo_ros_properties
[0.388s] [ 90%] Built target test_qos
[0.397s] [ 93%] Built target test_gazebo_ros_state
[0.413s] [ 96%] Built target test_sim_time
[0.418s] [100%] Built target test_utils
[0.506s] running egg_info
[0.507s] writing scripts.egg-info/PKG-INFO
[0.507s] writing dependency_links to scripts.egg-info/dependency_links.txt
[0.507s] writing top-level names to scripts.egg-info/top_level.txt
[0.510s] reading manifest file 'scripts.egg-info/SOURCES.txt'
[0.511s] writing manifest file 'scripts.egg-info/SOURCES.txt'
[0.542s] [100%] Built target ament_cmake_python_build_scripts_egg
[0.555s] Invoked command in '/home/marceloqm/gzros_simulation/build/gazebo_ros' returned '0': CMAKE_PREFIX_PATH=${CMAKE_PREFIX_PATH}:/home/marceloqm/gzros_sim/install/opencv_tests:/opt/ros/humble /usr/bin/cmake --build /home/marceloqm/gzros_simulation/build/gazebo_ros -- -j8 -l8
[0.637s] Invoking command in '/home/marceloqm/gzros_simulation/build/gazebo_ros': CMAKE_PREFIX_PATH=${CMAKE_PREFIX_PATH}:/home/marceloqm/gzros_sim/install/opencv_tests:/opt/ros/humble /usr/bin/cmake --install /home/marceloqm/gzros_simulation/build/gazebo_ros
[0.644s] -- Install configuration: ""
[0.645s] -- Execute custom install script
[0.645s] -- Up-to-date symlink: /home/marceloqm/gzros_sim/install/gazebo_ros/share/gazebo_ros/environment/pythonpath.sh
[0.645s] -- Up-to-date symlink: /home/marceloqm/gzros_sim/install/gazebo_ros/share/gazebo_ros/environment/pythonpath.dsv
[0.646s] -- Up-to-date symlink: /home/marceloqm/gzros_sim/install/gazebo_ros/local/lib/python3.10/dist-packages/scripts-3.7.0-py3.10.egg-info/PKG-INFO
[0.646s] -- Up-to-date symlink: /home/marceloqm/gzros_sim/install/gazebo_ros/local/lib/python3.10/dist-packages/scripts-3.7.0-py3.10.egg-info/SOURCES.txt
[0.646s] -- Up-to-date symlink: /home/marceloqm/gzros_sim/install/gazebo_ros/local/lib/python3.10/dist-packages/scripts-3.7.0-py3.10.egg-info/dependency_links.txt
[0.646s] -- Up-to-date symlink: /home/marceloqm/gzros_sim/install/gazebo_ros/local/lib/python3.10/dist-packages/scripts-3.7.0-py3.10.egg-info/top_level.txt
[0.647s] -- Up-to-date symlink: /home/marceloqm/gzros_sim/install/gazebo_ros/local/lib/python3.10/dist-packages/scripts/__init__.py
[0.647s] -- Up-to-date symlink: /home/marceloqm/gzros_sim/install/gazebo_ros/local/lib/python3.10/dist-packages/scripts/gazebo_ros_paths.py
[0.647s] -- Up-to-date symlink: /home/marceloqm/gzros_sim/install/gazebo_ros/local/lib/python3.10/dist-packages/scripts/spawn_entity.py
[0.647s] -- Up-to-date symlink: /home/marceloqm/gzros_sim/install/gazebo_ros/share/gazebo_ros/environment/library_path.sh
[0.648s] -- Up-to-date symlink: /home/marceloqm/gzros_sim/install/gazebo_ros/share/gazebo_ros/environment/library_path.dsv
[0.648s] -- Up-to-date symlink: /home/marceloqm/gzros_sim/install/gazebo_ros/share/ament_index/resource_index/package_run_dependencies/gazebo_ros
[0.648s] -- Up-to-date symlink: /home/marceloqm/gzros_sim/install/gazebo_ros/share/ament_index/resource_index/parent_prefix_path/gazebo_ros
[0.649s] -- Up-to-date symlink: /home/marceloqm/gzros_sim/install/gazebo_ros/share/gazebo_ros/environment/ament_prefix_path.sh
[0.649s] -- Up-to-date symlink: /home/marceloqm/gzros_sim/install/gazebo_ros/share/gazebo_ros/environment/ament_prefix_path.dsv
[0.649s] -- Up-to-date symlink: /home/marceloqm/gzros_sim/install/gazebo_ros/share/gazebo_ros/environment/path.sh
[0.649s] -- Up-to-date symlink: /home/marceloqm/gzros_sim/install/gazebo_ros/share/gazebo_ros/environment/path.dsv
[0.650s] -- Up-to-date symlink: /home/marceloqm/gzros_sim/install/gazebo_ros/share/gazebo_ros/local_setup.bash
[0.650s] -- Up-to-date symlink: /home/marceloqm/gzros_sim/install/gazebo_ros/share/gazebo_ros/local_setup.sh
[0.650s] -- Up-to-date symlink: /home/marceloqm/gzros_sim/install/gazebo_ros/share/gazebo_ros/local_setup.zsh
[0.650s] -- Up-to-date symlink: /home/marceloqm/gzros_sim/install/gazebo_ros/share/gazebo_ros/local_setup.dsv
[0.650s] -- Up-to-date symlink: /home/marceloqm/gzros_sim/install/gazebo_ros/share/gazebo_ros/package.dsv
[0.651s] -- Up-to-date symlink: /home/marceloqm/gzros_sim/install/gazebo_ros/share/ament_index/resource_index/packages/gazebo_ros
[0.651s] -- Up-to-date symlink: /home/marceloqm/gzros_sim/install/gazebo_ros/share/gazebo_ros/cmake/ament_cmake_export_libraries-extras.cmake
[0.651s] -- Up-to-date symlink: /home/marceloqm/gzros_sim/install/gazebo_ros/share/gazebo_ros/cmake/ament_cmake_export_include_directories-extras.cmake
[0.651s] -- Up-to-date symlink: /home/marceloqm/gzros_sim/install/gazebo_ros/share/gazebo_ros/cmake/ament_cmake_export_dependencies-extras.cmake
[0.652s] -- Up-to-date symlink: /home/marceloqm/gzros_sim/install/gazebo_ros/share/gazebo_ros/cmake/gazebo_rosConfig.cmake
[0.652s] -- Up-to-date symlink: /home/marceloqm/gzros_sim/install/gazebo_ros/share/gazebo_ros/cmake/gazebo_rosConfig-version.cmake
[0.652s] -- Up-to-date symlink: /home/marceloqm/gzros_sim/install/gazebo_ros/share/gazebo_ros/package.xml
[0.653s] -- Up-to-date symlink: /home/marceloqm/gzros_sim/install/gazebo_ros/include/gazebo_ros/conversions/builtin_interfaces.hpp
[0.653s] -- Up-to-date symlink: /home/marceloqm/gzros_sim/install/gazebo_ros/include/gazebo_ros/conversions/gazebo_msgs.hpp
[0.653s] -- Up-to-date symlink: /home/marceloqm/gzros_sim/install/gazebo_ros/include/gazebo_ros/conversions/generic.hpp
[0.653s] -- Up-to-date symlink: /home/marceloqm/gzros_sim/install/gazebo_ros/include/gazebo_ros/conversions/geometry_msgs.hpp
[0.653s] -- Up-to-date symlink: /home/marceloqm/gzros_sim/install/gazebo_ros/include/gazebo_ros/conversions/sensor_msgs.hpp
[0.654s] -- Up-to-date symlink: /home/marceloqm/gzros_sim/install/gazebo_ros/include/gazebo_ros/executor.hpp
[0.654s] -- Up-to-date symlink: /home/marceloqm/gzros_sim/install/gazebo_ros/include/gazebo_ros/gazebo_ros_factory.hpp
[0.654s] -- Up-to-date symlink: /home/marceloqm/gzros_sim/install/gazebo_ros/include/gazebo_ros/gazebo_ros_force_system.hpp
[0.654s] -- Up-to-date symlink: /home/marceloqm/gzros_sim/install/gazebo_ros/include/gazebo_ros/gazebo_ros_init.hpp
[0.654s] -- Up-to-date symlink: /home/marceloqm/gzros_sim/install/gazebo_ros/include/gazebo_ros/gazebo_ros_properties.hpp
[0.654s] -- Up-to-date symlink: /home/marceloqm/gzros_sim/install/gazebo_ros/include/gazebo_ros/gazebo_ros_state.hpp
[0.655s] -- Up-to-date symlink: /home/marceloqm/gzros_sim/install/gazebo_ros/include/gazebo_ros/node.hpp
[0.655s] -- Up-to-date symlink: /home/marceloqm/gzros_sim/install/gazebo_ros/include/gazebo_ros/node_visibility_control.h
[0.655s] -- Up-to-date symlink: /home/marceloqm/gzros_sim/install/gazebo_ros/include/gazebo_ros/qos.hpp
[0.655s] -- Up-to-date symlink: /home/marceloqm/gzros_sim/install/gazebo_ros/include/gazebo_ros/testing_utils.hpp
[0.655s] -- Up-to-date symlink: /home/marceloqm/gzros_sim/install/gazebo_ros/include/gazebo_ros/utils.hpp
[0.655s] -- Up-to-date symlink: /home/marceloqm/gzros_sim/install/gazebo_ros/include/gazebo_ros/utils_visibility_control.h
[0.656s] -- Up-to-date symlink: /home/marceloqm/gzros_sim/install/gazebo_ros/lib/gazebo_ros//gazebo_ros_paths.py
[0.656s] -- Up-to-date symlink: /home/marceloqm/gzros_sim/install/gazebo_ros/lib/libgazebo_ros_factory.so
[0.656s] -- Up-to-date symlink: /home/marceloqm/gzros_sim/install/gazebo_ros/lib/libgazebo_ros_force_system.so
[0.656s] -- Up-to-date symlink: /home/marceloqm/gzros_sim/install/gazebo_ros/lib/libgazebo_ros_init.so
[0.657s] -- Up-to-date symlink: /home/marceloqm/gzros_sim/install/gazebo_ros/lib/libgazebo_ros_node.so
[0.657s] -- Up-to-date symlink: /home/marceloqm/gzros_sim/install/gazebo_ros/lib/libgazebo_ros_properties.so
[0.657s] -- Up-to-date symlink: /home/marceloqm/gzros_sim/install/gazebo_ros/lib/libgazebo_ros_state.so
[0.658s] -- Up-to-date symlink: /home/marceloqm/gzros_sim/install/gazebo_ros/lib/libgazebo_ros_utils.so
[0.658s] -- Up-to-date symlink: /home/marceloqm/gzros_sim/install/gazebo_ros/lib/gazebo_ros//spawn_entity.py
[0.658s] -- Up-to-date symlink: /home/marceloqm/gzros_sim/install/gazebo_ros/share/gazebo_ros//launch/gazebo.launch.py
[0.658s] -- Up-to-date symlink: /home/marceloqm/gzros_sim/install/gazebo_ros/share/gazebo_ros//launch/gzclient.launch.py
[0.659s] -- Up-to-date symlink: /home/marceloqm/gzros_sim/install/gazebo_ros/share/gazebo_ros//launch/gzserver.launch.py
[0.659s] -- Up-to-date symlink: /home/marceloqm/gzros_sim/install/gazebo_ros/share/gazebo_ros//launch/spawn_entity_demo.launch.py
[0.659s] -- Up-to-date symlink: /home/marceloqm/gzros_sim/install/gazebo_ros/share/gazebo_ros//worlds/empty.world
[0.659s] -- Up-to-date symlink: /home/marceloqm/gzros_sim/install/gazebo_ros/share/gazebo_ros//worlds/gazebo_ros_force_system_demo.world
[0.659s] -- Up-to-date symlink: /home/marceloqm/gzros_sim/install/gazebo_ros/share/gazebo_ros//worlds/gazebo_ros_properties_demo.world
[0.660s] -- Up-to-date symlink: /home/marceloqm/gzros_sim/install/gazebo_ros/share/gazebo_ros//worlds/gazebo_ros_state_demo.world
[0.697s] Listing '/home/marceloqm/gzros_sim/install/gazebo_ros/local/lib/python3.10/dist-packages/scripts'...
[0.707s] Invoked command in '/home/marceloqm/gzros_simulation/build/gazebo_ros' returned '0': CMAKE_PREFIX_PATH=${CMAKE_PREFIX_PATH}:/home/marceloqm/gzros_sim/install/opencv_tests:/opt/ros/humble /usr/bin/cmake --install /home/marceloqm/gzros_simulation/build/gazebo_ros
